[ 2016-06-22T10:27:36+08:00 ] ::1 /R-CMS/admin.php?c=login&a=index
INFO: [ app_init ] --START--
INFO: Run Behavior\BuildLiteBehavior [ RunTime:0.000034s ]
INFO: [ app_init ] --END-- [ RunTime:0.001824s ]
INFO: [ app_begin ] --START--
INFO: Run Behavior\ReadHtmlCacheBehavior [ RunTime:0.001801s ]
INFO: [ app_begin ] --END-- [ RunTime:0.001937s ]
INFO: [ view_parse ] --START--
INFO: [ template_filter ] --START--
INFO: Run Behavior\ContentReplaceBehavior [ RunTime:0.000089s ]
INFO: [ template_filter ] --END-- [ RunTime:0.000234s ]
INFO: Run Behavior\ParseTemplateBehavior [ RunTime:0.012131s ]
INFO: [ view_parse ] --END-- [ RunTime:0.012266s ]
INFO: [ view_filter ] --START--
INFO: Run Behavior\WriteHtmlCacheBehavior [ RunTime:0.000783s ]
INFO: [ view_filter ] --END-- [ RunTime:0.000898s ]
INFO: [ app_end ] --START--
INFO: Run Behavior\ShowPageTraceBehavior [ RunTime:0.001460s ]
INFO: [ app_end ] --END-- [ RunTime:0.001599s ]

[ 2016-06-22T10:27:41+08:00 ] ::1 /R-CMS/admin.php?c=login&a=check
INFO: [ app_init ] --START--
INFO: Run Behavior\BuildLiteBehavior [ RunTime:0.000032s ]
INFO: [ app_init ] --END-- [ RunTime:0.000915s ]
INFO: [ app_begin ] --START--
INFO: Run Behavior\ReadHtmlCacheBehavior [ RunTime:0.001158s ]
INFO: [ app_begin ] --END-- [ RunTime:0.001270s ]
SQL: SHOW COLUMNS FROM `cms_admin` [ RunTime:0.0665s ]
SQL: SELECT * FROM `cms_admin` WHERE ( username="admin" ) LIMIT 1   [ RunTime:0.0275s ]

[ 2016-06-22T10:27:43+08:00 ] ::1 /R-CMS/admin.php?c=index
INFO: [ app_init ] --START--
INFO: Run Behavior\BuildLiteBehavior [ RunTime:0.000028s ]
INFO: [ app_init ] --END-- [ RunTime:0.000768s ]
INFO: [ app_begin ] --START--
INFO: Run Behavior\ReadHtmlCacheBehavior [ RunTime:0.001007s ]
INFO: [ app_begin ] --END-- [ RunTime:0.001131s ]
INFO: [ view_parse ] --START--
INFO: [ template_filter ] --START--
INFO: Run Behavior\ContentReplaceBehavior [ RunTime:0.000109s ]
INFO: [ template_filter ] --END-- [ RunTime:0.000239s ]
NOTIC: [2048] Declaration of Common\Model\MenuModel::find() should be compatible with that of Think\Model::find() D:\phpStudy\WWW\R-CMS\R-CMS\Common\Model\MenuModel.class.php 第 9 行.
SQL: SHOW COLUMNS FROM `cms_menu` [ RunTime:0.0287s ]
SQL: SELECT * FROM `cms_menu` WHERE `status` <> -1 AND `type` = 1 ORDER BY listorder ,menu_id  [ RunTime:0.0364s ]
INFO: Run Behavior\ParseTemplateBehavior [ RunTime:0.131303s ]
INFO: [ view_parse ] --END-- [ RunTime:0.131412s ]
INFO: [ view_filter ] --START--
INFO: Run Behavior\WriteHtmlCacheBehavior [ RunTime:0.000988s ]
INFO: [ view_filter ] --END-- [ RunTime:0.001098s ]
INFO: [ app_end ] --START--
INFO: Run Behavior\ShowPageTraceBehavior [ RunTime:0.004277s ]
INFO: [ app_end ] --END-- [ RunTime:0.004424s ]

[ 2016-06-22T10:27:46+08:00 ] ::1 /R-CMS/admin.php?c=content&a=add
INFO: [ app_init ] --START--
INFO: Run Behavior\BuildLiteBehavior [ RunTime:0.000032s ]
INFO: [ app_init ] --END-- [ RunTime:0.000822s ]
INFO: [ app_begin ] --START--
INFO: Run Behavior\ReadHtmlCacheBehavior [ RunTime:0.001232s ]
INFO: [ app_begin ] --END-- [ RunTime:0.001361s ]
NOTIC: [2048] Declaration of Common\Model\MenuModel::find() should be compatible with that of Think\Model::find() D:\phpStudy\WWW\R-CMS\R-CMS\Common\Model\MenuModel.class.php 第 9 行.
SQL: SHOW COLUMNS FROM `cms_menu` [ RunTime:0.0073s ]
SQL: SELECT * FROM `cms_menu` WHERE `status` <> -1 AND `type` = 0 ORDER BY listorder,menu_id  [ RunTime:0.0007s ]
INFO: [ view_parse ] --START--
INFO: [ template_filter ] --START--
INFO: Run Behavior\ContentReplaceBehavior [ RunTime:0.000118s ]
INFO: [ template_filter ] --END-- [ RunTime:0.000237s ]
SQL: SELECT * FROM `cms_menu` WHERE `status` <> -1 AND `type` = 1 ORDER BY listorder ,menu_id  [ RunTime:0.0008s ]
NOTIC: [8] Undefined variable: user D:\phpStudy\WWW\R-CMS\R-CMS\Runtime\Cache\Admin\487ffbba1fe6ca698184299cbf886ccc.php 第 58 行.
INFO: Run Behavior\ParseTemplateBehavior [ RunTime:0.022120s ]
INFO: [ view_parse ] --END-- [ RunTime:0.022224s ]
INFO: [ view_filter ] --START--
INFO: Run Behavior\WriteHtmlCacheBehavior [ RunTime:0.001177s ]
INFO: [ view_filter ] --END-- [ RunTime:0.001290s ]
INFO: [ app_end ] --START--
INFO: Run Behavior\ShowPageTraceBehavior [ RunTime:0.001845s ]
INFO: [ app_end ] --END-- [ RunTime:0.001979s ]

[ 2016-06-22T10:27:47+08:00 ] ::1 /R-CMS/admin.php?c=content
INFO: [ app_init ] --START--
INFO: Run Behavior\BuildLiteBehavior [ RunTime:0.000030s ]
INFO: [ app_init ] --END-- [ RunTime:0.000832s ]
INFO: [ app_begin ] --START--
INFO: Run Behavior\ReadHtmlCacheBehavior [ RunTime:0.001315s ]
INFO: [ app_begin ] --END-- [ RunTime:0.001470s ]
NOTIC: [2048] Declaration of Common\Model\MenuModel::find() should be compatible with that of Think\Model::find() D:\phpStudy\WWW\R-CMS\R-CMS\Common\Model\MenuModel.class.php 第 9 行.
SQL: SHOW COLUMNS FROM `cms_menu` [ RunTime:0.0071s ]
SQL: SELECT * FROM `cms_menu` WHERE `status` <> -1 AND `type` = 0 ORDER BY listorder,menu_id  [ RunTime:0.0006s ]
INFO: [ view_parse ] --START--
INFO: [ template_filter ] --START--
INFO: Run Behavior\ContentReplaceBehavior [ RunTime:0.000108s ]
INFO: [ template_filter ] --END-- [ RunTime:0.000226s ]
SQL: SELECT * FROM `cms_menu` WHERE `status` <> -1 AND `type` = 1 ORDER BY listorder ,menu_id  [ RunTime:0.0007s ]
NOTIC: [8] Undefined variable: user D:\phpStudy\WWW\R-CMS\R-CMS\Runtime\Cache\Admin\c20c847fb46d64d33e0be7dbd1a896e1.php 第 58 行.
NOTIC: [8] Undefined variable: webSiteMenu D:\phpStudy\WWW\R-CMS\R-CMS\Runtime\Cache\Admin\c20c847fb46d64d33e0be7dbd1a896e1.php 第 113 行.
NOTIC: [8] Undefined variable: new D:\phpStudy\WWW\R-CMS\R-CMS\Runtime\Cache\Admin\c20c847fb46d64d33e0be7dbd1a896e1.php 第 152 行.
INFO: Run Behavior\ParseTemplateBehavior [ RunTime:0.018195s ]
INFO: [ view_parse ] --END-- [ RunTime:0.018294s ]
INFO: [ view_filter ] --START--
INFO: Run Behavior\WriteHtmlCacheBehavior [ RunTime:0.000770s ]
INFO: [ view_filter ] --END-- [ RunTime:0.000867s ]
INFO: [ app_end ] --START--
INFO: Run Behavior\ShowPageTraceBehavior [ RunTime:0.000952s ]
INFO: [ app_end ] --END-- [ RunTime:0.001258s ]

[ 2016-06-22T10:30:12+08:00 ] ::1 /R-CMS/admin.php?c=content
INFO: [ app_init ] --START--
INFO: Run Behavior\BuildLiteBehavior [ RunTime:0.000213s ]
INFO: [ app_init ] --END-- [ RunTime:0.001007s ]
INFO: [ app_begin ] --START--
INFO: Run Behavior\ReadHtmlCacheBehavior [ RunTime:0.001242s ]
INFO: [ app_begin ] --END-- [ RunTime:0.001374s ]
NOTIC: [8] Undefined index: title D:\phpStudy\WWW\R-CMS\R-CMS\Admin\Controller\ContentController.class.php 第 13 行.
NOTIC: [8] Undefined index: catid D:\phpStudy\WWW\R-CMS\R-CMS\Admin\Controller\ContentController.class.php 第 17 行.
NOTIC: [8] Undefined index: p D:\phpStudy\WWW\R-CMS\R-CMS\Admin\Controller\ContentController.class.php 第 20 行.
SQL: SHOW COLUMNS FROM `cms_news` [ RunTime:0.0420s ]
NOTIC: [8] Undefined index: title D:\phpStudy\WWW\R-CMS\R-CMS\Common\Model\NewsModel.class.php 第 27 行.
NOTIC: [8] Undefined index: catid D:\phpStudy\WWW\R-CMS\R-CMS\Common\Model\NewsModel.class.php 第 30 行.
SQL: SELECT * FROM `cms_news` WHERE `status` <> -1 ORDER BY listorder,news_id LIMIT 0,1   [ RunTime:0.0009s ]
NOTIC: [8] Undefined index: title D:\phpStudy\WWW\R-CMS\R-CMS\Common\Model\NewsModel.class.php 第 40 行.
NOTIC: [8] Undefined index: catid D:\phpStudy\WWW\R-CMS\R-CMS\Common\Model\NewsModel.class.php 第 43 行.
SQL: SELECT COUNT(*) AS tp_count FROM `cms_news` WHERE `status` <> -1 LIMIT 1   [ RunTime:0.0281s ]
NOTIC: [2048] Declaration of Common\Model\MenuModel::find() should be compatible with that of Think\Model::find() D:\phpStudy\WWW\R-CMS\R-CMS\Common\Model\MenuModel.class.php 第 87 行.
SQL: SHOW COLUMNS FROM `cms_menu` [ RunTime:0.0081s ]
SQL: SELECT * FROM `cms_menu` WHERE `status` <> -1 AND `type` = 0 ORDER BY listorder,menu_id  [ RunTime:0.0006s ]
INFO: [ view_parse ] --START--
INFO: [ template_filter ] --START--
INFO: Run Behavior\ContentReplaceBehavior [ RunTime:0.000109s ]
INFO: [ template_filter ] --END-- [ RunTime:0.000226s ]
SQL: SELECT * FROM `cms_menu` WHERE `status` <> -1 AND `type` = 1 ORDER BY listorder ,menu_id  [ RunTime:0.0007s ]
NOTIC: [8] Undefined variable: user D:\phpStudy\WWW\R-CMS\R-CMS\Runtime\Cache\Admin\c20c847fb46d64d33e0be7dbd1a896e1.php 第 58 行.
NOTIC: [8] Undefined variable: new D:\phpStudy\WWW\R-CMS\R-CMS\Runtime\Cache\Admin\c20c847fb46d64d33e0be7dbd1a896e1.php 第 152 行.
INFO: Run Behavior\ParseTemplateBehavior [ RunTime:0.019029s ]
INFO: [ view_parse ] --END-- [ RunTime:0.019135s ]
INFO: [ view_filter ] --START--
INFO: Run Behavior\WriteHtmlCacheBehavior [ RunTime:0.000888s ]
INFO: [ view_filter ] --END-- [ RunTime:0.000989s ]
INFO: [ app_end ] --START--
INFO: Run Behavior\ShowPageTraceBehavior [ RunTime:0.001474s ]
INFO: [ app_end ] --END-- [ RunTime:0.001624s ]

[ 2016-06-22T10:46:15+08:00 ] ::1 /R-CMS/admin.php?c=content
INFO: [ app_init ] --START--
INFO: Run Behavior\BuildLiteBehavior [ RunTime:0.000035s ]
INFO: [ app_init ] --END-- [ RunTime:0.001554s ]
INFO: [ app_begin ] --START--
INFO: Run Behavior\ReadHtmlCacheBehavior [ RunTime:0.001215s ]
INFO: [ app_begin ] --END-- [ RunTime:0.002278s ]
NOTIC: [8] Undefined index: title D:\phpStudy\WWW\R-CMS\R-CMS\Admin\Controller\ContentController.class.php 第 13 行.
NOTIC: [8] Undefined index: catid D:\phpStudy\WWW\R-CMS\R-CMS\Admin\Controller\ContentController.class.php 第 17 行.
NOTIC: [8] Undefined index: p D:\phpStudy\WWW\R-CMS\R-CMS\Admin\Controller\ContentController.class.php 第 20 行.
SQL: SHOW COLUMNS FROM `cms_news` [ RunTime:0.0088s ]
NOTIC: [8] Undefined index: title D:\phpStudy\WWW\R-CMS\R-CMS\Common\Model\NewsModel.class.php 第 27 行.
NOTIC: [8] Undefined index: catid D:\phpStudy\WWW\R-CMS\R-CMS\Common\Model\NewsModel.class.php 第 30 行.
SQL: SELECT * FROM `cms_news` WHERE `status` <> -1 ORDER BY listorder,news_id LIMIT 0,1   [ RunTime:0.0007s ]
NOTIC: [8] Undefined index: title D:\phpStudy\WWW\R-CMS\R-CMS\Common\Model\NewsModel.class.php 第 40 行.
NOTIC: [8] Undefined index: catid D:\phpStudy\WWW\R-CMS\R-CMS\Common\Model\NewsModel.class.php 第 43 行.
SQL: SELECT COUNT(*) AS tp_count FROM `cms_news` WHERE `status` <> -1 LIMIT 1   [ RunTime:0.0006s ]
NOTIC: [2048] Declaration of Common\Model\MenuModel::find() should be compatible with that of Think\Model::find() D:\phpStudy\WWW\R-CMS\R-CMS\Common\Model\MenuModel.class.php 第 87 行.
SQL: SHOW COLUMNS FROM `cms_menu` [ RunTime:0.0080s ]
SQL: SELECT * FROM `cms_menu` WHERE `status` <> -1 AND `type` = 0 ORDER BY listorder,menu_id  [ RunTime:0.0007s ]
INFO: [ view_parse ] --START--
INFO: [ template_filter ] --START--
INFO: Run Behavior\ContentReplaceBehavior [ RunTime:0.000114s ]
INFO: [ template_filter ] --END-- [ RunTime:0.000233s ]
SQL: SELECT * FROM `cms_menu` WHERE `status` <> -1 AND `type` = 1 ORDER BY listorder ,menu_id  [ RunTime:0.0007s ]
NOTIC: [8] Undefined variable: user D:\phpStudy\WWW\R-CMS\R-CMS\Runtime\Cache\Admin\c20c847fb46d64d33e0be7dbd1a896e1.php 第 58 行.
INFO: Run Behavior\ParseTemplateBehavior [ RunTime:0.027196s ]
INFO: [ view_parse ] --END-- [ RunTime:0.027304s ]
INFO: [ view_filter ] --START--
INFO: Run Behavior\WriteHtmlCacheBehavior [ RunTime:0.000847s ]
INFO: [ view_filter ] --END-- [ RunTime:0.000944s ]
INFO: [ app_end ] --START--
INFO: Run Behavior\ShowPageTraceBehavior [ RunTime:0.001330s ]
INFO: [ app_end ] --END-- [ RunTime:0.001447s ]

[ 2016-06-22T10:50:00+08:00 ] ::1 /R-CMS/admin.php?c=content
INFO: [ app_init ] --START--
INFO: Run Behavior\BuildLiteBehavior [ RunTime:0.000031s ]
INFO: [ app_init ] --END-- [ RunTime:0.000904s ]
INFO: [ app_begin ] --START--
INFO: Run Behavior\ReadHtmlCacheBehavior [ RunTime:0.002202s ]
INFO: [ app_begin ] --END-- [ RunTime:0.002335s ]
NOTIC: [8] Undefined index: title D:\phpStudy\WWW\R-CMS\R-CMS\Admin\Controller\ContentController.class.php 第 13 行.
NOTIC: [8] Undefined index: catid D:\phpStudy\WWW\R-CMS\R-CMS\Admin\Controller\ContentController.class.php 第 17 行.
NOTIC: [8] Undefined index: p D:\phpStudy\WWW\R-CMS\R-CMS\Admin\Controller\ContentController.class.php 第 20 行.
SQL: SHOW COLUMNS FROM `cms_news` [ RunTime:0.0068s ]
NOTIC: [8] Undefined index: title D:\phpStudy\WWW\R-CMS\R-CMS\Common\Model\NewsModel.class.php 第 27 行.
NOTIC: [8] Undefined index: catid D:\phpStudy\WWW\R-CMS\R-CMS\Common\Model\NewsModel.class.php 第 30 行.
SQL: SELECT * FROM `cms_news` WHERE `status` <> -1 ORDER BY listorder,news_id LIMIT 0,1   [ RunTime:0.0011s ]
NOTIC: [8] Undefined index: title D:\phpStudy\WWW\R-CMS\R-CMS\Common\Model\NewsModel.class.php 第 40 行.
NOTIC: [8] Undefined index: catid D:\phpStudy\WWW\R-CMS\R-CMS\Common\Model\NewsModel.class.php 第 43 行.
SQL: SELECT COUNT(*) AS tp_count FROM `cms_news` WHERE `status` <> -1 LIMIT 1   [ RunTime:0.0007s ]
NOTIC: [2048] Declaration of Common\Model\MenuModel::find() should be compatible with that of Think\Model::find() D:\phpStudy\WWW\R-CMS\R-CMS\Common\Model\MenuModel.class.php 第 87 行.
SQL: SHOW COLUMNS FROM `cms_menu` [ RunTime:0.0090s ]
SQL: SELECT * FROM `cms_menu` WHERE `status` <> -1 AND `type` = 0 ORDER BY listorder,menu_id  [ RunTime:0.0008s ]
INFO: [ view_parse ] --START--
INFO: [ template_filter ] --START--
INFO: Run Behavior\ContentReplaceBehavior [ RunTime:0.000113s ]
INFO: [ template_filter ] --END-- [ RunTime:0.000232s ]
SQL: SELECT * FROM `cms_menu` WHERE `status` <> -1 AND `type` = 1 ORDER BY listorder ,menu_id  [ RunTime:0.0010s ]
NOTIC: [8] Undefined variable: user D:\phpStudy\WWW\R-CMS\R-CMS\Runtime\Cache\Admin\c20c847fb46d64d33e0be7dbd1a896e1.php 第 58 行.
INFO: Run Behavior\ParseTemplateBehavior [ RunTime:0.030746s ]
INFO: [ view_parse ] --END-- [ RunTime:0.030866s ]
INFO: [ view_filter ] --START--
INFO: Run Behavior\WriteHtmlCacheBehavior [ RunTime:0.003325s ]
INFO: [ view_filter ] --END-- [ RunTime:0.003463s ]
INFO: [ app_end ] --START--
INFO: Run Behavior\ShowPageTraceBehavior [ RunTime:0.001560s ]
INFO: [ app_end ] --END-- [ RunTime:0.001668s ]

[ 2016-06-22T10:52:41+08:00 ] ::1 /R-CMS/admin.php?c=content
INFO: [ app_init ] --START--
INFO: Run Behavior\BuildLiteBehavior [ RunTime:0.000035s ]
INFO: [ app_init ] --END-- [ RunTime:0.001113s ]
INFO: [ app_begin ] --START--
INFO: Run Behavior\ReadHtmlCacheBehavior [ RunTime:0.001296s ]
INFO: [ app_begin ] --END-- [ RunTime:0.001427s ]
NOTIC: [8] Undefined index: title D:\phpStudy\WWW\R-CMS\R-CMS\Admin\Controller\ContentController.class.php 第 13 行.
NOTIC: [8] Undefined index: catid D:\phpStudy\WWW\R-CMS\R-CMS\Admin\Controller\ContentController.class.php 第 17 行.
NOTIC: [8] Undefined index: p D:\phpStudy\WWW\R-CMS\R-CMS\Admin\Controller\ContentController.class.php 第 20 行.
SQL: SHOW COLUMNS FROM `cms_news` [ RunTime:0.0068s ]
NOTIC: [8] Undefined index: title D:\phpStudy\WWW\R-CMS\R-CMS\Common\Model\NewsModel.class.php 第 27 行.
NOTIC: [8] Undefined index: catid D:\phpStudy\WWW\R-CMS\R-CMS\Common\Model\NewsModel.class.php 第 30 行.
SQL: SELECT * FROM `cms_news` WHERE `status` <> -1 ORDER BY listorder,news_id LIMIT 0,1   [ RunTime:0.0008s ]
NOTIC: [8] Undefined index: title D:\phpStudy\WWW\R-CMS\R-CMS\Common\Model\NewsModel.class.php 第 40 行.
NOTIC: [8] Undefined index: catid D:\phpStudy\WWW\R-CMS\R-CMS\Common\Model\NewsModel.class.php 第 43 行.
SQL: SELECT COUNT(*) AS tp_count FROM `cms_news` WHERE `status` <> -1 LIMIT 1   [ RunTime:0.0015s ]
NOTIC: [2048] Declaration of Common\Model\MenuModel::find() should be compatible with that of Think\Model::find() D:\phpStudy\WWW\R-CMS\R-CMS\Common\Model\MenuModel.class.php 第 87 行.
SQL: SHOW COLUMNS FROM `cms_menu` [ RunTime:0.0085s ]
SQL: SELECT * FROM `cms_menu` WHERE `status` <> -1 AND `type` = 0 ORDER BY listorder,menu_id  [ RunTime:0.0009s ]
INFO: [ view_parse ] --START--
INFO: [ template_filter ] --START--
INFO: Run Behavior\ContentReplaceBehavior [ RunTime:0.000114s ]
INFO: [ template_filter ] --END-- [ RunTime:0.000235s ]
SQL: SELECT * FROM `cms_menu` WHERE `status` <> -1 AND `type` = 1 ORDER BY listorder ,menu_id  [ RunTime:0.0007s ]
NOTIC: [8] Undefined variable: user D:\phpStudy\WWW\R-CMS\R-CMS\Runtime\Cache\Admin\c20c847fb46d64d33e0be7dbd1a896e1.php 第 58 行.
INFO: Run Behavior\ParseTemplateBehavior [ RunTime:0.026573s ]
INFO: [ view_parse ] --END-- [ RunTime:0.026694s ]
INFO: [ view_filter ] --START--
INFO: Run Behavior\WriteHtmlCacheBehavior [ RunTime:0.000981s ]
INFO: [ view_filter ] --END-- [ RunTime:0.001092s ]
INFO: [ app_end ] --START--
INFO: Run Behavior\ShowPageTraceBehavior [ RunTime:0.001853s ]
INFO: [ app_end ] --END-- [ RunTime:0.001983s ]

[ 2016-06-22T10:54:49+08:00 ] ::1 /R-CMS/admin.php?c=content
INFO: [ app_init ] --START--
INFO: Run Behavior\BuildLiteBehavior [ RunTime:0.000049s ]
INFO: [ app_init ] --END-- [ RunTime:0.000894s ]
INFO: [ app_begin ] --START--
INFO: Run Behavior\ReadHtmlCacheBehavior [ RunTime:0.001388s ]
INFO: [ app_begin ] --END-- [ RunTime:0.001509s ]
NOTIC: [8] Undefined index: title D:\phpStudy\WWW\R-CMS\R-CMS\Admin\Controller\ContentController.class.php 第 13 行.
NOTIC: [8] Undefined index: catid D:\phpStudy\WWW\R-CMS\R-CMS\Admin\Controller\ContentController.class.php 第 17 行.
NOTIC: [8] Undefined index: p D:\phpStudy\WWW\R-CMS\R-CMS\Admin\Controller\ContentController.class.php 第 20 行.
SQL: SHOW COLUMNS FROM `cms_news` [ RunTime:0.0085s ]
NOTIC: [8] Undefined index: title D:\phpStudy\WWW\R-CMS\R-CMS\Common\Model\NewsModel.class.php 第 27 行.
NOTIC: [8] Undefined index: catid D:\phpStudy\WWW\R-CMS\R-CMS\Common\Model\NewsModel.class.php 第 30 行.
SQL: SELECT * FROM `cms_news` WHERE `status` <> -1 ORDER BY listorder,news_id LIMIT 0,1   [ RunTime:0.0007s ]
NOTIC: [8] Undefined index: title D:\phpStudy\WWW\R-CMS\R-CMS\Common\Model\NewsModel.class.php 第 40 行.
NOTIC: [8] Undefined index: catid D:\phpStudy\WWW\R-CMS\R-CMS\Common\Model\NewsModel.class.php 第 43 行.
SQL: SELECT COUNT(*) AS tp_count FROM `cms_news` WHERE `status` <> -1 LIMIT 1   [ RunTime:0.0004s ]
NOTIC: [2048] Declaration of Common\Model\MenuModel::find() should be compatible with that of Think\Model::find() D:\phpStudy\WWW\R-CMS\R-CMS\Common\Model\MenuModel.class.php 第 87 行.
SQL: SHOW COLUMNS FROM `cms_menu` [ RunTime:0.0073s ]
SQL: SELECT * FROM `cms_menu` WHERE `status` <> -1 AND `type` = 0 ORDER BY listorder,menu_id  [ RunTime:0.0006s ]
INFO: [ view_parse ] --START--
INFO: [ template_filter ] --START--
INFO: Run Behavior\ContentReplaceBehavior [ RunTime:0.000143s ]
INFO: [ template_filter ] --END-- [ RunTime:0.000268s ]
SQL: SELECT * FROM `cms_menu` WHERE `status` <> -1 AND `type` = 1 ORDER BY listorder ,menu_id  [ RunTime:0.0007s ]
NOTIC: [8] Undefined variable: user D:\phpStudy\WWW\R-CMS\R-CMS\Runtime\Cache\Admin\c20c847fb46d64d33e0be7dbd1a896e1.php 第 58 行.
INFO: Run Behavior\ParseTemplateBehavior [ RunTime:0.031714s ]
INFO: [ view_parse ] --END-- [ RunTime:0.031826s ]
INFO: [ view_filter ] --START--
INFO: Run Behavior\WriteHtmlCacheBehavior [ RunTime:0.001301s ]
INFO: [ view_filter ] --END-- [ RunTime:0.001411s ]
INFO: [ app_end ] --START--
INFO: Run Behavior\ShowPageTraceBehavior [ RunTime:0.001456s ]
INFO: [ app_end ] --END-- [ RunTime:0.001564s ]

[ 2016-06-22T11:00:46+08:00 ] ::1 /R-CMS/admin.php?c=content
INFO: [ app_init ] --START--
INFO: Run Behavior\BuildLiteBehavior [ RunTime:0.000039s ]
INFO: [ app_init ] --END-- [ RunTime:0.001255s ]
INFO: [ app_begin ] --START--
INFO: Run Behavior\ReadHtmlCacheBehavior [ RunTime:0.002235s ]
INFO: [ app_begin ] --END-- [ RunTime:0.002451s ]
NOTIC: [8] Undefined index: title D:\phpStudy\WWW\R-CMS\R-CMS\Admin\Controller\ContentController.class.php 第 13 行.
NOTIC: [8] Undefined index: catid D:\phpStudy\WWW\R-CMS\R-CMS\Admin\Controller\ContentController.class.php 第 17 行.
NOTIC: [8] Undefined index: p D:\phpStudy\WWW\R-CMS\R-CMS\Admin\Controller\ContentController.class.php 第 20 行.
SQL: SHOW COLUMNS FROM `cms_news` [ RunTime:0.0164s ]
NOTIC: [8] Undefined index: title D:\phpStudy\WWW\R-CMS\R-CMS\Common\Model\NewsModel.class.php 第 27 行.
NOTIC: [8] Undefined index: catid D:\phpStudy\WWW\R-CMS\R-CMS\Common\Model\NewsModel.class.php 第 30 行.
SQL: SELECT * FROM `cms_news` WHERE `status` <> -1 ORDER BY listorder,news_id LIMIT 0,1   [ RunTime:0.0017s ]
NOTIC: [8] Undefined index: title D:\phpStudy\WWW\R-CMS\R-CMS\Common\Model\NewsModel.class.php 第 40 行.
NOTIC: [8] Undefined index: catid D:\phpStudy\WWW\R-CMS\R-CMS\Common\Model\NewsModel.class.php 第 43 行.
SQL: SELECT COUNT(*) AS tp_count FROM `cms_news` WHERE `status` <> -1 LIMIT 1   [ RunTime:0.0020s ]
NOTIC: [2048] Declaration of Common\Model\MenuModel::find() should be compatible with that of Think\Model::find() D:\phpStudy\WWW\R-CMS\R-CMS\Common\Model\MenuModel.class.php 第 87 行.
SQL: SHOW COLUMNS FROM `cms_menu` [ RunTime:0.0105s ]
SQL: SELECT * FROM `cms_menu` WHERE `status` <> -1 AND `type` = 0 ORDER BY listorder,menu_id  [ RunTime:0.0018s ]
INFO: [ view_parse ] --START--
INFO: [ template_filter ] --START--
INFO: Run Behavior\ContentReplaceBehavior [ RunTime:0.000154s ]
INFO: [ template_filter ] --END-- [ RunTime:0.000314s ]
SQL: SELECT * FROM `cms_menu` WHERE `status` <> -1 AND `type` = 1 ORDER BY listorder ,menu_id  [ RunTime:0.0008s ]
NOTIC: [8] Undefined variable: user D:\phpStudy\WWW\R-CMS\R-CMS\Runtime\Cache\Admin\c20c847fb46d64d33e0be7dbd1a896e1.php 第 58 行.
NOTIC: [8] Undefined variable: new D:\phpStudy\WWW\R-CMS\R-CMS\Runtime\Cache\Admin\c20c847fb46d64d33e0be7dbd1a896e1.php 第 154 行.
NOTIC: [8] Undefined variable: new D:\phpStudy\WWW\R-CMS\R-CMS\Runtime\Cache\Admin\c20c847fb46d64d33e0be7dbd1a896e1.php 第 155 行.
NOTIC: [8] Undefined variable: new D:\phpStudy\WWW\R-CMS\R-CMS\Runtime\Cache\Admin\c20c847fb46d64d33e0be7dbd1a896e1.php 第 156 行.
NOTIC: [8] Undefined variable: new D:\phpStudy\WWW\R-CMS\R-CMS\Runtime\Cache\Admin\c20c847fb46d64d33e0be7dbd1a896e1.php 第 157 行.
NOTIC: [8] Undefined variable: new D:\phpStudy\WWW\R-CMS\R-CMS\Runtime\Cache\Admin\c20c847fb46d64d33e0be7dbd1a896e1.php 第 159 行.
INFO: Run Behavior\ParseTemplateBehavior [ RunTime:0.031366s ]
INFO: [ view_parse ] --END-- [ RunTime:0.031518s ]
INFO: [ view_filter ] --START--
INFO: Run Behavior\WriteHtmlCacheBehavior [ RunTime:0.001768s ]
INFO: [ view_filter ] --END-- [ RunTime:0.001912s ]
INFO: [ app_end ] --START--
INFO: Run Behavior\ShowPageTraceBehavior [ RunTime:0.001951s ]
INFO: [ app_end ] --END-- [ RunTime:0.002100s ]

[ 2016-06-22T11:00:51+08:00 ] ::1 /R-CMS/admin.php?c=content
INFO: [ app_init ] --START--
INFO: Run Behavior\BuildLiteBehavior [ RunTime:0.000038s ]
INFO: [ app_init ] --END-- [ RunTime:0.001113s ]
INFO: [ app_begin ] --START--
INFO: Run Behavior\ReadHtmlCacheBehavior [ RunTime:0.002547s ]
INFO: [ app_begin ] --END-- [ RunTime:0.002720s ]
NOTIC: [8] Undefined index: title D:\phpStudy\WWW\R-CMS\R-CMS\Admin\Controller\ContentController.class.php 第 13 行.
NOTIC: [8] Undefined index: catid D:\phpStudy\WWW\R-CMS\R-CMS\Admin\Controller\ContentController.class.php 第 17 行.
NOTIC: [8] Undefined index: p D:\phpStudy\WWW\R-CMS\R-CMS\Admin\Controller\ContentController.class.php 第 20 行.
SQL: SHOW COLUMNS FROM `cms_news` [ RunTime:0.0095s ]
NOTIC: [8] Undefined index: title D:\phpStudy\WWW\R-CMS\R-CMS\Common\Model\NewsModel.class.php 第 27 行.
NOTIC: [8] Undefined index: catid D:\phpStudy\WWW\R-CMS\R-CMS\Common\Model\NewsModel.class.php 第 30 行.
SQL: SELECT * FROM `cms_news` WHERE `status` <> -1 ORDER BY listorder,news_id LIMIT 0,1   [ RunTime:0.0008s ]
NOTIC: [8] Undefined index: title D:\phpStudy\WWW\R-CMS\R-CMS\Common\Model\NewsModel.class.php 第 40 行.
NOTIC: [8] Undefined index: catid D:\phpStudy\WWW\R-CMS\R-CMS\Common\Model\NewsModel.class.php 第 43 行.
SQL: SELECT COUNT(*) AS tp_count FROM `cms_news` WHERE `status` <> -1 LIMIT 1   [ RunTime:0.0005s ]
NOTIC: [2048] Declaration of Common\Model\MenuModel::find() should be compatible with that of Think\Model::find() D:\phpStudy\WWW\R-CMS\R-CMS\Common\Model\MenuModel.class.php 第 87 行.
SQL: SHOW COLUMNS FROM `cms_menu` [ RunTime:0.0171s ]
SQL: SELECT * FROM `cms_menu` WHERE `status` <> -1 AND `type` = 0 ORDER BY listorder,menu_id  [ RunTime:0.0010s ]
INFO: [ view_parse ] --START--
INFO: [ template_filter ] --START--
INFO: Run Behavior\ContentReplaceBehavior [ RunTime:0.000167s ]
INFO: [ template_filter ] --END-- [ RunTime:0.000327s ]
SQL: SELECT * FROM `cms_menu` WHERE `status` <> -1 AND `type` = 1 ORDER BY listorder ,menu_id  [ RunTime:0.0008s ]
NOTIC: [8] Undefined variable: user D:\phpStudy\WWW\R-CMS\R-CMS\Runtime\Cache\Admin\c20c847fb46d64d33e0be7dbd1a896e1.php 第 58 行.
NOTIC: [8] Undefined variable: new D:\phpStudy\WWW\R-CMS\R-CMS\Runtime\Cache\Admin\c20c847fb46d64d33e0be7dbd1a896e1.php 第 154 行.
NOTIC: [8] Undefined variable: new D:\phpStudy\WWW\R-CMS\R-CMS\Runtime\Cache\Admin\c20c847fb46d64d33e0be7dbd1a896e1.php 第 155 行.
NOTIC: [8] Undefined variable: new D:\phpStudy\WWW\R-CMS\R-CMS\Runtime\Cache\Admin\c20c847fb46d64d33e0be7dbd1a896e1.php 第 156 行.
NOTIC: [8] Undefined variable: new D:\phpStudy\WWW\R-CMS\R-CMS\Runtime\Cache\Admin\c20c847fb46d64d33e0be7dbd1a896e1.php 第 157 行.
NOTIC: [8] Undefined variable: new D:\phpStudy\WWW\R-CMS\R-CMS\Runtime\Cache\Admin\c20c847fb46d64d33e0be7dbd1a896e1.php 第 159 行.
INFO: Run Behavior\ParseTemplateBehavior [ RunTime:0.031926s ]
INFO: [ view_parse ] --END-- [ RunTime:0.032075s ]
INFO: [ view_filter ] --START--
INFO: Run Behavior\WriteHtmlCacheBehavior [ RunTime:0.001903s ]
INFO: [ view_filter ] --END-- [ RunTime:0.002049s ]
INFO: [ app_end ] --START--
INFO: Run Behavior\ShowPageTraceBehavior [ RunTime:0.002197s ]
INFO: [ app_end ] --END-- [ RunTime:0.002349s ]

[ 2016-06-22T11:01:24+08:00 ] ::1 /R-CMS/admin.php?c=content
INFO: [ app_init ] --START--
INFO: Run Behavior\BuildLiteBehavior [ RunTime:0.000031s ]
INFO: [ app_init ] --END-- [ RunTime:0.000923s ]
INFO: [ app_begin ] --START--
INFO: Run Behavior\ReadHtmlCacheBehavior [ RunTime:0.001461s ]
INFO: [ app_begin ] --END-- [ RunTime:0.001594s ]
NOTIC: [8] Undefined index: title D:\phpStudy\WWW\R-CMS\R-CMS\Admin\Controller\ContentController.class.php 第 13 行.
NOTIC: [8] Undefined index: catid D:\phpStudy\WWW\R-CMS\R-CMS\Admin\Controller\ContentController.class.php 第 17 行.
NOTIC: [8] Undefined index: p D:\phpStudy\WWW\R-CMS\R-CMS\Admin\Controller\ContentController.class.php 第 20 行.
SQL: SHOW COLUMNS FROM `cms_news` [ RunTime:0.0071s ]
NOTIC: [8] Undefined index: title D:\phpStudy\WWW\R-CMS\R-CMS\Common\Model\NewsModel.class.php 第 27 行.
NOTIC: [8] Undefined index: catid D:\phpStudy\WWW\R-CMS\R-CMS\Common\Model\NewsModel.class.php 第 30 行.
SQL: SELECT * FROM `cms_news` WHERE `status` <> -1 ORDER BY listorder,news_id LIMIT 0,1   [ RunTime:0.0008s ]
NOTIC: [8] Undefined index: title D:\phpStudy\WWW\R-CMS\R-CMS\Common\Model\NewsModel.class.php 第 40 行.
NOTIC: [8] Undefined index: catid D:\phpStudy\WWW\R-CMS\R-CMS\Common\Model\NewsModel.class.php 第 43 行.
SQL: SELECT COUNT(*) AS tp_count FROM `cms_news` WHERE `status` <> -1 LIMIT 1   [ RunTime:0.0004s ]
NOTIC: [2048] Declaration of Common\Model\MenuModel::find() should be compatible with that of Think\Model::find() D:\phpStudy\WWW\R-CMS\R-CMS\Common\Model\MenuModel.class.php 第 87 行.
SQL: SHOW COLUMNS FROM `cms_menu` [ RunTime:0.0067s ]
SQL: SELECT * FROM `cms_menu` WHERE `status` <> -1 AND `type` = 0 ORDER BY listorder,menu_id  [ RunTime:0.0006s ]
INFO: [ view_parse ] --START--
INFO: [ template_filter ] --START--
INFO: Run Behavior\ContentReplaceBehavior [ RunTime:0.000126s ]
INFO: [ template_filter ] --END-- [ RunTime:0.000244s ]
SQL: SELECT * FROM `cms_menu` WHERE `status` <> -1 AND `type` = 1 ORDER BY listorder ,menu_id  [ RunTime:0.0007s ]
NOTIC: [8] Undefined variable: user D:\phpStudy\WWW\R-CMS\R-CMS\Runtime\Cache\Admin\c20c847fb46d64d33e0be7dbd1a896e1.php 第 58 行.
INFO: Run Behavior\ParseTemplateBehavior [ RunTime:0.029109s ]
INFO: [ view_parse ] --END-- [ RunTime:0.029218s ]
INFO: [ view_filter ] --START--
INFO: Run Behavior\WriteHtmlCacheBehavior [ RunTime:0.001294s ]
INFO: [ view_filter ] --END-- [ RunTime:0.001403s ]
INFO: [ app_end ] --START--
INFO: Run Behavior\ShowPageTraceBehavior [ RunTime:0.001961s ]
INFO: [ app_end ] --END-- [ RunTime:0.002099s ]

[ 2016-06-22T11:02:36+08:00 ] ::1 /R-CMS/admin.php?c=content
INFO: [ app_init ] --START--
INFO: Run Behavior\BuildLiteBehavior [ RunTime:0.000029s ]
INFO: [ app_init ] --END-- [ RunTime:0.000857s ]
INFO: [ app_begin ] --START--
INFO: Run Behavior\ReadHtmlCacheBehavior [ RunTime:0.001474s ]
INFO: [ app_begin ] --END-- [ RunTime:0.001604s ]
NOTIC: [8] Undefined index: title D:\phpStudy\WWW\R-CMS\R-CMS\Admin\Controller\ContentController.class.php 第 13 行.
NOTIC: [8] Undefined index: catid D:\phpStudy\WWW\R-CMS\R-CMS\Admin\Controller\ContentController.class.php 第 17 行.
NOTIC: [8] Undefined index: p D:\phpStudy\WWW\R-CMS\R-CMS\Admin\Controller\ContentController.class.php 第 20 行.
SQL: SHOW COLUMNS FROM `cms_news` [ RunTime:0.0070s ]
NOTIC: [8] Undefined index: title D:\phpStudy\WWW\R-CMS\R-CMS\Common\Model\NewsModel.class.php 第 27 行.
NOTIC: [8] Undefined index: catid D:\phpStudy\WWW\R-CMS\R-CMS\Common\Model\NewsModel.class.php 第 30 行.
SQL: SELECT * FROM `cms_news` WHERE `status` <> -1 ORDER BY listorder,news_id LIMIT 0,1   [ RunTime:0.0007s ]
NOTIC: [8] Undefined index: title D:\phpStudy\WWW\R-CMS\R-CMS\Common\Model\NewsModel.class.php 第 40 行.
NOTIC: [8] Undefined index: catid D:\phpStudy\WWW\R-CMS\R-CMS\Common\Model\NewsModel.class.php 第 43 行.
SQL: SELECT COUNT(*) AS tp_count FROM `cms_news` WHERE `status` <> -1 LIMIT 1   [ RunTime:0.0006s ]
NOTIC: [2048] Declaration of Common\Model\MenuModel::find() should be compatible with that of Think\Model::find() D:\phpStudy\WWW\R-CMS\R-CMS\Common\Model\MenuModel.class.php 第 87 行.
SQL: SHOW COLUMNS FROM `cms_menu` [ RunTime:0.0068s ]
SQL: SELECT * FROM `cms_menu` WHERE `status` <> -1 AND `type` = 0 ORDER BY listorder,menu_id  [ RunTime:0.0006s ]
INFO: [ view_parse ] --START--
INFO: [ template_filter ] --START--
INFO: Run Behavior\ContentReplaceBehavior [ RunTime:0.000113s ]
INFO: [ template_filter ] --END-- [ RunTime:0.000229s ]
SQL: SELECT * FROM `cms_menu` WHERE `status` <> -1 AND `type` = 1 ORDER BY listorder ,menu_id  [ RunTime:0.0007s ]
NOTIC: [8] Undefined variable: user D:\phpStudy\WWW\R-CMS\R-CMS\Runtime\Cache\Admin\c20c847fb46d64d33e0be7dbd1a896e1.php 第 58 行.
INFO: Run Behavior\ParseTemplateBehavior [ RunTime:0.030744s ]
INFO: [ view_parse ] --END-- [ RunTime:0.030865s ]
INFO: [ view_filter ] --START--
INFO: Run Behavior\WriteHtmlCacheBehavior [ RunTime:0.001356s ]
INFO: [ view_filter ] --END-- [ RunTime:0.001467s ]
INFO: [ app_end ] --START--
INFO: Run Behavior\ShowPageTraceBehavior [ RunTime:0.001629s ]
INFO: [ app_end ] --END-- [ RunTime:0.001741s ]

[ 2016-06-22T11:04:04+08:00 ] ::1 /R-CMS/admin.php?c=content
INFO: [ app_init ] --START--
INFO: Run Behavior\BuildLiteBehavior [ RunTime:0.000030s ]
INFO: [ app_init ] --END-- [ RunTime:0.001059s ]
INFO: [ app_begin ] --START--
INFO: Run Behavior\ReadHtmlCacheBehavior [ RunTime:0.001522s ]
INFO: [ app_begin ] --END-- [ RunTime:0.001651s ]
NOTIC: [8] Undefined index: title D:\phpStudy\WWW\R-CMS\R-CMS\Admin\Controller\ContentController.class.php 第 13 行.
NOTIC: [8] Undefined index: catid D:\phpStudy\WWW\R-CMS\R-CMS\Admin\Controller\ContentController.class.php 第 17 行.
NOTIC: [8] Undefined index: p D:\phpStudy\WWW\R-CMS\R-CMS\Admin\Controller\ContentController.class.php 第 20 行.
SQL: SHOW COLUMNS FROM `cms_news` [ RunTime:0.0074s ]
NOTIC: [8] Undefined index: title D:\phpStudy\WWW\R-CMS\R-CMS\Common\Model\NewsModel.class.php 第 27 行.
NOTIC: [8] Undefined index: catid D:\phpStudy\WWW\R-CMS\R-CMS\Common\Model\NewsModel.class.php 第 30 行.
SQL: SELECT * FROM `cms_news` WHERE `status` <> -1 ORDER BY listorder,news_id LIMIT 0,1   [ RunTime:0.0009s ]
NOTIC: [8] Undefined index: title D:\phpStudy\WWW\R-CMS\R-CMS\Common\Model\NewsModel.class.php 第 40 行.
NOTIC: [8] Undefined index: catid D:\phpStudy\WWW\R-CMS\R-CMS\Common\Model\NewsModel.class.php 第 43 行.
SQL: SELECT COUNT(*) AS tp_count FROM `cms_news` WHERE `status` <> -1 LIMIT 1   [ RunTime:0.0004s ]
NOTIC: [2048] Declaration of Common\Model\MenuModel::find() should be compatible with that of Think\Model::find() D:\phpStudy\WWW\R-CMS\R-CMS\Common\Model\MenuModel.class.php 第 87 行.
SQL: SHOW COLUMNS FROM `cms_menu` [ RunTime:0.0114s ]
SQL: SELECT * FROM `cms_menu` WHERE `status` <> -1 AND `type` = 0 ORDER BY listorder,menu_id  [ RunTime:0.0011s ]
INFO: [ view_parse ] --START--
INFO: [ template_filter ] --START--
INFO: Run Behavior\ContentReplaceBehavior [ RunTime:0.000117s ]
INFO: [ template_filter ] --END-- [ RunTime:0.000428s ]
SQL: SELECT * FROM `cms_menu` WHERE `status` <> -1 AND `type` = 1 ORDER BY listorder ,menu_id  [ RunTime:0.0009s ]
NOTIC: [8] Undefined variable: user D:\phpStudy\WWW\R-CMS\R-CMS\Runtime\Cache\Admin\c20c847fb46d64d33e0be7dbd1a896e1.php 第 58 行.
INFO: Run Behavior\ParseTemplateBehavior [ RunTime:0.024912s ]
INFO: [ view_parse ] --END-- [ RunTime:0.025055s ]
INFO: [ view_filter ] --START--
INFO: Run Behavior\WriteHtmlCacheBehavior [ RunTime:0.001593s ]
INFO: [ view_filter ] --END-- [ RunTime:0.001719s ]
INFO: [ app_end ] --START--
INFO: Run Behavior\ShowPageTraceBehavior [ RunTime:0.001524s ]
INFO: [ app_end ] --END-- [ RunTime:0.001639s ]

[ 2016-06-22T11:07:04+08:00 ] ::1 /R-CMS/admin.php?c=content
INFO: [ app_init ] --START--
INFO: Run Behavior\BuildLiteBehavior [ RunTime:0.000031s ]
INFO: [ app_init ] --END-- [ RunTime:0.001135s ]
INFO: [ app_begin ] --START--
INFO: Run Behavior\ReadHtmlCacheBehavior [ RunTime:0.001631s ]
INFO: [ app_begin ] --END-- [ RunTime:0.001775s ]
NOTIC: [8] Undefined index: title D:\phpStudy\WWW\R-CMS\R-CMS\Admin\Controller\ContentController.class.php 第 13 行.
NOTIC: [8] Undefined index: catid D:\phpStudy\WWW\R-CMS\R-CMS\Admin\Controller\ContentController.class.php 第 17 行.
NOTIC: [8] Undefined index: p D:\phpStudy\WWW\R-CMS\R-CMS\Admin\Controller\ContentController.class.php 第 20 行.
SQL: SHOW COLUMNS FROM `cms_news` [ RunTime:0.0080s ]
NOTIC: [8] Undefined index: title D:\phpStudy\WWW\R-CMS\R-CMS\Common\Model\NewsModel.class.php 第 27 行.
NOTIC: [8] Undefined index: catid D:\phpStudy\WWW\R-CMS\R-CMS\Common\Model\NewsModel.class.php 第 30 行.
SQL: SELECT * FROM `cms_news` WHERE `status` <> -1 ORDER BY listorder,news_id LIMIT 0,1   [ RunTime:0.0009s ]
NOTIC: [8] Undefined index: title D:\phpStudy\WWW\R-CMS\R-CMS\Common\Model\NewsModel.class.php 第 40 行.
NOTIC: [8] Undefined index: catid D:\phpStudy\WWW\R-CMS\R-CMS\Common\Model\NewsModel.class.php 第 43 行.
SQL: SELECT COUNT(*) AS tp_count FROM `cms_news` WHERE `status` <> -1 LIMIT 1   [ RunTime:0.0010s ]
NOTIC: [2048] Declaration of Common\Model\MenuModel::find() should be compatible with that of Think\Model::find() D:\phpStudy\WWW\R-CMS\R-CMS\Common\Model\MenuModel.class.php 第 87 行.
SQL: SHOW COLUMNS FROM `cms_menu` [ RunTime:0.0064s ]
SQL: SELECT * FROM `cms_menu` WHERE `status` <> -1 AND `type` = 0 ORDER BY listorder,menu_id  [ RunTime:0.0006s ]
INFO: [ view_parse ] --START--
INFO: [ template_filter ] --START--
INFO: Run Behavior\ContentReplaceBehavior [ RunTime:0.000114s ]
INFO: [ template_filter ] --END-- [ RunTime:0.000237s ]
SQL: SELECT * FROM `cms_menu` WHERE `status` <> -1 AND `type` = 1 ORDER BY listorder ,menu_id  [ RunTime:0.0037s ]
NOTIC: [8] Undefined variable: user D:\phpStudy\WWW\R-CMS\R-CMS\Runtime\Cache\Admin\c20c847fb46d64d33e0be7dbd1a896e1.php 第 58 行.
INFO: Run Behavior\ParseTemplateBehavior [ RunTime:0.025874s ]
INFO: [ view_parse ] --END-- [ RunTime:0.025989s ]
INFO: [ view_filter ] --START--
INFO: Run Behavior\WriteHtmlCacheBehavior [ RunTime:0.001436s ]
INFO: [ view_filter ] --END-- [ RunTime:0.001559s ]
INFO: [ app_end ] --START--
INFO: Run Behavior\ShowPageTraceBehavior [ RunTime:0.001387s ]
INFO: [ app_end ] --END-- [ RunTime:0.001576s ]

[ 2016-06-22T14:44:20+08:00 ] ::1 /R-CMS/admin.php?c=content
INFO: [ app_init ] --START--
INFO: Run Behavior\BuildLiteBehavior [ RunTime:0.000030s ]
INFO: [ app_init ] --END-- [ RunTime:0.000902s ]
INFO: [ app_begin ] --START--
INFO: Run Behavior\ReadHtmlCacheBehavior [ RunTime:0.001481s ]
INFO: [ app_begin ] --END-- [ RunTime:0.001610s ]
NOTIC: [8] Undefined index: title D:\phpStudy\WWW\R-CMS\R-CMS\Admin\Controller\ContentController.class.php 第 13 行.
NOTIC: [8] Undefined index: catid D:\phpStudy\WWW\R-CMS\R-CMS\Admin\Controller\ContentController.class.php 第 17 行.
NOTIC: [8] Undefined index: p D:\phpStudy\WWW\R-CMS\R-CMS\Admin\Controller\ContentController.class.php 第 20 行.
SQL: SHOW COLUMNS FROM `cms_news` [ RunTime:0.0093s ]
NOTIC: [8] Undefined index: title D:\phpStudy\WWW\R-CMS\R-CMS\Common\Model\NewsModel.class.php 第 27 行.
NOTIC: [8] Undefined index: catid D:\phpStudy\WWW\R-CMS\R-CMS\Common\Model\NewsModel.class.php 第 30 行.
SQL: SELECT * FROM `cms_news` WHERE `status` <> -1 ORDER BY listorder,news_id LIMIT 0,1   [ RunTime:0.0007s ]
NOTIC: [8] Undefined index: title D:\phpStudy\WWW\R-CMS\R-CMS\Common\Model\NewsModel.class.php 第 40 行.
NOTIC: [8] Undefined index: catid D:\phpStudy\WWW\R-CMS\R-CMS\Common\Model\NewsModel.class.php 第 43 行.
SQL: SELECT COUNT(*) AS tp_count FROM `cms_news` WHERE `status` <> -1 LIMIT 1   [ RunTime:0.0025s ]
NOTIC: [2048] Declaration of Common\Model\MenuModel::find() should be compatible with that of Think\Model::find() D:\phpStudy\WWW\R-CMS\R-CMS\Common\Model\MenuModel.class.php 第 87 行.
SQL: SHOW COLUMNS FROM `cms_menu` [ RunTime:0.0092s ]
SQL: SELECT * FROM `cms_menu` WHERE `status` <> -1 AND `type` = 0 ORDER BY listorder,menu_id  [ RunTime:0.0007s ]
INFO: [ view_parse ] --START--
INFO: [ template_filter ] --START--
INFO: Run Behavior\ContentReplaceBehavior [ RunTime:0.000117s ]
INFO: [ template_filter ] --END-- [ RunTime:0.000241s ]
SQL: SELECT * FROM `cms_menu` WHERE `status` <> -1 AND `type` = 1 ORDER BY listorder ,menu_id  [ RunTime:0.0019s ]
NOTIC: [8] Undefined variable: user D:\phpStudy\WWW\R-CMS\R-CMS\Runtime\Cache\Admin\c20c847fb46d64d33e0be7dbd1a896e1.php 第 58 行.
INFO: Run Behavior\ParseTemplateBehavior [ RunTime:0.025462s ]
INFO: [ view_parse ] --END-- [ RunTime:0.026365s ]
INFO: [ view_filter ] --START--
INFO: Run Behavior\WriteHtmlCacheBehavior [ RunTime:0.001573s ]
INFO: [ view_filter ] --END-- [ RunTime:0.001700s ]
INFO: [ app_end ] --START--
INFO: Run Behavior\ShowPageTraceBehavior [ RunTime:0.002202s ]
INFO: [ app_end ] --END-- [ RunTime:0.002325s ]

[ 2016-06-22T14:44:23+08:00 ] ::1 /R-CMS/admin.php?c=content&a=add
INFO: [ app_init ] --START--
INFO: Run Behavior\BuildLiteBehavior [ RunTime:0.000029s ]
INFO: [ app_init ] --END-- [ RunTime:0.000869s ]
INFO: [ app_begin ] --START--
INFO: Run Behavior\ReadHtmlCacheBehavior [ RunTime:0.001189s ]
INFO: [ app_begin ] --END-- [ RunTime:0.001314s ]
NOTIC: [2048] Declaration of Common\Model\MenuModel::find() should be compatible with that of Think\Model::find() D:\phpStudy\WWW\R-CMS\R-CMS\Common\Model\MenuModel.class.php 第 9 行.
SQL: SHOW COLUMNS FROM `cms_menu` [ RunTime:0.0071s ]
SQL: SELECT * FROM `cms_menu` WHERE `status` <> -1 AND `type` = 0 ORDER BY listorder,menu_id  [ RunTime:0.0007s ]
INFO: [ view_parse ] --START--
INFO: [ template_filter ] --START--
INFO: Run Behavior\ContentReplaceBehavior [ RunTime:0.000115s ]
INFO: [ template_filter ] --END-- [ RunTime:0.000229s ]
SQL: SELECT * FROM `cms_menu` WHERE `status` <> -1 AND `type` = 1 ORDER BY listorder ,menu_id  [ RunTime:0.0007s ]
NOTIC: [8] Undefined variable: user D:\phpStudy\WWW\R-CMS\R-CMS\Runtime\Cache\Admin\487ffbba1fe6ca698184299cbf886ccc.php 第 58 行.
INFO: Run Behavior\ParseTemplateBehavior [ RunTime:0.021470s ]
INFO: [ view_parse ] --END-- [ RunTime:0.021572s ]
INFO: [ view_filter ] --START--
INFO: Run Behavior\WriteHtmlCacheBehavior [ RunTime:0.000901s ]
INFO: [ view_filter ] --END-- [ RunTime:0.001000s ]
INFO: [ app_end ] --START--
INFO: Run Behavior\ShowPageTraceBehavior [ RunTime:0.003188s ]
INFO: [ app_end ] --END-- [ RunTime:0.003340s ]

[ 2016-06-22T15:34:44+08:00 ] ::1 /R-CMS/admin.php?c=content
INFO: [ app_init ] --START--
INFO: Run Behavior\BuildLiteBehavior [ RunTime:0.000281s ]
INFO: [ app_init ] --END-- [ RunTime:0.004071s ]
INFO: [ app_begin ] --START--
INFO: Run Behavior\ReadHtmlCacheBehavior [ RunTime:0.001158s ]
INFO: [ app_begin ] --END-- [ RunTime:0.001285s ]
NOTIC: [8] Undefined index: title D:\phpStudy\WWW\R-CMS\R-CMS\Admin\Controller\ContentController.class.php 第 13 行.
NOTIC: [8] Undefined index: catid D:\phpStudy\WWW\R-CMS\R-CMS\Admin\Controller\ContentController.class.php 第 17 行.
NOTIC: [8] Undefined index: p D:\phpStudy\WWW\R-CMS\R-CMS\Admin\Controller\ContentController.class.php 第 20 行.
SQL: SHOW COLUMNS FROM `cms_news` [ RunTime:0.0100s ]
NOTIC: [8] Undefined index: title D:\phpStudy\WWW\R-CMS\R-CMS\Common\Model\NewsModel.class.php 第 27 行.
NOTIC: [8] Undefined index: catid D:\phpStudy\WWW\R-CMS\R-CMS\Common\Model\NewsModel.class.php 第 30 行.
SQL: SELECT * FROM `cms_news` WHERE `status` <> -1 ORDER BY listorder,news_id LIMIT 0,1   [ RunTime:0.0007s ]
NOTIC: [8] Undefined index: title D:\phpStudy\WWW\R-CMS\R-CMS\Common\Model\NewsModel.class.php 第 40 行.
NOTIC: [8] Undefined index: catid D:\phpStudy\WWW\R-CMS\R-CMS\Common\Model\NewsModel.class.php 第 43 行.
SQL: SELECT COUNT(*) AS tp_count FROM `cms_news` WHERE `status` <> -1 LIMIT 1   [ RunTime:0.0004s ]
NOTIC: [2048] Declaration of Common\Model\MenuModel::find() should be compatible with that of Think\Model::find() D:\phpStudy\WWW\R-CMS\R-CMS\Common\Model\MenuModel.class.php 第 87 行.
SQL: SHOW COLUMNS FROM `cms_menu` [ RunTime:0.0082s ]
SQL: SELECT * FROM `cms_menu` WHERE `status` <> -1 AND `type` = 0 ORDER BY listorder,menu_id  [ RunTime:0.0007s ]
INFO: [ view_parse ] --START--
INFO: [ template_filter ] --START--
INFO: Run Behavior\ContentReplaceBehavior [ RunTime:0.000900s ]
INFO: [ template_filter ] --END-- [ RunTime:0.001036s ]
SQL: SELECT * FROM `cms_menu` WHERE `status` <> -1 AND `type` = 1 ORDER BY listorder ,menu_id  [ RunTime:0.0007s ]
NOTIC: [8] Undefined variable: user D:\phpStudy\WWW\R-CMS\R-CMS\Runtime\Cache\Admin\c20c847fb46d64d33e0be7dbd1a896e1.php 第 58 行.
INFO: Run Behavior\ParseTemplateBehavior [ RunTime:0.031118s ]
INFO: [ view_parse ] --END-- [ RunTime:0.031231s ]
INFO: [ view_filter ] --START--
INFO: Run Behavior\WriteHtmlCacheBehavior [ RunTime:0.000950s ]
INFO: [ view_filter ] --END-- [ RunTime:0.001061s ]
INFO: [ app_end ] --START--
INFO: Run Behavior\ShowPageTraceBehavior [ RunTime:0.001166s ]
INFO: [ app_end ] --END-- [ RunTime:0.001273s ]

