[ 2016-06-14T15:11:10+08:00 ] ::1 /R-CMS/admin.php?c=menu
INFO: [ app_init ] --START--
INFO: Run Behavior\BuildLiteBehavior [ RunTime:0.000033s ]
INFO: [ app_init ] --END-- [ RunTime:0.001697s ]
INFO: [ app_begin ] --START--
INFO: Run Behavior\ReadHtmlCacheBehavior [ RunTime:0.001820s ]
INFO: [ app_begin ] --END-- [ RunTime:0.002726s ]
INFO: [ view_parse ] --START--
INFO: [ template_filter ] --START--
INFO: Run Behavior\ContentReplaceBehavior [ RunTime:0.000100s ]
INFO: [ template_filter ] --END-- [ RunTime:0.000220s ]
NOTIC: [8] Undefined variable: nav D:\phpStudy\WWW\R-CMS\R-CMS\Runtime\Cache\Admin\0de9185548f5fdb8e375b57a8a8c8740.php 第 100 行.
NOTIC: [8] Undefined variable: menus D:\phpStudy\WWW\R-CMS\R-CMS\Runtime\Cache\Admin\0de9185548f5fdb8e375b57a8a8c8740.php 第 148 行.
INFO: Run Behavior\ParseTemplateBehavior [ RunTime:0.038211s ]
INFO: [ view_parse ] --END-- [ RunTime:0.038328s ]
INFO: [ view_filter ] --START--
INFO: Run Behavior\WriteHtmlCacheBehavior [ RunTime:0.001436s ]
INFO: [ view_filter ] --END-- [ RunTime:0.001548s ]
INFO: [ app_end ] --START--
INFO: Run Behavior\ShowPageTraceBehavior [ RunTime:0.001911s ]
INFO: [ app_end ] --END-- [ RunTime:0.002028s ]

[ 2016-06-14T15:11:15+08:00 ] ::1 /R-CMS/admin.php?c=login&a=loginout
INFO: [ app_init ] --START--
INFO: Run Behavior\BuildLiteBehavior [ RunTime:0.000029s ]
INFO: [ app_init ] --END-- [ RunTime:0.000902s ]
INFO: [ app_begin ] --START--
INFO: Run Behavior\ReadHtmlCacheBehavior [ RunTime:0.002539s ]
INFO: [ app_begin ] --END-- [ RunTime:0.002666s ]
NOTIC: [8] Undefined variable: module D:\phpStudy\WWW\R-CMS\ThinkPHP\Common\functions.php 第 990 行.
NOTIC: [8] Undefined variable: var D:\phpStudy\WWW\R-CMS\ThinkPHP\Common\functions.php 第 990 行.
NOTIC: [2] array_reverse() expects parameter 1 to be array, null given D:\phpStudy\WWW\R-CMS\ThinkPHP\Common\functions.php 第 990 行.
NOTIC: [2] http_build_query() [<a href='function.http-build-query'>function.http-build-query</a>]: Parameter 1 expected to be Array or Object.  Incorrect value given D:\phpStudy\WWW\R-CMS\ThinkPHP\Common\functions.php 第 990 行.

[ 2016-06-14T15:11:15+08:00 ] ::1 /R-CMS/admin.php?m=&&m=admin&c=login&a=index
INFO: [ app_init ] --START--
INFO: Run Behavior\BuildLiteBehavior [ RunTime:0.000028s ]
INFO: [ app_init ] --END-- [ RunTime:0.000845s ]
INFO: [ app_begin ] --START--
INFO: Run Behavior\ReadHtmlCacheBehavior [ RunTime:0.001825s ]
INFO: [ app_begin ] --END-- [ RunTime:0.001992s ]
INFO: [ view_parse ] --START--
INFO: [ template_filter ] --START--
INFO: Run Behavior\ContentReplaceBehavior [ RunTime:0.000078s ]
INFO: [ template_filter ] --END-- [ RunTime:0.000206s ]
INFO: Run Behavior\ParseTemplateBehavior [ RunTime:0.028247s ]
INFO: [ view_parse ] --END-- [ RunTime:0.028391s ]
INFO: [ view_filter ] --START--
INFO: Run Behavior\WriteHtmlCacheBehavior [ RunTime:0.001184s ]
INFO: [ view_filter ] --END-- [ RunTime:0.001301s ]
INFO: [ app_end ] --START--
INFO: Run Behavior\ShowPageTraceBehavior [ RunTime:0.002498s ]
INFO: [ app_end ] --END-- [ RunTime:0.002633s ]

[ 2016-06-14T15:11:22+08:00 ] ::1 /R-CMS/admin.php?c=login&a=check
INFO: [ app_init ] --START--
INFO: Run Behavior\BuildLiteBehavior [ RunTime:0.000032s ]
INFO: [ app_init ] --END-- [ RunTime:0.004407s ]
INFO: [ app_begin ] --START--
INFO: Run Behavior\ReadHtmlCacheBehavior [ RunTime:0.001483s ]
INFO: [ app_begin ] --END-- [ RunTime:0.001610s ]
SQL: SHOW COLUMNS FROM `cms_admin` [ RunTime:0.0215s ]
SQL: SELECT * FROM `cms_admin` WHERE ( username="admin" ) LIMIT 1   [ RunTime:0.0008s ]

[ 2016-06-14T15:11:23+08:00 ] ::1 /R-CMS/admin.php?c=index
INFO: [ app_init ] --START--
INFO: Run Behavior\BuildLiteBehavior [ RunTime:0.000033s ]
INFO: [ app_init ] --END-- [ RunTime:0.001080s ]
INFO: [ app_begin ] --START--
INFO: Run Behavior\ReadHtmlCacheBehavior [ RunTime:0.003611s ]
INFO: [ app_begin ] --END-- [ RunTime:0.003750s ]
INFO: [ view_parse ] --START--
INFO: [ template_filter ] --START--
INFO: Run Behavior\ContentReplaceBehavior [ RunTime:0.000104s ]
INFO: [ template_filter ] --END-- [ RunTime:0.000227s ]
INFO: Run Behavior\ParseTemplateBehavior [ RunTime:0.017715s ]
INFO: [ view_parse ] --END-- [ RunTime:0.017847s ]
INFO: [ view_filter ] --START--
INFO: Run Behavior\WriteHtmlCacheBehavior [ RunTime:0.001067s ]
INFO: [ view_filter ] --END-- [ RunTime:0.001174s ]
INFO: [ app_end ] --START--
INFO: Run Behavior\ShowPageTraceBehavior [ RunTime:0.001472s ]
INFO: [ app_end ] --END-- [ RunTime:0.001597s ]

[ 2016-06-14T15:11:26+08:00 ] ::1 /R-CMS/admin.php?c=Menu&a=index
INFO: [ app_init ] --START--
INFO: Run Behavior\BuildLiteBehavior [ RunTime:0.000031s ]
INFO: [ app_init ] --END-- [ RunTime:0.000972s ]
INFO: [ app_begin ] --START--
INFO: Run Behavior\ReadHtmlCacheBehavior [ RunTime:0.001624s ]
INFO: [ app_begin ] --END-- [ RunTime:0.001792s ]
INFO: [ view_parse ] --START--
INFO: [ template_filter ] --START--
INFO: Run Behavior\ContentReplaceBehavior [ RunTime:0.000101s ]
INFO: [ template_filter ] --END-- [ RunTime:0.000219s ]
NOTIC: [8] Undefined variable: nav D:\phpStudy\WWW\R-CMS\R-CMS\Runtime\Cache\Admin\0de9185548f5fdb8e375b57a8a8c8740.php 第 100 行.
NOTIC: [8] Undefined variable: menus D:\phpStudy\WWW\R-CMS\R-CMS\Runtime\Cache\Admin\0de9185548f5fdb8e375b57a8a8c8740.php 第 148 行.
INFO: Run Behavior\ParseTemplateBehavior [ RunTime:0.019989s ]
INFO: [ view_parse ] --END-- [ RunTime:0.020101s ]
INFO: [ view_filter ] --START--
INFO: Run Behavior\WriteHtmlCacheBehavior [ RunTime:0.001075s ]
INFO: [ view_filter ] --END-- [ RunTime:0.001177s ]
INFO: [ app_end ] --START--
INFO: Run Behavior\ShowPageTraceBehavior [ RunTime:0.001489s ]
INFO: [ app_end ] --END-- [ RunTime:0.001601s ]

[ 2016-06-14T16:38:19+08:00 ] ::1 /R-CMS/admin.php?c=Menu&a=index
INFO: [ app_init ] --START--
INFO: Run Behavior\BuildLiteBehavior [ RunTime:0.000028s ]
INFO: [ app_init ] --END-- [ RunTime:0.000940s ]
INFO: [ app_begin ] --START--
INFO: Run Behavior\ReadHtmlCacheBehavior [ RunTime:0.001440s ]
INFO: [ app_begin ] --END-- [ RunTime:0.001561s ]
NOTIC: [8] Undefined index: p D:\phpStudy\WWW\R-CMS\R-CMS\Admin\Controller\MenuController.class.php 第 14 行.
NOTIC: [8] Undefined index: pageSize D:\phpStudy\WWW\R-CMS\R-CMS\Admin\Controller\MenuController.class.php 第 15 行.
SQL: SHOW COLUMNS FROM `cms_menu` [ RunTime:0.0265s ]
ERR: Think\Model:getMenus方法不存在！

[ 2016-06-14T16:39:02+08:00 ] ::1 /R-CMS/admin.php?c=Menu&a=index
INFO: [ app_init ] --START--
INFO: Run Behavior\BuildLiteBehavior [ RunTime:0.000029s ]
INFO: [ app_init ] --END-- [ RunTime:0.000812s ]
INFO: [ app_begin ] --START--
INFO: Run Behavior\ReadHtmlCacheBehavior [ RunTime:0.001455s ]
INFO: [ app_begin ] --END-- [ RunTime:0.001576s ]
NOTIC: [8] Undefined index: p D:\phpStudy\WWW\R-CMS\R-CMS\Admin\Controller\MenuController.class.php 第 14 行.
NOTIC: [8] Undefined index: pageSize D:\phpStudy\WWW\R-CMS\R-CMS\Admin\Controller\MenuController.class.php 第 15 行.
SQL: SHOW COLUMNS FROM `cms_menu` [ RunTime:0.0081s ]
SQL: SELECT * FROM `cms_menu` WHERE `status` <> -1 ORDER BY menu_id LIMIT 0,10   [ RunTime:0.0658s ]
SQL: SELECT COUNT(*) AS tp_count FROM `cms_menu` WHERE `status` <> -1 LIMIT 1   [ RunTime:0.0004s ]
INFO: [ view_parse ] --START--
INFO: [ template_filter ] --START--
INFO: Run Behavior\ContentReplaceBehavior [ RunTime:0.000116s ]
INFO: [ template_filter ] --END-- [ RunTime:0.000228s ]
NOTIC: [8] Undefined variable: nav D:\phpStudy\WWW\R-CMS\R-CMS\Runtime\Cache\Admin\0de9185548f5fdb8e375b57a8a8c8740.php 第 100 行.
INFO: Run Behavior\ParseTemplateBehavior [ RunTime:0.018032s ]
INFO: [ view_parse ] --END-- [ RunTime:0.018149s ]
INFO: [ view_filter ] --START--
INFO: Run Behavior\WriteHtmlCacheBehavior [ RunTime:0.001102s ]
INFO: [ view_filter ] --END-- [ RunTime:0.001203s ]
INFO: [ app_end ] --START--
INFO: Run Behavior\ShowPageTraceBehavior [ RunTime:0.001497s ]
INFO: [ app_end ] --END-- [ RunTime:0.001607s ]

[ 2016-06-14T16:39:05+08:00 ] ::1 /R-CMS/admin.php?c=Menu&a=index
INFO: [ app_init ] --START--
INFO: Run Behavior\BuildLiteBehavior [ RunTime:0.000029s ]
INFO: [ app_init ] --END-- [ RunTime:0.000836s ]
INFO: [ app_begin ] --START--
INFO: Run Behavior\ReadHtmlCacheBehavior [ RunTime:0.001677s ]
INFO: [ app_begin ] --END-- [ RunTime:0.001821s ]
NOTIC: [8] Undefined index: p D:\phpStudy\WWW\R-CMS\R-CMS\Admin\Controller\MenuController.class.php 第 14 行.
NOTIC: [8] Undefined index: pageSize D:\phpStudy\WWW\R-CMS\R-CMS\Admin\Controller\MenuController.class.php 第 15 行.
SQL: SHOW COLUMNS FROM `cms_menu` [ RunTime:0.0085s ]
SQL: SELECT * FROM `cms_menu` WHERE `status` <> -1 ORDER BY menu_id LIMIT 0,10   [ RunTime:0.0005s ]
SQL: SELECT COUNT(*) AS tp_count FROM `cms_menu` WHERE `status` <> -1 LIMIT 1   [ RunTime:0.0003s ]
INFO: [ view_parse ] --START--
INFO: [ template_filter ] --START--
INFO: Run Behavior\ContentReplaceBehavior [ RunTime:0.000104s ]
INFO: [ template_filter ] --END-- [ RunTime:0.000225s ]
NOTIC: [8] Undefined variable: nav D:\phpStudy\WWW\R-CMS\R-CMS\Runtime\Cache\Admin\0de9185548f5fdb8e375b57a8a8c8740.php 第 100 行.
INFO: Run Behavior\ParseTemplateBehavior [ RunTime:0.018973s ]
INFO: [ view_parse ] --END-- [ RunTime:0.019096s ]
INFO: [ view_filter ] --START--
INFO: Run Behavior\WriteHtmlCacheBehavior [ RunTime:0.001354s ]
INFO: [ view_filter ] --END-- [ RunTime:0.001471s ]
INFO: [ app_end ] --START--
INFO: Run Behavior\ShowPageTraceBehavior [ RunTime:0.001755s ]
INFO: [ app_end ] --END-- [ RunTime:0.001920s ]

[ 2016-06-14T16:40:47+08:00 ] ::1 /R-CMS/admin.php?c=menu&a=add
INFO: [ app_init ] --START--
INFO: Run Behavior\BuildLiteBehavior [ RunTime:0.000029s ]
INFO: [ app_init ] --END-- [ RunTime:0.000925s ]
INFO: [ app_begin ] --START--
INFO: Run Behavior\ReadHtmlCacheBehavior [ RunTime:0.001425s ]
INFO: [ app_begin ] --END-- [ RunTime:0.001543s ]
INFO: [ view_parse ] --START--
INFO: [ template_filter ] --START--
INFO: Run Behavior\ContentReplaceBehavior [ RunTime:0.000107s ]
INFO: [ template_filter ] --END-- [ RunTime:0.000231s ]
NOTIC: [8] Undefined variable: menus D:\phpStudy\WWW\R-CMS\R-CMS\Runtime\Cache\Admin\4fff637c20dd546c042eee3aa63a4452.php 第 122 行.
INFO: Run Behavior\ParseTemplateBehavior [ RunTime:0.058576s ]
INFO: [ view_parse ] --END-- [ RunTime:0.058692s ]
INFO: [ view_filter ] --START--
INFO: Run Behavior\WriteHtmlCacheBehavior [ RunTime:0.001143s ]
INFO: [ view_filter ] --END-- [ RunTime:0.001253s ]
INFO: [ app_end ] --START--
INFO: Run Behavior\ShowPageTraceBehavior [ RunTime:0.001504s ]
INFO: [ app_end ] --END-- [ RunTime:0.001616s ]

[ 2016-06-14T16:41:04+08:00 ] ::1 /R-CMS/admin.php?c=menu&a=add
INFO: [ app_init ] --START--
INFO: Run Behavior\BuildLiteBehavior [ RunTime:0.000027s ]
INFO: [ app_init ] --END-- [ RunTime:0.000804s ]
INFO: [ app_begin ] --START--
INFO: Run Behavior\ReadHtmlCacheBehavior [ RunTime:0.001465s ]
INFO: [ app_begin ] --END-- [ RunTime:0.001580s ]
SQL: SHOW COLUMNS FROM `cms_menu` [ RunTime:0.0082s ]
SQL: INSERT INTO `cms_menu` (`name`,`type`,`m`,`c`,`f`,`status`) VALUES ('菜单管理','1','admin','menu','index','1') [ RunTime:0.0011s ]

[ 2016-06-14T16:41:08+08:00 ] ::1 /R-CMS/admin.php?c=menu
INFO: [ app_init ] --START--
INFO: Run Behavior\BuildLiteBehavior [ RunTime:0.000028s ]
INFO: [ app_init ] --END-- [ RunTime:0.000812s ]
INFO: [ app_begin ] --START--
INFO: Run Behavior\ReadHtmlCacheBehavior [ RunTime:0.001653s ]
INFO: [ app_begin ] --END-- [ RunTime:0.001785s ]
NOTIC: [8] Undefined index: p D:\phpStudy\WWW\R-CMS\R-CMS\Admin\Controller\MenuController.class.php 第 14 行.
NOTIC: [8] Undefined index: pageSize D:\phpStudy\WWW\R-CMS\R-CMS\Admin\Controller\MenuController.class.php 第 15 行.
SQL: SHOW COLUMNS FROM `cms_menu` [ RunTime:0.0083s ]
SQL: SELECT * FROM `cms_menu` WHERE `status` <> -1 ORDER BY menu_id LIMIT 0,10   [ RunTime:0.0483s ]
SQL: SELECT COUNT(*) AS tp_count FROM `cms_menu` WHERE `status` <> -1 LIMIT 1   [ RunTime:0.0068s ]
INFO: [ view_parse ] --START--
INFO: [ template_filter ] --START--
INFO: Run Behavior\ContentReplaceBehavior [ RunTime:0.000108s ]
INFO: [ template_filter ] --END-- [ RunTime:0.000244s ]
NOTIC: [8] Undefined variable: nav D:\phpStudy\WWW\R-CMS\R-CMS\Runtime\Cache\Admin\0de9185548f5fdb8e375b57a8a8c8740.php 第 100 行.
NOTIC: [8] Undefined index: menu_id D:\phpStudy\WWW\R-CMS\R-CMS\Runtime\Cache\Admin\0de9185548f5fdb8e375b57a8a8c8740.php 第 150 行.
NOTIC: [8] Undefined index: name D:\phpStudy\WWW\R-CMS\R-CMS\Runtime\Cache\Admin\0de9185548f5fdb8e375b57a8a8c8740.php 第 151 行.
NOTIC: [8] Undefined index: m D:\phpStudy\WWW\R-CMS\R-CMS\Runtime\Cache\Admin\0de9185548f5fdb8e375b57a8a8c8740.php 第 152 行.
NOTIC: [8] Undefined index: type D:\phpStudy\WWW\R-CMS\R-CMS\Runtime\Cache\Admin\0de9185548f5fdb8e375b57a8a8c8740.php 第 153 行.
NOTIC: [8] Undefined index: status D:\phpStudy\WWW\R-CMS\R-CMS\Runtime\Cache\Admin\0de9185548f5fdb8e375b57a8a8c8740.php 第 154 行.
INFO: Run Behavior\ParseTemplateBehavior [ RunTime:0.018176s ]
INFO: [ view_parse ] --END-- [ RunTime:0.018291s ]
INFO: [ view_filter ] --START--
INFO: Run Behavior\WriteHtmlCacheBehavior [ RunTime:0.001480s ]
INFO: [ view_filter ] --END-- [ RunTime:0.001591s ]
INFO: [ app_end ] --START--
INFO: Run Behavior\ShowPageTraceBehavior [ RunTime:0.001583s ]
INFO: [ app_end ] --END-- [ RunTime:0.001689s ]

[ 2016-06-14T16:44:25+08:00 ] ::1 /R-CMS/admin.php?c=menu
INFO: [ app_init ] --START--
INFO: Run Behavior\BuildLiteBehavior [ RunTime:0.000037s ]
INFO: [ app_init ] --END-- [ RunTime:0.001403s ]
INFO: [ app_begin ] --START--
INFO: Run Behavior\ReadHtmlCacheBehavior [ RunTime:0.001629s ]
INFO: [ app_begin ] --END-- [ RunTime:0.001773s ]
NOTIC: [8] Undefined index: p D:\phpStudy\WWW\R-CMS\R-CMS\Admin\Controller\MenuController.class.php 第 14 行.
NOTIC: [8] Undefined index: pageSize D:\phpStudy\WWW\R-CMS\R-CMS\Admin\Controller\MenuController.class.php 第 15 行.
SQL: SHOW COLUMNS FROM `cms_menu` [ RunTime:0.0121s ]
SQL: SELECT * FROM `cms_menu` WHERE `status` <> -1 ORDER BY menu_id LIMIT 0,10   [ RunTime:0.0010s ]
SQL: SELECT COUNT(*) AS tp_count FROM `cms_menu` WHERE `status` <> -1 LIMIT 1   [ RunTime:0.0007s ]
INFO: [ view_parse ] --START--
INFO: [ template_filter ] --START--
INFO: Run Behavior\ContentReplaceBehavior [ RunTime:0.000106s ]
INFO: [ template_filter ] --END-- [ RunTime:0.000233s ]
NOTIC: [8] Undefined variable: nav D:\phpStudy\WWW\R-CMS\R-CMS\Runtime\Cache\Admin\0de9185548f5fdb8e375b57a8a8c8740.php 第 100 行.
NOTIC: [8] Undefined index: menu_id D:\phpStudy\WWW\R-CMS\R-CMS\Runtime\Cache\Admin\0de9185548f5fdb8e375b57a8a8c8740.php 第 150 行.
NOTIC: [8] Undefined index: name D:\phpStudy\WWW\R-CMS\R-CMS\Runtime\Cache\Admin\0de9185548f5fdb8e375b57a8a8c8740.php 第 151 行.
NOTIC: [8] Undefined index: m D:\phpStudy\WWW\R-CMS\R-CMS\Runtime\Cache\Admin\0de9185548f5fdb8e375b57a8a8c8740.php 第 152 行.
NOTIC: [8] Undefined index: type D:\phpStudy\WWW\R-CMS\R-CMS\Runtime\Cache\Admin\0de9185548f5fdb8e375b57a8a8c8740.php 第 153 行.
NOTIC: [8] Undefined index: status D:\phpStudy\WWW\R-CMS\R-CMS\Runtime\Cache\Admin\0de9185548f5fdb8e375b57a8a8c8740.php 第 154 行.
INFO: Run Behavior\ParseTemplateBehavior [ RunTime:0.032266s ]
INFO: [ view_parse ] --END-- [ RunTime:0.032390s ]
INFO: [ view_filter ] --START--
INFO: Run Behavior\WriteHtmlCacheBehavior [ RunTime:0.001036s ]
INFO: [ view_filter ] --END-- [ RunTime:0.001136s ]
INFO: [ app_end ] --START--
INFO: Run Behavior\ShowPageTraceBehavior [ RunTime:0.007339s ]
INFO: [ app_end ] --END-- [ RunTime:0.007468s ]

[ 2016-06-14T16:45:24+08:00 ] ::1 /R-CMS/admin.php?c=menu
INFO: [ app_init ] --START--
INFO: Run Behavior\BuildLiteBehavior [ RunTime:0.000029s ]
INFO: [ app_init ] --END-- [ RunTime:0.000922s ]
INFO: [ app_begin ] --START--
INFO: Run Behavior\ReadHtmlCacheBehavior [ RunTime:0.001378s ]
INFO: [ app_begin ] --END-- [ RunTime:0.001493s ]
NOTIC: [8] Undefined index: p D:\phpStudy\WWW\R-CMS\R-CMS\Admin\Controller\MenuController.class.php 第 14 行.
NOTIC: [8] Undefined index: pageSize D:\phpStudy\WWW\R-CMS\R-CMS\Admin\Controller\MenuController.class.php 第 15 行.
SQL: SHOW COLUMNS FROM `cms_menu` [ RunTime:0.0098s ]
SQL: SELECT * FROM `cms_menu` WHERE `status` <> -1 ORDER BY menu_id LIMIT 0,10   [ RunTime:0.0007s ]
SQL: SELECT COUNT(*) AS tp_count FROM `cms_menu` WHERE `status` <> -1 LIMIT 1   [ RunTime:0.0004s ]
INFO: [ view_parse ] --START--
INFO: [ template_filter ] --START--
INFO: Run Behavior\ContentReplaceBehavior [ RunTime:0.000108s ]
INFO: [ template_filter ] --END-- [ RunTime:0.000221s ]
NOTIC: [8] Undefined variable: nav D:\phpStudy\WWW\R-CMS\R-CMS\Runtime\Cache\Admin\0de9185548f5fdb8e375b57a8a8c8740.php 第 100 行.
INFO: Run Behavior\ParseTemplateBehavior [ RunTime:0.024732s ]
INFO: [ view_parse ] --END-- [ RunTime:0.024853s ]
INFO: [ view_filter ] --START--
INFO: Run Behavior\WriteHtmlCacheBehavior [ RunTime:0.003833s ]
INFO: [ view_filter ] --END-- [ RunTime:0.003960s ]
INFO: [ app_end ] --START--
INFO: Run Behavior\ShowPageTraceBehavior [ RunTime:0.003531s ]
INFO: [ app_end ] --END-- [ RunTime:0.003668s ]

[ 2016-06-14T16:46:55+08:00 ] ::1 /R-CMS/admin.php?c=menu
INFO: [ app_init ] --START--
INFO: Run Behavior\BuildLiteBehavior [ RunTime:0.000030s ]
INFO: [ app_init ] --END-- [ RunTime:0.000849s ]
INFO: [ app_begin ] --START--
INFO: Run Behavior\ReadHtmlCacheBehavior [ RunTime:0.001072s ]
INFO: [ app_begin ] --END-- [ RunTime:0.001188s ]
NOTIC: [8] Undefined index: p D:\phpStudy\WWW\R-CMS\R-CMS\Admin\Controller\MenuController.class.php 第 14 行.
NOTIC: [8] Undefined index: pageSize D:\phpStudy\WWW\R-CMS\R-CMS\Admin\Controller\MenuController.class.php 第 15 行.
SQL: SHOW COLUMNS FROM `cms_menu` [ RunTime:0.0082s ]
SQL: SELECT * FROM `cms_menu` WHERE `status` <> -1 ORDER BY menu_id LIMIT 0,10   [ RunTime:0.0006s ]
SQL: SELECT COUNT(*) AS tp_count FROM `cms_menu` WHERE `status` <> -1 LIMIT 1   [ RunTime:0.0004s ]
INFO: [ view_parse ] --START--
INFO: [ template_filter ] --START--
INFO: Run Behavior\ContentReplaceBehavior [ RunTime:0.000103s ]
INFO: [ template_filter ] --END-- [ RunTime:0.000219s ]
NOTIC: [8] Undefined variable: nav D:\phpStudy\WWW\R-CMS\R-CMS\Runtime\Cache\Admin\0de9185548f5fdb8e375b57a8a8c8740.php 第 100 行.
INFO: Run Behavior\ParseTemplateBehavior [ RunTime:0.016007s ]
INFO: [ view_parse ] --END-- [ RunTime:0.016124s ]
INFO: [ view_filter ] --START--
INFO: Run Behavior\WriteHtmlCacheBehavior [ RunTime:0.000711s ]
INFO: [ view_filter ] --END-- [ RunTime:0.000809s ]
INFO: [ app_end ] --START--
INFO: Run Behavior\ShowPageTraceBehavior [ RunTime:0.001048s ]
INFO: [ app_end ] --END-- [ RunTime:0.001148s ]

[ 2016-06-14T16:48:06+08:00 ] ::1 /R-CMS/admin.php?c=menu
INFO: [ app_init ] --START--
INFO: Run Behavior\BuildLiteBehavior [ RunTime:0.000028s ]
INFO: [ app_init ] --END-- [ RunTime:0.000800s ]
INFO: [ app_begin ] --START--
INFO: Run Behavior\ReadHtmlCacheBehavior [ RunTime:0.001479s ]
INFO: [ app_begin ] --END-- [ RunTime:0.001601s ]
NOTIC: [8] Undefined index: p D:\phpStudy\WWW\R-CMS\R-CMS\Admin\Controller\MenuController.class.php 第 14 行.
NOTIC: [8] Undefined index: pageSize D:\phpStudy\WWW\R-CMS\R-CMS\Admin\Controller\MenuController.class.php 第 15 行.
SQL: SHOW COLUMNS FROM `cms_menu` [ RunTime:0.0097s ]
SQL: SELECT * FROM `cms_menu` WHERE `status` <> -1 ORDER BY menu_id LIMIT 0,10   [ RunTime:0.0006s ]
SQL: SELECT COUNT(*) AS tp_count FROM `cms_menu` WHERE `status` <> -1 LIMIT 1   [ RunTime:0.0004s ]
INFO: [ view_parse ] --START--
INFO: [ template_filter ] --START--
INFO: Run Behavior\ContentReplaceBehavior [ RunTime:0.000101s ]
INFO: [ template_filter ] --END-- [ RunTime:0.000216s ]
NOTIC: [8] Undefined variable: nav D:\phpStudy\WWW\R-CMS\R-CMS\Runtime\Cache\Admin\0de9185548f5fdb8e375b57a8a8c8740.php 第 100 行.
INFO: Run Behavior\ParseTemplateBehavior [ RunTime:0.018520s ]
INFO: [ view_parse ] --END-- [ RunTime:0.018690s ]
INFO: [ view_filter ] --START--
INFO: Run Behavior\WriteHtmlCacheBehavior [ RunTime:0.001647s ]
INFO: [ view_filter ] --END-- [ RunTime:0.001838s ]
INFO: [ app_end ] --START--
INFO: Run Behavior\ShowPageTraceBehavior [ RunTime:0.001601s ]
INFO: [ app_end ] --END-- [ RunTime:0.001716s ]

[ 2016-06-14T16:48:08+08:00 ] ::1 /R-CMS/admin.php?c=menu
INFO: [ app_init ] --START--
INFO: Run Behavior\BuildLiteBehavior [ RunTime:0.000029s ]
INFO: [ app_init ] --END-- [ RunTime:0.000802s ]
INFO: [ app_begin ] --START--
INFO: Run Behavior\ReadHtmlCacheBehavior [ RunTime:0.001338s ]
INFO: [ app_begin ] --END-- [ RunTime:0.001455s ]
NOTIC: [8] Undefined index: p D:\phpStudy\WWW\R-CMS\R-CMS\Admin\Controller\MenuController.class.php 第 14 行.
NOTIC: [8] Undefined index: pageSize D:\phpStudy\WWW\R-CMS\R-CMS\Admin\Controller\MenuController.class.php 第 15 行.
SQL: SHOW COLUMNS FROM `cms_menu` [ RunTime:0.0078s ]
SQL: SELECT * FROM `cms_menu` WHERE `status` <> -1 ORDER BY menu_id LIMIT 0,10   [ RunTime:0.0006s ]
SQL: SELECT COUNT(*) AS tp_count FROM `cms_menu` WHERE `status` <> -1 LIMIT 1   [ RunTime:0.0004s ]
INFO: [ view_parse ] --START--
INFO: [ template_filter ] --START--
INFO: Run Behavior\ContentReplaceBehavior [ RunTime:0.000099s ]
INFO: [ template_filter ] --END-- [ RunTime:0.000211s ]
NOTIC: [8] Undefined variable: nav D:\phpStudy\WWW\R-CMS\R-CMS\Runtime\Cache\Admin\0de9185548f5fdb8e375b57a8a8c8740.php 第 100 行.
INFO: Run Behavior\ParseTemplateBehavior [ RunTime:0.018226s ]
INFO: [ view_parse ] --END-- [ RunTime:0.018343s ]
INFO: [ view_filter ] --START--
INFO: Run Behavior\WriteHtmlCacheBehavior [ RunTime:0.001009s ]
INFO: [ view_filter ] --END-- [ RunTime:0.001108s ]
INFO: [ app_end ] --START--
INFO: Run Behavior\ShowPageTraceBehavior [ RunTime:0.001579s ]
INFO: [ app_end ] --END-- [ RunTime:0.001693s ]

[ 2016-06-14T16:48:58+08:00 ] ::1 /R-CMS/admin.php?c=menu
INFO: [ app_init ] --START--
INFO: Run Behavior\BuildLiteBehavior [ RunTime:0.000030s ]
INFO: [ app_init ] --END-- [ RunTime:0.000826s ]
INFO: [ app_begin ] --START--
INFO: Run Behavior\ReadHtmlCacheBehavior [ RunTime:0.001116s ]
INFO: [ app_begin ] --END-- [ RunTime:0.001236s ]
NOTIC: [8] Undefined index: p D:\phpStudy\WWW\R-CMS\R-CMS\Admin\Controller\MenuController.class.php 第 14 行.
NOTIC: [8] Undefined index: pageSize D:\phpStudy\WWW\R-CMS\R-CMS\Admin\Controller\MenuController.class.php 第 15 行.
SQL: SHOW COLUMNS FROM `cms_menu` [ RunTime:0.0090s ]
SQL: SELECT * FROM `cms_menu` WHERE `status` <> -1 ORDER BY menu_id LIMIT 0,10   [ RunTime:0.0006s ]
SQL: SELECT COUNT(*) AS tp_count FROM `cms_menu` WHERE `status` <> -1 LIMIT 1   [ RunTime:0.0004s ]
INFO: [ view_parse ] --START--
INFO: [ template_filter ] --START--
INFO: Run Behavior\ContentReplaceBehavior [ RunTime:0.000105s ]
INFO: [ template_filter ] --END-- [ RunTime:0.000232s ]
NOTIC: [8] Undefined variable: nav D:\phpStudy\WWW\R-CMS\R-CMS\Runtime\Cache\Admin\0de9185548f5fdb8e375b57a8a8c8740.php 第 100 行.
INFO: Run Behavior\ParseTemplateBehavior [ RunTime:0.015576s ]
INFO: [ view_parse ] --END-- [ RunTime:0.015695s ]
INFO: [ view_filter ] --START--
INFO: Run Behavior\WriteHtmlCacheBehavior [ RunTime:0.000731s ]
INFO: [ view_filter ] --END-- [ RunTime:0.000833s ]
INFO: [ app_end ] --START--
INFO: Run Behavior\ShowPageTraceBehavior [ RunTime:0.001319s ]
INFO: [ app_end ] --END-- [ RunTime:0.001434s ]

[ 2016-06-14T16:55:18+08:00 ] ::1 /R-CMS/admin.php?c=menu
INFO: [ app_init ] --START--
INFO: Run Behavior\BuildLiteBehavior [ RunTime:0.000029s ]
INFO: [ app_init ] --END-- [ RunTime:0.000788s ]
INFO: [ app_begin ] --START--
INFO: Run Behavior\ReadHtmlCacheBehavior [ RunTime:0.001076s ]
INFO: [ app_begin ] --END-- [ RunTime:0.001190s ]
NOTIC: [8] Undefined index: p D:\phpStudy\WWW\R-CMS\R-CMS\Admin\Controller\MenuController.class.php 第 14 行.
NOTIC: [8] Undefined index: pageSize D:\phpStudy\WWW\R-CMS\R-CMS\Admin\Controller\MenuController.class.php 第 15 行.
SQL: SHOW COLUMNS FROM `cms_menu` [ RunTime:0.0102s ]
SQL: SELECT * FROM `cms_menu` WHERE `status` <> -1 ORDER BY menu_id LIMIT 0,10   [ RunTime:0.0006s ]
SQL: SELECT COUNT(*) AS tp_count FROM `cms_menu` WHERE `status` <> -1 LIMIT 1   [ RunTime:0.0004s ]
INFO: [ view_parse ] --START--
INFO: [ template_filter ] --START--
INFO: Run Behavior\ContentReplaceBehavior [ RunTime:0.000111s ]
INFO: [ template_filter ] --END-- [ RunTime:0.000238s ]
NOTIC: [8] Undefined variable: nav D:\phpStudy\WWW\R-CMS\R-CMS\Runtime\Cache\Admin\0de9185548f5fdb8e375b57a8a8c8740.php 第 100 行.

[ 2016-06-14T16:55:40+08:00 ] ::1 /R-CMS/admin.php?c=menu
INFO: [ app_init ] --START--
INFO: Run Behavior\BuildLiteBehavior [ RunTime:0.000027s ]
INFO: [ app_init ] --END-- [ RunTime:0.000797s ]
INFO: [ app_begin ] --START--
INFO: Run Behavior\ReadHtmlCacheBehavior [ RunTime:0.001485s ]
INFO: [ app_begin ] --END-- [ RunTime:0.001605s ]
NOTIC: [8] Undefined index: p D:\phpStudy\WWW\R-CMS\R-CMS\Admin\Controller\MenuController.class.php 第 14 行.
NOTIC: [8] Undefined index: pageSize D:\phpStudy\WWW\R-CMS\R-CMS\Admin\Controller\MenuController.class.php 第 15 行.
SQL: SHOW COLUMNS FROM `cms_menu` [ RunTime:0.0094s ]
SQL: SELECT * FROM `cms_menu` WHERE `status` <> -1 ORDER BY menu_id LIMIT 0,10   [ RunTime:0.0007s ]
SQL: SELECT COUNT(*) AS tp_count FROM `cms_menu` WHERE `status` <> -1 LIMIT 1   [ RunTime:0.0005s ]
INFO: [ view_parse ] --START--
INFO: [ template_filter ] --START--
INFO: Run Behavior\ContentReplaceBehavior [ RunTime:0.000108s ]
INFO: [ template_filter ] --END-- [ RunTime:0.000223s ]
NOTIC: [8] Undefined variable: nav D:\phpStudy\WWW\R-CMS\R-CMS\Runtime\Cache\Admin\0de9185548f5fdb8e375b57a8a8c8740.php 第 100 行.
INFO: Run Behavior\ParseTemplateBehavior [ RunTime:0.019941s ]
INFO: [ view_parse ] --END-- [ RunTime:0.020066s ]
INFO: [ view_filter ] --START--
INFO: Run Behavior\WriteHtmlCacheBehavior [ RunTime:0.001297s ]
INFO: [ view_filter ] --END-- [ RunTime:0.001418s ]
INFO: [ app_end ] --START--
INFO: Run Behavior\ShowPageTraceBehavior [ RunTime:0.001708s ]
INFO: [ app_end ] --END-- [ RunTime:0.001826s ]

[ 2016-06-14T17:17:30+08:00 ] ::1 /R-CMS/admin.php?c=menu
INFO: [ app_init ] --START--
INFO: Run Behavior\BuildLiteBehavior [ RunTime:0.000030s ]
INFO: [ app_init ] --END-- [ RunTime:0.000838s ]
INFO: [ app_begin ] --START--
INFO: Run Behavior\ReadHtmlCacheBehavior [ RunTime:0.001491s ]
INFO: [ app_begin ] --END-- [ RunTime:0.001610s ]
NOTIC: [8] Undefined index: p D:\phpStudy\WWW\R-CMS\R-CMS\Admin\Controller\MenuController.class.php 第 20 行.
NOTIC: [8] Undefined index: pageSize D:\phpStudy\WWW\R-CMS\R-CMS\Admin\Controller\MenuController.class.php 第 21 行.
SQL: SHOW COLUMNS FROM `cms_menu` [ RunTime:0.0093s ]
SQL: SELECT * FROM `cms_menu` WHERE `type` = -1 AND `status` <> -1 ORDER BY menu_id LIMIT 0,10   [ RunTime:0.1447s ]
SQL: SELECT COUNT(*) AS tp_count FROM `cms_menu` WHERE `type` = -1 AND `status` <> -1 LIMIT 1   [ RunTime:0.0005s ]
INFO: [ view_parse ] --START--
INFO: [ template_filter ] --START--
INFO: Run Behavior\ContentReplaceBehavior [ RunTime:0.000102s ]
INFO: [ template_filter ] --END-- [ RunTime:0.000213s ]
NOTIC: [8] Undefined variable: nav D:\phpStudy\WWW\R-CMS\R-CMS\Runtime\Cache\Admin\0de9185548f5fdb8e375b57a8a8c8740.php 第 100 行.
INFO: Run Behavior\ParseTemplateBehavior [ RunTime:0.017753s ]
INFO: [ view_parse ] --END-- [ RunTime:0.017871s ]
INFO: [ view_filter ] --START--
INFO: Run Behavior\WriteHtmlCacheBehavior [ RunTime:0.001231s ]
INFO: [ view_filter ] --END-- [ RunTime:0.001358s ]
INFO: [ app_end ] --START--
INFO: Run Behavior\ShowPageTraceBehavior [ RunTime:0.001922s ]
INFO: [ app_end ] --END-- [ RunTime:0.002048s ]

[ 2016-06-14T17:20:01+08:00 ] ::1 /R-CMS/admin.php?c=menu
INFO: [ app_init ] --START--
INFO: Run Behavior\BuildLiteBehavior [ RunTime:0.000029s ]
INFO: [ app_init ] --END-- [ RunTime:0.000802s ]
INFO: [ app_begin ] --START--
INFO: Run Behavior\ReadHtmlCacheBehavior [ RunTime:0.001428s ]
INFO: [ app_begin ] --END-- [ RunTime:0.001547s ]
NOTIC: [8] Undefined index: p D:\phpStudy\WWW\R-CMS\R-CMS\Admin\Controller\MenuController.class.php 第 20 行.
NOTIC: [8] Undefined index: pageSize D:\phpStudy\WWW\R-CMS\R-CMS\Admin\Controller\MenuController.class.php 第 21 行.
SQL: SHOW COLUMNS FROM `cms_menu` [ RunTime:0.0081s ]
SQL: SELECT * FROM `cms_menu` WHERE `type` = -1 AND `status` <> -1 ORDER BY menu_id LIMIT 0,10   [ RunTime:0.0006s ]
SQL: SELECT COUNT(*) AS tp_count FROM `cms_menu` WHERE `type` = -1 AND `status` <> -1 LIMIT 1   [ RunTime:0.0015s ]
INFO: [ view_parse ] --START--
INFO: [ template_filter ] --START--
INFO: Run Behavior\ContentReplaceBehavior [ RunTime:0.000152s ]
INFO: [ template_filter ] --END-- [ RunTime:0.000736s ]
NOTIC: [8] Undefined variable: nav D:\phpStudy\WWW\R-CMS\R-CMS\Runtime\Cache\Admin\0de9185548f5fdb8e375b57a8a8c8740.php 第 100 行.
INFO: Run Behavior\ParseTemplateBehavior [ RunTime:0.021532s ]
INFO: [ view_parse ] --END-- [ RunTime:0.021655s ]
INFO: [ view_filter ] --START--
INFO: Run Behavior\WriteHtmlCacheBehavior [ RunTime:0.001117s ]
INFO: [ view_filter ] --END-- [ RunTime:0.001224s ]
INFO: [ app_end ] --START--
INFO: Run Behavior\ShowPageTraceBehavior [ RunTime:0.001395s ]
INFO: [ app_end ] --END-- [ RunTime:0.001497s ]

[ 2016-06-14T17:20:32+08:00 ] ::1 /R-CMS/admin.php?c=menu
INFO: [ app_init ] --START--
INFO: Run Behavior\BuildLiteBehavior [ RunTime:0.000032s ]
INFO: [ app_init ] --END-- [ RunTime:0.011909s ]
INFO: [ app_begin ] --START--
INFO: Run Behavior\ReadHtmlCacheBehavior [ RunTime:0.004202s ]
INFO: [ app_begin ] --END-- [ RunTime:0.004342s ]
NOTIC: [8] Undefined index: p D:\phpStudy\WWW\R-CMS\R-CMS\Admin\Controller\MenuController.class.php 第 20 行.
NOTIC: [8] Undefined index: pageSize D:\phpStudy\WWW\R-CMS\R-CMS\Admin\Controller\MenuController.class.php 第 21 行.
SQL: SHOW COLUMNS FROM `cms_menu` [ RunTime:0.0103s ]
SQL: SELECT * FROM `cms_menu` WHERE `type` = -1 AND `status` <> -1 ORDER BY menu_id LIMIT 0,10   [ RunTime:0.0024s ]
SQL: SELECT COUNT(*) AS tp_count FROM `cms_menu` WHERE `type` = -1 AND `status` <> -1 LIMIT 1   [ RunTime:0.0017s ]
INFO: [ view_parse ] --START--
INFO: [ template_filter ] --START--
INFO: Run Behavior\ContentReplaceBehavior [ RunTime:0.000114s ]
INFO: [ template_filter ] --END-- [ RunTime:0.000246s ]
NOTIC: [8] Undefined variable: nav D:\phpStudy\WWW\R-CMS\R-CMS\Runtime\Cache\Admin\0de9185548f5fdb8e375b57a8a8c8740.php 第 100 行.
INFO: Run Behavior\ParseTemplateBehavior [ RunTime:0.024018s ]
INFO: [ view_parse ] --END-- [ RunTime:0.024158s ]
INFO: [ view_filter ] --START--
INFO: Run Behavior\WriteHtmlCacheBehavior [ RunTime:0.001455s ]
INFO: [ view_filter ] --END-- [ RunTime:0.001625s ]
INFO: [ app_end ] --START--
INFO: Run Behavior\ShowPageTraceBehavior [ RunTime:0.002414s ]
INFO: [ app_end ] --END-- [ RunTime:0.002546s ]

[ 2016-06-14T17:20:36+08:00 ] ::1 /R-CMS/admin.php?type=1&c=menu&a=index
INFO: [ app_init ] --START--
INFO: Run Behavior\BuildLiteBehavior [ RunTime:0.000035s ]
INFO: [ app_init ] --END-- [ RunTime:0.001120s ]
INFO: [ app_begin ] --START--
INFO: Run Behavior\ReadHtmlCacheBehavior [ RunTime:0.005774s ]
INFO: [ app_begin ] --END-- [ RunTime:0.005938s ]
NOTIC: [8] Undefined index: p D:\phpStudy\WWW\R-CMS\R-CMS\Admin\Controller\MenuController.class.php 第 20 行.
NOTIC: [8] Undefined index: pageSize D:\phpStudy\WWW\R-CMS\R-CMS\Admin\Controller\MenuController.class.php 第 21 行.
SQL: SHOW COLUMNS FROM `cms_menu` [ RunTime:0.0073s ]
SQL: SELECT * FROM `cms_menu` WHERE `type` = 1 AND `status` <> -1 ORDER BY menu_id LIMIT 0,10   [ RunTime:0.0031s ]
SQL: SELECT COUNT(*) AS tp_count FROM `cms_menu` WHERE `type` = 1 AND `status` <> -1 LIMIT 1   [ RunTime:0.0008s ]
INFO: [ view_parse ] --START--
INFO: [ template_filter ] --START--
INFO: Run Behavior\ContentReplaceBehavior [ RunTime:0.000111s ]
INFO: [ template_filter ] --END-- [ RunTime:0.000226s ]
NOTIC: [8] Undefined variable: nav D:\phpStudy\WWW\R-CMS\R-CMS\Runtime\Cache\Admin\0de9185548f5fdb8e375b57a8a8c8740.php 第 100 行.
INFO: Run Behavior\ParseTemplateBehavior [ RunTime:0.021818s ]
INFO: [ view_parse ] --END-- [ RunTime:0.021949s ]
INFO: [ view_filter ] --START--
INFO: Run Behavior\WriteHtmlCacheBehavior [ RunTime:0.001036s ]
INFO: [ view_filter ] --END-- [ RunTime:0.001139s ]
INFO: [ app_end ] --START--
INFO: Run Behavior\ShowPageTraceBehavior [ RunTime:0.001454s ]
INFO: [ app_end ] --END-- [ RunTime:0.001757s ]

[ 2016-06-14T17:23:32+08:00 ] ::1 /R-CMS/admin.php?type=1&c=menu&a=index
INFO: [ app_init ] --START--
INFO: Run Behavior\BuildLiteBehavior [ RunTime:0.000030s ]
INFO: [ app_init ] --END-- [ RunTime:0.000852s ]
INFO: [ app_begin ] --START--
INFO: Run Behavior\ReadHtmlCacheBehavior [ RunTime:0.001795s ]
INFO: [ app_begin ] --END-- [ RunTime:0.001921s ]
NOTIC: [8] Undefined index: p D:\phpStudy\WWW\R-CMS\R-CMS\Admin\Controller\MenuController.class.php 第 20 行.
NOTIC: [8] Undefined index: pageSize D:\phpStudy\WWW\R-CMS\R-CMS\Admin\Controller\MenuController.class.php 第 21 行.
SQL: SHOW COLUMNS FROM `cms_menu` [ RunTime:0.0081s ]
SQL: SELECT * FROM `cms_menu` WHERE `type` = 1 AND `status` <> -1 ORDER BY menu_id LIMIT 0,10   [ RunTime:0.0006s ]
SQL: SELECT COUNT(*) AS tp_count FROM `cms_menu` WHERE `type` = 1 AND `status` <> -1 LIMIT 1   [ RunTime:0.0004s ]
INFO: [ view_parse ] --START--
INFO: [ template_filter ] --START--
INFO: Run Behavior\ContentReplaceBehavior [ RunTime:0.000106s ]
INFO: [ template_filter ] --END-- [ RunTime:0.000218s ]
NOTIC: [8] Undefined variable: nav D:\phpStudy\WWW\R-CMS\R-CMS\Runtime\Cache\Admin\0de9185548f5fdb8e375b57a8a8c8740.php 第 100 行.
NOTIC: [8] Undefined variable: type D:\phpStudy\WWW\R-CMS\R-CMS\Runtime\Cache\Admin\0de9185548f5fdb8e375b57a8a8c8740.php 第 114 行.
NOTIC: [8] Undefined variable: type D:\phpStudy\WWW\R-CMS\R-CMS\Runtime\Cache\Admin\0de9185548f5fdb8e375b57a8a8c8740.php 第 115 行.
INFO: Run Behavior\ParseTemplateBehavior [ RunTime:0.019040s ]
INFO: [ view_parse ] --END-- [ RunTime:0.019164s ]
INFO: [ view_filter ] --START--
INFO: Run Behavior\WriteHtmlCacheBehavior [ RunTime:0.001280s ]
INFO: [ view_filter ] --END-- [ RunTime:0.001381s ]
INFO: [ app_end ] --START--
INFO: Run Behavior\ShowPageTraceBehavior [ RunTime:0.001663s ]
INFO: [ app_end ] --END-- [ RunTime:0.001841s ]

[ 2016-06-14T17:23:37+08:00 ] ::1 /R-CMS/admin.php?type=1&c=menu&a=index
INFO: [ app_init ] --START--
INFO: Run Behavior\BuildLiteBehavior [ RunTime:0.000030s ]
INFO: [ app_init ] --END-- [ RunTime:0.000899s ]
INFO: [ app_begin ] --START--
INFO: Run Behavior\ReadHtmlCacheBehavior [ RunTime:0.001458s ]
INFO: [ app_begin ] --END-- [ RunTime:0.001583s ]
NOTIC: [8] Undefined index: p D:\phpStudy\WWW\R-CMS\R-CMS\Admin\Controller\MenuController.class.php 第 20 行.
NOTIC: [8] Undefined index: pageSize D:\phpStudy\WWW\R-CMS\R-CMS\Admin\Controller\MenuController.class.php 第 21 行.
SQL: SHOW COLUMNS FROM `cms_menu` [ RunTime:0.0085s ]
SQL: SELECT * FROM `cms_menu` WHERE `type` = 1 AND `status` <> -1 ORDER BY menu_id LIMIT 0,10   [ RunTime:0.0007s ]
SQL: SELECT COUNT(*) AS tp_count FROM `cms_menu` WHERE `type` = 1 AND `status` <> -1 LIMIT 1   [ RunTime:0.0004s ]
INFO: [ view_parse ] --START--
INFO: [ template_filter ] --START--
INFO: Run Behavior\ContentReplaceBehavior [ RunTime:0.000109s ]
INFO: [ template_filter ] --END-- [ RunTime:0.000231s ]
NOTIC: [8] Undefined variable: nav D:\phpStudy\WWW\R-CMS\R-CMS\Runtime\Cache\Admin\0de9185548f5fdb8e375b57a8a8c8740.php 第 100 行.
NOTIC: [8] Undefined variable: type D:\phpStudy\WWW\R-CMS\R-CMS\Runtime\Cache\Admin\0de9185548f5fdb8e375b57a8a8c8740.php 第 114 行.
NOTIC: [8] Undefined variable: type D:\phpStudy\WWW\R-CMS\R-CMS\Runtime\Cache\Admin\0de9185548f5fdb8e375b57a8a8c8740.php 第 115 行.
INFO: Run Behavior\ParseTemplateBehavior [ RunTime:0.020392s ]
INFO: [ view_parse ] --END-- [ RunTime:0.020509s ]
INFO: [ view_filter ] --START--
INFO: Run Behavior\WriteHtmlCacheBehavior [ RunTime:0.001151s ]
INFO: [ view_filter ] --END-- [ RunTime:0.001254s ]
INFO: [ app_end ] --START--
INFO: Run Behavior\ShowPageTraceBehavior [ RunTime:0.001811s ]
INFO: [ app_end ] --END-- [ RunTime:0.002054s ]

[ 2016-06-14T17:23:42+08:00 ] ::1 /R-CMS/admin.php?type=1&c=menu&a=index
INFO: [ app_init ] --START--
INFO: Run Behavior\BuildLiteBehavior [ RunTime:0.000035s ]
INFO: [ app_init ] --END-- [ RunTime:0.029102s ]
INFO: [ app_begin ] --START--
INFO: Run Behavior\ReadHtmlCacheBehavior [ RunTime:0.003682s ]
INFO: [ app_begin ] --END-- [ RunTime:0.003834s ]
NOTIC: [8] Undefined index: p D:\phpStudy\WWW\R-CMS\R-CMS\Admin\Controller\MenuController.class.php 第 20 行.
NOTIC: [8] Undefined index: pageSize D:\phpStudy\WWW\R-CMS\R-CMS\Admin\Controller\MenuController.class.php 第 21 行.
SQL: SHOW COLUMNS FROM `cms_menu` [ RunTime:0.0098s ]
SQL: SELECT * FROM `cms_menu` WHERE `type` = 1 AND `status` <> -1 ORDER BY menu_id LIMIT 0,10   [ RunTime:0.0016s ]
SQL: SELECT COUNT(*) AS tp_count FROM `cms_menu` WHERE `type` = 1 AND `status` <> -1 LIMIT 1   [ RunTime:0.0014s ]
INFO: [ view_parse ] --START--
INFO: [ template_filter ] --START--
INFO: Run Behavior\ContentReplaceBehavior [ RunTime:0.000108s ]
INFO: [ template_filter ] --END-- [ RunTime:0.000227s ]
NOTIC: [8] Undefined variable: nav D:\phpStudy\WWW\R-CMS\R-CMS\Runtime\Cache\Admin\0de9185548f5fdb8e375b57a8a8c8740.php 第 100 行.
NOTIC: [8] Undefined variable: type D:\phpStudy\WWW\R-CMS\R-CMS\Runtime\Cache\Admin\0de9185548f5fdb8e375b57a8a8c8740.php 第 114 行.
NOTIC: [8] Undefined variable: type D:\phpStudy\WWW\R-CMS\R-CMS\Runtime\Cache\Admin\0de9185548f5fdb8e375b57a8a8c8740.php 第 115 行.
INFO: Run Behavior\ParseTemplateBehavior [ RunTime:0.020773s ]
INFO: [ view_parse ] --END-- [ RunTime:0.020897s ]
INFO: [ view_filter ] --START--
INFO: Run Behavior\WriteHtmlCacheBehavior [ RunTime:0.001096s ]
INFO: [ view_filter ] --END-- [ RunTime:0.001205s ]
INFO: [ app_end ] --START--
INFO: Run Behavior\ShowPageTraceBehavior [ RunTime:0.002319s ]
INFO: [ app_end ] --END-- [ RunTime:0.002439s ]

[ 2016-06-14T17:27:03+08:00 ] ::1 /R-CMS/admin.php?type=1&c=menu&a=index
INFO: [ app_init ] --START--
INFO: Run Behavior\BuildLiteBehavior [ RunTime:0.000029s ]
INFO: [ app_init ] --END-- [ RunTime:0.000805s ]
INFO: [ app_begin ] --START--
INFO: Run Behavior\ReadHtmlCacheBehavior [ RunTime:0.001500s ]
INFO: [ app_begin ] --END-- [ RunTime:0.001625s ]
NOTIC: [8] Undefined index: p D:\phpStudy\WWW\R-CMS\R-CMS\Admin\Controller\MenuController.class.php 第 21 行.
NOTIC: [8] Undefined index: pageSize D:\phpStudy\WWW\R-CMS\R-CMS\Admin\Controller\MenuController.class.php 第 22 行.
SQL: SHOW COLUMNS FROM `cms_menu` [ RunTime:0.0103s ]
SQL: SELECT * FROM `cms_menu` WHERE `type` = 1 AND `status` <> -1 ORDER BY menu_id LIMIT 0,10   [ RunTime:0.0008s ]
SQL: SELECT COUNT(*) AS tp_count FROM `cms_menu` WHERE `type` = 1 AND `status` <> -1 LIMIT 1   [ RunTime:0.0008s ]
INFO: [ view_parse ] --START--
INFO: [ template_filter ] --START--
INFO: Run Behavior\ContentReplaceBehavior [ RunTime:0.000106s ]
INFO: [ template_filter ] --END-- [ RunTime:0.000219s ]
NOTIC: [8] Undefined variable: nav D:\phpStudy\WWW\R-CMS\R-CMS\Runtime\Cache\Admin\0de9185548f5fdb8e375b57a8a8c8740.php 第 100 行.
INFO: Run Behavior\ParseTemplateBehavior [ RunTime:0.019629s ]
INFO: [ view_parse ] --END-- [ RunTime:0.019759s ]
INFO: [ view_filter ] --START--
INFO: Run Behavior\WriteHtmlCacheBehavior [ RunTime:0.001278s ]
INFO: [ view_filter ] --END-- [ RunTime:0.001390s ]
INFO: [ app_end ] --START--
INFO: Run Behavior\ShowPageTraceBehavior [ RunTime:0.001438s ]
INFO: [ app_end ] --END-- [ RunTime:0.001542s ]

[ 2016-06-14T17:27:09+08:00 ] ::1 /R-CMS/admin.php?type=0&c=menu&a=index
INFO: [ app_init ] --START--
INFO: Run Behavior\BuildLiteBehavior [ RunTime:0.000076s ]
INFO: [ app_init ] --END-- [ RunTime:0.002292s ]
INFO: [ app_begin ] --START--
INFO: Run Behavior\ReadHtmlCacheBehavior [ RunTime:0.001657s ]
INFO: [ app_begin ] --END-- [ RunTime:0.001795s ]
NOTIC: [8] Undefined index: p D:\phpStudy\WWW\R-CMS\R-CMS\Admin\Controller\MenuController.class.php 第 21 行.
NOTIC: [8] Undefined index: pageSize D:\phpStudy\WWW\R-CMS\R-CMS\Admin\Controller\MenuController.class.php 第 22 行.
SQL: SHOW COLUMNS FROM `cms_menu` [ RunTime:0.0081s ]
SQL: SELECT * FROM `cms_menu` WHERE `type` = 0 AND `status` <> -1 ORDER BY menu_id LIMIT 0,10   [ RunTime:0.0008s ]
SQL: SELECT COUNT(*) AS tp_count FROM `cms_menu` WHERE `type` = 0 AND `status` <> -1 LIMIT 1   [ RunTime:0.0007s ]
INFO: [ view_parse ] --START--
INFO: [ template_filter ] --START--
INFO: Run Behavior\ContentReplaceBehavior [ RunTime:0.000114s ]
INFO: [ template_filter ] --END-- [ RunTime:0.000447s ]
NOTIC: [8] Undefined variable: nav D:\phpStudy\WWW\R-CMS\R-CMS\Runtime\Cache\Admin\0de9185548f5fdb8e375b57a8a8c8740.php 第 100 行.
INFO: Run Behavior\ParseTemplateBehavior [ RunTime:0.024688s ]
INFO: [ view_parse ] --END-- [ RunTime:0.024810s ]
INFO: [ view_filter ] --START--
INFO: Run Behavior\WriteHtmlCacheBehavior [ RunTime:0.001016s ]
INFO: [ view_filter ] --END-- [ RunTime:0.001115s ]
INFO: [ app_end ] --START--
INFO: Run Behavior\ShowPageTraceBehavior [ RunTime:0.001356s ]
INFO: [ app_end ] --END-- [ RunTime:0.001460s ]

[ 2016-06-14T17:27:12+08:00 ] ::1 /R-CMS/admin.php?type=1&c=menu&a=index
INFO: [ app_init ] --START--
INFO: Run Behavior\BuildLiteBehavior [ RunTime:0.000042s ]
INFO: [ app_init ] --END-- [ RunTime:0.001332s ]
INFO: [ app_begin ] --START--
INFO: Run Behavior\ReadHtmlCacheBehavior [ RunTime:0.001441s ]
INFO: [ app_begin ] --END-- [ RunTime:0.001571s ]
NOTIC: [8] Undefined index: p D:\phpStudy\WWW\R-CMS\R-CMS\Admin\Controller\MenuController.class.php 第 21 行.
NOTIC: [8] Undefined index: pageSize D:\phpStudy\WWW\R-CMS\R-CMS\Admin\Controller\MenuController.class.php 第 22 行.
SQL: SHOW COLUMNS FROM `cms_menu` [ RunTime:0.0097s ]
SQL: SELECT * FROM `cms_menu` WHERE `type` = 1 AND `status` <> -1 ORDER BY menu_id LIMIT 0,10   [ RunTime:0.0006s ]
SQL: SELECT COUNT(*) AS tp_count FROM `cms_menu` WHERE `type` = 1 AND `status` <> -1 LIMIT 1   [ RunTime:0.0004s ]
INFO: [ view_parse ] --START--
INFO: [ template_filter ] --START--
INFO: Run Behavior\ContentReplaceBehavior [ RunTime:0.000109s ]
INFO: [ template_filter ] --END-- [ RunTime:0.000220s ]
NOTIC: [8] Undefined variable: nav D:\phpStudy\WWW\R-CMS\R-CMS\Runtime\Cache\Admin\0de9185548f5fdb8e375b57a8a8c8740.php 第 100 行.
INFO: Run Behavior\ParseTemplateBehavior [ RunTime:0.019388s ]
INFO: [ view_parse ] --END-- [ RunTime:0.019881s ]
INFO: [ view_filter ] --START--
INFO: Run Behavior\WriteHtmlCacheBehavior [ RunTime:0.001243s ]
INFO: [ view_filter ] --END-- [ RunTime:0.001520s ]
INFO: [ app_end ] --START--
INFO: Run Behavior\ShowPageTraceBehavior [ RunTime:0.003173s ]
INFO: [ app_end ] --END-- [ RunTime:0.004073s ]

[ 2016-06-14T17:27:15+08:00 ] ::1 /R-CMS/admin.php?type=1&c=menu&a=index
INFO: [ app_init ] --START--
INFO: Run Behavior\BuildLiteBehavior [ RunTime:0.000028s ]
INFO: [ app_init ] --END-- [ RunTime:0.000794s ]
INFO: [ app_begin ] --START--
INFO: Run Behavior\ReadHtmlCacheBehavior [ RunTime:0.001360s ]
INFO: [ app_begin ] --END-- [ RunTime:0.001477s ]
NOTIC: [8] Undefined index: p D:\phpStudy\WWW\R-CMS\R-CMS\Admin\Controller\MenuController.class.php 第 21 行.
NOTIC: [8] Undefined index: pageSize D:\phpStudy\WWW\R-CMS\R-CMS\Admin\Controller\MenuController.class.php 第 22 行.
SQL: SHOW COLUMNS FROM `cms_menu` [ RunTime:0.0075s ]
SQL: SELECT * FROM `cms_menu` WHERE `type` = 1 AND `status` <> -1 ORDER BY menu_id LIMIT 0,10   [ RunTime:0.0008s ]
SQL: SELECT COUNT(*) AS tp_count FROM `cms_menu` WHERE `type` = 1 AND `status` <> -1 LIMIT 1   [ RunTime:0.0010s ]
INFO: [ view_parse ] --START--
INFO: [ template_filter ] --START--
INFO: Run Behavior\ContentReplaceBehavior [ RunTime:0.000109s ]
INFO: [ template_filter ] --END-- [ RunTime:0.000230s ]
NOTIC: [8] Undefined variable: nav D:\phpStudy\WWW\R-CMS\R-CMS\Runtime\Cache\Admin\0de9185548f5fdb8e375b57a8a8c8740.php 第 100 行.
INFO: Run Behavior\ParseTemplateBehavior [ RunTime:0.019882s ]
INFO: [ view_parse ] --END-- [ RunTime:0.020015s ]
INFO: [ view_filter ] --START--
INFO: Run Behavior\WriteHtmlCacheBehavior [ RunTime:0.001066s ]
INFO: [ view_filter ] --END-- [ RunTime:0.001182s ]
INFO: [ app_end ] --START--
INFO: Run Behavior\ShowPageTraceBehavior [ RunTime:0.001410s ]
INFO: [ app_end ] --END-- [ RunTime:0.001512s ]

[ 2016-06-14T17:27:18+08:00 ] ::1 /R-CMS/admin.php?type=1&c=menu&a=index
INFO: [ app_init ] --START--
INFO: Run Behavior\BuildLiteBehavior [ RunTime:0.000029s ]
INFO: [ app_init ] --END-- [ RunTime:0.000787s ]
INFO: [ app_begin ] --START--
INFO: Run Behavior\ReadHtmlCacheBehavior [ RunTime:0.001487s ]
INFO: [ app_begin ] --END-- [ RunTime:0.001621s ]
NOTIC: [8] Undefined index: p D:\phpStudy\WWW\R-CMS\R-CMS\Admin\Controller\MenuController.class.php 第 21 行.
NOTIC: [8] Undefined index: pageSize D:\phpStudy\WWW\R-CMS\R-CMS\Admin\Controller\MenuController.class.php 第 22 行.
SQL: SHOW COLUMNS FROM `cms_menu` [ RunTime:0.0094s ]
SQL: SELECT * FROM `cms_menu` WHERE `type` = 1 AND `status` <> -1 ORDER BY menu_id LIMIT 0,10   [ RunTime:0.0006s ]
SQL: SELECT COUNT(*) AS tp_count FROM `cms_menu` WHERE `type` = 1 AND `status` <> -1 LIMIT 1   [ RunTime:0.0004s ]
INFO: [ view_parse ] --START--
INFO: [ template_filter ] --START--
INFO: Run Behavior\ContentReplaceBehavior [ RunTime:0.000111s ]
INFO: [ template_filter ] --END-- [ RunTime:0.000241s ]
NOTIC: [8] Undefined variable: nav D:\phpStudy\WWW\R-CMS\R-CMS\Runtime\Cache\Admin\0de9185548f5fdb8e375b57a8a8c8740.php 第 100 行.
INFO: Run Behavior\ParseTemplateBehavior [ RunTime:0.018823s ]
INFO: [ view_parse ] --END-- [ RunTime:0.018943s ]
INFO: [ view_filter ] --START--
INFO: Run Behavior\WriteHtmlCacheBehavior [ RunTime:0.001027s ]
INFO: [ view_filter ] --END-- [ RunTime:0.001127s ]
INFO: [ app_end ] --START--
INFO: Run Behavior\ShowPageTraceBehavior [ RunTime:0.001436s ]
INFO: [ app_end ] --END-- [ RunTime:0.001541s ]

[ 2016-06-14T17:27:25+08:00 ] ::1 /R-CMS/admin.php?c=Menu&a=index
INFO: [ app_init ] --START--
INFO: Run Behavior\BuildLiteBehavior [ RunTime:0.000030s ]
INFO: [ app_init ] --END-- [ RunTime:0.000899s ]
INFO: [ app_begin ] --START--
INFO: Run Behavior\ReadHtmlCacheBehavior [ RunTime:0.001477s ]
INFO: [ app_begin ] --END-- [ RunTime:0.001603s ]
NOTIC: [8] Undefined index: p D:\phpStudy\WWW\R-CMS\R-CMS\Admin\Controller\MenuController.class.php 第 21 行.
NOTIC: [8] Undefined index: pageSize D:\phpStudy\WWW\R-CMS\R-CMS\Admin\Controller\MenuController.class.php 第 22 行.
SQL: SHOW COLUMNS FROM `cms_menu` [ RunTime:0.0121s ]
SQL: SELECT * FROM `cms_menu` WHERE `status` <> -1 ORDER BY menu_id LIMIT 0,10   [ RunTime:0.0007s ]
SQL: SELECT COUNT(*) AS tp_count FROM `cms_menu` WHERE `status` <> -1 LIMIT 1   [ RunTime:0.0004s ]
INFO: [ view_parse ] --START--
INFO: [ template_filter ] --START--
INFO: Run Behavior\ContentReplaceBehavior [ RunTime:0.000105s ]
INFO: [ template_filter ] --END-- [ RunTime:0.000217s ]
NOTIC: [8] Undefined variable: nav D:\phpStudy\WWW\R-CMS\R-CMS\Runtime\Cache\Admin\0de9185548f5fdb8e375b57a8a8c8740.php 第 100 行.
INFO: Run Behavior\ParseTemplateBehavior [ RunTime:0.017187s ]
INFO: [ view_parse ] --END-- [ RunTime:0.017305s ]
INFO: [ view_filter ] --START--
INFO: Run Behavior\WriteHtmlCacheBehavior [ RunTime:0.001033s ]
INFO: [ view_filter ] --END-- [ RunTime:0.001138s ]
INFO: [ app_end ] --START--
INFO: Run Behavior\ShowPageTraceBehavior [ RunTime:0.001384s ]
INFO: [ app_end ] --END-- [ RunTime:0.001487s ]

[ 2016-06-14T17:27:31+08:00 ] ::1 /R-CMS/admin.php?type=0&c=menu&a=index
INFO: [ app_init ] --START--
INFO: Run Behavior\BuildLiteBehavior [ RunTime:0.000040s ]
INFO: [ app_init ] --END-- [ RunTime:0.001548s ]
INFO: [ app_begin ] --START--
INFO: Run Behavior\ReadHtmlCacheBehavior [ RunTime:0.001576s ]
INFO: [ app_begin ] --END-- [ RunTime:0.001724s ]
NOTIC: [8] Undefined index: p D:\phpStudy\WWW\R-CMS\R-CMS\Admin\Controller\MenuController.class.php 第 21 行.
NOTIC: [8] Undefined index: pageSize D:\phpStudy\WWW\R-CMS\R-CMS\Admin\Controller\MenuController.class.php 第 22 行.
SQL: SHOW COLUMNS FROM `cms_menu` [ RunTime:0.0111s ]
SQL: SELECT * FROM `cms_menu` WHERE `type` = 0 AND `status` <> -1 ORDER BY menu_id LIMIT 0,10   [ RunTime:0.0007s ]
SQL: SELECT COUNT(*) AS tp_count FROM `cms_menu` WHERE `type` = 0 AND `status` <> -1 LIMIT 1   [ RunTime:0.0011s ]
INFO: [ view_parse ] --START--
INFO: [ template_filter ] --START--
INFO: Run Behavior\ContentReplaceBehavior [ RunTime:0.000108s ]
INFO: [ template_filter ] --END-- [ RunTime:0.000232s ]
NOTIC: [8] Undefined variable: nav D:\phpStudy\WWW\R-CMS\R-CMS\Runtime\Cache\Admin\0de9185548f5fdb8e375b57a8a8c8740.php 第 100 行.
INFO: Run Behavior\ParseTemplateBehavior [ RunTime:0.026369s ]
INFO: [ view_parse ] --END-- [ RunTime:0.026492s ]
INFO: [ view_filter ] --START--
INFO: Run Behavior\WriteHtmlCacheBehavior [ RunTime:0.001111s ]
INFO: [ view_filter ] --END-- [ RunTime:0.001223s ]
INFO: [ app_end ] --START--
INFO: Run Behavior\ShowPageTraceBehavior [ RunTime:0.001488s ]
INFO: [ app_end ] --END-- [ RunTime:0.001597s ]

[ 2016-06-14T17:27:34+08:00 ] ::1 /R-CMS/admin.php?type=1&c=menu&a=index
INFO: [ app_init ] --START--
INFO: Run Behavior\BuildLiteBehavior [ RunTime:0.000034s ]
INFO: [ app_init ] --END-- [ RunTime:0.001111s ]
INFO: [ app_begin ] --START--
INFO: Run Behavior\ReadHtmlCacheBehavior [ RunTime:0.002661s ]
INFO: [ app_begin ] --END-- [ RunTime:0.002815s ]
NOTIC: [8] Undefined index: p D:\phpStudy\WWW\R-CMS\R-CMS\Admin\Controller\MenuController.class.php 第 21 行.
NOTIC: [8] Undefined index: pageSize D:\phpStudy\WWW\R-CMS\R-CMS\Admin\Controller\MenuController.class.php 第 22 行.
SQL: SHOW COLUMNS FROM `cms_menu` [ RunTime:0.0105s ]
SQL: SELECT * FROM `cms_menu` WHERE `type` = 1 AND `status` <> -1 ORDER BY menu_id LIMIT 0,10   [ RunTime:0.0006s ]
SQL: SELECT COUNT(*) AS tp_count FROM `cms_menu` WHERE `type` = 1 AND `status` <> -1 LIMIT 1   [ RunTime:0.0004s ]
INFO: [ view_parse ] --START--
INFO: [ template_filter ] --START--
INFO: Run Behavior\ContentReplaceBehavior [ RunTime:0.000108s ]
INFO: [ template_filter ] --END-- [ RunTime:0.000225s ]
NOTIC: [8] Undefined variable: nav D:\phpStudy\WWW\R-CMS\R-CMS\Runtime\Cache\Admin\0de9185548f5fdb8e375b57a8a8c8740.php 第 100 行.
INFO: Run Behavior\ParseTemplateBehavior [ RunTime:0.019055s ]
INFO: [ view_parse ] --END-- [ RunTime:0.019186s ]
INFO: [ view_filter ] --START--
INFO: Run Behavior\WriteHtmlCacheBehavior [ RunTime:0.001502s ]
INFO: [ view_filter ] --END-- [ RunTime:0.001619s ]
INFO: [ app_end ] --START--
INFO: Run Behavior\ShowPageTraceBehavior [ RunTime:0.004097s ]
INFO: [ app_end ] --END-- [ RunTime:0.004222s ]

[ 2016-06-14T17:52:07+08:00 ] ::1 /R-CMS/admin.php?c=login&a=loginout
INFO: [ app_init ] --START--
INFO: Run Behavior\BuildLiteBehavior [ RunTime:0.000031s ]
INFO: [ app_init ] --END-- [ RunTime:0.000913s ]
INFO: [ app_begin ] --START--
INFO: Run Behavior\ReadHtmlCacheBehavior [ RunTime:0.002630s ]
INFO: [ app_begin ] --END-- [ RunTime:0.003116s ]
NOTIC: [8] Undefined variable: module D:\phpStudy\WWW\R-CMS\ThinkPHP\Common\functions.php 第 990 行.
NOTIC: [8] Undefined variable: var D:\phpStudy\WWW\R-CMS\ThinkPHP\Common\functions.php 第 990 行.
NOTIC: [2] array_reverse() expects parameter 1 to be array, null given D:\phpStudy\WWW\R-CMS\ThinkPHP\Common\functions.php 第 990 行.
NOTIC: [2] http_build_query() [<a href='function.http-build-query'>function.http-build-query</a>]: Parameter 1 expected to be Array or Object.  Incorrect value given D:\phpStudy\WWW\R-CMS\ThinkPHP\Common\functions.php 第 990 行.

[ 2016-06-14T17:52:07+08:00 ] ::1 /R-CMS/admin.php?m=&&m=admin&c=login&a=index
INFO: [ app_init ] --START--
INFO: Run Behavior\BuildLiteBehavior [ RunTime:0.000035s ]
INFO: [ app_init ] --END-- [ RunTime:0.001247s ]
INFO: [ app_begin ] --START--
INFO: Run Behavior\ReadHtmlCacheBehavior [ RunTime:0.001513s ]
INFO: [ app_begin ] --END-- [ RunTime:0.001651s ]
INFO: [ view_parse ] --START--
INFO: [ template_filter ] --START--
INFO: Run Behavior\ContentReplaceBehavior [ RunTime:0.000076s ]
INFO: [ template_filter ] --END-- [ RunTime:0.000199s ]
INFO: Run Behavior\ParseTemplateBehavior [ RunTime:0.031157s ]
INFO: [ view_parse ] --END-- [ RunTime:0.031298s ]
INFO: [ view_filter ] --START--
INFO: Run Behavior\WriteHtmlCacheBehavior [ RunTime:0.001098s ]
INFO: [ view_filter ] --END-- [ RunTime:0.001200s ]
INFO: [ app_end ] --START--
INFO: Run Behavior\ShowPageTraceBehavior [ RunTime:0.001352s ]
INFO: [ app_end ] --END-- [ RunTime:0.001457s ]

[ 2016-06-14T17:52:13+08:00 ] ::1 /R-CMS/admin.php?c=login&a=check
INFO: [ app_init ] --START--
INFO: Run Behavior\BuildLiteBehavior [ RunTime:0.000031s ]
INFO: [ app_init ] --END-- [ RunTime:0.001440s ]
INFO: [ app_begin ] --START--
INFO: Run Behavior\ReadHtmlCacheBehavior [ RunTime:0.001843s ]
INFO: [ app_begin ] --END-- [ RunTime:0.001996s ]
SQL: SHOW COLUMNS FROM `cms_admin` [ RunTime:0.0125s ]
SQL: SELECT * FROM `cms_admin` WHERE ( username="admin" ) LIMIT 1   [ RunTime:0.0011s ]

[ 2016-06-14T17:52:14+08:00 ] ::1 /R-CMS/admin.php?c=index
INFO: [ app_init ] --START--
INFO: Run Behavior\BuildLiteBehavior [ RunTime:0.000034s ]
INFO: [ app_init ] --END-- [ RunTime:0.001582s ]
INFO: [ app_begin ] --START--
INFO: Run Behavior\ReadHtmlCacheBehavior [ RunTime:0.001450s ]
INFO: [ app_begin ] --END-- [ RunTime:0.001576s ]
INFO: [ view_parse ] --START--
INFO: [ template_filter ] --START--
INFO: Run Behavior\ContentReplaceBehavior [ RunTime:0.000101s ]
INFO: [ template_filter ] --END-- [ RunTime:0.000220s ]
INFO: Run Behavior\ParseTemplateBehavior [ RunTime:0.016514s ]
INFO: [ view_parse ] --END-- [ RunTime:0.016644s ]
INFO: [ view_filter ] --START--
INFO: Run Behavior\WriteHtmlCacheBehavior [ RunTime:0.001033s ]
INFO: [ view_filter ] --END-- [ RunTime:0.001135s ]
INFO: [ app_end ] --START--
INFO: Run Behavior\ShowPageTraceBehavior [ RunTime:0.001367s ]
INFO: [ app_end ] --END-- [ RunTime:0.001475s ]

[ 2016-06-14T17:52:28+08:00 ] ::1 /R-CMS/admin.php?c=login&a=loginout
INFO: [ app_init ] --START--
INFO: Run Behavior\BuildLiteBehavior [ RunTime:0.000029s ]
INFO: [ app_init ] --END-- [ RunTime:0.000796s ]
INFO: [ app_begin ] --START--
INFO: Run Behavior\ReadHtmlCacheBehavior [ RunTime:0.001393s ]
INFO: [ app_begin ] --END-- [ RunTime:0.001514s ]
NOTIC: [8] Undefined variable: module D:\phpStudy\WWW\R-CMS\ThinkPHP\Common\functions.php 第 990 行.
NOTIC: [8] Undefined variable: var D:\phpStudy\WWW\R-CMS\ThinkPHP\Common\functions.php 第 990 行.
NOTIC: [2] array_reverse() expects parameter 1 to be array, null given D:\phpStudy\WWW\R-CMS\ThinkPHP\Common\functions.php 第 990 行.
NOTIC: [2] http_build_query() [<a href='function.http-build-query'>function.http-build-query</a>]: Parameter 1 expected to be Array or Object.  Incorrect value given D:\phpStudy\WWW\R-CMS\ThinkPHP\Common\functions.php 第 990 行.

[ 2016-06-14T17:52:28+08:00 ] ::1 /R-CMS/admin.php?m=&&m=admin&c=login&a=index
INFO: [ app_init ] --START--
INFO: Run Behavior\BuildLiteBehavior [ RunTime:0.000029s ]
INFO: [ app_init ] --END-- [ RunTime:0.000785s ]
INFO: [ app_begin ] --START--
INFO: Run Behavior\ReadHtmlCacheBehavior [ RunTime:0.001724s ]
INFO: [ app_begin ] --END-- [ RunTime:0.001862s ]
INFO: [ view_parse ] --START--
INFO: [ template_filter ] --START--
INFO: Run Behavior\ContentReplaceBehavior [ RunTime:0.000074s ]
INFO: [ template_filter ] --END-- [ RunTime:0.000193s ]
INFO: Run Behavior\ParseTemplateBehavior [ RunTime:0.020363s ]
INFO: [ view_parse ] --END-- [ RunTime:0.022599s ]
INFO: [ view_filter ] --START--
INFO: Run Behavior\WriteHtmlCacheBehavior [ RunTime:0.001514s ]
INFO: [ view_filter ] --END-- [ RunTime:0.001662s ]
INFO: [ app_end ] --START--
INFO: Run Behavior\ShowPageTraceBehavior [ RunTime:0.003214s ]
INFO: [ app_end ] --END-- [ RunTime:0.003486s ]

