[ 2016-06-24T09:51:07+08:00 ] ::1 /R-CMS/admin.php?c=content
INFO: [ app_init ] --START--
INFO: Run Behavior\BuildLiteBehavior [ RunTime:0.000032s ]
INFO: [ app_init ] --END-- [ RunTime:0.000817s ]
INFO: [ app_begin ] --START--
INFO: Run Behavior\ReadHtmlCacheBehavior [ RunTime:0.001102s ]
INFO: [ app_begin ] --END-- [ RunTime:0.001225s ]

[ 2016-06-24T09:51:33+08:00 ] ::1 /R-CMS/admin.php?c=content
INFO: [ app_init ] --START--
INFO: Run Behavior\BuildLiteBehavior [ RunTime:0.000031s ]
INFO: [ app_init ] --END-- [ RunTime:0.001126s ]
INFO: [ app_begin ] --START--
INFO: Run Behavior\ReadHtmlCacheBehavior [ RunTime:0.000878s ]
INFO: [ app_begin ] --END-- [ RunTime:0.000993s ]
NOTIC: [8] Undefined index: title D:\phpStudy\WWW\R-CMS\R-CMS\Admin\Controller\ContentController.class.php 第 13 行.
NOTIC: [8] Undefined index: catid D:\phpStudy\WWW\R-CMS\R-CMS\Admin\Controller\ContentController.class.php 第 17 行.
NOTIC: [8] Undefined index: p D:\phpStudy\WWW\R-CMS\R-CMS\Admin\Controller\ContentController.class.php 第 20 行.
NOTIC: [2048] Declaration of Common\Model\NewsModel::find() should be compatible with that of Think\Model::find() D:\phpStudy\WWW\R-CMS\R-CMS\Common\Model\NewsModel.class.php 第 9 行.
SQL: SHOW COLUMNS FROM `cms_news` [ RunTime:0.0120s ]
NOTIC: [8] Undefined index: title D:\phpStudy\WWW\R-CMS\R-CMS\Common\Model\NewsModel.class.php 第 27 行.
NOTIC: [8] Undefined index: catid D:\phpStudy\WWW\R-CMS\R-CMS\Common\Model\NewsModel.class.php 第 30 行.
SQL: SELECT * FROM `cms_news` WHERE `status` <> -1 ORDER BY listorder,news_id LIMIT 0,2   [ RunTime:0.0009s ]
NOTIC: [8] Undefined index: title D:\phpStudy\WWW\R-CMS\R-CMS\Common\Model\NewsModel.class.php 第 40 行.
NOTIC: [8] Undefined index: catid D:\phpStudy\WWW\R-CMS\R-CMS\Common\Model\NewsModel.class.php 第 43 行.
SQL: SELECT COUNT(*) AS tp_count FROM `cms_news` WHERE `status` <> -1 LIMIT 1   [ RunTime:0.0008s ]
NOTIC: [2048] Declaration of Common\Model\MenuModel::find() should be compatible with that of Think\Model::find() D:\phpStudy\WWW\R-CMS\R-CMS\Common\Model\MenuModel.class.php 第 87 行.
SQL: SHOW COLUMNS FROM `cms_menu` [ RunTime:0.0109s ]
SQL: SELECT * FROM `cms_menu` WHERE `status` <> -1 AND `type` = 0 ORDER BY listorder,menu_id  [ RunTime:0.0037s ]
INFO: [ view_parse ] --START--
INFO: [ template_filter ] --START--
INFO: Run Behavior\ContentReplaceBehavior [ RunTime:0.000138s ]
INFO: [ template_filter ] --END-- [ RunTime:0.000265s ]
SQL: SELECT * FROM `cms_menu` WHERE `status` <> -1 AND `type` = 1 ORDER BY listorder ,menu_id  [ RunTime:0.0008s ]
NOTIC: [8] Undefined variable: user D:\phpStudy\WWW\R-CMS\R-CMS\Runtime\Cache\Admin\c20c847fb46d64d33e0be7dbd1a896e1.php 第 58 行.
NOTIC: [8] Undefined index: catid D:\phpStudy\WWW\R-CMS\R-CMS\Runtime\Cache\Admin\c20c847fb46d64d33e0be7dbd1a896e1.php 第 113 行.
NOTIC: [8] Undefined index: catid D:\phpStudy\WWW\R-CMS\R-CMS\Runtime\Cache\Admin\c20c847fb46d64d33e0be7dbd1a896e1.php 第 113 行.
NOTIC: [8] Undefined index: catid D:\phpStudy\WWW\R-CMS\R-CMS\Runtime\Cache\Admin\c20c847fb46d64d33e0be7dbd1a896e1.php 第 113 行.
NOTIC: [8] Undefined index: catid D:\phpStudy\WWW\R-CMS\R-CMS\Runtime\Cache\Admin\c20c847fb46d64d33e0be7dbd1a896e1.php 第 113 行.
NOTIC: [8] Undefined index: title D:\phpStudy\WWW\R-CMS\R-CMS\Runtime\Cache\Admin\c20c847fb46d64d33e0be7dbd1a896e1.php 第 121 行.
INFO: Run Behavior\ParseTemplateBehavior [ RunTime:0.035664s ]
INFO: [ view_parse ] --END-- [ RunTime:0.035778s ]
INFO: [ view_filter ] --START--
INFO: Run Behavior\WriteHtmlCacheBehavior [ RunTime:0.000867s ]
INFO: [ view_filter ] --END-- [ RunTime:0.000965s ]
INFO: [ app_end ] --START--
INFO: Run Behavior\ShowPageTraceBehavior [ RunTime:0.001066s ]
INFO: [ app_end ] --END-- [ RunTime:0.001166s ]

[ 2016-06-24T09:51:38+08:00 ] ::1 /R-CMS/admin.php?c=content&a=edit&id=10
INFO: [ app_init ] --START--
INFO: Run Behavior\BuildLiteBehavior [ RunTime:0.000029s ]
INFO: [ app_init ] --END-- [ RunTime:0.000768s ]
INFO: [ app_begin ] --START--
INFO: Run Behavior\ReadHtmlCacheBehavior [ RunTime:0.001368s ]
INFO: [ app_begin ] --END-- [ RunTime:0.001511s ]
NOTIC: [2048] Declaration of Common\Model\NewsModel::find() should be compatible with that of Think\Model::find() D:\phpStudy\WWW\R-CMS\R-CMS\Common\Model\NewsModel.class.php 第 9 行.
SQL: SHOW COLUMNS FROM `cms_news` [ RunTime:0.0104s ]
SQL: SELECT * FROM `cms_news` WHERE `news_id` = 10 LIMIT 1   [ RunTime:0.0007s ]
NOTIC: [2048] Declaration of Common\Model\NewsContentModel::find() should be compatible with that of Think\Model::find() D:\phpStudy\WWW\R-CMS\R-CMS\Common\Model\NewsContentModel.class.php 第 45 行.
SQL: SHOW COLUMNS FROM `cms_news_content` [ RunTime:0.0100s ]
SQL: SELECT * FROM `cms_news_content` WHERE `news_id` = 10 LIMIT 1   [ RunTime:0.0010s ]
NOTIC: [2048] Declaration of Common\Model\MenuModel::find() should be compatible with that of Think\Model::find() D:\phpStudy\WWW\R-CMS\R-CMS\Common\Model\MenuModel.class.php 第 87 行.
SQL: SHOW COLUMNS FROM `cms_menu` [ RunTime:0.0123s ]
SQL: SELECT * FROM `cms_menu` WHERE `status` <> -1 AND `type` = 0 ORDER BY listorder,menu_id  [ RunTime:0.0010s ]
INFO: [ view_parse ] --START--
INFO: [ template_filter ] --START--
INFO: Run Behavior\ContentReplaceBehavior [ RunTime:0.001461s ]
INFO: [ template_filter ] --END-- [ RunTime:0.001615s ]
SQL: SELECT * FROM `cms_menu` WHERE `status` <> -1 AND `type` = 1 ORDER BY listorder ,menu_id  [ RunTime:0.0008s ]
NOTIC: [8] Undefined variable: user D:\phpStudy\WWW\R-CMS\R-CMS\Runtime\Cache\Admin\7cac1fa1e07c63a84bcd476b1ecd85e6.php 第 58 行.
INFO: Run Behavior\ParseTemplateBehavior [ RunTime:0.027877s ]
INFO: [ view_parse ] --END-- [ RunTime:0.028005s ]
INFO: [ view_filter ] --START--
INFO: Run Behavior\WriteHtmlCacheBehavior [ RunTime:0.000866s ]
INFO: [ view_filter ] --END-- [ RunTime:0.000966s ]
INFO: [ app_end ] --START--
INFO: Run Behavior\ShowPageTraceBehavior [ RunTime:0.001494s ]
INFO: [ app_end ] --END-- [ RunTime:0.001634s ]

[ 2016-06-24T09:51:47+08:00 ] ::1 /R-CMS/admin.php?c=content&a=add
INFO: [ app_init ] --START--
INFO: Run Behavior\BuildLiteBehavior [ RunTime:0.000041s ]
INFO: [ app_init ] --END-- [ RunTime:0.001325s ]
INFO: [ app_begin ] --START--
INFO: Run Behavior\ReadHtmlCacheBehavior [ RunTime:0.001540s ]
INFO: [ app_begin ] --END-- [ RunTime:0.001756s ]
NOTIC: [2048] Declaration of Common\Model\NewsModel::find() should be compatible with that of Think\Model::find() D:\phpStudy\WWW\R-CMS\R-CMS\Common\Model\NewsModel.class.php 第 9 行.
SQL: SHOW COLUMNS FROM `cms_news` [ RunTime:0.0111s ]
NOTIC: [8] Use of undefined constant data - assumed 'data' D:\phpStudy\WWW\R-CMS\R-CMS\Common\Model\NewsModel.class.php 第 59 行.
SQL: UPDATE `cms_news` SET `title`='苹果macOS Sierra体验1',`small_title`='苹果macOS Sierra体验：更高效、细节改进明显',`thumb`='/R-CMS/upload/2016/06/23/576b9545286f2.jpg',`title_font_color`='#ed568b',`catid`='8',`copyfrom`='3',`description`='mac',`keywords`='mac 苹果 apple' WHERE ( news_id = 10 ) [ RunTime:0.0513s ]
NOTIC: [2048] Declaration of Common\Model\NewsContentModel::find() should be compatible with that of Think\Model::find() D:\phpStudy\WWW\R-CMS\R-CMS\Common\Model\NewsContentModel.class.php 第 45 行.
SQL: SHOW COLUMNS FROM `cms_news_content` [ RunTime:0.0102s ]
NOTIC: [8] Use of undefined constant data - assumed 'data' D:\phpStudy\WWW\R-CMS\R-CMS\Common\Model\NewsContentModel.class.php 第 36 行.
SQL: UPDATE `cms_news_content` SET `content`='&lt;p style=&quot;font-size:1pc;color:#272A30;font-family:\'Microsoft Yahei\';text-align:justify;background-color:#FFFFFF;&quot;&gt;
	在北京时间6月14日凌晨举行的WWDC2016苹果全球开发者大会上，苹果虽然没有发布任何硬件新品，但横跨四大产品系列的全新OS的亮相依然足够振奋人心。而这其中除了最受关注的&lt;a class=&quot;s_tag&quot; href=&quot;http://ios.ithome.com/&quot; target=&quot;_blank&quot;&gt;iOS10&lt;/a&gt;之外，这次苹果针对MAC系列电脑的全新macOS的发布也是看点颇多。小编将手上这台MacBook Pro在升级到最新的开发者预览版之后，经过几天体验之后，给大家带来这篇初步的上手体验报告。
&lt;/p&gt;
&lt;p style=&quot;font-size:1pc;color:#272A30;font-family:\'Microsoft Yahei\';text-align:justify;background-color:#FFFFFF;&quot;&gt;
	&lt;img src=&quot;http://img.ithome.com/newsuploadfiles/2016/6/20160623_060749_289.jpg&quot; alt=&quot;苹果macOS Sierra体验：更高效、细节改进明显&quot; /&gt;
&lt;/p&gt;
&lt;p style=&quot;font-size:1pc;color:#272A30;font-family:\'Microsoft Yahei\';text-align:justify;background-color:#FFFFFF;&quot;&gt;
	虽然在整体界面、图标设计以及操作上并没有太大的改变，但全新的macOS Sierra还是加入了不少便捷又实用的新功能，在体验细节上的改进也让我们看到苹果的专注。
&lt;/p&gt;
&lt;p style=&quot;font-size:1pc;color:#272A30;font-family:\'Microsoft Yahei\';text-align:justify;background-color:#FFFFFF;&quot;&gt;
	在步入正题之前，还是需要再跟大家强调一下，并非所有的Mac系列电脑都能升级到最新版的macOS，每次苹果新版本系统的发布也意味着有一批老旧的Mac设备将无法支持升级，而根据苹果官方公布的资料显示，只有以下这些Mac机型能够兼容最新的macOS Sierra：
&lt;/p&gt;
&lt;p style=&quot;font-size:1pc;color:#272A30;font-family:\'Microsoft Yahei\';text-align:justify;background-color:#FFFFFF;&quot;&gt;
	*MacBook（2009年后期及以后的机型）
&lt;/p&gt;
&lt;p style=&quot;font-size:1pc;color:#272A30;font-family:\'Microsoft Yahei\';text-align:justify;background-color:#FFFFFF;&quot;&gt;
	*iMac（2009年后期及以后的机型）
&lt;/p&gt;
&lt;p style=&quot;font-size:1pc;color:#272A30;font-family:\'Microsoft Yahei\';text-align:justify;background-color:#FFFFFF;&quot;&gt;
	*MacBook Air（2010年后期及以后的机型）
&lt;/p&gt;
&lt;p style=&quot;font-size:1pc;color:#272A30;font-family:\'Microsoft Yahei\';text-align:justify;background-color:#FFFFFF;&quot;&gt;
	*MacBook Pro（2010年后期及以后的机型）
&lt;/p&gt;
&lt;p style=&quot;font-size:1pc;color:#272A30;font-family:\'Microsoft Yahei\';text-align:justify;background-color:#FFFFFF;&quot;&gt;
	*Mac mini（2010年后期及以后的机型）
&lt;/p&gt;
&lt;p style=&quot;font-size:1pc;color:#272A30;font-family:\'Microsoft Yahei\';text-align:justify;background-color:#FFFFFF;&quot;&gt;
	*Mac Pro（2010年后期及以后的机型）
&lt;/p&gt;
&lt;p style=&quot;font-size:1pc;color:#272A30;font-family:\'Microsoft Yahei\';text-align:justify;background-color:#FFFFFF;&quot;&gt;
	&lt;img class=&quot;lazy&quot; src=&quot;http://img.ithome.com/newsuploadfiles/2016/6/20160623_060749_697.jpg&quot; alt=&quot;苹果macOS Sierra体验：更高效、细节改进明显&quot; /&gt;
&lt;/p&gt;
&lt;p style=&quot;font-size:1pc;color:#272A30;font-family:\'Microsoft Yahei\';text-align:justify;background-color:#FFFFFF;&quot;&gt;
	&lt;span style=&quot;font-weight:700;&quot;&gt;名称上的改变寓意着更加深度的融合&lt;/span&gt;
&lt;/p&gt;
&lt;p style=&quot;font-size:1pc;color:#272A30;font-family:\'Microsoft Yahei\';text-align:justify;background-color:#FFFFFF;&quot;&gt;
	这次在开幕主题演讲上，关于桌面OS有一个很小的细节可能大家并没在意，那就是苹果终于将沿用了长达15年之久的OS X操作系统正式更名为macOS（最新版系统名称为Sierra）。其实这次系统名称上的改变也在清理之中，不仅可以更好地与watchOS、iOS以及tvOS在名称上保持统一协调性，还能进一步强调苹果MAC电脑的产品属性。
&lt;/p&gt;
&lt;p style=&quot;font-size:1pc;color:#272A30;font-family:\'Microsoft Yahei\';text-align:justify;background-color:#FFFFFF;&quot;&gt;
	&lt;img class=&quot;lazy&quot; src=&quot;http://img.ithome.com/newsuploadfiles/2016/6/20160623_060750_144.jpg&quot; alt=&quot;苹果macOS Sierra体验：更高效、细节改进明显&quot; /&gt;
&lt;/p&gt;
&lt;p style=&quot;font-size:1pc;color:#272A30;font-family:\'Microsoft Yahei\';text-align:justify;background-color:#FFFFFF;&quot;&gt;
	当然，苹果通过这次系统名称上的改变还想向外界传达一个全新的讯息：全新的macOS将会在体验方面强调与移动平台watchOS以及iOS的深度融合，从而进一步提升用户对苹果系列产品的使用粘性，培养用户的忠诚度，而这种改变也着重体现在此次macOS上重点强调的几个全新特性上。
&lt;/p&gt;
&lt;p style=&quot;font-size:1pc;color:#272A30;font-family:\'Microsoft Yahei\';text-align:justify;background-color:#FFFFFF;&quot;&gt;
	&lt;span style=&quot;font-weight:700;&quot;&gt;更智能更强大的Siri语音助手&lt;/span&gt;
&lt;/p&gt;
&lt;p style=&quot;font-size:1pc;color:#272A30;font-family:\'Microsoft Yahei\';text-align:justify;background-color:#FFFFFF;&quot;&gt;
	在此前的macOS版本中，苹果已经增加了不少基于iPhone的体验支持，比如用Mac电脑可以打iPhone的电话，接收和发布iPhone的短信。现在苹果更进一步，在这次的macOS Sierra在Mac电脑上集成功能更为强大的Siri语音助手。对于Siri语音助手，想必在使用iPhone的用户并不陌生，但这次苹果有针对性地在Mac上的体验进行了优化改善。
&lt;/p&gt;
&lt;p style=&quot;font-size:1pc;color:#272A30;font-family:\'Microsoft Yahei\';text-align:justify;background-color:#FFFFFF;&quot;&gt;
	&lt;img class=&quot;lazy&quot; src=&quot;http://img.ithome.com/newsuploadfiles/2016/6/20160623_060750_569.jpg&quot; alt=&quot;苹果macOS Sierra体验：更高效、细节改进明显&quot; /&gt;
&lt;/p&gt;
&lt;p style=&quot;font-size:1pc;color:#272A30;font-family:\'Microsoft Yahei\';text-align:justify;background-color:#FFFFFF;&quot;&gt;
	&lt;img class=&quot;lazy&quot; src=&quot;http://img.ithome.com/newsuploadfiles/2016/6/20160623_060751_44.jpg&quot; alt=&quot;苹果macOS Sierra体验：更高效、细节改进明显&quot; /&gt;
&lt;/p&gt;
&lt;p style=&quot;font-size:1pc;color:#272A30;font-family:\'Microsoft Yahei\';text-align:justify;background-color:#FFFFFF;&quot;&gt;
	现在你不仅可以像在iOS设备上那样查询天气、发送短信、拨打电话、启动应用等操作，Mac上的Siri语音助手还可以支持复杂的系统内文件搜索查找功能，可以说将Mac电脑上体验很出色的Finder搜索功能进行了深度融合，让文件搜索变得更加快捷高效。
&lt;/p&gt;
&lt;p style=&quot;font-size:1pc;color:#272A30;font-family:\'Microsoft Yahei\';text-align:justify;background-color:#FFFFFF;&quot;&gt;
	&lt;img class=&quot;lazy&quot; src=&quot;http://img.ithome.com/newsuploadfiles/2016/6/20160623_060751_400.jpg&quot; alt=&quot;苹果macOS Sierra体验：更高效、细节改进明显&quot; /&gt;
&lt;/p&gt;
&lt;p style=&quot;font-size:1pc;color:#272A30;font-family:\'Microsoft Yahei\';text-align:justify;background-color:#FFFFFF;&quot;&gt;
	&lt;img class=&quot;lazy&quot; src=&quot;http://img.ithome.com/newsuploadfiles/2016/6/20160623_060751_872.jpg&quot; alt=&quot;苹果macOS Sierra体验：更高效、细节改进明显&quot; /&gt;
&lt;/p&gt;
&lt;p style=&quot;font-size:1pc;color:#272A30;font-family:\'Microsoft Yahei\';text-align:justify;background-color:#FFFFFF;&quot;&gt;
	同时，基于Mac系统平台操作的多样性需求，你可以将通过Siri助手搜索到的图片等内容直接拖拽到邮件或者文稿中，当然也支持常规的拷贝粘帖文本操作。此外，你还可以将某些搜索结果固定到右侧的通知栏，这样就算你关闭了Siri依然可以正常在“通知中心”中查找。
&lt;/p&gt;
&lt;p style=&quot;font-size:1pc;color:#272A30;font-family:\'Microsoft Yahei\';text-align:justify;background-color:#FFFFFF;&quot;&gt;
	&lt;span style=&quot;font-weight:700;&quot;&gt;配合Apple Watch解锁更便携&lt;/span&gt;
&lt;/p&gt;
&lt;p style=&quot;font-size:1pc;color:#272A30;font-family:\'Microsoft Yahei\';text-align:justify;background-color:#FFFFFF;&quot;&gt;
	这是此次全新macOS Sierra最吸引眼球也是最实用的一个功能特性，当然前提是你得拥有一个Apple Watch。以往你在唤醒处于待机状态的Mac电脑时需要输入设置好的密码，而现在只要你佩戴了Apple Watch，当你靠近Mac电脑时打开屏幕即可自动登录，减去了手动密码的步骤，变得更加便携。
&lt;/p&gt;
&lt;p style=&quot;font-size:1pc;color:#272A30;font-family:\'Microsoft Yahei\';text-align:justify;background-color:#FFFFFF;&quot;&gt;
	据悉，用户所佩戴的Apple Watch能在3米范围内解锁Mac电脑。同时为了保证安全性，苹果这项自动解锁技术也使用了强大的加密技术，通过TOF网络在Apple Watch与Mac之间提供通信保障。
&lt;/p&gt;
&lt;p style=&quot;font-size:1pc;color:#272A30;font-family:\'Microsoft Yahei\';text-align:justify;background-color:#FFFFFF;&quot;&gt;
	&lt;img class=&quot;lazy&quot; src=&quot;http://img.ithome.com/newsuploadfiles/2016/6/20160623_060752_283.jpg&quot; alt=&quot;苹果macOS Sierra体验：更高效、细节改进明显&quot; /&gt;
&lt;/p&gt;
&lt;p style=&quot;font-size:1pc;color:#272A30;font-family:\'Microsoft Yahei\';text-align:justify;background-color:#FFFFFF;&quot;&gt;
	开启这项体验操作上也很简单，只需要使用同一个Apple ID在Apple Watch和Mac电脑上登录iCloud，并在“系统偏好设置”中打开“自动解锁”功能即可。
&lt;/p&gt;
&lt;p style=&quot;font-size:1pc;color:#272A30;font-family:\'Microsoft Yahei\';text-align:justify;background-color:#FFFFFF;&quot;&gt;
	&lt;span style=&quot;font-weight:700;&quot;&gt;快捷实用的云端剪贴板&lt;/span&gt;
&lt;/p&gt;
&lt;p style=&quot;font-size:1pc;color:#272A30;font-family:\'Microsoft Yahei\';text-align:justify;background-color:#FFFFFF;&quot;&gt;
	拷贝与粘帖是大家在使用Mac电脑时最为频繁的两项操作，但如何在跨平台之间实现呢，比如你在Mac电脑看到好的图片、文本以及视频内容想要拷贝到iPhone上，在以往这往往需要很复杂的步骤，可现在基于iCloud强大的云端技术，你可以直接通过拷贝和粘帖来完成。
&lt;/p&gt;
&lt;p style=&quot;font-size:1pc;color:#272A30;font-family:\'Microsoft Yahei\';text-align:justify;background-color:#FFFFFF;&quot;&gt;
	&lt;img class=&quot;lazy&quot; src=&quot;http://img.ithome.com/newsuploadfiles/2016/6/20160623_060752_651.jpg&quot; alt=&quot;苹果macOS Sierra体验：更高效、细节改进明显&quot; /&gt;
&lt;/p&gt;
&lt;p style=&quot;font-size:1pc;color:#272A30;font-family:\'Microsoft Yahei\';text-align:justify;background-color:#FFFFFF;&quot;&gt;
	同时，这种操作是在不同设备之间是互通的，你同样也可以将iPad或这iPhone上看到的图片粘帖到你的Mac文稿里，要实现这项操作也无需特别设置，只需要你的这些设备绑定同一个Apple ID，不过这项操作目前仅限在苹果自带的APP进行，并不对第三方的APP开放。同时，云端剪贴板也不是永久的，只可持续两分钟时间，也就是说你在完成拷贝动作后，需要在2分钟之内在另一台设备上进行粘帖操作。
&lt;/p&gt;
&lt;p style=&quot;font-size:1pc;color:#272A30;font-family:\'Microsoft Yahei\';text-align:justify;background-color:#FFFFFF;&quot;&gt;
	&lt;span style=&quot;font-weight:700;&quot;&gt;让网购更加方便的网页版Apple Pay&lt;/span&gt;
&lt;/p&gt;
&lt;p style=&quot;font-size:1pc;color:#272A30;font-family:\'Microsoft Yahei\';text-align:justify;background-color:#FFFFFF;&quot;&gt;
	自今年年初基于iPhone和Apple Watch的移动端支付--Apple Pay入华之后，国内很多用户都被这项快速便捷的移动支付服务所吸引。由于苹果跟国内各大银行以及中国银联进行了良好的合作，目前在绝大多数商户中都已经支持Apple Pay。
&lt;/p&gt;
&lt;p style=&quot;font-size:1pc;color:#272A30;font-family:\'Microsoft Yahei\';text-align:justify;background-color:#FFFFFF;&quot;&gt;
	现在苹果再接再厉在最新的macOS Sierra上推出了网页版的Apple Pay功能，有了这项功能自然是让那些需要在Mac电脑上进行网购的用户，在最后的支付操作上变得更加方便。在购物付款环节只需要选择Apple Pay付款，就可以在iPhone上通过触摸Touch ID或者轻按两下Apple Watch上的侧边按钮完成支付操作，无需再像以往一样还需要在页面上输入信用卡信息，当然前提是你的这些设备需要使用同一个Apple ID登录，并且iPhone或者Apple Watch已经开通并设置好Apple Pay。
&lt;/p&gt;
&lt;p style=&quot;font-size:1pc;color:#272A30;font-family:\'Microsoft Yahei\';text-align:justify;background-color:#FFFFFF;&quot;&gt;
	&lt;img class=&quot;lazy&quot; src=&quot;http://img.ithome.com/newsuploadfiles/2016/6/20160623_060753_116.jpg&quot; alt=&quot;苹果macOS Sierra体验：更高效、细节改进明显&quot; /&gt;
&lt;/p&gt;
&lt;p style=&quot;font-size:1pc;color:#272A30;font-family:\'Microsoft Yahei\';text-align:justify;background-color:#FFFFFF;&quot;&gt;
	安全性方面，除了近期的购物信息会保存在上iPhone上的Wallet中，网页版Apple Pay同样不会存储你的交易详情，而使用Apple Pay时，信用卡或者借记卡号码也不会存储在Mac电脑或者Apple服务器上，更不会共享给其他网站，而是分配一个独有的“设备账户号码”，存储在iPhone或者Apple Watch的专用安全芯片&amp;nbsp;Secure&amp;nbsp;Element中。
&lt;/p&gt;
&lt;p style=&quot;font-size:1pc;color:#272A30;font-family:\'Microsoft Yahei\';text-align:justify;background-color:#FFFFFF;&quot;&gt;
	不过需要注意的是，处于支付安全考虑，网页版Apple Pay仅支持苹果Mac电脑自带的Safari浏览器，并不向其他第三方浏览器开放。此外，由于macOS Sierra尚未正式发布，所以目前国内的各大主流电商购物平台也不并支持网页版Apple Pay，想体验的用户还需静待一段时间。
&lt;/p&gt;
&lt;p style=&quot;font-size:1pc;color:#272A30;font-family:\'Microsoft Yahei\';text-align:justify;background-color:#FFFFFF;&quot;&gt;
	&lt;span style=&quot;font-weight:700;&quot;&gt;更为简单的跨平台iCloud云端文件共享&lt;/span&gt;
&lt;/p&gt;
&lt;p style=&quot;font-size:1pc;color:#272A30;font-family:\'Microsoft Yahei\';text-align:justify;background-color:#FFFFFF;&quot;&gt;
	这次macOS Sierra还在文件共享体验方面进行了升级，此前通过iPhone或者iPad上的iCloud Drive APP共享Mac电脑存储在云端的文件，你首先需要将文件保存到iCloud Drive上，而现在所有“桌面”和“文稿”两个文件夹中的文件内容会默认自动上传存储到iCloud中，这样你在不同设备之间就可以通过对应的方式进行访问。
&lt;/p&gt;
&lt;p style=&quot;font-size:1pc;color:#272A30;font-family:\'Microsoft Yahei\';text-align:justify;background-color:#FFFFFF;&quot;&gt;
	&lt;img class=&quot;lazy&quot; src=&quot;http://img.ithome.com/newsuploadfiles/2016/6/20160623_060753_639.jpg&quot; alt=&quot;苹果macOS Sierra体验：更高效、细节改进明显&quot; /&gt;
&lt;/p&gt;
&lt;p style=&quot;font-size:1pc;color:#272A30;font-family:\'Microsoft Yahei\';text-align:justify;background-color:#FFFFFF;&quot;&gt;
	比如你可以直接在iPhone和iPad上通过iCloud Drive APP访问存储在Mac桌面和文稿中的所有文件，而当你在另一台Mac电脑上打开iCloud“桌面”和“文稿”时，你的“桌面”和“文稿”文件夹中会自动出现和第一台Mac相关的文件内容，而在更改之后，会在全部设备之间保持更新。
&lt;/p&gt;
&lt;p style=&quot;font-size:1pc;color:#272A30;font-family:\'Microsoft Yahei\';text-align:justify;background-color:#FFFFFF;&quot;&gt;
	有了这项服务无疑会让跨平台之间的文件共享变得更加便携简单，当然由于这种共享体验是基于iCloud云端进行，所以你得保证你的iCloud可用空间足够大。
&lt;/p&gt;
&lt;p style=&quot;font-size:1pc;color:#272A30;font-family:\'Microsoft Yahei\';text-align:justify;background-color:#FFFFFF;&quot;&gt;
	&lt;span style=&quot;font-weight:700;&quot;&gt;深度优化存储为Mac腾出空间&lt;/span&gt;
&lt;/p&gt;
&lt;p style=&quot;font-size:1pc;color:#272A30;font-family:\'Microsoft Yahei\';text-align:justify;background-color:#FFFFFF;&quot;&gt;
	为了给Mac电脑上有限的物理硬盘上腾出更多存储空间，全新的macOS Sierra还加入了深度优化存储功能。通过这项服务可以将你Mac电脑上很重要但很少使用的照片、视频、文件存储到云端，当你在需要时又可以随时下载这些内容。
&lt;/p&gt;
&lt;p style=&quot;font-size:1pc;color:#272A30;font-family:\'Microsoft Yahei\';text-align:justify;background-color:#FFFFFF;&quot;&gt;
	&lt;img class=&quot;lazy&quot; src=&quot;http://img.ithome.com/newsuploadfiles/2016/6/20160623_060754_94.jpg&quot; alt=&quot;苹果macOS Sierra体验：更高效、细节改进明显&quot; /&gt;
&lt;/p&gt;
&lt;p style=&quot;font-size:1pc;color:#272A30;font-family:\'Microsoft Yahei\';text-align:justify;background-color:#FFFFFF;&quot;&gt;
	另外在优化存储方面，macOS Sierra还会在自动管理存储方面还加入很多人性化的体验，比如会在左侧边栏显示比较占用空间的文件，以便你有选择性地将其删除；自动删除在废纸篓中超过30天的文件；自动清理可安全删除的缓存、旧日志、临时数据库文件、中断的下载、Safair网站数据等等。
&lt;/p&gt;
&lt;p style=&quot;font-size:1pc;color:#272A30;font-family:\'Microsoft Yahei\';text-align:justify;background-color:#FFFFFF;&quot;&gt;
	&lt;img class=&quot;lazy&quot; src=&quot;http://img.ithome.com/newsuploadfiles/2016/6/20160623_060754_433.jpg&quot; alt=&quot;苹果macOS Sierra体验：更高效、细节改进明显&quot; /&gt;
&lt;/p&gt;
&lt;p style=&quot;font-size:1pc;color:#272A30;font-family:\'Microsoft Yahei\';text-align:justify;background-color:#FFFFFF;&quot;&gt;
	&lt;span style=&quot;font-weight:700;&quot;&gt;标签页功能面向更多应用开放&lt;/span&gt;
&lt;/p&gt;
&lt;p style=&quot;font-size:1pc;color:#272A30;font-family:\'Microsoft Yahei\';text-align:justify;background-color:#FFFFFF;&quot;&gt;
	标签页功能在日常操作中的重要性不言而喻，尤其是在同一应用进行多任务操作时，不过在之前的macOS上只有Safari和Finder两项体验可以使用标签页，而全新macOS Sierra则将标签页功能开放给更多的系统自带应用，比如地图、邮件、TextEdit、Pages、Numbers和Keynote，甚至很多基于文稿的第三方APP也可以自动使用标签页功能。
&lt;/p&gt;
&lt;p style=&quot;font-size:1pc;color:#272A30;font-family:\'Microsoft Yahei\';text-align:justify;background-color:#FFFFFF;&quot;&gt;
	&lt;img class=&quot;lazy&quot; src=&quot;http://img.ithome.com/newsuploadfiles/2016/6/20160623_060754_778.jpg&quot; alt=&quot;苹果macOS Sierra体验：更高效、细节改进明显&quot; /&gt;
&lt;/p&gt;
&lt;p style=&quot;font-size:1pc;color:#272A30;font-family:\'Microsoft Yahei\';text-align:justify;background-color:#FFFFFF;&quot;&gt;
	&lt;img class=&quot;lazy&quot; src=&quot;http://img.ithome.com/newsuploadfiles/2016/6/20160623_060755_159.jpg&quot; alt=&quot;苹果macOS Sierra体验：更高效、细节改进明显&quot; /&gt;
&lt;/p&gt;
&lt;p style=&quot;font-size:1pc;color:#272A30;font-family:\'Microsoft Yahei\';text-align:justify;background-color:#FFFFFF;&quot;&gt;
	现在你可以在一个“地图”窗口中浏览打开个页面浏览多个位置，也可以在多个Pages文稿之间进行相关内容的全屏拷贝和粘帖操作。另外在标签页设置上，macOS Sierra也支持更多个性化的定制，你可以选择始终在标签页打开新窗口，或者只在全屏状态下才在标签页打开新窗口，或者在APP的“窗口”菜单中选择“合并所有窗口”来在窗口内手动打开新的标签页。
&lt;/p&gt;
&lt;p style=&quot;font-size:1pc;color:#272A30;font-family:\'Microsoft Yahei\';text-align:justify;background-color:#FFFFFF;&quot;&gt;
	&lt;img class=&quot;lazy&quot; src=&quot;http://img.ithome.com/newsuploadfiles/2016/6/20160623_060755_617.jpg&quot; alt=&quot;苹果macOS Sierra体验：更高效、细节改进明显&quot; /&gt;
&lt;/p&gt;
&lt;p style=&quot;font-size:1pc;color:#272A30;font-family:\'Microsoft Yahei\';text-align:justify;background-color:#FFFFFF;&quot;&gt;
	&lt;span style=&quot;font-weight:700;&quot;&gt;全新的视频画中画体验&lt;/span&gt;
&lt;/p&gt;
&lt;p style=&quot;font-size:1pc;color:#272A30;font-family:\'Microsoft Yahei\';text-align:justify;background-color:#FFFFFF;&quot;&gt;
	有了全新的画中画功能，你在Mac电脑上处理多任务时，就可以随时随地观看你喜欢的视频画面。开启这项功能之后，系统会在桌面上打开一个Safari或者iTunes悬浮视频窗口，视频窗口的大小可调整大小，也可以拖拽到屏幕的任何一个位置，即使你在进行快速切换APP、切换到另一桌面空间、全屏APP或分屏空间等操作时，你所观看的视频也会保持原样不动。
&lt;/p&gt;
&lt;p style=&quot;font-size:1pc;color:#272A30;font-family:\'Microsoft Yahei\';text-align:justify;background-color:#FFFFFF;&quot;&gt;
	&lt;img class=&quot;lazy&quot; src=&quot;http://img.ithome.com/newsuploadfiles/2016/6/20160623_060756_23.jpg&quot; alt=&quot;苹果macOS Sierra体验：更高效、细节改进明显&quot; /&gt;
&lt;/p&gt;
&lt;p style=&quot;font-size:1pc;color:#272A30;font-family:\'Microsoft Yahei\';text-align:justify;background-color:#FFFFFF;&quot;&gt;
	这项“画中画”体验适用于iTunes，也兼容Safari网页视频。虽然目前国内各大主流的在线视频网站并不支持这项体验，不过苹果已经提供了开发者API接口，相信随着macOS Sierra正式版的发布，届时会有更多国内视频网站会支持这项服务。
&lt;/p&gt;
&lt;p style=&quot;font-size:1pc;color:#272A30;font-family:\'Microsoft Yahei\';text-align:justify;background-color:#FFFFFF;&quot;&gt;
	&lt;span style=&quot;font-weight:700;&quot;&gt;常规应用体验的增强&lt;/span&gt;
&lt;/p&gt;
&lt;p style=&quot;font-size:1pc;color:#272A30;font-family:\'Microsoft Yahei\';text-align:justify;background-color:#FFFFFF;&quot;&gt;
	除了以上着重介绍的几项全新功能和体验之外，其实这次的macOS&amp;nbsp;Sierra还在照片、iTunes以及信息（iMessage）这些应用在体验上进行增强。
&lt;/p&gt;
&lt;p style=&quot;font-size:1pc;color:#272A30;font-family:\'Microsoft Yahei\';text-align:justify;background-color:#FFFFFF;&quot;&gt;
	照片应用上新增了“回忆”，可以将照片图库中那些美好或者被遗忘的时刻通过影集的形式一一呈现，“人物”则会根据照片中的人物自动整理你的图库，“地点”则会按照拍照地点在世界地图上予以显示；
&lt;/p&gt;
&lt;p style=&quot;font-size:1pc;color:#272A30;font-family:\'Microsoft Yahei\';text-align:justify;background-color:#FFFFFF;&quot;&gt;
	&lt;img class=&quot;lazy&quot; src=&quot;http://img.ithome.com/newsuploadfiles/2016/6/20160623_060756_484.jpg&quot; alt=&quot;苹果macOS Sierra体验：更高效、细节改进明显&quot; /&gt;
&lt;/p&gt;
&lt;p style=&quot;font-size:1pc;color:#272A30;font-family:\'Microsoft Yahei\';text-align:justify;background-color:#FFFFFF;&quot;&gt;
	&lt;img class=&quot;lazy&quot; src=&quot;http://img.ithome.com/newsuploadfiles/2016/6/20160623_060756_922.jpg&quot; alt=&quot;苹果macOS Sierra体验：更高效、细节改进明显&quot; /&gt;
&lt;/p&gt;
&lt;p style=&quot;font-size:1pc;color:#272A30;font-family:\'Microsoft Yahei\';text-align:justify;background-color:#FFFFFF;&quot;&gt;
	iTunes方面则是让Apple Music有了全新的设计，带来更加清晰和简洁的体验，采用新的设计让音乐成为主角，方便用户浏览和查找新的音乐；
&lt;/p&gt;
&lt;p style=&quot;font-size:1pc;color:#272A30;font-family:\'Microsoft Yahei\';text-align:justify;background-color:#FFFFFF;&quot;&gt;
	&lt;img class=&quot;lazy&quot; src=&quot;http://img.ithome.com/newsuploadfiles/2016/6/20160623_060757_349.jpg&quot; alt=&quot;苹果macOS Sierra体验：更高效、细节改进明显&quot; /&gt;
&lt;/p&gt;
&lt;p style=&quot;font-size:1pc;color:#272A30;font-family:\'Microsoft Yahei\';text-align:justify;background-color:#FFFFFF;&quot;&gt;
	信息则让对话变得更加有趣，当朋友发送带有链接的网页内容是，在对话框中可以预览以及观看视频，用户还可以通过快捷简便的Tapbak回复信息，同时信息中还可以显示更大的表情符号，而对方从他们iOS设备上发送的贴纸、Digital Touch、隐形墨水和手写消息等内容同样可以显示在Mac的信息对话框里面。
&lt;/p&gt;
&lt;p style=&quot;font-size:1pc;color:#272A30;font-family:\'Microsoft Yahei\';text-align:justify;background-color:#FFFFFF;&quot;&gt;
	&lt;img class=&quot;lazy&quot; src=&quot;http://img.ithome.com/newsuploadfiles/2016/6/20160623_060757_770.jpg&quot; alt=&quot;苹果macOS Sierra体验：更高效、细节改进明显&quot; /&gt;
&lt;/p&gt;
&lt;p style=&quot;font-size:1pc;color:#272A30;font-family:\'Microsoft Yahei\';text-align:justify;background-color:#FFFFFF;&quot;&gt;
	通过以上对全新macOS&amp;nbsp;Sierra开发者预览版的体验可以看出，苹果这次在保持macOS稳定、高效、安全等基础性能的同时，更加强调Mac系统平台与iPhone等iOS移动平台在体验上的深度融合。与此同时，这种增强与苹果其他设备的互动，又不会让Mac平台失去相对的独立性，这也正是许多Mac平台忠实粉丝以及开发者们所希望看到的结果。
&lt;/p&gt;
&lt;p style=&quot;font-size:1pc;color:#272A30;font-family:\'Microsoft Yahei\';text-align:justify;background-color:#FFFFFF;&quot;&gt;
	&lt;img class=&quot;lazy&quot; src=&quot;http://img.ithome.com/newsuploadfiles/2016/6/20160623_060758_179.jpg&quot; alt=&quot;苹果macOS Sierra体验：更高效、细节改进明显&quot; /&gt;
&lt;/p&gt;
&lt;p style=&quot;font-size:1pc;color:#272A30;font-family:\'Microsoft Yahei\';text-align:justify;background-color:#FFFFFF;&quot;&gt;
	不过由于目前开放体验的macOS&amp;nbsp;Sierra只是开发者预览版，很多新的特性我们暂时无法体验到，比如配合Apple Watch的自动解锁、云端剪贴板、网页版Apple Pay等。相信随着后续公测版以及正式版的发布之后，会让更多的用户感受到macOS&amp;nbsp;Sierra的蜕变，我们也将会第一时间为大家带来有关macOS&amp;nbsp;Sierra更细致的体验评测。
&lt;/p&gt;
&lt;p style=&quot;font-size:1pc;color:#272A30;font-family:\'Microsoft Yahei\';text-align:justify;background-color:#FFFFFF;&quot;&gt;
	PS：公测版的macOS&amp;nbsp;Sierra将于7月份发布，而正式版的macOS Sierra将与iOS 10一起在今年9月份正式推出。
&lt;/p&gt;' WHERE ( news_id = 10 ) [ RunTime:0.0029s ]

[ 2016-06-24T09:51:49+08:00 ] ::1 /R-CMS/admin.php?c=content
INFO: [ app_init ] --START--
INFO: Run Behavior\BuildLiteBehavior [ RunTime:0.000048s ]
INFO: [ app_init ] --END-- [ RunTime:0.001424s ]
INFO: [ app_begin ] --START--
INFO: Run Behavior\ReadHtmlCacheBehavior [ RunTime:0.001206s ]
INFO: [ app_begin ] --END-- [ RunTime:0.001360s ]
NOTIC: [8] Undefined index: title D:\phpStudy\WWW\R-CMS\R-CMS\Admin\Controller\ContentController.class.php 第 13 行.
NOTIC: [8] Undefined index: catid D:\phpStudy\WWW\R-CMS\R-CMS\Admin\Controller\ContentController.class.php 第 17 行.
NOTIC: [8] Undefined index: p D:\phpStudy\WWW\R-CMS\R-CMS\Admin\Controller\ContentController.class.php 第 20 行.
NOTIC: [2048] Declaration of Common\Model\NewsModel::find() should be compatible with that of Think\Model::find() D:\phpStudy\WWW\R-CMS\R-CMS\Common\Model\NewsModel.class.php 第 9 行.
SQL: SHOW COLUMNS FROM `cms_news` [ RunTime:0.0113s ]
NOTIC: [8] Undefined index: title D:\phpStudy\WWW\R-CMS\R-CMS\Common\Model\NewsModel.class.php 第 27 行.
NOTIC: [8] Undefined index: catid D:\phpStudy\WWW\R-CMS\R-CMS\Common\Model\NewsModel.class.php 第 30 行.
SQL: SELECT * FROM `cms_news` WHERE `status` <> -1 ORDER BY listorder,news_id LIMIT 0,2   [ RunTime:0.0008s ]
NOTIC: [8] Undefined index: title D:\phpStudy\WWW\R-CMS\R-CMS\Common\Model\NewsModel.class.php 第 40 行.
NOTIC: [8] Undefined index: catid D:\phpStudy\WWW\R-CMS\R-CMS\Common\Model\NewsModel.class.php 第 43 行.
SQL: SELECT COUNT(*) AS tp_count FROM `cms_news` WHERE `status` <> -1 LIMIT 1   [ RunTime:0.0007s ]
NOTIC: [2048] Declaration of Common\Model\MenuModel::find() should be compatible with that of Think\Model::find() D:\phpStudy\WWW\R-CMS\R-CMS\Common\Model\MenuModel.class.php 第 87 行.
SQL: SHOW COLUMNS FROM `cms_menu` [ RunTime:0.0131s ]
SQL: SELECT * FROM `cms_menu` WHERE `status` <> -1 AND `type` = 0 ORDER BY listorder,menu_id  [ RunTime:0.0021s ]
INFO: [ view_parse ] --START--
INFO: [ template_filter ] --START--
INFO: Run Behavior\ContentReplaceBehavior [ RunTime:0.000163s ]
INFO: [ template_filter ] --END-- [ RunTime:0.000313s ]
SQL: SELECT * FROM `cms_menu` WHERE `status` <> -1 AND `type` = 1 ORDER BY listorder ,menu_id  [ RunTime:0.0008s ]
NOTIC: [8] Undefined variable: user D:\phpStudy\WWW\R-CMS\R-CMS\Runtime\Cache\Admin\c20c847fb46d64d33e0be7dbd1a896e1.php 第 58 行.
NOTIC: [8] Undefined index: catid D:\phpStudy\WWW\R-CMS\R-CMS\Runtime\Cache\Admin\c20c847fb46d64d33e0be7dbd1a896e1.php 第 113 行.
NOTIC: [8] Undefined index: catid D:\phpStudy\WWW\R-CMS\R-CMS\Runtime\Cache\Admin\c20c847fb46d64d33e0be7dbd1a896e1.php 第 113 行.
NOTIC: [8] Undefined index: catid D:\phpStudy\WWW\R-CMS\R-CMS\Runtime\Cache\Admin\c20c847fb46d64d33e0be7dbd1a896e1.php 第 113 行.
NOTIC: [8] Undefined index: catid D:\phpStudy\WWW\R-CMS\R-CMS\Runtime\Cache\Admin\c20c847fb46d64d33e0be7dbd1a896e1.php 第 113 行.
NOTIC: [8] Undefined index: title D:\phpStudy\WWW\R-CMS\R-CMS\Runtime\Cache\Admin\c20c847fb46d64d33e0be7dbd1a896e1.php 第 121 行.
INFO: Run Behavior\ParseTemplateBehavior [ RunTime:0.032879s ]
INFO: [ view_parse ] --END-- [ RunTime:0.033037s ]
INFO: [ view_filter ] --START--
INFO: Run Behavior\WriteHtmlCacheBehavior [ RunTime:0.001042s ]
INFO: [ view_filter ] --END-- [ RunTime:0.001171s ]
INFO: [ app_end ] --START--
INFO: Run Behavior\ShowPageTraceBehavior [ RunTime:0.001534s ]
INFO: [ app_end ] --END-- [ RunTime:0.001685s ]

[ 2016-06-24T09:51:52+08:00 ] ::1 /R-CMS/admin.php?c=content&a=edit&id=10
INFO: [ app_init ] --START--
INFO: Run Behavior\BuildLiteBehavior [ RunTime:0.000029s ]
INFO: [ app_init ] --END-- [ RunTime:0.000757s ]
INFO: [ app_begin ] --START--
INFO: Run Behavior\ReadHtmlCacheBehavior [ RunTime:0.000934s ]
INFO: [ app_begin ] --END-- [ RunTime:0.001243s ]
NOTIC: [2048] Declaration of Common\Model\NewsModel::find() should be compatible with that of Think\Model::find() D:\phpStudy\WWW\R-CMS\R-CMS\Common\Model\NewsModel.class.php 第 9 行.
SQL: SHOW COLUMNS FROM `cms_news` [ RunTime:0.0097s ]
SQL: SELECT * FROM `cms_news` WHERE `news_id` = 10 LIMIT 1   [ RunTime:0.0007s ]
NOTIC: [2048] Declaration of Common\Model\NewsContentModel::find() should be compatible with that of Think\Model::find() D:\phpStudy\WWW\R-CMS\R-CMS\Common\Model\NewsContentModel.class.php 第 45 行.
SQL: SHOW COLUMNS FROM `cms_news_content` [ RunTime:0.0085s ]
SQL: SELECT * FROM `cms_news_content` WHERE `news_id` = 10 LIMIT 1   [ RunTime:0.0009s ]
NOTIC: [2048] Declaration of Common\Model\MenuModel::find() should be compatible with that of Think\Model::find() D:\phpStudy\WWW\R-CMS\R-CMS\Common\Model\MenuModel.class.php 第 87 行.
SQL: SHOW COLUMNS FROM `cms_menu` [ RunTime:0.0094s ]
SQL: SELECT * FROM `cms_menu` WHERE `status` <> -1 AND `type` = 0 ORDER BY listorder,menu_id  [ RunTime:0.0006s ]
INFO: [ view_parse ] --START--
INFO: [ template_filter ] --START--
INFO: Run Behavior\ContentReplaceBehavior [ RunTime:0.000122s ]
INFO: [ template_filter ] --END-- [ RunTime:0.000238s ]
SQL: SELECT * FROM `cms_menu` WHERE `status` <> -1 AND `type` = 1 ORDER BY listorder ,menu_id  [ RunTime:0.0010s ]
NOTIC: [8] Undefined variable: user D:\phpStudy\WWW\R-CMS\R-CMS\Runtime\Cache\Admin\7cac1fa1e07c63a84bcd476b1ecd85e6.php 第 58 行.
INFO: Run Behavior\ParseTemplateBehavior [ RunTime:0.035698s ]
INFO: [ view_parse ] --END-- [ RunTime:0.035806s ]
INFO: [ view_filter ] --START--
INFO: Run Behavior\WriteHtmlCacheBehavior [ RunTime:0.000830s ]
INFO: [ view_filter ] --END-- [ RunTime:0.000947s ]
INFO: [ app_end ] --START--
INFO: Run Behavior\ShowPageTraceBehavior [ RunTime:0.001374s ]
INFO: [ app_end ] --END-- [ RunTime:0.001523s ]

[ 2016-06-24T09:52:00+08:00 ] ::1 /R-CMS/admin.php?c=image&a=ajaxuploadimage
INFO: [ app_init ] --START--
INFO: Run Behavior\BuildLiteBehavior [ RunTime:0.000048s ]
INFO: [ app_init ] --END-- [ RunTime:0.000901s ]
INFO: [ app_begin ] --START--
INFO: Run Behavior\ReadHtmlCacheBehavior [ RunTime:0.001039s ]
INFO: [ app_begin ] --END-- [ RunTime:0.001210s ]
NOTIC: [8] Use of undefined constant Y - assumed 'Y' D:\phpStudy\WWW\R-CMS\R-CMS\Common\Model\UploadImageModel.class.php 第 19 行.
NOTIC: [8] Use of undefined constant m - assumed 'm' D:\phpStudy\WWW\R-CMS\R-CMS\Common\Model\UploadImageModel.class.php 第 19 行.
NOTIC: [8] Use of undefined constant d - assumed 'd' D:\phpStudy\WWW\R-CMS\R-CMS\Common\Model\UploadImageModel.class.php 第 19 行.
NOTIC: [2] call_user_func() expects parameter 1 to be a valid callback, no array or string given D:\phpStudy\WWW\R-CMS\ThinkPHP\Library\Think\Upload.class.php 第 170 行.

[ 2016-06-24T09:52:03+08:00 ] ::1 /R-CMS/admin.php?c=content&a=add
INFO: [ app_init ] --START--
INFO: Run Behavior\BuildLiteBehavior [ RunTime:0.000043s ]
INFO: [ app_init ] --END-- [ RunTime:0.001659s ]
INFO: [ app_begin ] --START--
INFO: Run Behavior\ReadHtmlCacheBehavior [ RunTime:0.003574s ]
INFO: [ app_begin ] --END-- [ RunTime:0.003746s ]
NOTIC: [2048] Declaration of Common\Model\NewsModel::find() should be compatible with that of Think\Model::find() D:\phpStudy\WWW\R-CMS\R-CMS\Common\Model\NewsModel.class.php 第 9 行.
SQL: SHOW COLUMNS FROM `cms_news` [ RunTime:0.0124s ]
NOTIC: [8] Use of undefined constant data - assumed 'data' D:\phpStudy\WWW\R-CMS\R-CMS\Common\Model\NewsModel.class.php 第 59 行.
SQL: UPDATE `cms_news` SET `title`='苹果macOS Sierra体验',`small_title`='苹果macOS Sierra体验：更高效、细节改进明显',`thumb`='/R-CMS/upload/2016/06/24/576c923fe3169.jpg',`title_font_color`='#ed568b',`catid`='8',`copyfrom`='3',`description`='mac',`keywords`='mac 苹果 apple' WHERE ( news_id = 10 ) [ RunTime:0.0009s ]
NOTIC: [2048] Declaration of Common\Model\NewsContentModel::find() should be compatible with that of Think\Model::find() D:\phpStudy\WWW\R-CMS\R-CMS\Common\Model\NewsContentModel.class.php 第 45 行.
SQL: SHOW COLUMNS FROM `cms_news_content` [ RunTime:0.0108s ]
NOTIC: [8] Use of undefined constant data - assumed 'data' D:\phpStudy\WWW\R-CMS\R-CMS\Common\Model\NewsContentModel.class.php 第 36 行.
SQL: UPDATE `cms_news_content` SET `content`='&lt;p style=&quot;font-size:1pc;color:#272A30;font-family:\'Microsoft Yahei\';text-align:justify;background-color:#FFFFFF;&quot;&gt;
	在北京时间6月14日凌晨举行的WWDC2016苹果全球开发者大会上，苹果虽然没有发布任何硬件新品，但横跨四大产品系列的全新OS的亮相依然足够振奋人心。而这其中除了最受关注的&lt;a class=&quot;s_tag&quot; href=&quot;http://ios.ithome.com/&quot; target=&quot;_blank&quot;&gt;iOS10&lt;/a&gt;之外，这次苹果针对MAC系列电脑的全新macOS的发布也是看点颇多。小编将手上这台MacBook Pro在升级到最新的开发者预览版之后，经过几天体验之后，给大家带来这篇初步的上手体验报告。
&lt;/p&gt;
&lt;p style=&quot;font-size:1pc;color:#272A30;font-family:\'Microsoft Yahei\';text-align:justify;background-color:#FFFFFF;&quot;&gt;
	&lt;img src=&quot;http://img.ithome.com/newsuploadfiles/2016/6/20160623_060749_289.jpg&quot; alt=&quot;苹果macOS Sierra体验：更高效、细节改进明显&quot; /&gt;
&lt;/p&gt;
&lt;p style=&quot;font-size:1pc;color:#272A30;font-family:\'Microsoft Yahei\';text-align:justify;background-color:#FFFFFF;&quot;&gt;
	虽然在整体界面、图标设计以及操作上并没有太大的改变，但全新的macOS Sierra还是加入了不少便捷又实用的新功能，在体验细节上的改进也让我们看到苹果的专注。
&lt;/p&gt;
&lt;p style=&quot;font-size:1pc;color:#272A30;font-family:\'Microsoft Yahei\';text-align:justify;background-color:#FFFFFF;&quot;&gt;
	在步入正题之前，还是需要再跟大家强调一下，并非所有的Mac系列电脑都能升级到最新版的macOS，每次苹果新版本系统的发布也意味着有一批老旧的Mac设备将无法支持升级，而根据苹果官方公布的资料显示，只有以下这些Mac机型能够兼容最新的macOS Sierra：
&lt;/p&gt;
&lt;p style=&quot;font-size:1pc;color:#272A30;font-family:\'Microsoft Yahei\';text-align:justify;background-color:#FFFFFF;&quot;&gt;
	*MacBook（2009年后期及以后的机型）
&lt;/p&gt;
&lt;p style=&quot;font-size:1pc;color:#272A30;font-family:\'Microsoft Yahei\';text-align:justify;background-color:#FFFFFF;&quot;&gt;
	*iMac（2009年后期及以后的机型）
&lt;/p&gt;
&lt;p style=&quot;font-size:1pc;color:#272A30;font-family:\'Microsoft Yahei\';text-align:justify;background-color:#FFFFFF;&quot;&gt;
	*MacBook Air（2010年后期及以后的机型）
&lt;/p&gt;
&lt;p style=&quot;font-size:1pc;color:#272A30;font-family:\'Microsoft Yahei\';text-align:justify;background-color:#FFFFFF;&quot;&gt;
	*MacBook Pro（2010年后期及以后的机型）
&lt;/p&gt;
&lt;p style=&quot;font-size:1pc;color:#272A30;font-family:\'Microsoft Yahei\';text-align:justify;background-color:#FFFFFF;&quot;&gt;
	*Mac mini（2010年后期及以后的机型）
&lt;/p&gt;
&lt;p style=&quot;font-size:1pc;color:#272A30;font-family:\'Microsoft Yahei\';text-align:justify;background-color:#FFFFFF;&quot;&gt;
	*Mac Pro（2010年后期及以后的机型）
&lt;/p&gt;
&lt;p style=&quot;font-size:1pc;color:#272A30;font-family:\'Microsoft Yahei\';text-align:justify;background-color:#FFFFFF;&quot;&gt;
	&lt;img class=&quot;lazy&quot; src=&quot;http://img.ithome.com/newsuploadfiles/2016/6/20160623_060749_697.jpg&quot; alt=&quot;苹果macOS Sierra体验：更高效、细节改进明显&quot; /&gt;
&lt;/p&gt;
&lt;p style=&quot;font-size:1pc;color:#272A30;font-family:\'Microsoft Yahei\';text-align:justify;background-color:#FFFFFF;&quot;&gt;
	&lt;span style=&quot;font-weight:700;&quot;&gt;名称上的改变寓意着更加深度的融合&lt;/span&gt;
&lt;/p&gt;
&lt;p style=&quot;font-size:1pc;color:#272A30;font-family:\'Microsoft Yahei\';text-align:justify;background-color:#FFFFFF;&quot;&gt;
	这次在开幕主题演讲上，关于桌面OS有一个很小的细节可能大家并没在意，那就是苹果终于将沿用了长达15年之久的OS X操作系统正式更名为macOS（最新版系统名称为Sierra）。其实这次系统名称上的改变也在清理之中，不仅可以更好地与watchOS、iOS以及tvOS在名称上保持统一协调性，还能进一步强调苹果MAC电脑的产品属性。
&lt;/p&gt;
&lt;p style=&quot;font-size:1pc;color:#272A30;font-family:\'Microsoft Yahei\';text-align:justify;background-color:#FFFFFF;&quot;&gt;
	&lt;img class=&quot;lazy&quot; src=&quot;http://img.ithome.com/newsuploadfiles/2016/6/20160623_060750_144.jpg&quot; alt=&quot;苹果macOS Sierra体验：更高效、细节改进明显&quot; /&gt;
&lt;/p&gt;
&lt;p style=&quot;font-size:1pc;color:#272A30;font-family:\'Microsoft Yahei\';text-align:justify;background-color:#FFFFFF;&quot;&gt;
	当然，苹果通过这次系统名称上的改变还想向外界传达一个全新的讯息：全新的macOS将会在体验方面强调与移动平台watchOS以及iOS的深度融合，从而进一步提升用户对苹果系列产品的使用粘性，培养用户的忠诚度，而这种改变也着重体现在此次macOS上重点强调的几个全新特性上。
&lt;/p&gt;
&lt;p style=&quot;font-size:1pc;color:#272A30;font-family:\'Microsoft Yahei\';text-align:justify;background-color:#FFFFFF;&quot;&gt;
	&lt;span style=&quot;font-weight:700;&quot;&gt;更智能更强大的Siri语音助手&lt;/span&gt;
&lt;/p&gt;
&lt;p style=&quot;font-size:1pc;color:#272A30;font-family:\'Microsoft Yahei\';text-align:justify;background-color:#FFFFFF;&quot;&gt;
	在此前的macOS版本中，苹果已经增加了不少基于iPhone的体验支持，比如用Mac电脑可以打iPhone的电话，接收和发布iPhone的短信。现在苹果更进一步，在这次的macOS Sierra在Mac电脑上集成功能更为强大的Siri语音助手。对于Siri语音助手，想必在使用iPhone的用户并不陌生，但这次苹果有针对性地在Mac上的体验进行了优化改善。
&lt;/p&gt;
&lt;p style=&quot;font-size:1pc;color:#272A30;font-family:\'Microsoft Yahei\';text-align:justify;background-color:#FFFFFF;&quot;&gt;
	&lt;img class=&quot;lazy&quot; src=&quot;http://img.ithome.com/newsuploadfiles/2016/6/20160623_060750_569.jpg&quot; alt=&quot;苹果macOS Sierra体验：更高效、细节改进明显&quot; /&gt;
&lt;/p&gt;
&lt;p style=&quot;font-size:1pc;color:#272A30;font-family:\'Microsoft Yahei\';text-align:justify;background-color:#FFFFFF;&quot;&gt;
	&lt;img class=&quot;lazy&quot; src=&quot;http://img.ithome.com/newsuploadfiles/2016/6/20160623_060751_44.jpg&quot; alt=&quot;苹果macOS Sierra体验：更高效、细节改进明显&quot; /&gt;
&lt;/p&gt;
&lt;p style=&quot;font-size:1pc;color:#272A30;font-family:\'Microsoft Yahei\';text-align:justify;background-color:#FFFFFF;&quot;&gt;
	现在你不仅可以像在iOS设备上那样查询天气、发送短信、拨打电话、启动应用等操作，Mac上的Siri语音助手还可以支持复杂的系统内文件搜索查找功能，可以说将Mac电脑上体验很出色的Finder搜索功能进行了深度融合，让文件搜索变得更加快捷高效。
&lt;/p&gt;
&lt;p style=&quot;font-size:1pc;color:#272A30;font-family:\'Microsoft Yahei\';text-align:justify;background-color:#FFFFFF;&quot;&gt;
	&lt;img class=&quot;lazy&quot; src=&quot;http://img.ithome.com/newsuploadfiles/2016/6/20160623_060751_400.jpg&quot; alt=&quot;苹果macOS Sierra体验：更高效、细节改进明显&quot; /&gt;
&lt;/p&gt;
&lt;p style=&quot;font-size:1pc;color:#272A30;font-family:\'Microsoft Yahei\';text-align:justify;background-color:#FFFFFF;&quot;&gt;
	&lt;img class=&quot;lazy&quot; src=&quot;http://img.ithome.com/newsuploadfiles/2016/6/20160623_060751_872.jpg&quot; alt=&quot;苹果macOS Sierra体验：更高效、细节改进明显&quot; /&gt;
&lt;/p&gt;
&lt;p style=&quot;font-size:1pc;color:#272A30;font-family:\'Microsoft Yahei\';text-align:justify;background-color:#FFFFFF;&quot;&gt;
	同时，基于Mac系统平台操作的多样性需求，你可以将通过Siri助手搜索到的图片等内容直接拖拽到邮件或者文稿中，当然也支持常规的拷贝粘帖文本操作。此外，你还可以将某些搜索结果固定到右侧的通知栏，这样就算你关闭了Siri依然可以正常在“通知中心”中查找。
&lt;/p&gt;
&lt;p style=&quot;font-size:1pc;color:#272A30;font-family:\'Microsoft Yahei\';text-align:justify;background-color:#FFFFFF;&quot;&gt;
	&lt;span style=&quot;font-weight:700;&quot;&gt;配合Apple Watch解锁更便携&lt;/span&gt;
&lt;/p&gt;
&lt;p style=&quot;font-size:1pc;color:#272A30;font-family:\'Microsoft Yahei\';text-align:justify;background-color:#FFFFFF;&quot;&gt;
	这是此次全新macOS Sierra最吸引眼球也是最实用的一个功能特性，当然前提是你得拥有一个Apple Watch。以往你在唤醒处于待机状态的Mac电脑时需要输入设置好的密码，而现在只要你佩戴了Apple Watch，当你靠近Mac电脑时打开屏幕即可自动登录，减去了手动密码的步骤，变得更加便携。
&lt;/p&gt;
&lt;p style=&quot;font-size:1pc;color:#272A30;font-family:\'Microsoft Yahei\';text-align:justify;background-color:#FFFFFF;&quot;&gt;
	据悉，用户所佩戴的Apple Watch能在3米范围内解锁Mac电脑。同时为了保证安全性，苹果这项自动解锁技术也使用了强大的加密技术，通过TOF网络在Apple Watch与Mac之间提供通信保障。
&lt;/p&gt;
&lt;p style=&quot;font-size:1pc;color:#272A30;font-family:\'Microsoft Yahei\';text-align:justify;background-color:#FFFFFF;&quot;&gt;
	&lt;img class=&quot;lazy&quot; src=&quot;http://img.ithome.com/newsuploadfiles/2016/6/20160623_060752_283.jpg&quot; alt=&quot;苹果macOS Sierra体验：更高效、细节改进明显&quot; /&gt;
&lt;/p&gt;
&lt;p style=&quot;font-size:1pc;color:#272A30;font-family:\'Microsoft Yahei\';text-align:justify;background-color:#FFFFFF;&quot;&gt;
	开启这项体验操作上也很简单，只需要使用同一个Apple ID在Apple Watch和Mac电脑上登录iCloud，并在“系统偏好设置”中打开“自动解锁”功能即可。
&lt;/p&gt;
&lt;p style=&quot;font-size:1pc;color:#272A30;font-family:\'Microsoft Yahei\';text-align:justify;background-color:#FFFFFF;&quot;&gt;
	&lt;span style=&quot;font-weight:700;&quot;&gt;快捷实用的云端剪贴板&lt;/span&gt;
&lt;/p&gt;
&lt;p style=&quot;font-size:1pc;color:#272A30;font-family:\'Microsoft Yahei\';text-align:justify;background-color:#FFFFFF;&quot;&gt;
	拷贝与粘帖是大家在使用Mac电脑时最为频繁的两项操作，但如何在跨平台之间实现呢，比如你在Mac电脑看到好的图片、文本以及视频内容想要拷贝到iPhone上，在以往这往往需要很复杂的步骤，可现在基于iCloud强大的云端技术，你可以直接通过拷贝和粘帖来完成。
&lt;/p&gt;
&lt;p style=&quot;font-size:1pc;color:#272A30;font-family:\'Microsoft Yahei\';text-align:justify;background-color:#FFFFFF;&quot;&gt;
	&lt;img class=&quot;lazy&quot; src=&quot;http://img.ithome.com/newsuploadfiles/2016/6/20160623_060752_651.jpg&quot; alt=&quot;苹果macOS Sierra体验：更高效、细节改进明显&quot; /&gt;
&lt;/p&gt;
&lt;p style=&quot;font-size:1pc;color:#272A30;font-family:\'Microsoft Yahei\';text-align:justify;background-color:#FFFFFF;&quot;&gt;
	同时，这种操作是在不同设备之间是互通的，你同样也可以将iPad或这iPhone上看到的图片粘帖到你的Mac文稿里，要实现这项操作也无需特别设置，只需要你的这些设备绑定同一个Apple ID，不过这项操作目前仅限在苹果自带的APP进行，并不对第三方的APP开放。同时，云端剪贴板也不是永久的，只可持续两分钟时间，也就是说你在完成拷贝动作后，需要在2分钟之内在另一台设备上进行粘帖操作。
&lt;/p&gt;
&lt;p style=&quot;font-size:1pc;color:#272A30;font-family:\'Microsoft Yahei\';text-align:justify;background-color:#FFFFFF;&quot;&gt;
	&lt;span style=&quot;font-weight:700;&quot;&gt;让网购更加方便的网页版Apple Pay&lt;/span&gt;
&lt;/p&gt;
&lt;p style=&quot;font-size:1pc;color:#272A30;font-family:\'Microsoft Yahei\';text-align:justify;background-color:#FFFFFF;&quot;&gt;
	自今年年初基于iPhone和Apple Watch的移动端支付--Apple Pay入华之后，国内很多用户都被这项快速便捷的移动支付服务所吸引。由于苹果跟国内各大银行以及中国银联进行了良好的合作，目前在绝大多数商户中都已经支持Apple Pay。
&lt;/p&gt;
&lt;p style=&quot;font-size:1pc;color:#272A30;font-family:\'Microsoft Yahei\';text-align:justify;background-color:#FFFFFF;&quot;&gt;
	现在苹果再接再厉在最新的macOS Sierra上推出了网页版的Apple Pay功能，有了这项功能自然是让那些需要在Mac电脑上进行网购的用户，在最后的支付操作上变得更加方便。在购物付款环节只需要选择Apple Pay付款，就可以在iPhone上通过触摸Touch ID或者轻按两下Apple Watch上的侧边按钮完成支付操作，无需再像以往一样还需要在页面上输入信用卡信息，当然前提是你的这些设备需要使用同一个Apple ID登录，并且iPhone或者Apple Watch已经开通并设置好Apple Pay。
&lt;/p&gt;
&lt;p style=&quot;font-size:1pc;color:#272A30;font-family:\'Microsoft Yahei\';text-align:justify;background-color:#FFFFFF;&quot;&gt;
	&lt;img class=&quot;lazy&quot; src=&quot;http://img.ithome.com/newsuploadfiles/2016/6/20160623_060753_116.jpg&quot; alt=&quot;苹果macOS Sierra体验：更高效、细节改进明显&quot; /&gt;
&lt;/p&gt;
&lt;p style=&quot;font-size:1pc;color:#272A30;font-family:\'Microsoft Yahei\';text-align:justify;background-color:#FFFFFF;&quot;&gt;
	安全性方面，除了近期的购物信息会保存在上iPhone上的Wallet中，网页版Apple Pay同样不会存储你的交易详情，而使用Apple Pay时，信用卡或者借记卡号码也不会存储在Mac电脑或者Apple服务器上，更不会共享给其他网站，而是分配一个独有的“设备账户号码”，存储在iPhone或者Apple Watch的专用安全芯片&amp;nbsp;Secure&amp;nbsp;Element中。
&lt;/p&gt;
&lt;p style=&quot;font-size:1pc;color:#272A30;font-family:\'Microsoft Yahei\';text-align:justify;background-color:#FFFFFF;&quot;&gt;
	不过需要注意的是，处于支付安全考虑，网页版Apple Pay仅支持苹果Mac电脑自带的Safari浏览器，并不向其他第三方浏览器开放。此外，由于macOS Sierra尚未正式发布，所以目前国内的各大主流电商购物平台也不并支持网页版Apple Pay，想体验的用户还需静待一段时间。
&lt;/p&gt;
&lt;p style=&quot;font-size:1pc;color:#272A30;font-family:\'Microsoft Yahei\';text-align:justify;background-color:#FFFFFF;&quot;&gt;
	&lt;span style=&quot;font-weight:700;&quot;&gt;更为简单的跨平台iCloud云端文件共享&lt;/span&gt;
&lt;/p&gt;
&lt;p style=&quot;font-size:1pc;color:#272A30;font-family:\'Microsoft Yahei\';text-align:justify;background-color:#FFFFFF;&quot;&gt;
	这次macOS Sierra还在文件共享体验方面进行了升级，此前通过iPhone或者iPad上的iCloud Drive APP共享Mac电脑存储在云端的文件，你首先需要将文件保存到iCloud Drive上，而现在所有“桌面”和“文稿”两个文件夹中的文件内容会默认自动上传存储到iCloud中，这样你在不同设备之间就可以通过对应的方式进行访问。
&lt;/p&gt;
&lt;p style=&quot;font-size:1pc;color:#272A30;font-family:\'Microsoft Yahei\';text-align:justify;background-color:#FFFFFF;&quot;&gt;
	&lt;img class=&quot;lazy&quot; src=&quot;http://img.ithome.com/newsuploadfiles/2016/6/20160623_060753_639.jpg&quot; alt=&quot;苹果macOS Sierra体验：更高效、细节改进明显&quot; /&gt;
&lt;/p&gt;
&lt;p style=&quot;font-size:1pc;color:#272A30;font-family:\'Microsoft Yahei\';text-align:justify;background-color:#FFFFFF;&quot;&gt;
	比如你可以直接在iPhone和iPad上通过iCloud Drive APP访问存储在Mac桌面和文稿中的所有文件，而当你在另一台Mac电脑上打开iCloud“桌面”和“文稿”时，你的“桌面”和“文稿”文件夹中会自动出现和第一台Mac相关的文件内容，而在更改之后，会在全部设备之间保持更新。
&lt;/p&gt;
&lt;p style=&quot;font-size:1pc;color:#272A30;font-family:\'Microsoft Yahei\';text-align:justify;background-color:#FFFFFF;&quot;&gt;
	有了这项服务无疑会让跨平台之间的文件共享变得更加便携简单，当然由于这种共享体验是基于iCloud云端进行，所以你得保证你的iCloud可用空间足够大。
&lt;/p&gt;
&lt;p style=&quot;font-size:1pc;color:#272A30;font-family:\'Microsoft Yahei\';text-align:justify;background-color:#FFFFFF;&quot;&gt;
	&lt;span style=&quot;font-weight:700;&quot;&gt;深度优化存储为Mac腾出空间&lt;/span&gt;
&lt;/p&gt;
&lt;p style=&quot;font-size:1pc;color:#272A30;font-family:\'Microsoft Yahei\';text-align:justify;background-color:#FFFFFF;&quot;&gt;
	为了给Mac电脑上有限的物理硬盘上腾出更多存储空间，全新的macOS Sierra还加入了深度优化存储功能。通过这项服务可以将你Mac电脑上很重要但很少使用的照片、视频、文件存储到云端，当你在需要时又可以随时下载这些内容。
&lt;/p&gt;
&lt;p style=&quot;font-size:1pc;color:#272A30;font-family:\'Microsoft Yahei\';text-align:justify;background-color:#FFFFFF;&quot;&gt;
	&lt;img class=&quot;lazy&quot; src=&quot;http://img.ithome.com/newsuploadfiles/2016/6/20160623_060754_94.jpg&quot; alt=&quot;苹果macOS Sierra体验：更高效、细节改进明显&quot; /&gt;
&lt;/p&gt;
&lt;p style=&quot;font-size:1pc;color:#272A30;font-family:\'Microsoft Yahei\';text-align:justify;background-color:#FFFFFF;&quot;&gt;
	另外在优化存储方面，macOS Sierra还会在自动管理存储方面还加入很多人性化的体验，比如会在左侧边栏显示比较占用空间的文件，以便你有选择性地将其删除；自动删除在废纸篓中超过30天的文件；自动清理可安全删除的缓存、旧日志、临时数据库文件、中断的下载、Safair网站数据等等。
&lt;/p&gt;
&lt;p style=&quot;font-size:1pc;color:#272A30;font-family:\'Microsoft Yahei\';text-align:justify;background-color:#FFFFFF;&quot;&gt;
	&lt;img class=&quot;lazy&quot; src=&quot;http://img.ithome.com/newsuploadfiles/2016/6/20160623_060754_433.jpg&quot; alt=&quot;苹果macOS Sierra体验：更高效、细节改进明显&quot; /&gt;
&lt;/p&gt;
&lt;p style=&quot;font-size:1pc;color:#272A30;font-family:\'Microsoft Yahei\';text-align:justify;background-color:#FFFFFF;&quot;&gt;
	&lt;span style=&quot;font-weight:700;&quot;&gt;标签页功能面向更多应用开放&lt;/span&gt;
&lt;/p&gt;
&lt;p style=&quot;font-size:1pc;color:#272A30;font-family:\'Microsoft Yahei\';text-align:justify;background-color:#FFFFFF;&quot;&gt;
	标签页功能在日常操作中的重要性不言而喻，尤其是在同一应用进行多任务操作时，不过在之前的macOS上只有Safari和Finder两项体验可以使用标签页，而全新macOS Sierra则将标签页功能开放给更多的系统自带应用，比如地图、邮件、TextEdit、Pages、Numbers和Keynote，甚至很多基于文稿的第三方APP也可以自动使用标签页功能。
&lt;/p&gt;
&lt;p style=&quot;font-size:1pc;color:#272A30;font-family:\'Microsoft Yahei\';text-align:justify;background-color:#FFFFFF;&quot;&gt;
	&lt;img class=&quot;lazy&quot; src=&quot;http://img.ithome.com/newsuploadfiles/2016/6/20160623_060754_778.jpg&quot; alt=&quot;苹果macOS Sierra体验：更高效、细节改进明显&quot; /&gt;
&lt;/p&gt;
&lt;p style=&quot;font-size:1pc;color:#272A30;font-family:\'Microsoft Yahei\';text-align:justify;background-color:#FFFFFF;&quot;&gt;
	&lt;img class=&quot;lazy&quot; src=&quot;http://img.ithome.com/newsuploadfiles/2016/6/20160623_060755_159.jpg&quot; alt=&quot;苹果macOS Sierra体验：更高效、细节改进明显&quot; /&gt;
&lt;/p&gt;
&lt;p style=&quot;font-size:1pc;color:#272A30;font-family:\'Microsoft Yahei\';text-align:justify;background-color:#FFFFFF;&quot;&gt;
	现在你可以在一个“地图”窗口中浏览打开个页面浏览多个位置，也可以在多个Pages文稿之间进行相关内容的全屏拷贝和粘帖操作。另外在标签页设置上，macOS Sierra也支持更多个性化的定制，你可以选择始终在标签页打开新窗口，或者只在全屏状态下才在标签页打开新窗口，或者在APP的“窗口”菜单中选择“合并所有窗口”来在窗口内手动打开新的标签页。
&lt;/p&gt;
&lt;p style=&quot;font-size:1pc;color:#272A30;font-family:\'Microsoft Yahei\';text-align:justify;background-color:#FFFFFF;&quot;&gt;
	&lt;img class=&quot;lazy&quot; src=&quot;http://img.ithome.com/newsuploadfiles/2016/6/20160623_060755_617.jpg&quot; alt=&quot;苹果macOS Sierra体验：更高效、细节改进明显&quot; /&gt;
&lt;/p&gt;
&lt;p style=&quot;font-size:1pc;color:#272A30;font-family:\'Microsoft Yahei\';text-align:justify;background-color:#FFFFFF;&quot;&gt;
	&lt;span style=&quot;font-weight:700;&quot;&gt;全新的视频画中画体验&lt;/span&gt;
&lt;/p&gt;
&lt;p style=&quot;font-size:1pc;color:#272A30;font-family:\'Microsoft Yahei\';text-align:justify;background-color:#FFFFFF;&quot;&gt;
	有了全新的画中画功能，你在Mac电脑上处理多任务时，就可以随时随地观看你喜欢的视频画面。开启这项功能之后，系统会在桌面上打开一个Safari或者iTunes悬浮视频窗口，视频窗口的大小可调整大小，也可以拖拽到屏幕的任何一个位置，即使你在进行快速切换APP、切换到另一桌面空间、全屏APP或分屏空间等操作时，你所观看的视频也会保持原样不动。
&lt;/p&gt;
&lt;p style=&quot;font-size:1pc;color:#272A30;font-family:\'Microsoft Yahei\';text-align:justify;background-color:#FFFFFF;&quot;&gt;
	&lt;img class=&quot;lazy&quot; src=&quot;http://img.ithome.com/newsuploadfiles/2016/6/20160623_060756_23.jpg&quot; alt=&quot;苹果macOS Sierra体验：更高效、细节改进明显&quot; /&gt;
&lt;/p&gt;
&lt;p style=&quot;font-size:1pc;color:#272A30;font-family:\'Microsoft Yahei\';text-align:justify;background-color:#FFFFFF;&quot;&gt;
	这项“画中画”体验适用于iTunes，也兼容Safari网页视频。虽然目前国内各大主流的在线视频网站并不支持这项体验，不过苹果已经提供了开发者API接口，相信随着macOS Sierra正式版的发布，届时会有更多国内视频网站会支持这项服务。
&lt;/p&gt;
&lt;p style=&quot;font-size:1pc;color:#272A30;font-family:\'Microsoft Yahei\';text-align:justify;background-color:#FFFFFF;&quot;&gt;
	&lt;span style=&quot;font-weight:700;&quot;&gt;常规应用体验的增强&lt;/span&gt;
&lt;/p&gt;
&lt;p style=&quot;font-size:1pc;color:#272A30;font-family:\'Microsoft Yahei\';text-align:justify;background-color:#FFFFFF;&quot;&gt;
	除了以上着重介绍的几项全新功能和体验之外，其实这次的macOS&amp;nbsp;Sierra还在照片、iTunes以及信息（iMessage）这些应用在体验上进行增强。
&lt;/p&gt;
&lt;p style=&quot;font-size:1pc;color:#272A30;font-family:\'Microsoft Yahei\';text-align:justify;background-color:#FFFFFF;&quot;&gt;
	照片应用上新增了“回忆”，可以将照片图库中那些美好或者被遗忘的时刻通过影集的形式一一呈现，“人物”则会根据照片中的人物自动整理你的图库，“地点”则会按照拍照地点在世界地图上予以显示；
&lt;/p&gt;
&lt;p style=&quot;font-size:1pc;color:#272A30;font-family:\'Microsoft Yahei\';text-align:justify;background-color:#FFFFFF;&quot;&gt;
	&lt;img class=&quot;lazy&quot; src=&quot;http://img.ithome.com/newsuploadfiles/2016/6/20160623_060756_484.jpg&quot; alt=&quot;苹果macOS Sierra体验：更高效、细节改进明显&quot; /&gt;
&lt;/p&gt;
&lt;p style=&quot;font-size:1pc;color:#272A30;font-family:\'Microsoft Yahei\';text-align:justify;background-color:#FFFFFF;&quot;&gt;
	&lt;img class=&quot;lazy&quot; src=&quot;http://img.ithome.com/newsuploadfiles/2016/6/20160623_060756_922.jpg&quot; alt=&quot;苹果macOS Sierra体验：更高效、细节改进明显&quot; /&gt;
&lt;/p&gt;
&lt;p style=&quot;font-size:1pc;color:#272A30;font-family:\'Microsoft Yahei\';text-align:justify;background-color:#FFFFFF;&quot;&gt;
	iTunes方面则是让Apple Music有了全新的设计，带来更加清晰和简洁的体验，采用新的设计让音乐成为主角，方便用户浏览和查找新的音乐；
&lt;/p&gt;
&lt;p style=&quot;font-size:1pc;color:#272A30;font-family:\'Microsoft Yahei\';text-align:justify;background-color:#FFFFFF;&quot;&gt;
	&lt;img class=&quot;lazy&quot; src=&quot;http://img.ithome.com/newsuploadfiles/2016/6/20160623_060757_349.jpg&quot; alt=&quot;苹果macOS Sierra体验：更高效、细节改进明显&quot; /&gt;
&lt;/p&gt;
&lt;p style=&quot;font-size:1pc;color:#272A30;font-family:\'Microsoft Yahei\';text-align:justify;background-color:#FFFFFF;&quot;&gt;
	信息则让对话变得更加有趣，当朋友发送带有链接的网页内容是，在对话框中可以预览以及观看视频，用户还可以通过快捷简便的Tapbak回复信息，同时信息中还可以显示更大的表情符号，而对方从他们iOS设备上发送的贴纸、Digital Touch、隐形墨水和手写消息等内容同样可以显示在Mac的信息对话框里面。
&lt;/p&gt;
&lt;p style=&quot;font-size:1pc;color:#272A30;font-family:\'Microsoft Yahei\';text-align:justify;background-color:#FFFFFF;&quot;&gt;
	&lt;img class=&quot;lazy&quot; src=&quot;http://img.ithome.com/newsuploadfiles/2016/6/20160623_060757_770.jpg&quot; alt=&quot;苹果macOS Sierra体验：更高效、细节改进明显&quot; /&gt;
&lt;/p&gt;
&lt;p style=&quot;font-size:1pc;color:#272A30;font-family:\'Microsoft Yahei\';text-align:justify;background-color:#FFFFFF;&quot;&gt;
	通过以上对全新macOS&amp;nbsp;Sierra开发者预览版的体验可以看出，苹果这次在保持macOS稳定、高效、安全等基础性能的同时，更加强调Mac系统平台与iPhone等iOS移动平台在体验上的深度融合。与此同时，这种增强与苹果其他设备的互动，又不会让Mac平台失去相对的独立性，这也正是许多Mac平台忠实粉丝以及开发者们所希望看到的结果。
&lt;/p&gt;
&lt;p style=&quot;font-size:1pc;color:#272A30;font-family:\'Microsoft Yahei\';text-align:justify;background-color:#FFFFFF;&quot;&gt;
	&lt;img class=&quot;lazy&quot; src=&quot;http://img.ithome.com/newsuploadfiles/2016/6/20160623_060758_179.jpg&quot; alt=&quot;苹果macOS Sierra体验：更高效、细节改进明显&quot; /&gt;
&lt;/p&gt;
&lt;p style=&quot;font-size:1pc;color:#272A30;font-family:\'Microsoft Yahei\';text-align:justify;background-color:#FFFFFF;&quot;&gt;
	不过由于目前开放体验的macOS&amp;nbsp;Sierra只是开发者预览版，很多新的特性我们暂时无法体验到，比如配合Apple Watch的自动解锁、云端剪贴板、网页版Apple Pay等。相信随着后续公测版以及正式版的发布之后，会让更多的用户感受到macOS&amp;nbsp;Sierra的蜕变，我们也将会第一时间为大家带来有关macOS&amp;nbsp;Sierra更细致的体验评测。
&lt;/p&gt;
&lt;p style=&quot;font-size:1pc;color:#272A30;font-family:\'Microsoft Yahei\';text-align:justify;background-color:#FFFFFF;&quot;&gt;
	PS：公测版的macOS&amp;nbsp;Sierra将于7月份发布，而正式版的macOS Sierra将与iOS 10一起在今年9月份正式推出。
&lt;/p&gt;' WHERE ( news_id = 10 ) [ RunTime:0.0045s ]

[ 2016-06-24T09:52:04+08:00 ] ::1 /R-CMS/admin.php?c=content
INFO: [ app_init ] --START--
INFO: Run Behavior\BuildLiteBehavior [ RunTime:0.000039s ]
INFO: [ app_init ] --END-- [ RunTime:0.001567s ]
INFO: [ app_begin ] --START--
INFO: Run Behavior\ReadHtmlCacheBehavior [ RunTime:0.003732s ]
INFO: [ app_begin ] --END-- [ RunTime:0.003950s ]
NOTIC: [8] Undefined index: title D:\phpStudy\WWW\R-CMS\R-CMS\Admin\Controller\ContentController.class.php 第 13 行.
NOTIC: [8] Undefined index: catid D:\phpStudy\WWW\R-CMS\R-CMS\Admin\Controller\ContentController.class.php 第 17 行.
NOTIC: [8] Undefined index: p D:\phpStudy\WWW\R-CMS\R-CMS\Admin\Controller\ContentController.class.php 第 20 行.
NOTIC: [2048] Declaration of Common\Model\NewsModel::find() should be compatible with that of Think\Model::find() D:\phpStudy\WWW\R-CMS\R-CMS\Common\Model\NewsModel.class.php 第 9 行.
SQL: SHOW COLUMNS FROM `cms_news` [ RunTime:0.0132s ]
NOTIC: [8] Undefined index: title D:\phpStudy\WWW\R-CMS\R-CMS\Common\Model\NewsModel.class.php 第 27 行.
NOTIC: [8] Undefined index: catid D:\phpStudy\WWW\R-CMS\R-CMS\Common\Model\NewsModel.class.php 第 30 行.
SQL: SELECT * FROM `cms_news` WHERE `status` <> -1 ORDER BY listorder,news_id LIMIT 0,2   [ RunTime:0.0008s ]
NOTIC: [8] Undefined index: title D:\phpStudy\WWW\R-CMS\R-CMS\Common\Model\NewsModel.class.php 第 40 行.
NOTIC: [8] Undefined index: catid D:\phpStudy\WWW\R-CMS\R-CMS\Common\Model\NewsModel.class.php 第 43 行.
SQL: SELECT COUNT(*) AS tp_count FROM `cms_news` WHERE `status` <> -1 LIMIT 1   [ RunTime:0.0007s ]
NOTIC: [2048] Declaration of Common\Model\MenuModel::find() should be compatible with that of Think\Model::find() D:\phpStudy\WWW\R-CMS\R-CMS\Common\Model\MenuModel.class.php 第 87 行.
SQL: SHOW COLUMNS FROM `cms_menu` [ RunTime:0.0110s ]
SQL: SELECT * FROM `cms_menu` WHERE `status` <> -1 AND `type` = 0 ORDER BY listorder,menu_id  [ RunTime:0.0017s ]
INFO: [ view_parse ] --START--
INFO: [ template_filter ] --START--
INFO: Run Behavior\ContentReplaceBehavior [ RunTime:0.000158s ]
INFO: [ template_filter ] --END-- [ RunTime:0.000311s ]
SQL: SELECT * FROM `cms_menu` WHERE `status` <> -1 AND `type` = 1 ORDER BY listorder ,menu_id  [ RunTime:0.0008s ]
NOTIC: [8] Undefined variable: user D:\phpStudy\WWW\R-CMS\R-CMS\Runtime\Cache\Admin\c20c847fb46d64d33e0be7dbd1a896e1.php 第 58 行.
NOTIC: [8] Undefined index: catid D:\phpStudy\WWW\R-CMS\R-CMS\Runtime\Cache\Admin\c20c847fb46d64d33e0be7dbd1a896e1.php 第 113 行.
NOTIC: [8] Undefined index: catid D:\phpStudy\WWW\R-CMS\R-CMS\Runtime\Cache\Admin\c20c847fb46d64d33e0be7dbd1a896e1.php 第 113 行.
NOTIC: [8] Undefined index: catid D:\phpStudy\WWW\R-CMS\R-CMS\Runtime\Cache\Admin\c20c847fb46d64d33e0be7dbd1a896e1.php 第 113 行.
NOTIC: [8] Undefined index: catid D:\phpStudy\WWW\R-CMS\R-CMS\Runtime\Cache\Admin\c20c847fb46d64d33e0be7dbd1a896e1.php 第 113 行.
NOTIC: [8] Undefined index: title D:\phpStudy\WWW\R-CMS\R-CMS\Runtime\Cache\Admin\c20c847fb46d64d33e0be7dbd1a896e1.php 第 121 行.
INFO: Run Behavior\ParseTemplateBehavior [ RunTime:0.042173s ]
INFO: [ view_parse ] --END-- [ RunTime:0.042319s ]
INFO: [ view_filter ] --START--
INFO: Run Behavior\WriteHtmlCacheBehavior [ RunTime:0.004512s ]
INFO: [ view_filter ] --END-- [ RunTime:0.004668s ]
INFO: [ app_end ] --START--
INFO: Run Behavior\ShowPageTraceBehavior [ RunTime:0.003341s ]
INFO: [ app_end ] --END-- [ RunTime:0.003493s ]

[ 2016-06-24T09:52:07+08:00 ] ::1 /R-CMS/admin.php?c=content&a=edit&id=10
INFO: [ app_init ] --START--
INFO: Run Behavior\BuildLiteBehavior [ RunTime:0.000042s ]
INFO: [ app_init ] --END-- [ RunTime:0.001734s ]
INFO: [ app_begin ] --START--
INFO: Run Behavior\ReadHtmlCacheBehavior [ RunTime:0.003145s ]
INFO: [ app_begin ] --END-- [ RunTime:0.003317s ]
NOTIC: [2048] Declaration of Common\Model\NewsModel::find() should be compatible with that of Think\Model::find() D:\phpStudy\WWW\R-CMS\R-CMS\Common\Model\NewsModel.class.php 第 9 行.
SQL: SHOW COLUMNS FROM `cms_news` [ RunTime:0.0125s ]
SQL: SELECT * FROM `cms_news` WHERE `news_id` = 10 LIMIT 1   [ RunTime:0.0010s ]
NOTIC: [2048] Declaration of Common\Model\NewsContentModel::find() should be compatible with that of Think\Model::find() D:\phpStudy\WWW\R-CMS\R-CMS\Common\Model\NewsContentModel.class.php 第 45 行.
SQL: SHOW COLUMNS FROM `cms_news_content` [ RunTime:0.0116s ]
SQL: SELECT * FROM `cms_news_content` WHERE `news_id` = 10 LIMIT 1   [ RunTime:0.0011s ]
NOTIC: [2048] Declaration of Common\Model\MenuModel::find() should be compatible with that of Think\Model::find() D:\phpStudy\WWW\R-CMS\R-CMS\Common\Model\MenuModel.class.php 第 87 行.
SQL: SHOW COLUMNS FROM `cms_menu` [ RunTime:0.0115s ]
SQL: SELECT * FROM `cms_menu` WHERE `status` <> -1 AND `type` = 0 ORDER BY listorder,menu_id  [ RunTime:0.0017s ]
INFO: [ view_parse ] --START--
INFO: [ template_filter ] --START--
INFO: Run Behavior\ContentReplaceBehavior [ RunTime:0.000162s ]
INFO: [ template_filter ] --END-- [ RunTime:0.000310s ]
SQL: SELECT * FROM `cms_menu` WHERE `status` <> -1 AND `type` = 1 ORDER BY listorder ,menu_id  [ RunTime:0.0011s ]
NOTIC: [8] Undefined variable: user D:\phpStudy\WWW\R-CMS\R-CMS\Runtime\Cache\Admin\7cac1fa1e07c63a84bcd476b1ecd85e6.php 第 58 行.
INFO: Run Behavior\ParseTemplateBehavior [ RunTime:0.059176s ]
INFO: [ view_parse ] --END-- [ RunTime:0.059325s ]
INFO: [ view_filter ] --START--
INFO: Run Behavior\WriteHtmlCacheBehavior [ RunTime:0.004073s ]
INFO: [ view_filter ] --END-- [ RunTime:0.004229s ]
INFO: [ app_end ] --START--
INFO: Run Behavior\ShowPageTraceBehavior [ RunTime:0.004089s ]
INFO: [ app_end ] --END-- [ RunTime:0.004268s ]

[ 2016-06-24T09:52:12+08:00 ] ::1 /R-CMS/admin.php?c=image&a=ajaxuploadimage
INFO: [ app_init ] --START--
INFO: Run Behavior\BuildLiteBehavior [ RunTime:0.000896s ]
INFO: [ app_init ] --END-- [ RunTime:0.002796s ]
INFO: [ app_begin ] --START--
INFO: Run Behavior\ReadHtmlCacheBehavior [ RunTime:0.002987s ]
INFO: [ app_begin ] --END-- [ RunTime:0.003257s ]
NOTIC: [8] Use of undefined constant Y - assumed 'Y' D:\phpStudy\WWW\R-CMS\R-CMS\Common\Model\UploadImageModel.class.php 第 19 行.
NOTIC: [8] Use of undefined constant m - assumed 'm' D:\phpStudy\WWW\R-CMS\R-CMS\Common\Model\UploadImageModel.class.php 第 19 行.
NOTIC: [8] Use of undefined constant d - assumed 'd' D:\phpStudy\WWW\R-CMS\R-CMS\Common\Model\UploadImageModel.class.php 第 19 行.
NOTIC: [2] call_user_func() expects parameter 1 to be a valid callback, no array or string given D:\phpStudy\WWW\R-CMS\ThinkPHP\Library\Think\Upload.class.php 第 170 行.

[ 2016-06-24T09:52:16+08:00 ] ::1 /R-CMS/admin.php?c=content&a=add
INFO: [ app_init ] --START--
INFO: Run Behavior\BuildLiteBehavior [ RunTime:0.000032s ]
INFO: [ app_init ] --END-- [ RunTime:0.001292s ]
INFO: [ app_begin ] --START--
INFO: Run Behavior\ReadHtmlCacheBehavior [ RunTime:0.003031s ]
INFO: [ app_begin ] --END-- [ RunTime:0.003177s ]
NOTIC: [2048] Declaration of Common\Model\NewsModel::find() should be compatible with that of Think\Model::find() D:\phpStudy\WWW\R-CMS\R-CMS\Common\Model\NewsModel.class.php 第 9 行.
SQL: SHOW COLUMNS FROM `cms_news` [ RunTime:0.0105s ]
NOTIC: [8] Use of undefined constant data - assumed 'data' D:\phpStudy\WWW\R-CMS\R-CMS\Common\Model\NewsModel.class.php 第 59 行.
SQL: UPDATE `cms_news` SET `title`='苹果macOS Sierra体验',`small_title`='苹果macOS Sierra体验：更高效、细节改进明显',`thumb`='/R-CMS/upload/2016/06/24/576c924cadbce.jpg',`title_font_color`='#ed568b',`catid`='8',`copyfrom`='3',`description`='mac',`keywords`='mac 苹果 apple' WHERE ( news_id = 10 ) [ RunTime:0.0018s ]
NOTIC: [2048] Declaration of Common\Model\NewsContentModel::find() should be compatible with that of Think\Model::find() D:\phpStudy\WWW\R-CMS\R-CMS\Common\Model\NewsContentModel.class.php 第 45 行.
SQL: SHOW COLUMNS FROM `cms_news_content` [ RunTime:0.0103s ]
NOTIC: [8] Use of undefined constant data - assumed 'data' D:\phpStudy\WWW\R-CMS\R-CMS\Common\Model\NewsContentModel.class.php 第 36 行.
SQL: UPDATE `cms_news_content` SET `content`='&lt;p style=&quot;font-size:1pc;color:#272A30;font-family:\'Microsoft Yahei\';text-align:justify;background-color:#FFFFFF;&quot;&gt;
	在北京时间6月14日凌晨举行的WWDC2016苹果全球开发者大会上，苹果虽然没有发布任何硬件新品，但横跨四大产品系列的全新OS的亮相依然足够振奋人心。而这其中除了最受关注的&lt;a class=&quot;s_tag&quot; href=&quot;http://ios.ithome.com/&quot; target=&quot;_blank&quot;&gt;iOS10&lt;/a&gt;之外，这次苹果针对MAC系列电脑的全新macOS的发布也是看点颇多。小编将手上这台MacBook Pro在升级到最新的开发者预览版之后，经过几天体验之后，给大家带来这篇初步的上手体验报告。
&lt;/p&gt;
&lt;p style=&quot;font-size:1pc;color:#272A30;font-family:\'Microsoft Yahei\';text-align:justify;background-color:#FFFFFF;&quot;&gt;
	&lt;img src=&quot;http://img.ithome.com/newsuploadfiles/2016/6/20160623_060749_289.jpg&quot; alt=&quot;苹果macOS Sierra体验：更高效、细节改进明显&quot; /&gt;
&lt;/p&gt;
&lt;p style=&quot;font-size:1pc;color:#272A30;font-family:\'Microsoft Yahei\';text-align:justify;background-color:#FFFFFF;&quot;&gt;
	虽然在整体界面、图标设计以及操作上并没有太大的改变，但全新的macOS Sierra还是加入了不少便捷又实用的新功能，在体验细节上的改进也让我们看到苹果的专注。
&lt;/p&gt;
&lt;p style=&quot;font-size:1pc;color:#272A30;font-family:\'Microsoft Yahei\';text-align:justify;background-color:#FFFFFF;&quot;&gt;
	在步入正题之前，还是需要再跟大家强调一下，并非所有的Mac系列电脑都能升级到最新版的macOS，每次苹果新版本系统的发布也意味着有一批老旧的Mac设备将无法支持升级，而根据苹果官方公布的资料显示，只有以下这些Mac机型能够兼容最新的macOS Sierra：
&lt;/p&gt;
&lt;p style=&quot;font-size:1pc;color:#272A30;font-family:\'Microsoft Yahei\';text-align:justify;background-color:#FFFFFF;&quot;&gt;
	*MacBook（2009年后期及以后的机型）
&lt;/p&gt;
&lt;p style=&quot;font-size:1pc;color:#272A30;font-family:\'Microsoft Yahei\';text-align:justify;background-color:#FFFFFF;&quot;&gt;
	*iMac（2009年后期及以后的机型）
&lt;/p&gt;
&lt;p style=&quot;font-size:1pc;color:#272A30;font-family:\'Microsoft Yahei\';text-align:justify;background-color:#FFFFFF;&quot;&gt;
	*MacBook Air（2010年后期及以后的机型）
&lt;/p&gt;
&lt;p style=&quot;font-size:1pc;color:#272A30;font-family:\'Microsoft Yahei\';text-align:justify;background-color:#FFFFFF;&quot;&gt;
	*MacBook Pro（2010年后期及以后的机型）
&lt;/p&gt;
&lt;p style=&quot;font-size:1pc;color:#272A30;font-family:\'Microsoft Yahei\';text-align:justify;background-color:#FFFFFF;&quot;&gt;
	*Mac mini（2010年后期及以后的机型）
&lt;/p&gt;
&lt;p style=&quot;font-size:1pc;color:#272A30;font-family:\'Microsoft Yahei\';text-align:justify;background-color:#FFFFFF;&quot;&gt;
	*Mac Pro（2010年后期及以后的机型）
&lt;/p&gt;
&lt;p style=&quot;font-size:1pc;color:#272A30;font-family:\'Microsoft Yahei\';text-align:justify;background-color:#FFFFFF;&quot;&gt;
	&lt;img class=&quot;lazy&quot; src=&quot;http://img.ithome.com/newsuploadfiles/2016/6/20160623_060749_697.jpg&quot; alt=&quot;苹果macOS Sierra体验：更高效、细节改进明显&quot; /&gt;
&lt;/p&gt;
&lt;p style=&quot;font-size:1pc;color:#272A30;font-family:\'Microsoft Yahei\';text-align:justify;background-color:#FFFFFF;&quot;&gt;
	&lt;span style=&quot;font-weight:700;&quot;&gt;名称上的改变寓意着更加深度的融合&lt;/span&gt;
&lt;/p&gt;
&lt;p style=&quot;font-size:1pc;color:#272A30;font-family:\'Microsoft Yahei\';text-align:justify;background-color:#FFFFFF;&quot;&gt;
	这次在开幕主题演讲上，关于桌面OS有一个很小的细节可能大家并没在意，那就是苹果终于将沿用了长达15年之久的OS X操作系统正式更名为macOS（最新版系统名称为Sierra）。其实这次系统名称上的改变也在清理之中，不仅可以更好地与watchOS、iOS以及tvOS在名称上保持统一协调性，还能进一步强调苹果MAC电脑的产品属性。
&lt;/p&gt;
&lt;p style=&quot;font-size:1pc;color:#272A30;font-family:\'Microsoft Yahei\';text-align:justify;background-color:#FFFFFF;&quot;&gt;
	&lt;img class=&quot;lazy&quot; src=&quot;http://img.ithome.com/newsuploadfiles/2016/6/20160623_060750_144.jpg&quot; alt=&quot;苹果macOS Sierra体验：更高效、细节改进明显&quot; /&gt;
&lt;/p&gt;
&lt;p style=&quot;font-size:1pc;color:#272A30;font-family:\'Microsoft Yahei\';text-align:justify;background-color:#FFFFFF;&quot;&gt;
	当然，苹果通过这次系统名称上的改变还想向外界传达一个全新的讯息：全新的macOS将会在体验方面强调与移动平台watchOS以及iOS的深度融合，从而进一步提升用户对苹果系列产品的使用粘性，培养用户的忠诚度，而这种改变也着重体现在此次macOS上重点强调的几个全新特性上。
&lt;/p&gt;
&lt;p style=&quot;font-size:1pc;color:#272A30;font-family:\'Microsoft Yahei\';text-align:justify;background-color:#FFFFFF;&quot;&gt;
	&lt;span style=&quot;font-weight:700;&quot;&gt;更智能更强大的Siri语音助手&lt;/span&gt;
&lt;/p&gt;
&lt;p style=&quot;font-size:1pc;color:#272A30;font-family:\'Microsoft Yahei\';text-align:justify;background-color:#FFFFFF;&quot;&gt;
	在此前的macOS版本中，苹果已经增加了不少基于iPhone的体验支持，比如用Mac电脑可以打iPhone的电话，接收和发布iPhone的短信。现在苹果更进一步，在这次的macOS Sierra在Mac电脑上集成功能更为强大的Siri语音助手。对于Siri语音助手，想必在使用iPhone的用户并不陌生，但这次苹果有针对性地在Mac上的体验进行了优化改善。
&lt;/p&gt;
&lt;p style=&quot;font-size:1pc;color:#272A30;font-family:\'Microsoft Yahei\';text-align:justify;background-color:#FFFFFF;&quot;&gt;
	&lt;img class=&quot;lazy&quot; src=&quot;http://img.ithome.com/newsuploadfiles/2016/6/20160623_060750_569.jpg&quot; alt=&quot;苹果macOS Sierra体验：更高效、细节改进明显&quot; /&gt;
&lt;/p&gt;
&lt;p style=&quot;font-size:1pc;color:#272A30;font-family:\'Microsoft Yahei\';text-align:justify;background-color:#FFFFFF;&quot;&gt;
	&lt;img class=&quot;lazy&quot; src=&quot;http://img.ithome.com/newsuploadfiles/2016/6/20160623_060751_44.jpg&quot; alt=&quot;苹果macOS Sierra体验：更高效、细节改进明显&quot; /&gt;
&lt;/p&gt;
&lt;p style=&quot;font-size:1pc;color:#272A30;font-family:\'Microsoft Yahei\';text-align:justify;background-color:#FFFFFF;&quot;&gt;
	现在你不仅可以像在iOS设备上那样查询天气、发送短信、拨打电话、启动应用等操作，Mac上的Siri语音助手还可以支持复杂的系统内文件搜索查找功能，可以说将Mac电脑上体验很出色的Finder搜索功能进行了深度融合，让文件搜索变得更加快捷高效。
&lt;/p&gt;
&lt;p style=&quot;font-size:1pc;color:#272A30;font-family:\'Microsoft Yahei\';text-align:justify;background-color:#FFFFFF;&quot;&gt;
	&lt;img class=&quot;lazy&quot; src=&quot;http://img.ithome.com/newsuploadfiles/2016/6/20160623_060751_400.jpg&quot; alt=&quot;苹果macOS Sierra体验：更高效、细节改进明显&quot; /&gt;
&lt;/p&gt;
&lt;p style=&quot;font-size:1pc;color:#272A30;font-family:\'Microsoft Yahei\';text-align:justify;background-color:#FFFFFF;&quot;&gt;
	&lt;img class=&quot;lazy&quot; src=&quot;http://img.ithome.com/newsuploadfiles/2016/6/20160623_060751_872.jpg&quot; alt=&quot;苹果macOS Sierra体验：更高效、细节改进明显&quot; /&gt;
&lt;/p&gt;
&lt;p style=&quot;font-size:1pc;color:#272A30;font-family:\'Microsoft Yahei\';text-align:justify;background-color:#FFFFFF;&quot;&gt;
	同时，基于Mac系统平台操作的多样性需求，你可以将通过Siri助手搜索到的图片等内容直接拖拽到邮件或者文稿中，当然也支持常规的拷贝粘帖文本操作。此外，你还可以将某些搜索结果固定到右侧的通知栏，这样就算你关闭了Siri依然可以正常在“通知中心”中查找。
&lt;/p&gt;
&lt;p style=&quot;font-size:1pc;color:#272A30;font-family:\'Microsoft Yahei\';text-align:justify;background-color:#FFFFFF;&quot;&gt;
	&lt;span style=&quot;font-weight:700;&quot;&gt;配合Apple Watch解锁更便携&lt;/span&gt;
&lt;/p&gt;
&lt;p style=&quot;font-size:1pc;color:#272A30;font-family:\'Microsoft Yahei\';text-align:justify;background-color:#FFFFFF;&quot;&gt;
	这是此次全新macOS Sierra最吸引眼球也是最实用的一个功能特性，当然前提是你得拥有一个Apple Watch。以往你在唤醒处于待机状态的Mac电脑时需要输入设置好的密码，而现在只要你佩戴了Apple Watch，当你靠近Mac电脑时打开屏幕即可自动登录，减去了手动密码的步骤，变得更加便携。
&lt;/p&gt;
&lt;p style=&quot;font-size:1pc;color:#272A30;font-family:\'Microsoft Yahei\';text-align:justify;background-color:#FFFFFF;&quot;&gt;
	据悉，用户所佩戴的Apple Watch能在3米范围内解锁Mac电脑。同时为了保证安全性，苹果这项自动解锁技术也使用了强大的加密技术，通过TOF网络在Apple Watch与Mac之间提供通信保障。
&lt;/p&gt;
&lt;p style=&quot;font-size:1pc;color:#272A30;font-family:\'Microsoft Yahei\';text-align:justify;background-color:#FFFFFF;&quot;&gt;
	&lt;img class=&quot;lazy&quot; src=&quot;http://img.ithome.com/newsuploadfiles/2016/6/20160623_060752_283.jpg&quot; alt=&quot;苹果macOS Sierra体验：更高效、细节改进明显&quot; /&gt;
&lt;/p&gt;
&lt;p style=&quot;font-size:1pc;color:#272A30;font-family:\'Microsoft Yahei\';text-align:justify;background-color:#FFFFFF;&quot;&gt;
	开启这项体验操作上也很简单，只需要使用同一个Apple ID在Apple Watch和Mac电脑上登录iCloud，并在“系统偏好设置”中打开“自动解锁”功能即可。
&lt;/p&gt;
&lt;p style=&quot;font-size:1pc;color:#272A30;font-family:\'Microsoft Yahei\';text-align:justify;background-color:#FFFFFF;&quot;&gt;
	&lt;span style=&quot;font-weight:700;&quot;&gt;快捷实用的云端剪贴板&lt;/span&gt;
&lt;/p&gt;
&lt;p style=&quot;font-size:1pc;color:#272A30;font-family:\'Microsoft Yahei\';text-align:justify;background-color:#FFFFFF;&quot;&gt;
	拷贝与粘帖是大家在使用Mac电脑时最为频繁的两项操作，但如何在跨平台之间实现呢，比如你在Mac电脑看到好的图片、文本以及视频内容想要拷贝到iPhone上，在以往这往往需要很复杂的步骤，可现在基于iCloud强大的云端技术，你可以直接通过拷贝和粘帖来完成。
&lt;/p&gt;
&lt;p style=&quot;font-size:1pc;color:#272A30;font-family:\'Microsoft Yahei\';text-align:justify;background-color:#FFFFFF;&quot;&gt;
	&lt;img class=&quot;lazy&quot; src=&quot;http://img.ithome.com/newsuploadfiles/2016/6/20160623_060752_651.jpg&quot; alt=&quot;苹果macOS Sierra体验：更高效、细节改进明显&quot; /&gt;
&lt;/p&gt;
&lt;p style=&quot;font-size:1pc;color:#272A30;font-family:\'Microsoft Yahei\';text-align:justify;background-color:#FFFFFF;&quot;&gt;
	同时，这种操作是在不同设备之间是互通的，你同样也可以将iPad或这iPhone上看到的图片粘帖到你的Mac文稿里，要实现这项操作也无需特别设置，只需要你的这些设备绑定同一个Apple ID，不过这项操作目前仅限在苹果自带的APP进行，并不对第三方的APP开放。同时，云端剪贴板也不是永久的，只可持续两分钟时间，也就是说你在完成拷贝动作后，需要在2分钟之内在另一台设备上进行粘帖操作。
&lt;/p&gt;
&lt;p style=&quot;font-size:1pc;color:#272A30;font-family:\'Microsoft Yahei\';text-align:justify;background-color:#FFFFFF;&quot;&gt;
	&lt;span style=&quot;font-weight:700;&quot;&gt;让网购更加方便的网页版Apple Pay&lt;/span&gt;
&lt;/p&gt;
&lt;p style=&quot;font-size:1pc;color:#272A30;font-family:\'Microsoft Yahei\';text-align:justify;background-color:#FFFFFF;&quot;&gt;
	自今年年初基于iPhone和Apple Watch的移动端支付--Apple Pay入华之后，国内很多用户都被这项快速便捷的移动支付服务所吸引。由于苹果跟国内各大银行以及中国银联进行了良好的合作，目前在绝大多数商户中都已经支持Apple Pay。
&lt;/p&gt;
&lt;p style=&quot;font-size:1pc;color:#272A30;font-family:\'Microsoft Yahei\';text-align:justify;background-color:#FFFFFF;&quot;&gt;
	现在苹果再接再厉在最新的macOS Sierra上推出了网页版的Apple Pay功能，有了这项功能自然是让那些需要在Mac电脑上进行网购的用户，在最后的支付操作上变得更加方便。在购物付款环节只需要选择Apple Pay付款，就可以在iPhone上通过触摸Touch ID或者轻按两下Apple Watch上的侧边按钮完成支付操作，无需再像以往一样还需要在页面上输入信用卡信息，当然前提是你的这些设备需要使用同一个Apple ID登录，并且iPhone或者Apple Watch已经开通并设置好Apple Pay。
&lt;/p&gt;
&lt;p style=&quot;font-size:1pc;color:#272A30;font-family:\'Microsoft Yahei\';text-align:justify;background-color:#FFFFFF;&quot;&gt;
	&lt;img class=&quot;lazy&quot; src=&quot;http://img.ithome.com/newsuploadfiles/2016/6/20160623_060753_116.jpg&quot; alt=&quot;苹果macOS Sierra体验：更高效、细节改进明显&quot; /&gt;
&lt;/p&gt;
&lt;p style=&quot;font-size:1pc;color:#272A30;font-family:\'Microsoft Yahei\';text-align:justify;background-color:#FFFFFF;&quot;&gt;
	安全性方面，除了近期的购物信息会保存在上iPhone上的Wallet中，网页版Apple Pay同样不会存储你的交易详情，而使用Apple Pay时，信用卡或者借记卡号码也不会存储在Mac电脑或者Apple服务器上，更不会共享给其他网站，而是分配一个独有的“设备账户号码”，存储在iPhone或者Apple Watch的专用安全芯片&amp;nbsp;Secure&amp;nbsp;Element中。
&lt;/p&gt;
&lt;p style=&quot;font-size:1pc;color:#272A30;font-family:\'Microsoft Yahei\';text-align:justify;background-color:#FFFFFF;&quot;&gt;
	不过需要注意的是，处于支付安全考虑，网页版Apple Pay仅支持苹果Mac电脑自带的Safari浏览器，并不向其他第三方浏览器开放。此外，由于macOS Sierra尚未正式发布，所以目前国内的各大主流电商购物平台也不并支持网页版Apple Pay，想体验的用户还需静待一段时间。
&lt;/p&gt;
&lt;p style=&quot;font-size:1pc;color:#272A30;font-family:\'Microsoft Yahei\';text-align:justify;background-color:#FFFFFF;&quot;&gt;
	&lt;span style=&quot;font-weight:700;&quot;&gt;更为简单的跨平台iCloud云端文件共享&lt;/span&gt;
&lt;/p&gt;
&lt;p style=&quot;font-size:1pc;color:#272A30;font-family:\'Microsoft Yahei\';text-align:justify;background-color:#FFFFFF;&quot;&gt;
	这次macOS Sierra还在文件共享体验方面进行了升级，此前通过iPhone或者iPad上的iCloud Drive APP共享Mac电脑存储在云端的文件，你首先需要将文件保存到iCloud Drive上，而现在所有“桌面”和“文稿”两个文件夹中的文件内容会默认自动上传存储到iCloud中，这样你在不同设备之间就可以通过对应的方式进行访问。
&lt;/p&gt;
&lt;p style=&quot;font-size:1pc;color:#272A30;font-family:\'Microsoft Yahei\';text-align:justify;background-color:#FFFFFF;&quot;&gt;
	&lt;img class=&quot;lazy&quot; src=&quot;http://img.ithome.com/newsuploadfiles/2016/6/20160623_060753_639.jpg&quot; alt=&quot;苹果macOS Sierra体验：更高效、细节改进明显&quot; /&gt;
&lt;/p&gt;
&lt;p style=&quot;font-size:1pc;color:#272A30;font-family:\'Microsoft Yahei\';text-align:justify;background-color:#FFFFFF;&quot;&gt;
	比如你可以直接在iPhone和iPad上通过iCloud Drive APP访问存储在Mac桌面和文稿中的所有文件，而当你在另一台Mac电脑上打开iCloud“桌面”和“文稿”时，你的“桌面”和“文稿”文件夹中会自动出现和第一台Mac相关的文件内容，而在更改之后，会在全部设备之间保持更新。
&lt;/p&gt;
&lt;p style=&quot;font-size:1pc;color:#272A30;font-family:\'Microsoft Yahei\';text-align:justify;background-color:#FFFFFF;&quot;&gt;
	有了这项服务无疑会让跨平台之间的文件共享变得更加便携简单，当然由于这种共享体验是基于iCloud云端进行，所以你得保证你的iCloud可用空间足够大。
&lt;/p&gt;
&lt;p style=&quot;font-size:1pc;color:#272A30;font-family:\'Microsoft Yahei\';text-align:justify;background-color:#FFFFFF;&quot;&gt;
	&lt;span style=&quot;font-weight:700;&quot;&gt;深度优化存储为Mac腾出空间&lt;/span&gt;
&lt;/p&gt;
&lt;p style=&quot;font-size:1pc;color:#272A30;font-family:\'Microsoft Yahei\';text-align:justify;background-color:#FFFFFF;&quot;&gt;
	为了给Mac电脑上有限的物理硬盘上腾出更多存储空间，全新的macOS Sierra还加入了深度优化存储功能。通过这项服务可以将你Mac电脑上很重要但很少使用的照片、视频、文件存储到云端，当你在需要时又可以随时下载这些内容。
&lt;/p&gt;
&lt;p style=&quot;font-size:1pc;color:#272A30;font-family:\'Microsoft Yahei\';text-align:justify;background-color:#FFFFFF;&quot;&gt;
	&lt;img class=&quot;lazy&quot; src=&quot;http://img.ithome.com/newsuploadfiles/2016/6/20160623_060754_94.jpg&quot; alt=&quot;苹果macOS Sierra体验：更高效、细节改进明显&quot; /&gt;
&lt;/p&gt;
&lt;p style=&quot;font-size:1pc;color:#272A30;font-family:\'Microsoft Yahei\';text-align:justify;background-color:#FFFFFF;&quot;&gt;
	另外在优化存储方面，macOS Sierra还会在自动管理存储方面还加入很多人性化的体验，比如会在左侧边栏显示比较占用空间的文件，以便你有选择性地将其删除；自动删除在废纸篓中超过30天的文件；自动清理可安全删除的缓存、旧日志、临时数据库文件、中断的下载、Safair网站数据等等。
&lt;/p&gt;
&lt;p style=&quot;font-size:1pc;color:#272A30;font-family:\'Microsoft Yahei\';text-align:justify;background-color:#FFFFFF;&quot;&gt;
	&lt;img class=&quot;lazy&quot; src=&quot;http://img.ithome.com/newsuploadfiles/2016/6/20160623_060754_433.jpg&quot; alt=&quot;苹果macOS Sierra体验：更高效、细节改进明显&quot; /&gt;
&lt;/p&gt;
&lt;p style=&quot;font-size:1pc;color:#272A30;font-family:\'Microsoft Yahei\';text-align:justify;background-color:#FFFFFF;&quot;&gt;
	&lt;span style=&quot;font-weight:700;&quot;&gt;标签页功能面向更多应用开放&lt;/span&gt;
&lt;/p&gt;
&lt;p style=&quot;font-size:1pc;color:#272A30;font-family:\'Microsoft Yahei\';text-align:justify;background-color:#FFFFFF;&quot;&gt;
	标签页功能在日常操作中的重要性不言而喻，尤其是在同一应用进行多任务操作时，不过在之前的macOS上只有Safari和Finder两项体验可以使用标签页，而全新macOS Sierra则将标签页功能开放给更多的系统自带应用，比如地图、邮件、TextEdit、Pages、Numbers和Keynote，甚至很多基于文稿的第三方APP也可以自动使用标签页功能。
&lt;/p&gt;
&lt;p style=&quot;font-size:1pc;color:#272A30;font-family:\'Microsoft Yahei\';text-align:justify;background-color:#FFFFFF;&quot;&gt;
	&lt;img class=&quot;lazy&quot; src=&quot;http://img.ithome.com/newsuploadfiles/2016/6/20160623_060754_778.jpg&quot; alt=&quot;苹果macOS Sierra体验：更高效、细节改进明显&quot; /&gt;
&lt;/p&gt;
&lt;p style=&quot;font-size:1pc;color:#272A30;font-family:\'Microsoft Yahei\';text-align:justify;background-color:#FFFFFF;&quot;&gt;
	&lt;img class=&quot;lazy&quot; src=&quot;http://img.ithome.com/newsuploadfiles/2016/6/20160623_060755_159.jpg&quot; alt=&quot;苹果macOS Sierra体验：更高效、细节改进明显&quot; /&gt;
&lt;/p&gt;
&lt;p style=&quot;font-size:1pc;color:#272A30;font-family:\'Microsoft Yahei\';text-align:justify;background-color:#FFFFFF;&quot;&gt;
	现在你可以在一个“地图”窗口中浏览打开个页面浏览多个位置，也可以在多个Pages文稿之间进行相关内容的全屏拷贝和粘帖操作。另外在标签页设置上，macOS Sierra也支持更多个性化的定制，你可以选择始终在标签页打开新窗口，或者只在全屏状态下才在标签页打开新窗口，或者在APP的“窗口”菜单中选择“合并所有窗口”来在窗口内手动打开新的标签页。
&lt;/p&gt;
&lt;p style=&quot;font-size:1pc;color:#272A30;font-family:\'Microsoft Yahei\';text-align:justify;background-color:#FFFFFF;&quot;&gt;
	&lt;img class=&quot;lazy&quot; src=&quot;http://img.ithome.com/newsuploadfiles/2016/6/20160623_060755_617.jpg&quot; alt=&quot;苹果macOS Sierra体验：更高效、细节改进明显&quot; /&gt;
&lt;/p&gt;
&lt;p style=&quot;font-size:1pc;color:#272A30;font-family:\'Microsoft Yahei\';text-align:justify;background-color:#FFFFFF;&quot;&gt;
	&lt;span style=&quot;font-weight:700;&quot;&gt;全新的视频画中画体验&lt;/span&gt;
&lt;/p&gt;
&lt;p style=&quot;font-size:1pc;color:#272A30;font-family:\'Microsoft Yahei\';text-align:justify;background-color:#FFFFFF;&quot;&gt;
	有了全新的画中画功能，你在Mac电脑上处理多任务时，就可以随时随地观看你喜欢的视频画面。开启这项功能之后，系统会在桌面上打开一个Safari或者iTunes悬浮视频窗口，视频窗口的大小可调整大小，也可以拖拽到屏幕的任何一个位置，即使你在进行快速切换APP、切换到另一桌面空间、全屏APP或分屏空间等操作时，你所观看的视频也会保持原样不动。
&lt;/p&gt;
&lt;p style=&quot;font-size:1pc;color:#272A30;font-family:\'Microsoft Yahei\';text-align:justify;background-color:#FFFFFF;&quot;&gt;
	&lt;img class=&quot;lazy&quot; src=&quot;http://img.ithome.com/newsuploadfiles/2016/6/20160623_060756_23.jpg&quot; alt=&quot;苹果macOS Sierra体验：更高效、细节改进明显&quot; /&gt;
&lt;/p&gt;
&lt;p style=&quot;font-size:1pc;color:#272A30;font-family:\'Microsoft Yahei\';text-align:justify;background-color:#FFFFFF;&quot;&gt;
	这项“画中画”体验适用于iTunes，也兼容Safari网页视频。虽然目前国内各大主流的在线视频网站并不支持这项体验，不过苹果已经提供了开发者API接口，相信随着macOS Sierra正式版的发布，届时会有更多国内视频网站会支持这项服务。
&lt;/p&gt;
&lt;p style=&quot;font-size:1pc;color:#272A30;font-family:\'Microsoft Yahei\';text-align:justify;background-color:#FFFFFF;&quot;&gt;
	&lt;span style=&quot;font-weight:700;&quot;&gt;常规应用体验的增强&lt;/span&gt;
&lt;/p&gt;
&lt;p style=&quot;font-size:1pc;color:#272A30;font-family:\'Microsoft Yahei\';text-align:justify;background-color:#FFFFFF;&quot;&gt;
	除了以上着重介绍的几项全新功能和体验之外，其实这次的macOS&amp;nbsp;Sierra还在照片、iTunes以及信息（iMessage）这些应用在体验上进行增强。
&lt;/p&gt;
&lt;p style=&quot;font-size:1pc;color:#272A30;font-family:\'Microsoft Yahei\';text-align:justify;background-color:#FFFFFF;&quot;&gt;
	照片应用上新增了“回忆”，可以将照片图库中那些美好或者被遗忘的时刻通过影集的形式一一呈现，“人物”则会根据照片中的人物自动整理你的图库，“地点”则会按照拍照地点在世界地图上予以显示；
&lt;/p&gt;
&lt;p style=&quot;font-size:1pc;color:#272A30;font-family:\'Microsoft Yahei\';text-align:justify;background-color:#FFFFFF;&quot;&gt;
	&lt;img class=&quot;lazy&quot; src=&quot;http://img.ithome.com/newsuploadfiles/2016/6/20160623_060756_484.jpg&quot; alt=&quot;苹果macOS Sierra体验：更高效、细节改进明显&quot; /&gt;
&lt;/p&gt;
&lt;p style=&quot;font-size:1pc;color:#272A30;font-family:\'Microsoft Yahei\';text-align:justify;background-color:#FFFFFF;&quot;&gt;
	&lt;img class=&quot;lazy&quot; src=&quot;http://img.ithome.com/newsuploadfiles/2016/6/20160623_060756_922.jpg&quot; alt=&quot;苹果macOS Sierra体验：更高效、细节改进明显&quot; /&gt;
&lt;/p&gt;
&lt;p style=&quot;font-size:1pc;color:#272A30;font-family:\'Microsoft Yahei\';text-align:justify;background-color:#FFFFFF;&quot;&gt;
	iTunes方面则是让Apple Music有了全新的设计，带来更加清晰和简洁的体验，采用新的设计让音乐成为主角，方便用户浏览和查找新的音乐；
&lt;/p&gt;
&lt;p style=&quot;font-size:1pc;color:#272A30;font-family:\'Microsoft Yahei\';text-align:justify;background-color:#FFFFFF;&quot;&gt;
	&lt;img class=&quot;lazy&quot; src=&quot;http://img.ithome.com/newsuploadfiles/2016/6/20160623_060757_349.jpg&quot; alt=&quot;苹果macOS Sierra体验：更高效、细节改进明显&quot; /&gt;
&lt;/p&gt;
&lt;p style=&quot;font-size:1pc;color:#272A30;font-family:\'Microsoft Yahei\';text-align:justify;background-color:#FFFFFF;&quot;&gt;
	信息则让对话变得更加有趣，当朋友发送带有链接的网页内容是，在对话框中可以预览以及观看视频，用户还可以通过快捷简便的Tapbak回复信息，同时信息中还可以显示更大的表情符号，而对方从他们iOS设备上发送的贴纸、Digital Touch、隐形墨水和手写消息等内容同样可以显示在Mac的信息对话框里面。
&lt;/p&gt;
&lt;p style=&quot;font-size:1pc;color:#272A30;font-family:\'Microsoft Yahei\';text-align:justify;background-color:#FFFFFF;&quot;&gt;
	&lt;img class=&quot;lazy&quot; src=&quot;http://img.ithome.com/newsuploadfiles/2016/6/20160623_060757_770.jpg&quot; alt=&quot;苹果macOS Sierra体验：更高效、细节改进明显&quot; /&gt;
&lt;/p&gt;
&lt;p style=&quot;font-size:1pc;color:#272A30;font-family:\'Microsoft Yahei\';text-align:justify;background-color:#FFFFFF;&quot;&gt;
	通过以上对全新macOS&amp;nbsp;Sierra开发者预览版的体验可以看出，苹果这次在保持macOS稳定、高效、安全等基础性能的同时，更加强调Mac系统平台与iPhone等iOS移动平台在体验上的深度融合。与此同时，这种增强与苹果其他设备的互动，又不会让Mac平台失去相对的独立性，这也正是许多Mac平台忠实粉丝以及开发者们所希望看到的结果。
&lt;/p&gt;
&lt;p style=&quot;font-size:1pc;color:#272A30;font-family:\'Microsoft Yahei\';text-align:justify;background-color:#FFFFFF;&quot;&gt;
	&lt;img class=&quot;lazy&quot; src=&quot;http://img.ithome.com/newsuploadfiles/2016/6/20160623_060758_179.jpg&quot; alt=&quot;苹果macOS Sierra体验：更高效、细节改进明显&quot; /&gt;
&lt;/p&gt;
&lt;p style=&quot;font-size:1pc;color:#272A30;font-family:\'Microsoft Yahei\';text-align:justify;background-color:#FFFFFF;&quot;&gt;
	不过由于目前开放体验的macOS&amp;nbsp;Sierra只是开发者预览版，很多新的特性我们暂时无法体验到，比如配合Apple Watch的自动解锁、云端剪贴板、网页版Apple Pay等。相信随着后续公测版以及正式版的发布之后，会让更多的用户感受到macOS&amp;nbsp;Sierra的蜕变，我们也将会第一时间为大家带来有关macOS&amp;nbsp;Sierra更细致的体验评测。
&lt;/p&gt;
&lt;p style=&quot;font-size:1pc;color:#272A30;font-family:\'Microsoft Yahei\';text-align:justify;background-color:#FFFFFF;&quot;&gt;
	PS：公测版的macOS&amp;nbsp;Sierra将于7月份发布，而正式版的macOS Sierra将与iOS 10一起在今年9月份正式推出。
&lt;/p&gt;' WHERE ( news_id = 10 ) [ RunTime:0.0036s ]

[ 2016-06-24T09:52:17+08:00 ] ::1 /R-CMS/admin.php?c=content
INFO: [ app_init ] --START--
INFO: Run Behavior\BuildLiteBehavior [ RunTime:0.000033s ]
INFO: [ app_init ] --END-- [ RunTime:0.001377s ]
INFO: [ app_begin ] --START--
INFO: Run Behavior\ReadHtmlCacheBehavior [ RunTime:0.002669s ]
INFO: [ app_begin ] --END-- [ RunTime:0.002817s ]
NOTIC: [8] Undefined index: title D:\phpStudy\WWW\R-CMS\R-CMS\Admin\Controller\ContentController.class.php 第 13 行.
NOTIC: [8] Undefined index: catid D:\phpStudy\WWW\R-CMS\R-CMS\Admin\Controller\ContentController.class.php 第 17 行.
NOTIC: [8] Undefined index: p D:\phpStudy\WWW\R-CMS\R-CMS\Admin\Controller\ContentController.class.php 第 20 行.
NOTIC: [2048] Declaration of Common\Model\NewsModel::find() should be compatible with that of Think\Model::find() D:\phpStudy\WWW\R-CMS\R-CMS\Common\Model\NewsModel.class.php 第 9 行.
SQL: SHOW COLUMNS FROM `cms_news` [ RunTime:0.0138s ]
NOTIC: [8] Undefined index: title D:\phpStudy\WWW\R-CMS\R-CMS\Common\Model\NewsModel.class.php 第 27 行.
NOTIC: [8] Undefined index: catid D:\phpStudy\WWW\R-CMS\R-CMS\Common\Model\NewsModel.class.php 第 30 行.
SQL: SELECT * FROM `cms_news` WHERE `status` <> -1 ORDER BY listorder,news_id LIMIT 0,2   [ RunTime:0.0011s ]
NOTIC: [8] Undefined index: title D:\phpStudy\WWW\R-CMS\R-CMS\Common\Model\NewsModel.class.php 第 40 行.
NOTIC: [8] Undefined index: catid D:\phpStudy\WWW\R-CMS\R-CMS\Common\Model\NewsModel.class.php 第 43 行.
SQL: SELECT COUNT(*) AS tp_count FROM `cms_news` WHERE `status` <> -1 LIMIT 1   [ RunTime:0.0004s ]
NOTIC: [2048] Declaration of Common\Model\MenuModel::find() should be compatible with that of Think\Model::find() D:\phpStudy\WWW\R-CMS\R-CMS\Common\Model\MenuModel.class.php 第 87 行.
SQL: SHOW COLUMNS FROM `cms_menu` [ RunTime:0.0141s ]
SQL: SELECT * FROM `cms_menu` WHERE `status` <> -1 AND `type` = 0 ORDER BY listorder,menu_id  [ RunTime:0.0008s ]
INFO: [ view_parse ] --START--
INFO: [ template_filter ] --START--
INFO: Run Behavior\ContentReplaceBehavior [ RunTime:0.000120s ]
INFO: [ template_filter ] --END-- [ RunTime:0.000239s ]
SQL: SELECT * FROM `cms_menu` WHERE `status` <> -1 AND `type` = 1 ORDER BY listorder ,menu_id  [ RunTime:0.0007s ]
NOTIC: [8] Undefined variable: user D:\phpStudy\WWW\R-CMS\R-CMS\Runtime\Cache\Admin\c20c847fb46d64d33e0be7dbd1a896e1.php 第 58 行.
NOTIC: [8] Undefined index: catid D:\phpStudy\WWW\R-CMS\R-CMS\Runtime\Cache\Admin\c20c847fb46d64d33e0be7dbd1a896e1.php 第 113 行.
NOTIC: [8] Undefined index: catid D:\phpStudy\WWW\R-CMS\R-CMS\Runtime\Cache\Admin\c20c847fb46d64d33e0be7dbd1a896e1.php 第 113 行.
NOTIC: [8] Undefined index: catid D:\phpStudy\WWW\R-CMS\R-CMS\Runtime\Cache\Admin\c20c847fb46d64d33e0be7dbd1a896e1.php 第 113 行.
NOTIC: [8] Undefined index: catid D:\phpStudy\WWW\R-CMS\R-CMS\Runtime\Cache\Admin\c20c847fb46d64d33e0be7dbd1a896e1.php 第 113 行.
NOTIC: [8] Undefined index: title D:\phpStudy\WWW\R-CMS\R-CMS\Runtime\Cache\Admin\c20c847fb46d64d33e0be7dbd1a896e1.php 第 121 行.
INFO: Run Behavior\ParseTemplateBehavior [ RunTime:0.030513s ]
INFO: [ view_parse ] --END-- [ RunTime:0.030666s ]
INFO: [ view_filter ] --START--
INFO: Run Behavior\WriteHtmlCacheBehavior [ RunTime:0.002120s ]
INFO: [ view_filter ] --END-- [ RunTime:0.002224s ]
INFO: [ app_end ] --START--
INFO: Run Behavior\ShowPageTraceBehavior [ RunTime:0.002882s ]
INFO: [ app_end ] --END-- [ RunTime:0.003013s ]

