[ 2016-06-30T08:36:35+08:00 ] ::1 /R-CMS/admin.php?c=content
INFO: [ app_init ] --START--
INFO: Run Behavior\BuildLiteBehavior [ RunTime:0.000036s ]
INFO: [ app_init ] --END-- [ RunTime:0.002804s ]
INFO: [ app_begin ] --START--
INFO: Run Behavior\ReadHtmlCacheBehavior [ RunTime:0.001615s ]
INFO: [ app_begin ] --END-- [ RunTime:0.001744s ]
NOTIC: [8] Undefined index: title D:\phpStudy\WWW\R-CMS\R-CMS\Admin\Controller\ContentController.class.php 第 13 行.
NOTIC: [8] Undefined index: catid D:\phpStudy\WWW\R-CMS\R-CMS\Admin\Controller\ContentController.class.php 第 17 行.
NOTIC: [8] Undefined index: p D:\phpStudy\WWW\R-CMS\R-CMS\Admin\Controller\ContentController.class.php 第 20 行.
NOTIC: [2048] Declaration of Common\Model\NewsModel::find() should be compatible with that of Think\Model::find() D:\phpStudy\WWW\R-CMS\R-CMS\Common\Model\NewsModel.class.php 第 9 行.
SQL: SHOW COLUMNS FROM `cms_news` [ RunTime:0.0108s ]
NOTIC: [8] Undefined index: title D:\phpStudy\WWW\R-CMS\R-CMS\Common\Model\NewsModel.class.php 第 27 行.
NOTIC: [8] Undefined index: catid D:\phpStudy\WWW\R-CMS\R-CMS\Common\Model\NewsModel.class.php 第 30 行.
SQL: SELECT * FROM `cms_news` WHERE `status` <> -1 ORDER BY listorder,news_id LIMIT 0,2   [ RunTime:0.0021s ]
NOTIC: [8] Undefined index: title D:\phpStudy\WWW\R-CMS\R-CMS\Common\Model\NewsModel.class.php 第 40 行.
NOTIC: [8] Undefined index: catid D:\phpStudy\WWW\R-CMS\R-CMS\Common\Model\NewsModel.class.php 第 43 行.
SQL: SELECT COUNT(*) AS tp_count FROM `cms_news` WHERE `status` <> -1 LIMIT 1   [ RunTime:0.0010s ]
NOTIC: [2048] Declaration of Common\Model\MenuModel::find() should be compatible with that of Think\Model::find() D:\phpStudy\WWW\R-CMS\R-CMS\Common\Model\MenuModel.class.php 第 87 行.
SQL: SHOW COLUMNS FROM `cms_menu` [ RunTime:0.0126s ]
SQL: SELECT * FROM `cms_menu` WHERE `status` <> -1 AND `type` = 0 ORDER BY listorder,menu_id  [ RunTime:0.0010s ]
INFO: [ view_parse ] --START--
INFO: [ template_filter ] --START--
INFO: Run Behavior\ContentReplaceBehavior [ RunTime:0.000132s ]
INFO: [ template_filter ] --END-- [ RunTime:0.000261s ]
SQL: SELECT * FROM `cms_menu` WHERE `status` <> -1 AND `type` = 1 ORDER BY listorder ,menu_id  [ RunTime:0.0017s ]
NOTIC: [8] Undefined variable: user D:\phpStudy\WWW\R-CMS\R-CMS\Runtime\Cache\Admin\c20c847fb46d64d33e0be7dbd1a896e1.php 第 58 行.
NOTIC: [8] Undefined index: catid D:\phpStudy\WWW\R-CMS\R-CMS\Runtime\Cache\Admin\c20c847fb46d64d33e0be7dbd1a896e1.php 第 113 行.
NOTIC: [8] Undefined index: catid D:\phpStudy\WWW\R-CMS\R-CMS\Runtime\Cache\Admin\c20c847fb46d64d33e0be7dbd1a896e1.php 第 113 行.
NOTIC: [8] Undefined index: catid D:\phpStudy\WWW\R-CMS\R-CMS\Runtime\Cache\Admin\c20c847fb46d64d33e0be7dbd1a896e1.php 第 113 行.
NOTIC: [8] Undefined index: catid D:\phpStudy\WWW\R-CMS\R-CMS\Runtime\Cache\Admin\c20c847fb46d64d33e0be7dbd1a896e1.php 第 113 行.
NOTIC: [8] Undefined index: title D:\phpStudy\WWW\R-CMS\R-CMS\Runtime\Cache\Admin\c20c847fb46d64d33e0be7dbd1a896e1.php 第 121 行.
INFO: Run Behavior\ParseTemplateBehavior [ RunTime:0.067089s ]
INFO: [ view_parse ] --END-- [ RunTime:0.067256s ]
INFO: [ view_filter ] --START--
INFO: Run Behavior\WriteHtmlCacheBehavior [ RunTime:0.005797s ]
INFO: [ view_filter ] --END-- [ RunTime:0.005919s ]
INFO: [ app_end ] --START--
INFO: Run Behavior\ShowPageTraceBehavior [ RunTime:0.003383s ]
INFO: [ app_end ] --END-- [ RunTime:0.003639s ]

[ 2016-06-30T08:36:39+08:00 ] ::1 /R-CMS/admin.php?c=content&a=listorder
INFO: [ app_init ] --START--
INFO: Run Behavior\BuildLiteBehavior [ RunTime:0.000036s ]
INFO: [ app_init ] --END-- [ RunTime:0.002636s ]
INFO: [ app_begin ] --START--
INFO: Run Behavior\ReadHtmlCacheBehavior [ RunTime:0.001384s ]
INFO: [ app_begin ] --END-- [ RunTime:0.001512s ]
NOTIC: [2048] Declaration of Common\Model\NewsModel::find() should be compatible with that of Think\Model::find() D:\phpStudy\WWW\R-CMS\R-CMS\Common\Model\NewsModel.class.php 第 9 行.
SQL: SHOW COLUMNS FROM `cms_news` [ RunTime:0.0084s ]
SQL: UPDATE `cms_news` SET `listorder`='0' WHERE ( news_id=10 ) [ RunTime:0.0007s ]
SQL: UPDATE `cms_news` SET `listorder`='2' WHERE ( news_id=11 ) [ RunTime:0.0006s ]

[ 2016-06-30T08:36:41+08:00 ] ::1 /R-CMS/admin.php?c=content
INFO: [ app_init ] --START--
INFO: Run Behavior\BuildLiteBehavior [ RunTime:0.000030s ]
INFO: [ app_init ] --END-- [ RunTime:0.001188s ]
INFO: [ app_begin ] --START--
INFO: Run Behavior\ReadHtmlCacheBehavior [ RunTime:0.001462s ]
INFO: [ app_begin ] --END-- [ RunTime:0.001619s ]
NOTIC: [8] Undefined index: title D:\phpStudy\WWW\R-CMS\R-CMS\Admin\Controller\ContentController.class.php 第 13 行.
NOTIC: [8] Undefined index: catid D:\phpStudy\WWW\R-CMS\R-CMS\Admin\Controller\ContentController.class.php 第 17 行.
NOTIC: [8] Undefined index: p D:\phpStudy\WWW\R-CMS\R-CMS\Admin\Controller\ContentController.class.php 第 20 行.
NOTIC: [2048] Declaration of Common\Model\NewsModel::find() should be compatible with that of Think\Model::find() D:\phpStudy\WWW\R-CMS\R-CMS\Common\Model\NewsModel.class.php 第 9 行.
SQL: SHOW COLUMNS FROM `cms_news` [ RunTime:0.0066s ]
NOTIC: [8] Undefined index: title D:\phpStudy\WWW\R-CMS\R-CMS\Common\Model\NewsModel.class.php 第 27 行.
NOTIC: [8] Undefined index: catid D:\phpStudy\WWW\R-CMS\R-CMS\Common\Model\NewsModel.class.php 第 30 行.
SQL: SELECT * FROM `cms_news` WHERE `status` <> -1 ORDER BY listorder,news_id LIMIT 0,2   [ RunTime:0.0012s ]
NOTIC: [8] Undefined index: title D:\phpStudy\WWW\R-CMS\R-CMS\Common\Model\NewsModel.class.php 第 40 行.
NOTIC: [8] Undefined index: catid D:\phpStudy\WWW\R-CMS\R-CMS\Common\Model\NewsModel.class.php 第 43 行.
SQL: SELECT COUNT(*) AS tp_count FROM `cms_news` WHERE `status` <> -1 LIMIT 1   [ RunTime:0.0006s ]
NOTIC: [2048] Declaration of Common\Model\MenuModel::find() should be compatible with that of Think\Model::find() D:\phpStudy\WWW\R-CMS\R-CMS\Common\Model\MenuModel.class.php 第 87 行.
SQL: SHOW COLUMNS FROM `cms_menu` [ RunTime:0.0073s ]
SQL: SELECT * FROM `cms_menu` WHERE `status` <> -1 AND `type` = 0 ORDER BY listorder,menu_id  [ RunTime:0.0019s ]
INFO: [ view_parse ] --START--
INFO: [ template_filter ] --START--
INFO: Run Behavior\ContentReplaceBehavior [ RunTime:0.000136s ]
INFO: [ template_filter ] --END-- [ RunTime:0.000273s ]
SQL: SELECT * FROM `cms_menu` WHERE `status` <> -1 AND `type` = 1 ORDER BY listorder ,menu_id  [ RunTime:0.0007s ]
NOTIC: [8] Undefined variable: user D:\phpStudy\WWW\R-CMS\R-CMS\Runtime\Cache\Admin\c20c847fb46d64d33e0be7dbd1a896e1.php 第 58 行.
NOTIC: [8] Undefined index: catid D:\phpStudy\WWW\R-CMS\R-CMS\Runtime\Cache\Admin\c20c847fb46d64d33e0be7dbd1a896e1.php 第 113 行.
NOTIC: [8] Undefined index: catid D:\phpStudy\WWW\R-CMS\R-CMS\Runtime\Cache\Admin\c20c847fb46d64d33e0be7dbd1a896e1.php 第 113 行.
NOTIC: [8] Undefined index: catid D:\phpStudy\WWW\R-CMS\R-CMS\Runtime\Cache\Admin\c20c847fb46d64d33e0be7dbd1a896e1.php 第 113 行.
NOTIC: [8] Undefined index: catid D:\phpStudy\WWW\R-CMS\R-CMS\Runtime\Cache\Admin\c20c847fb46d64d33e0be7dbd1a896e1.php 第 113 行.
NOTIC: [8] Undefined index: title D:\phpStudy\WWW\R-CMS\R-CMS\Runtime\Cache\Admin\c20c847fb46d64d33e0be7dbd1a896e1.php 第 121 行.
INFO: Run Behavior\ParseTemplateBehavior [ RunTime:0.026678s ]
INFO: [ view_parse ] --END-- [ RunTime:0.026803s ]
INFO: [ view_filter ] --START--
INFO: Run Behavior\WriteHtmlCacheBehavior [ RunTime:0.001112s ]
INFO: [ view_filter ] --END-- [ RunTime:0.001410s ]
INFO: [ app_end ] --START--
INFO: Run Behavior\ShowPageTraceBehavior [ RunTime:0.002015s ]
INFO: [ app_end ] --END-- [ RunTime:0.002197s ]

[ 2016-06-30T08:36:47+08:00 ] ::1 /R-CMS/admin.php?c=content&a=listorder
INFO: [ app_init ] --START--
INFO: Run Behavior\BuildLiteBehavior [ RunTime:0.000035s ]
INFO: [ app_init ] --END-- [ RunTime:0.001115s ]
INFO: [ app_begin ] --START--
INFO: Run Behavior\ReadHtmlCacheBehavior [ RunTime:0.002425s ]
INFO: [ app_begin ] --END-- [ RunTime:0.002559s ]
NOTIC: [2048] Declaration of Common\Model\NewsModel::find() should be compatible with that of Think\Model::find() D:\phpStudy\WWW\R-CMS\R-CMS\Common\Model\NewsModel.class.php 第 9 行.
SQL: SHOW COLUMNS FROM `cms_news` [ RunTime:0.0113s ]
SQL: UPDATE `cms_news` SET `listorder`='4' WHERE ( news_id=10 ) [ RunTime:0.0007s ]
SQL: UPDATE `cms_news` SET `listorder`='2' WHERE ( news_id=11 ) [ RunTime:0.0005s ]

[ 2016-06-30T08:36:49+08:00 ] ::1 /R-CMS/admin.php?c=content
INFO: [ app_init ] --START--
INFO: Run Behavior\BuildLiteBehavior [ RunTime:0.000033s ]
INFO: [ app_init ] --END-- [ RunTime:0.000938s ]
INFO: [ app_begin ] --START--
INFO: Run Behavior\ReadHtmlCacheBehavior [ RunTime:0.004961s ]
INFO: [ app_begin ] --END-- [ RunTime:0.005133s ]
NOTIC: [8] Undefined index: title D:\phpStudy\WWW\R-CMS\R-CMS\Admin\Controller\ContentController.class.php 第 13 行.
NOTIC: [8] Undefined index: catid D:\phpStudy\WWW\R-CMS\R-CMS\Admin\Controller\ContentController.class.php 第 17 行.
NOTIC: [8] Undefined index: p D:\phpStudy\WWW\R-CMS\R-CMS\Admin\Controller\ContentController.class.php 第 20 行.
NOTIC: [2048] Declaration of Common\Model\NewsModel::find() should be compatible with that of Think\Model::find() D:\phpStudy\WWW\R-CMS\R-CMS\Common\Model\NewsModel.class.php 第 9 行.
SQL: SHOW COLUMNS FROM `cms_news` [ RunTime:0.0096s ]
NOTIC: [8] Undefined index: title D:\phpStudy\WWW\R-CMS\R-CMS\Common\Model\NewsModel.class.php 第 27 行.
NOTIC: [8] Undefined index: catid D:\phpStudy\WWW\R-CMS\R-CMS\Common\Model\NewsModel.class.php 第 30 行.
SQL: SELECT * FROM `cms_news` WHERE `status` <> -1 ORDER BY listorder,news_id LIMIT 0,2   [ RunTime:0.0013s ]
NOTIC: [8] Undefined index: title D:\phpStudy\WWW\R-CMS\R-CMS\Common\Model\NewsModel.class.php 第 40 行.
NOTIC: [8] Undefined index: catid D:\phpStudy\WWW\R-CMS\R-CMS\Common\Model\NewsModel.class.php 第 43 行.
SQL: SELECT COUNT(*) AS tp_count FROM `cms_news` WHERE `status` <> -1 LIMIT 1   [ RunTime:0.0007s ]
NOTIC: [2048] Declaration of Common\Model\MenuModel::find() should be compatible with that of Think\Model::find() D:\phpStudy\WWW\R-CMS\R-CMS\Common\Model\MenuModel.class.php 第 87 行.
SQL: SHOW COLUMNS FROM `cms_menu` [ RunTime:0.0089s ]
SQL: SELECT * FROM `cms_menu` WHERE `status` <> -1 AND `type` = 0 ORDER BY listorder,menu_id  [ RunTime:0.0009s ]
INFO: [ view_parse ] --START--
INFO: [ template_filter ] --START--
INFO: Run Behavior\ContentReplaceBehavior [ RunTime:0.000130s ]
INFO: [ template_filter ] --END-- [ RunTime:0.000266s ]
SQL: SELECT * FROM `cms_menu` WHERE `status` <> -1 AND `type` = 1 ORDER BY listorder ,menu_id  [ RunTime:0.0008s ]
NOTIC: [8] Undefined variable: user D:\phpStudy\WWW\R-CMS\R-CMS\Runtime\Cache\Admin\c20c847fb46d64d33e0be7dbd1a896e1.php 第 58 行.
NOTIC: [8] Undefined index: catid D:\phpStudy\WWW\R-CMS\R-CMS\Runtime\Cache\Admin\c20c847fb46d64d33e0be7dbd1a896e1.php 第 113 行.
NOTIC: [8] Undefined index: catid D:\phpStudy\WWW\R-CMS\R-CMS\Runtime\Cache\Admin\c20c847fb46d64d33e0be7dbd1a896e1.php 第 113 行.
NOTIC: [8] Undefined index: catid D:\phpStudy\WWW\R-CMS\R-CMS\Runtime\Cache\Admin\c20c847fb46d64d33e0be7dbd1a896e1.php 第 113 行.
NOTIC: [8] Undefined index: catid D:\phpStudy\WWW\R-CMS\R-CMS\Runtime\Cache\Admin\c20c847fb46d64d33e0be7dbd1a896e1.php 第 113 行.
NOTIC: [8] Undefined index: title D:\phpStudy\WWW\R-CMS\R-CMS\Runtime\Cache\Admin\c20c847fb46d64d33e0be7dbd1a896e1.php 第 121 行.
INFO: Run Behavior\ParseTemplateBehavior [ RunTime:0.029077s ]
INFO: [ view_parse ] --END-- [ RunTime:0.029202s ]
INFO: [ view_filter ] --START--
INFO: Run Behavior\WriteHtmlCacheBehavior [ RunTime:0.001216s ]
INFO: [ view_filter ] --END-- [ RunTime:0.001334s ]
INFO: [ app_end ] --START--
INFO: Run Behavior\ShowPageTraceBehavior [ RunTime:0.002703s ]
INFO: [ app_end ] --END-- [ RunTime:0.002939s ]

[ 2016-06-30T08:36:55+08:00 ] ::1 /R-CMS/admin.php?c=content&a=listorder
INFO: [ app_init ] --START--
INFO: Run Behavior\BuildLiteBehavior [ RunTime:0.000033s ]
INFO: [ app_init ] --END-- [ RunTime:0.001152s ]
INFO: [ app_begin ] --START--
INFO: Run Behavior\ReadHtmlCacheBehavior [ RunTime:0.003720s ]
INFO: [ app_begin ] --END-- [ RunTime:0.004088s ]
NOTIC: [2048] Declaration of Common\Model\NewsModel::find() should be compatible with that of Think\Model::find() D:\phpStudy\WWW\R-CMS\R-CMS\Common\Model\NewsModel.class.php 第 9 行.
SQL: SHOW COLUMNS FROM `cms_news` [ RunTime:0.0074s ]
SQL: UPDATE `cms_news` SET `listorder`='6' WHERE ( news_id=11 ) [ RunTime:0.0006s ]
SQL: UPDATE `cms_news` SET `listorder`='4' WHERE ( news_id=10 ) [ RunTime:0.0004s ]

[ 2016-06-30T08:36:56+08:00 ] ::1 /R-CMS/admin.php?c=content
INFO: [ app_init ] --START--
INFO: Run Behavior\BuildLiteBehavior [ RunTime:0.000032s ]
INFO: [ app_init ] --END-- [ RunTime:0.001396s ]
INFO: [ app_begin ] --START--
INFO: Run Behavior\ReadHtmlCacheBehavior [ RunTime:0.001417s ]
INFO: [ app_begin ] --END-- [ RunTime:0.001561s ]
NOTIC: [8] Undefined index: title D:\phpStudy\WWW\R-CMS\R-CMS\Admin\Controller\ContentController.class.php 第 13 行.
NOTIC: [8] Undefined index: catid D:\phpStudy\WWW\R-CMS\R-CMS\Admin\Controller\ContentController.class.php 第 17 行.
NOTIC: [8] Undefined index: p D:\phpStudy\WWW\R-CMS\R-CMS\Admin\Controller\ContentController.class.php 第 20 行.
NOTIC: [2048] Declaration of Common\Model\NewsModel::find() should be compatible with that of Think\Model::find() D:\phpStudy\WWW\R-CMS\R-CMS\Common\Model\NewsModel.class.php 第 9 行.
SQL: SHOW COLUMNS FROM `cms_news` [ RunTime:0.0070s ]
NOTIC: [8] Undefined index: title D:\phpStudy\WWW\R-CMS\R-CMS\Common\Model\NewsModel.class.php 第 27 行.
NOTIC: [8] Undefined index: catid D:\phpStudy\WWW\R-CMS\R-CMS\Common\Model\NewsModel.class.php 第 30 行.
SQL: SELECT * FROM `cms_news` WHERE `status` <> -1 ORDER BY listorder,news_id LIMIT 0,2   [ RunTime:0.0007s ]
NOTIC: [8] Undefined index: title D:\phpStudy\WWW\R-CMS\R-CMS\Common\Model\NewsModel.class.php 第 40 行.
NOTIC: [8] Undefined index: catid D:\phpStudy\WWW\R-CMS\R-CMS\Common\Model\NewsModel.class.php 第 43 行.
SQL: SELECT COUNT(*) AS tp_count FROM `cms_news` WHERE `status` <> -1 LIMIT 1   [ RunTime:0.0004s ]
NOTIC: [2048] Declaration of Common\Model\MenuModel::find() should be compatible with that of Think\Model::find() D:\phpStudy\WWW\R-CMS\R-CMS\Common\Model\MenuModel.class.php 第 87 行.
SQL: SHOW COLUMNS FROM `cms_menu` [ RunTime:0.0065s ]
SQL: SELECT * FROM `cms_menu` WHERE `status` <> -1 AND `type` = 0 ORDER BY listorder,menu_id  [ RunTime:0.0006s ]
INFO: [ view_parse ] --START--
INFO: [ template_filter ] --START--
INFO: Run Behavior\ContentReplaceBehavior [ RunTime:0.000120s ]
INFO: [ template_filter ] --END-- [ RunTime:0.000257s ]
SQL: SELECT * FROM `cms_menu` WHERE `status` <> -1 AND `type` = 1 ORDER BY listorder ,menu_id  [ RunTime:0.0007s ]
NOTIC: [8] Undefined variable: user D:\phpStudy\WWW\R-CMS\R-CMS\Runtime\Cache\Admin\c20c847fb46d64d33e0be7dbd1a896e1.php 第 58 行.
NOTIC: [8] Undefined index: catid D:\phpStudy\WWW\R-CMS\R-CMS\Runtime\Cache\Admin\c20c847fb46d64d33e0be7dbd1a896e1.php 第 113 行.
NOTIC: [8] Undefined index: catid D:\phpStudy\WWW\R-CMS\R-CMS\Runtime\Cache\Admin\c20c847fb46d64d33e0be7dbd1a896e1.php 第 113 行.
NOTIC: [8] Undefined index: catid D:\phpStudy\WWW\R-CMS\R-CMS\Runtime\Cache\Admin\c20c847fb46d64d33e0be7dbd1a896e1.php 第 113 行.
NOTIC: [8] Undefined index: catid D:\phpStudy\WWW\R-CMS\R-CMS\Runtime\Cache\Admin\c20c847fb46d64d33e0be7dbd1a896e1.php 第 113 行.
NOTIC: [8] Undefined index: title D:\phpStudy\WWW\R-CMS\R-CMS\Runtime\Cache\Admin\c20c847fb46d64d33e0be7dbd1a896e1.php 第 121 行.
INFO: Run Behavior\ParseTemplateBehavior [ RunTime:0.030176s ]
INFO: [ view_parse ] --END-- [ RunTime:0.030294s ]
INFO: [ view_filter ] --START--
INFO: Run Behavior\WriteHtmlCacheBehavior [ RunTime:0.001075s ]
INFO: [ view_filter ] --END-- [ RunTime:0.001178s ]
INFO: [ app_end ] --START--
INFO: Run Behavior\ShowPageTraceBehavior [ RunTime:0.001988s ]
INFO: [ app_end ] --END-- [ RunTime:0.002206s ]

[ 2016-06-30T08:37:02+08:00 ] ::1 /R-CMS/admin.php?c=content&a=listorder
INFO: [ app_init ] --START--
INFO: Run Behavior\BuildLiteBehavior [ RunTime:0.000029s ]
INFO: [ app_init ] --END-- [ RunTime:0.000881s ]
INFO: [ app_begin ] --START--
INFO: Run Behavior\ReadHtmlCacheBehavior [ RunTime:0.002134s ]
INFO: [ app_begin ] --END-- [ RunTime:0.002288s ]
NOTIC: [2048] Declaration of Common\Model\NewsModel::find() should be compatible with that of Think\Model::find() D:\phpStudy\WWW\R-CMS\R-CMS\Common\Model\NewsModel.class.php 第 9 行.
SQL: SHOW COLUMNS FROM `cms_news` [ RunTime:0.0069s ]
SQL: UPDATE `cms_news` SET `listorder`='4' WHERE ( news_id=10 ) [ RunTime:0.0006s ]
SQL: UPDATE `cms_news` SET `listorder`='1' WHERE ( news_id=11 ) [ RunTime:0.0007s ]

[ 2016-06-30T08:37:04+08:00 ] ::1 /R-CMS/admin.php?c=content
INFO: [ app_init ] --START--
INFO: Run Behavior\BuildLiteBehavior [ RunTime:0.000036s ]
INFO: [ app_init ] --END-- [ RunTime:0.001139s ]
INFO: [ app_begin ] --START--
INFO: Run Behavior\ReadHtmlCacheBehavior [ RunTime:0.001883s ]
INFO: [ app_begin ] --END-- [ RunTime:0.002022s ]
NOTIC: [8] Undefined index: title D:\phpStudy\WWW\R-CMS\R-CMS\Admin\Controller\ContentController.class.php 第 13 行.
NOTIC: [8] Undefined index: catid D:\phpStudy\WWW\R-CMS\R-CMS\Admin\Controller\ContentController.class.php 第 17 行.
NOTIC: [8] Undefined index: p D:\phpStudy\WWW\R-CMS\R-CMS\Admin\Controller\ContentController.class.php 第 20 行.
NOTIC: [2048] Declaration of Common\Model\NewsModel::find() should be compatible with that of Think\Model::find() D:\phpStudy\WWW\R-CMS\R-CMS\Common\Model\NewsModel.class.php 第 9 行.
SQL: SHOW COLUMNS FROM `cms_news` [ RunTime:0.0086s ]
NOTIC: [8] Undefined index: title D:\phpStudy\WWW\R-CMS\R-CMS\Common\Model\NewsModel.class.php 第 27 行.
NOTIC: [8] Undefined index: catid D:\phpStudy\WWW\R-CMS\R-CMS\Common\Model\NewsModel.class.php 第 30 行.
SQL: SELECT * FROM `cms_news` WHERE `status` <> -1 ORDER BY listorder,news_id LIMIT 0,2   [ RunTime:0.0008s ]
NOTIC: [8] Undefined index: title D:\phpStudy\WWW\R-CMS\R-CMS\Common\Model\NewsModel.class.php 第 40 行.
NOTIC: [8] Undefined index: catid D:\phpStudy\WWW\R-CMS\R-CMS\Common\Model\NewsModel.class.php 第 43 行.
SQL: SELECT COUNT(*) AS tp_count FROM `cms_news` WHERE `status` <> -1 LIMIT 1   [ RunTime:0.0004s ]
NOTIC: [2048] Declaration of Common\Model\MenuModel::find() should be compatible with that of Think\Model::find() D:\phpStudy\WWW\R-CMS\R-CMS\Common\Model\MenuModel.class.php 第 87 行.
SQL: SHOW COLUMNS FROM `cms_menu` [ RunTime:0.0070s ]
SQL: SELECT * FROM `cms_menu` WHERE `status` <> -1 AND `type` = 0 ORDER BY listorder,menu_id  [ RunTime:0.0006s ]
INFO: [ view_parse ] --START--
INFO: [ template_filter ] --START--
INFO: Run Behavior\ContentReplaceBehavior [ RunTime:0.000119s ]
INFO: [ template_filter ] --END-- [ RunTime:0.000247s ]
SQL: SELECT * FROM `cms_menu` WHERE `status` <> -1 AND `type` = 1 ORDER BY listorder ,menu_id  [ RunTime:0.0007s ]
NOTIC: [8] Undefined variable: user D:\phpStudy\WWW\R-CMS\R-CMS\Runtime\Cache\Admin\c20c847fb46d64d33e0be7dbd1a896e1.php 第 58 行.
NOTIC: [8] Undefined index: catid D:\phpStudy\WWW\R-CMS\R-CMS\Runtime\Cache\Admin\c20c847fb46d64d33e0be7dbd1a896e1.php 第 113 行.
NOTIC: [8] Undefined index: catid D:\phpStudy\WWW\R-CMS\R-CMS\Runtime\Cache\Admin\c20c847fb46d64d33e0be7dbd1a896e1.php 第 113 行.
NOTIC: [8] Undefined index: catid D:\phpStudy\WWW\R-CMS\R-CMS\Runtime\Cache\Admin\c20c847fb46d64d33e0be7dbd1a896e1.php 第 113 行.
NOTIC: [8] Undefined index: catid D:\phpStudy\WWW\R-CMS\R-CMS\Runtime\Cache\Admin\c20c847fb46d64d33e0be7dbd1a896e1.php 第 113 行.
NOTIC: [8] Undefined index: title D:\phpStudy\WWW\R-CMS\R-CMS\Runtime\Cache\Admin\c20c847fb46d64d33e0be7dbd1a896e1.php 第 121 行.
INFO: Run Behavior\ParseTemplateBehavior [ RunTime:0.030849s ]
INFO: [ view_parse ] --END-- [ RunTime:0.030953s ]
INFO: [ view_filter ] --START--
INFO: Run Behavior\WriteHtmlCacheBehavior [ RunTime:0.001034s ]
INFO: [ view_filter ] --END-- [ RunTime:0.001135s ]
INFO: [ app_end ] --START--
INFO: Run Behavior\ShowPageTraceBehavior [ RunTime:0.002690s ]
INFO: [ app_end ] --END-- [ RunTime:0.002911s ]

[ 2016-06-30T08:54:09+08:00 ] ::1 /R-CMS/admin.php?c=content
INFO: [ app_init ] --START--
INFO: Run Behavior\BuildLiteBehavior [ RunTime:0.000029s ]
INFO: [ app_init ] --END-- [ RunTime:0.000824s ]
INFO: [ app_begin ] --START--
INFO: Run Behavior\ReadHtmlCacheBehavior [ RunTime:0.001271s ]
INFO: [ app_begin ] --END-- [ RunTime:0.001404s ]
NOTIC: [8] Undefined index: title D:\phpStudy\WWW\R-CMS\R-CMS\Admin\Controller\ContentController.class.php 第 13 行.
NOTIC: [8] Undefined index: catid D:\phpStudy\WWW\R-CMS\R-CMS\Admin\Controller\ContentController.class.php 第 17 行.
NOTIC: [8] Undefined index: p D:\phpStudy\WWW\R-CMS\R-CMS\Admin\Controller\ContentController.class.php 第 20 行.
NOTIC: [2048] Declaration of Common\Model\NewsModel::find() should be compatible with that of Think\Model::find() D:\phpStudy\WWW\R-CMS\R-CMS\Common\Model\NewsModel.class.php 第 9 行.
SQL: SHOW COLUMNS FROM `cms_news` [ RunTime:0.0093s ]
NOTIC: [8] Undefined index: title D:\phpStudy\WWW\R-CMS\R-CMS\Common\Model\NewsModel.class.php 第 27 行.
NOTIC: [8] Undefined index: catid D:\phpStudy\WWW\R-CMS\R-CMS\Common\Model\NewsModel.class.php 第 30 行.
SQL: SELECT * FROM `cms_news` WHERE `status` <> -1 ORDER BY listorder,news_id LIMIT 0,2   [ RunTime:0.0013s ]
NOTIC: [8] Undefined index: title D:\phpStudy\WWW\R-CMS\R-CMS\Common\Model\NewsModel.class.php 第 40 行.
NOTIC: [8] Undefined index: catid D:\phpStudy\WWW\R-CMS\R-CMS\Common\Model\NewsModel.class.php 第 43 行.
SQL: SELECT COUNT(*) AS tp_count FROM `cms_news` WHERE `status` <> -1 LIMIT 1   [ RunTime:0.0009s ]
NOTIC: [2048] Declaration of Common\Model\MenuModel::find() should be compatible with that of Think\Model::find() D:\phpStudy\WWW\R-CMS\R-CMS\Common\Model\MenuModel.class.php 第 87 行.
SQL: SHOW COLUMNS FROM `cms_menu` [ RunTime:0.0078s ]
SQL: SELECT * FROM `cms_menu` WHERE `status` <> -1 AND `type` = 0 ORDER BY listorder,menu_id  [ RunTime:0.0009s ]
INFO: [ view_parse ] --START--
INFO: [ template_filter ] --START--
INFO: Run Behavior\ContentReplaceBehavior [ RunTime:0.000119s ]
INFO: [ template_filter ] --END-- [ RunTime:0.000246s ]
SQL: SELECT * FROM `cms_menu` WHERE `status` <> -1 AND `type` = 1 ORDER BY listorder ,menu_id  [ RunTime:0.0007s ]
NOTIC: [8] Undefined variable: user D:\phpStudy\WWW\R-CMS\R-CMS\Runtime\Cache\Admin\c20c847fb46d64d33e0be7dbd1a896e1.php 第 58 行.
NOTIC: [8] Undefined index: catid D:\phpStudy\WWW\R-CMS\R-CMS\Runtime\Cache\Admin\c20c847fb46d64d33e0be7dbd1a896e1.php 第 113 行.
NOTIC: [8] Undefined index: catid D:\phpStudy\WWW\R-CMS\R-CMS\Runtime\Cache\Admin\c20c847fb46d64d33e0be7dbd1a896e1.php 第 113 行.
NOTIC: [8] Undefined index: catid D:\phpStudy\WWW\R-CMS\R-CMS\Runtime\Cache\Admin\c20c847fb46d64d33e0be7dbd1a896e1.php 第 113 行.
NOTIC: [8] Undefined index: catid D:\phpStudy\WWW\R-CMS\R-CMS\Runtime\Cache\Admin\c20c847fb46d64d33e0be7dbd1a896e1.php 第 113 行.
NOTIC: [8] Undefined index: title D:\phpStudy\WWW\R-CMS\R-CMS\Runtime\Cache\Admin\c20c847fb46d64d33e0be7dbd1a896e1.php 第 121 行.
NOTIC: [8] Undefined variable: positions D:\phpStudy\WWW\R-CMS\R-CMS\Runtime\Cache\Admin\c20c847fb46d64d33e0be7dbd1a896e1.php 第 185 行.
INFO: Run Behavior\ParseTemplateBehavior [ RunTime:0.026958s ]
INFO: [ view_parse ] --END-- [ RunTime:0.027075s ]
INFO: [ view_filter ] --START--
INFO: Run Behavior\WriteHtmlCacheBehavior [ RunTime:0.001046s ]
INFO: [ view_filter ] --END-- [ RunTime:0.001148s ]
INFO: [ app_end ] --START--
INFO: Run Behavior\ShowPageTraceBehavior [ RunTime:0.001797s ]
INFO: [ app_end ] --END-- [ RunTime:0.001936s ]

[ 2016-06-30T09:33:22+08:00 ] ::1 /R-CMS/admin.php?c=content
INFO: [ app_init ] --START--
INFO: Run Behavior\BuildLiteBehavior [ RunTime:0.000039s ]
INFO: [ app_init ] --END-- [ RunTime:0.001324s ]
INFO: [ app_begin ] --START--
INFO: Run Behavior\ReadHtmlCacheBehavior [ RunTime:0.002009s ]
INFO: [ app_begin ] --END-- [ RunTime:0.002211s ]
NOTIC: [8] Undefined index: title D:\phpStudy\WWW\R-CMS\R-CMS\Admin\Controller\ContentController.class.php 第 13 行.
NOTIC: [8] Undefined index: catid D:\phpStudy\WWW\R-CMS\R-CMS\Admin\Controller\ContentController.class.php 第 17 行.
NOTIC: [8] Undefined index: p D:\phpStudy\WWW\R-CMS\R-CMS\Admin\Controller\ContentController.class.php 第 20 行.
NOTIC: [2048] Declaration of Common\Model\NewsModel::find() should be compatible with that of Think\Model::find() D:\phpStudy\WWW\R-CMS\R-CMS\Common\Model\NewsModel.class.php 第 9 行.
SQL: SHOW COLUMNS FROM `cms_news` [ RunTime:0.0132s ]
NOTIC: [8] Undefined index: title D:\phpStudy\WWW\R-CMS\R-CMS\Common\Model\NewsModel.class.php 第 27 行.
NOTIC: [8] Undefined index: catid D:\phpStudy\WWW\R-CMS\R-CMS\Common\Model\NewsModel.class.php 第 30 行.
SQL: SELECT * FROM `cms_news` WHERE `status` <> -1 ORDER BY listorder,news_id LIMIT 0,2   [ RunTime:0.0017s ]
NOTIC: [8] Undefined index: title D:\phpStudy\WWW\R-CMS\R-CMS\Common\Model\NewsModel.class.php 第 40 行.
NOTIC: [8] Undefined index: catid D:\phpStudy\WWW\R-CMS\R-CMS\Common\Model\NewsModel.class.php 第 43 行.
SQL: SELECT COUNT(*) AS tp_count FROM `cms_news` WHERE `status` <> -1 LIMIT 1   [ RunTime:0.0007s ]
NOTIC: [2048] Declaration of Common\Model\MenuModel::find() should be compatible with that of Think\Model::find() D:\phpStudy\WWW\R-CMS\R-CMS\Common\Model\MenuModel.class.php 第 87 行.
SQL: SHOW COLUMNS FROM `cms_menu` [ RunTime:0.0094s ]
SQL: SELECT * FROM `cms_menu` WHERE `status` <> -1 AND `type` = 0 ORDER BY listorder,menu_id  [ RunTime:0.0009s ]
SQL: SHOW COLUMNS FROM `cms_position` [ RunTime:0.0298s ]
SQL: SELECT * FROM `cms_position` WHERE `status` = 1 ORDER BY id  [ RunTime:0.0008s ]
INFO: [ view_parse ] --START--
INFO: [ template_filter ] --START--
INFO: Run Behavior\ContentReplaceBehavior [ RunTime:0.000164s ]
INFO: [ template_filter ] --END-- [ RunTime:0.000335s ]
SQL: SELECT * FROM `cms_menu` WHERE `status` <> -1 AND `type` = 1 ORDER BY listorder ,menu_id  [ RunTime:0.0009s ]
NOTIC: [8] Undefined variable: user D:\phpStudy\WWW\R-CMS\R-CMS\Runtime\Cache\Admin\c20c847fb46d64d33e0be7dbd1a896e1.php 第 58 行.
NOTIC: [8] Undefined index: catid D:\phpStudy\WWW\R-CMS\R-CMS\Runtime\Cache\Admin\c20c847fb46d64d33e0be7dbd1a896e1.php 第 113 行.
NOTIC: [8] Undefined index: catid D:\phpStudy\WWW\R-CMS\R-CMS\Runtime\Cache\Admin\c20c847fb46d64d33e0be7dbd1a896e1.php 第 113 行.
NOTIC: [8] Undefined index: catid D:\phpStudy\WWW\R-CMS\R-CMS\Runtime\Cache\Admin\c20c847fb46d64d33e0be7dbd1a896e1.php 第 113 行.
NOTIC: [8] Undefined index: catid D:\phpStudy\WWW\R-CMS\R-CMS\Runtime\Cache\Admin\c20c847fb46d64d33e0be7dbd1a896e1.php 第 113 行.
NOTIC: [8] Undefined index: title D:\phpStudy\WWW\R-CMS\R-CMS\Runtime\Cache\Admin\c20c847fb46d64d33e0be7dbd1a896e1.php 第 121 行.
INFO: Run Behavior\ParseTemplateBehavior [ RunTime:0.036181s ]
INFO: [ view_parse ] --END-- [ RunTime:0.036343s ]
INFO: [ view_filter ] --START--
INFO: Run Behavior\WriteHtmlCacheBehavior [ RunTime:0.001335s ]
INFO: [ view_filter ] --END-- [ RunTime:0.001480s ]
INFO: [ app_end ] --START--
INFO: Run Behavior\ShowPageTraceBehavior [ RunTime:0.001998s ]
INFO: [ app_end ] --END-- [ RunTime:0.002199s ]

[ 2016-06-30T09:39:50+08:00 ] ::1 /R-CMS/admin.php?c=content
INFO: [ app_init ] --START--
INFO: Run Behavior\BuildLiteBehavior [ RunTime:0.000033s ]
INFO: [ app_init ] --END-- [ RunTime:0.000949s ]
INFO: [ app_begin ] --START--
INFO: Run Behavior\ReadHtmlCacheBehavior [ RunTime:0.001279s ]
INFO: [ app_begin ] --END-- [ RunTime:0.001404s ]
NOTIC: [8] Undefined index: title D:\phpStudy\WWW\R-CMS\R-CMS\Admin\Controller\ContentController.class.php 第 13 行.
NOTIC: [8] Undefined index: catid D:\phpStudy\WWW\R-CMS\R-CMS\Admin\Controller\ContentController.class.php 第 17 行.
NOTIC: [8] Undefined index: p D:\phpStudy\WWW\R-CMS\R-CMS\Admin\Controller\ContentController.class.php 第 20 行.
NOTIC: [2048] Declaration of Common\Model\NewsModel::find() should be compatible with that of Think\Model::find() D:\phpStudy\WWW\R-CMS\R-CMS\Common\Model\NewsModel.class.php 第 9 行.
SQL: SHOW COLUMNS FROM `cms_news` [ RunTime:0.0080s ]
NOTIC: [8] Undefined index: title D:\phpStudy\WWW\R-CMS\R-CMS\Common\Model\NewsModel.class.php 第 27 行.
NOTIC: [8] Undefined index: catid D:\phpStudy\WWW\R-CMS\R-CMS\Common\Model\NewsModel.class.php 第 30 行.
SQL: SELECT * FROM `cms_news` WHERE `status` <> -1 ORDER BY listorder,news_id LIMIT 0,2   [ RunTime:0.0013s ]
NOTIC: [8] Undefined index: title D:\phpStudy\WWW\R-CMS\R-CMS\Common\Model\NewsModel.class.php 第 40 行.
NOTIC: [8] Undefined index: catid D:\phpStudy\WWW\R-CMS\R-CMS\Common\Model\NewsModel.class.php 第 43 行.
SQL: SELECT COUNT(*) AS tp_count FROM `cms_news` WHERE `status` <> -1 LIMIT 1   [ RunTime:0.0005s ]
NOTIC: [2048] Declaration of Common\Model\MenuModel::find() should be compatible with that of Think\Model::find() D:\phpStudy\WWW\R-CMS\R-CMS\Common\Model\MenuModel.class.php 第 87 行.
SQL: SHOW COLUMNS FROM `cms_menu` [ RunTime:0.0065s ]
SQL: SELECT * FROM `cms_menu` WHERE `status` <> -1 AND `type` = 0 ORDER BY listorder,menu_id  [ RunTime:0.0007s ]
SQL: SHOW COLUMNS FROM `cms_position` [ RunTime:0.0079s ]
SQL: SELECT * FROM `cms_position` WHERE `status` = 1 ORDER BY id  [ RunTime:0.0006s ]
INFO: [ view_parse ] --START--
INFO: [ template_filter ] --START--
INFO: Run Behavior\ContentReplaceBehavior [ RunTime:0.000138s ]
INFO: [ template_filter ] --END-- [ RunTime:0.000267s ]
SQL: SELECT * FROM `cms_menu` WHERE `status` <> -1 AND `type` = 1 ORDER BY listorder ,menu_id  [ RunTime:0.0013s ]
NOTIC: [8] Undefined variable: user D:\phpStudy\WWW\R-CMS\R-CMS\Runtime\Cache\Admin\c20c847fb46d64d33e0be7dbd1a896e1.php 第 58 行.
NOTIC: [8] Undefined index: catid D:\phpStudy\WWW\R-CMS\R-CMS\Runtime\Cache\Admin\c20c847fb46d64d33e0be7dbd1a896e1.php 第 113 行.
NOTIC: [8] Undefined index: catid D:\phpStudy\WWW\R-CMS\R-CMS\Runtime\Cache\Admin\c20c847fb46d64d33e0be7dbd1a896e1.php 第 113 行.
NOTIC: [8] Undefined index: catid D:\phpStudy\WWW\R-CMS\R-CMS\Runtime\Cache\Admin\c20c847fb46d64d33e0be7dbd1a896e1.php 第 113 行.
NOTIC: [8] Undefined index: catid D:\phpStudy\WWW\R-CMS\R-CMS\Runtime\Cache\Admin\c20c847fb46d64d33e0be7dbd1a896e1.php 第 113 行.
NOTIC: [8] Undefined index: title D:\phpStudy\WWW\R-CMS\R-CMS\Runtime\Cache\Admin\c20c847fb46d64d33e0be7dbd1a896e1.php 第 121 行.
INFO: Run Behavior\ParseTemplateBehavior [ RunTime:0.027333s ]
INFO: [ view_parse ] --END-- [ RunTime:0.027441s ]
INFO: [ view_filter ] --START--
INFO: Run Behavior\WriteHtmlCacheBehavior [ RunTime:0.001271s ]
INFO: [ view_filter ] --END-- [ RunTime:0.001388s ]
INFO: [ app_end ] --START--
INFO: Run Behavior\ShowPageTraceBehavior [ RunTime:0.001811s ]
INFO: [ app_end ] --END-- [ RunTime:0.001944s ]

[ 2016-06-30T09:42:01+08:00 ] ::1 /R-CMS/admin.php?c=content
INFO: [ app_init ] --START--
INFO: Run Behavior\BuildLiteBehavior [ RunTime:0.000055s ]
INFO: [ app_init ] --END-- [ RunTime:0.001103s ]
INFO: [ app_begin ] --START--
INFO: Run Behavior\ReadHtmlCacheBehavior [ RunTime:0.001370s ]
INFO: [ app_begin ] --END-- [ RunTime:0.001499s ]
NOTIC: [8] Undefined index: title D:\phpStudy\WWW\R-CMS\R-CMS\Admin\Controller\ContentController.class.php 第 13 行.
NOTIC: [8] Undefined index: catid D:\phpStudy\WWW\R-CMS\R-CMS\Admin\Controller\ContentController.class.php 第 17 行.
NOTIC: [8] Undefined index: p D:\phpStudy\WWW\R-CMS\R-CMS\Admin\Controller\ContentController.class.php 第 20 行.
NOTIC: [2048] Declaration of Common\Model\NewsModel::find() should be compatible with that of Think\Model::find() D:\phpStudy\WWW\R-CMS\R-CMS\Common\Model\NewsModel.class.php 第 9 行.
SQL: SHOW COLUMNS FROM `cms_news` [ RunTime:0.0085s ]
NOTIC: [8] Undefined index: title D:\phpStudy\WWW\R-CMS\R-CMS\Common\Model\NewsModel.class.php 第 27 行.
NOTIC: [8] Undefined index: catid D:\phpStudy\WWW\R-CMS\R-CMS\Common\Model\NewsModel.class.php 第 30 行.
SQL: SELECT * FROM `cms_news` WHERE `status` <> -1 ORDER BY listorder,news_id LIMIT 0,2   [ RunTime:0.0008s ]
NOTIC: [8] Undefined index: title D:\phpStudy\WWW\R-CMS\R-CMS\Common\Model\NewsModel.class.php 第 40 行.
NOTIC: [8] Undefined index: catid D:\phpStudy\WWW\R-CMS\R-CMS\Common\Model\NewsModel.class.php 第 43 行.
SQL: SELECT COUNT(*) AS tp_count FROM `cms_news` WHERE `status` <> -1 LIMIT 1   [ RunTime:0.0005s ]
NOTIC: [2048] Declaration of Common\Model\MenuModel::find() should be compatible with that of Think\Model::find() D:\phpStudy\WWW\R-CMS\R-CMS\Common\Model\MenuModel.class.php 第 87 行.
SQL: SHOW COLUMNS FROM `cms_menu` [ RunTime:0.0067s ]
SQL: SELECT * FROM `cms_menu` WHERE `status` <> -1 AND `type` = 0 ORDER BY listorder,menu_id  [ RunTime:0.0006s ]
SQL: SHOW COLUMNS FROM `cms_position` [ RunTime:0.0084s ]
SQL: SELECT * FROM `cms_position` WHERE `status` = 1 ORDER BY id  [ RunTime:0.0007s ]
INFO: [ view_parse ] --START--
INFO: [ template_filter ] --START--
INFO: Run Behavior\ContentReplaceBehavior [ RunTime:0.000143s ]
INFO: [ template_filter ] --END-- [ RunTime:0.000402s ]
SQL: SELECT * FROM `cms_menu` WHERE `status` <> -1 AND `type` = 1 ORDER BY listorder ,menu_id  [ RunTime:0.0008s ]
NOTIC: [8] Undefined variable: user D:\phpStudy\WWW\R-CMS\R-CMS\Runtime\Cache\Admin\c20c847fb46d64d33e0be7dbd1a896e1.php 第 58 行.
NOTIC: [8] Undefined index: catid D:\phpStudy\WWW\R-CMS\R-CMS\Runtime\Cache\Admin\c20c847fb46d64d33e0be7dbd1a896e1.php 第 113 行.
NOTIC: [8] Undefined index: catid D:\phpStudy\WWW\R-CMS\R-CMS\Runtime\Cache\Admin\c20c847fb46d64d33e0be7dbd1a896e1.php 第 113 行.
NOTIC: [8] Undefined index: catid D:\phpStudy\WWW\R-CMS\R-CMS\Runtime\Cache\Admin\c20c847fb46d64d33e0be7dbd1a896e1.php 第 113 行.
NOTIC: [8] Undefined index: catid D:\phpStudy\WWW\R-CMS\R-CMS\Runtime\Cache\Admin\c20c847fb46d64d33e0be7dbd1a896e1.php 第 113 行.
NOTIC: [8] Undefined index: title D:\phpStudy\WWW\R-CMS\R-CMS\Runtime\Cache\Admin\c20c847fb46d64d33e0be7dbd1a896e1.php 第 121 行.
INFO: Run Behavior\ParseTemplateBehavior [ RunTime:0.031622s ]
INFO: [ view_parse ] --END-- [ RunTime:0.031723s ]
INFO: [ view_filter ] --START--
INFO: Run Behavior\WriteHtmlCacheBehavior [ RunTime:0.001032s ]
INFO: [ view_filter ] --END-- [ RunTime:0.001134s ]
INFO: [ app_end ] --START--
INFO: Run Behavior\ShowPageTraceBehavior [ RunTime:0.001719s ]
INFO: [ app_end ] --END-- [ RunTime:0.001861s ]

[ 2016-06-30T09:49:12+08:00 ] ::1 /R-CMS/admin.php?c=content
INFO: [ app_init ] --START--
INFO: Run Behavior\BuildLiteBehavior [ RunTime:0.000028s ]
INFO: [ app_init ] --END-- [ RunTime:0.000889s ]
INFO: [ app_begin ] --START--
INFO: Run Behavior\ReadHtmlCacheBehavior [ RunTime:0.001341s ]
INFO: [ app_begin ] --END-- [ RunTime:0.001465s ]
NOTIC: [8] Undefined index: title D:\phpStudy\WWW\R-CMS\R-CMS\Admin\Controller\ContentController.class.php 第 13 行.
NOTIC: [8] Undefined index: catid D:\phpStudy\WWW\R-CMS\R-CMS\Admin\Controller\ContentController.class.php 第 17 行.
NOTIC: [8] Undefined index: p D:\phpStudy\WWW\R-CMS\R-CMS\Admin\Controller\ContentController.class.php 第 20 行.
NOTIC: [2048] Declaration of Common\Model\NewsModel::find() should be compatible with that of Think\Model::find() D:\phpStudy\WWW\R-CMS\R-CMS\Common\Model\NewsModel.class.php 第 9 行.
SQL: SHOW COLUMNS FROM `cms_news` [ RunTime:0.0097s ]
NOTIC: [8] Undefined index: title D:\phpStudy\WWW\R-CMS\R-CMS\Common\Model\NewsModel.class.php 第 27 行.
NOTIC: [8] Undefined index: catid D:\phpStudy\WWW\R-CMS\R-CMS\Common\Model\NewsModel.class.php 第 30 行.
SQL: SELECT * FROM `cms_news` WHERE `status` <> -1 ORDER BY listorder,news_id LIMIT 0,2   [ RunTime:0.0008s ]
NOTIC: [8] Undefined index: title D:\phpStudy\WWW\R-CMS\R-CMS\Common\Model\NewsModel.class.php 第 40 行.
NOTIC: [8] Undefined index: catid D:\phpStudy\WWW\R-CMS\R-CMS\Common\Model\NewsModel.class.php 第 43 行.
SQL: SELECT COUNT(*) AS tp_count FROM `cms_news` WHERE `status` <> -1 LIMIT 1   [ RunTime:0.0005s ]
NOTIC: [2048] Declaration of Common\Model\MenuModel::find() should be compatible with that of Think\Model::find() D:\phpStudy\WWW\R-CMS\R-CMS\Common\Model\MenuModel.class.php 第 87 行.
SQL: SHOW COLUMNS FROM `cms_menu` [ RunTime:0.0071s ]
SQL: SELECT * FROM `cms_menu` WHERE `status` <> -1 AND `type` = 0 ORDER BY listorder,menu_id  [ RunTime:0.0007s ]
SQL: SHOW COLUMNS FROM `cms_position` [ RunTime:0.0071s ]
SQL: SELECT * FROM `cms_position` WHERE `status` = 1 ORDER BY id  [ RunTime:0.0006s ]
INFO: [ view_parse ] --START--
INFO: [ template_filter ] --START--
INFO: Run Behavior\ContentReplaceBehavior [ RunTime:0.000162s ]
INFO: [ template_filter ] --END-- [ RunTime:0.000308s ]
SQL: SELECT * FROM `cms_menu` WHERE `status` <> -1 AND `type` = 1 ORDER BY listorder ,menu_id  [ RunTime:0.0007s ]
NOTIC: [8] Undefined variable: user D:\phpStudy\WWW\R-CMS\R-CMS\Runtime\Cache\Admin\c20c847fb46d64d33e0be7dbd1a896e1.php 第 58 行.
NOTIC: [8] Undefined index: catid D:\phpStudy\WWW\R-CMS\R-CMS\Runtime\Cache\Admin\c20c847fb46d64d33e0be7dbd1a896e1.php 第 113 行.
NOTIC: [8] Undefined index: catid D:\phpStudy\WWW\R-CMS\R-CMS\Runtime\Cache\Admin\c20c847fb46d64d33e0be7dbd1a896e1.php 第 113 行.
NOTIC: [8] Undefined index: catid D:\phpStudy\WWW\R-CMS\R-CMS\Runtime\Cache\Admin\c20c847fb46d64d33e0be7dbd1a896e1.php 第 113 行.
NOTIC: [8] Undefined index: catid D:\phpStudy\WWW\R-CMS\R-CMS\Runtime\Cache\Admin\c20c847fb46d64d33e0be7dbd1a896e1.php 第 113 行.
NOTIC: [8] Undefined index: title D:\phpStudy\WWW\R-CMS\R-CMS\Runtime\Cache\Admin\c20c847fb46d64d33e0be7dbd1a896e1.php 第 121 行.
INFO: Run Behavior\ParseTemplateBehavior [ RunTime:0.032598s ]
INFO: [ view_parse ] --END-- [ RunTime:0.032705s ]
INFO: [ view_filter ] --START--
INFO: Run Behavior\WriteHtmlCacheBehavior [ RunTime:0.001258s ]
INFO: [ view_filter ] --END-- [ RunTime:0.001372s ]
INFO: [ app_end ] --START--
INFO: Run Behavior\ShowPageTraceBehavior [ RunTime:0.001968s ]
INFO: [ app_end ] --END-- [ RunTime:0.002098s ]

[ 2016-06-30T09:49:53+08:00 ] ::1 /R-CMS/admin.php?c=content
INFO: [ app_init ] --START--
INFO: Run Behavior\BuildLiteBehavior [ RunTime:0.000027s ]
INFO: [ app_init ] --END-- [ RunTime:0.000834s ]
INFO: [ app_begin ] --START--
INFO: Run Behavior\ReadHtmlCacheBehavior [ RunTime:0.001372s ]
INFO: [ app_begin ] --END-- [ RunTime:0.001499s ]
NOTIC: [8] Undefined index: title D:\phpStudy\WWW\R-CMS\R-CMS\Admin\Controller\ContentController.class.php 第 13 行.
NOTIC: [8] Undefined index: catid D:\phpStudy\WWW\R-CMS\R-CMS\Admin\Controller\ContentController.class.php 第 17 行.
NOTIC: [8] Undefined index: p D:\phpStudy\WWW\R-CMS\R-CMS\Admin\Controller\ContentController.class.php 第 20 行.
NOTIC: [2048] Declaration of Common\Model\NewsModel::find() should be compatible with that of Think\Model::find() D:\phpStudy\WWW\R-CMS\R-CMS\Common\Model\NewsModel.class.php 第 9 行.
SQL: SHOW COLUMNS FROM `cms_news` [ RunTime:0.0091s ]
NOTIC: [8] Undefined index: title D:\phpStudy\WWW\R-CMS\R-CMS\Common\Model\NewsModel.class.php 第 27 行.
NOTIC: [8] Undefined index: catid D:\phpStudy\WWW\R-CMS\R-CMS\Common\Model\NewsModel.class.php 第 30 行.
SQL: SELECT * FROM `cms_news` WHERE `status` <> -1 ORDER BY listorder,news_id LIMIT 0,2   [ RunTime:0.0009s ]
NOTIC: [8] Undefined index: title D:\phpStudy\WWW\R-CMS\R-CMS\Common\Model\NewsModel.class.php 第 40 行.
NOTIC: [8] Undefined index: catid D:\phpStudy\WWW\R-CMS\R-CMS\Common\Model\NewsModel.class.php 第 43 行.
SQL: SELECT COUNT(*) AS tp_count FROM `cms_news` WHERE `status` <> -1 LIMIT 1   [ RunTime:0.0005s ]
NOTIC: [2048] Declaration of Common\Model\MenuModel::find() should be compatible with that of Think\Model::find() D:\phpStudy\WWW\R-CMS\R-CMS\Common\Model\MenuModel.class.php 第 87 行.
SQL: SHOW COLUMNS FROM `cms_menu` [ RunTime:0.0066s ]
SQL: SELECT * FROM `cms_menu` WHERE `status` <> -1 AND `type` = 0 ORDER BY listorder,menu_id  [ RunTime:0.0006s ]
SQL: SHOW COLUMNS FROM `cms_position` [ RunTime:0.0062s ]
SQL: SELECT * FROM `cms_position` WHERE `status` = 1 ORDER BY id  [ RunTime:0.0006s ]
INFO: [ view_parse ] --START--
INFO: [ template_filter ] --START--
INFO: Run Behavior\ContentReplaceBehavior [ RunTime:0.000170s ]
INFO: [ template_filter ] --END-- [ RunTime:0.000294s ]
SQL: SELECT * FROM `cms_menu` WHERE `status` <> -1 AND `type` = 1 ORDER BY listorder ,menu_id  [ RunTime:0.0010s ]
NOTIC: [8] Undefined variable: user D:\phpStudy\WWW\R-CMS\R-CMS\Runtime\Cache\Admin\c20c847fb46d64d33e0be7dbd1a896e1.php 第 58 行.
NOTIC: [8] Undefined index: catid D:\phpStudy\WWW\R-CMS\R-CMS\Runtime\Cache\Admin\c20c847fb46d64d33e0be7dbd1a896e1.php 第 113 行.
NOTIC: [8] Undefined index: catid D:\phpStudy\WWW\R-CMS\R-CMS\Runtime\Cache\Admin\c20c847fb46d64d33e0be7dbd1a896e1.php 第 113 行.
NOTIC: [8] Undefined index: catid D:\phpStudy\WWW\R-CMS\R-CMS\Runtime\Cache\Admin\c20c847fb46d64d33e0be7dbd1a896e1.php 第 113 行.
NOTIC: [8] Undefined index: catid D:\phpStudy\WWW\R-CMS\R-CMS\Runtime\Cache\Admin\c20c847fb46d64d33e0be7dbd1a896e1.php 第 113 行.
NOTIC: [8] Undefined index: title D:\phpStudy\WWW\R-CMS\R-CMS\Runtime\Cache\Admin\c20c847fb46d64d33e0be7dbd1a896e1.php 第 121 行.
INFO: Run Behavior\ParseTemplateBehavior [ RunTime:0.033622s ]
INFO: [ view_parse ] --END-- [ RunTime:0.033726s ]
INFO: [ view_filter ] --START--
INFO: Run Behavior\WriteHtmlCacheBehavior [ RunTime:0.001420s ]
INFO: [ view_filter ] --END-- [ RunTime:0.001563s ]
INFO: [ app_end ] --START--
INFO: Run Behavior\ShowPageTraceBehavior [ RunTime:0.001973s ]
INFO: [ app_end ] --END-- [ RunTime:0.002111s ]

[ 2016-06-30T10:08:00+08:00 ] ::1 /R-CMS/admin.php?c=content
INFO: [ app_init ] --START--
INFO: Run Behavior\BuildLiteBehavior [ RunTime:0.000033s ]
INFO: [ app_init ] --END-- [ RunTime:0.000885s ]
INFO: [ app_begin ] --START--
INFO: Run Behavior\ReadHtmlCacheBehavior [ RunTime:0.001431s ]
INFO: [ app_begin ] --END-- [ RunTime:0.001562s ]
NOTIC: [8] Undefined index: title D:\phpStudy\WWW\R-CMS\R-CMS\Admin\Controller\ContentController.class.php 第 13 行.
NOTIC: [8] Undefined index: catid D:\phpStudy\WWW\R-CMS\R-CMS\Admin\Controller\ContentController.class.php 第 17 行.
NOTIC: [8] Undefined index: p D:\phpStudy\WWW\R-CMS\R-CMS\Admin\Controller\ContentController.class.php 第 20 行.
NOTIC: [2048] Declaration of Common\Model\NewsModel::find() should be compatible with that of Think\Model::find() D:\phpStudy\WWW\R-CMS\R-CMS\Common\Model\NewsModel.class.php 第 9 行.
SQL: SHOW COLUMNS FROM `cms_news` [ RunTime:0.0096s ]
NOTIC: [8] Undefined index: title D:\phpStudy\WWW\R-CMS\R-CMS\Common\Model\NewsModel.class.php 第 27 行.
NOTIC: [8] Undefined index: catid D:\phpStudy\WWW\R-CMS\R-CMS\Common\Model\NewsModel.class.php 第 30 行.
SQL: SELECT * FROM `cms_news` WHERE `status` <> -1 ORDER BY listorder,news_id LIMIT 0,2   [ RunTime:0.0009s ]
NOTIC: [8] Undefined index: title D:\phpStudy\WWW\R-CMS\R-CMS\Common\Model\NewsModel.class.php 第 40 行.
NOTIC: [8] Undefined index: catid D:\phpStudy\WWW\R-CMS\R-CMS\Common\Model\NewsModel.class.php 第 43 行.
SQL: SELECT COUNT(*) AS tp_count FROM `cms_news` WHERE `status` <> -1 LIMIT 1   [ RunTime:0.0004s ]
NOTIC: [2048] Declaration of Common\Model\MenuModel::find() should be compatible with that of Think\Model::find() D:\phpStudy\WWW\R-CMS\R-CMS\Common\Model\MenuModel.class.php 第 87 行.
SQL: SHOW COLUMNS FROM `cms_menu` [ RunTime:0.0071s ]
SQL: SELECT * FROM `cms_menu` WHERE `status` <> -1 AND `type` = 0 ORDER BY listorder,menu_id  [ RunTime:0.0006s ]
SQL: SHOW COLUMNS FROM `cms_position` [ RunTime:0.0110s ]
SQL: SELECT * FROM `cms_position` WHERE `status` = 1 ORDER BY id  [ RunTime:0.0010s ]
INFO: [ view_parse ] --START--
INFO: [ template_filter ] --START--
INFO: Run Behavior\ContentReplaceBehavior [ RunTime:0.000129s ]
INFO: [ template_filter ] --END-- [ RunTime:0.000279s ]
SQL: SELECT * FROM `cms_menu` WHERE `status` <> -1 AND `type` = 1 ORDER BY listorder ,menu_id  [ RunTime:0.0010s ]
NOTIC: [8] Undefined variable: user D:\phpStudy\WWW\R-CMS\R-CMS\Runtime\Cache\Admin\c20c847fb46d64d33e0be7dbd1a896e1.php 第 58 行.
NOTIC: [8] Undefined index: catid D:\phpStudy\WWW\R-CMS\R-CMS\Runtime\Cache\Admin\c20c847fb46d64d33e0be7dbd1a896e1.php 第 113 行.
NOTIC: [8] Undefined index: catid D:\phpStudy\WWW\R-CMS\R-CMS\Runtime\Cache\Admin\c20c847fb46d64d33e0be7dbd1a896e1.php 第 113 行.
NOTIC: [8] Undefined index: catid D:\phpStudy\WWW\R-CMS\R-CMS\Runtime\Cache\Admin\c20c847fb46d64d33e0be7dbd1a896e1.php 第 113 行.
NOTIC: [8] Undefined index: catid D:\phpStudy\WWW\R-CMS\R-CMS\Runtime\Cache\Admin\c20c847fb46d64d33e0be7dbd1a896e1.php 第 113 行.
NOTIC: [8] Undefined index: title D:\phpStudy\WWW\R-CMS\R-CMS\Runtime\Cache\Admin\c20c847fb46d64d33e0be7dbd1a896e1.php 第 121 行.
INFO: Run Behavior\ParseTemplateBehavior [ RunTime:0.027686s ]
INFO: [ view_parse ] --END-- [ RunTime:0.027805s ]
INFO: [ view_filter ] --START--
INFO: Run Behavior\WriteHtmlCacheBehavior [ RunTime:0.001463s ]
INFO: [ view_filter ] --END-- [ RunTime:0.001759s ]
INFO: [ app_end ] --START--
INFO: Run Behavior\ShowPageTraceBehavior [ RunTime:0.001752s ]
INFO: [ app_end ] --END-- [ RunTime:0.001922s ]

[ 2016-06-30T10:08:53+08:00 ] ::1 /R-CMS/admin.php?c=content
INFO: [ app_init ] --START--
INFO: Run Behavior\BuildLiteBehavior [ RunTime:0.000032s ]
INFO: [ app_init ] --END-- [ RunTime:0.001082s ]
INFO: [ app_begin ] --START--
INFO: Run Behavior\ReadHtmlCacheBehavior [ RunTime:0.003140s ]
INFO: [ app_begin ] --END-- [ RunTime:0.003275s ]
NOTIC: [8] Undefined index: title D:\phpStudy\WWW\R-CMS\R-CMS\Admin\Controller\ContentController.class.php 第 13 行.
NOTIC: [8] Undefined index: catid D:\phpStudy\WWW\R-CMS\R-CMS\Admin\Controller\ContentController.class.php 第 17 行.
NOTIC: [8] Undefined index: p D:\phpStudy\WWW\R-CMS\R-CMS\Admin\Controller\ContentController.class.php 第 20 行.
NOTIC: [2048] Declaration of Common\Model\NewsModel::find() should be compatible with that of Think\Model::find() D:\phpStudy\WWW\R-CMS\R-CMS\Common\Model\NewsModel.class.php 第 9 行.
SQL: SHOW COLUMNS FROM `cms_news` [ RunTime:0.0086s ]
NOTIC: [8] Undefined index: title D:\phpStudy\WWW\R-CMS\R-CMS\Common\Model\NewsModel.class.php 第 27 行.
NOTIC: [8] Undefined index: catid D:\phpStudy\WWW\R-CMS\R-CMS\Common\Model\NewsModel.class.php 第 30 行.
SQL: SELECT * FROM `cms_news` WHERE `status` <> -1 ORDER BY listorder,news_id LIMIT 0,2   [ RunTime:0.0007s ]
NOTIC: [8] Undefined index: title D:\phpStudy\WWW\R-CMS\R-CMS\Common\Model\NewsModel.class.php 第 40 行.
NOTIC: [8] Undefined index: catid D:\phpStudy\WWW\R-CMS\R-CMS\Common\Model\NewsModel.class.php 第 43 行.
SQL: SELECT COUNT(*) AS tp_count FROM `cms_news` WHERE `status` <> -1 LIMIT 1   [ RunTime:0.0004s ]
NOTIC: [2048] Declaration of Common\Model\MenuModel::find() should be compatible with that of Think\Model::find() D:\phpStudy\WWW\R-CMS\R-CMS\Common\Model\MenuModel.class.php 第 87 行.
SQL: SHOW COLUMNS FROM `cms_menu` [ RunTime:0.0079s ]
SQL: SELECT * FROM `cms_menu` WHERE `status` <> -1 AND `type` = 0 ORDER BY listorder,menu_id  [ RunTime:0.0007s ]
SQL: SHOW COLUMNS FROM `cms_position` [ RunTime:0.0061s ]
SQL: SELECT * FROM `cms_position` WHERE `status` = 1 ORDER BY id  [ RunTime:0.0011s ]
INFO: [ view_parse ] --START--
INFO: [ template_filter ] --START--
INFO: Run Behavior\ContentReplaceBehavior [ RunTime:0.000138s ]
INFO: [ template_filter ] --END-- [ RunTime:0.000273s ]
SQL: SELECT * FROM `cms_menu` WHERE `status` <> -1 AND `type` = 1 ORDER BY listorder ,menu_id  [ RunTime:0.0007s ]
NOTIC: [8] Undefined variable: user D:\phpStudy\WWW\R-CMS\R-CMS\Runtime\Cache\Admin\c20c847fb46d64d33e0be7dbd1a896e1.php 第 58 行.
NOTIC: [8] Undefined index: catid D:\phpStudy\WWW\R-CMS\R-CMS\Runtime\Cache\Admin\c20c847fb46d64d33e0be7dbd1a896e1.php 第 113 行.
NOTIC: [8] Undefined index: catid D:\phpStudy\WWW\R-CMS\R-CMS\Runtime\Cache\Admin\c20c847fb46d64d33e0be7dbd1a896e1.php 第 113 行.
NOTIC: [8] Undefined index: catid D:\phpStudy\WWW\R-CMS\R-CMS\Runtime\Cache\Admin\c20c847fb46d64d33e0be7dbd1a896e1.php 第 113 行.
NOTIC: [8] Undefined index: catid D:\phpStudy\WWW\R-CMS\R-CMS\Runtime\Cache\Admin\c20c847fb46d64d33e0be7dbd1a896e1.php 第 113 行.
NOTIC: [8] Undefined index: title D:\phpStudy\WWW\R-CMS\R-CMS\Runtime\Cache\Admin\c20c847fb46d64d33e0be7dbd1a896e1.php 第 121 行.
INFO: Run Behavior\ParseTemplateBehavior [ RunTime:0.026552s ]
INFO: [ view_parse ] --END-- [ RunTime:0.026653s ]
INFO: [ view_filter ] --START--
INFO: Run Behavior\WriteHtmlCacheBehavior [ RunTime:0.001043s ]
INFO: [ view_filter ] --END-- [ RunTime:0.001143s ]
INFO: [ app_end ] --START--
INFO: Run Behavior\ShowPageTraceBehavior [ RunTime:0.001711s ]
INFO: [ app_end ] --END-- [ RunTime:0.002013s ]

[ 2016-06-30T10:09:12+08:00 ] ::1 /R-CMS/admin.php?c=content
INFO: [ app_init ] --START--
INFO: Run Behavior\BuildLiteBehavior [ RunTime:0.000036s ]
INFO: [ app_init ] --END-- [ RunTime:0.001348s ]
INFO: [ app_begin ] --START--
INFO: Run Behavior\ReadHtmlCacheBehavior [ RunTime:0.003126s ]
INFO: [ app_begin ] --END-- [ RunTime:0.003265s ]
NOTIC: [8] Undefined index: title D:\phpStudy\WWW\R-CMS\R-CMS\Admin\Controller\ContentController.class.php 第 13 行.
NOTIC: [8] Undefined index: catid D:\phpStudy\WWW\R-CMS\R-CMS\Admin\Controller\ContentController.class.php 第 17 行.
NOTIC: [8] Undefined index: p D:\phpStudy\WWW\R-CMS\R-CMS\Admin\Controller\ContentController.class.php 第 20 行.
NOTIC: [2048] Declaration of Common\Model\NewsModel::find() should be compatible with that of Think\Model::find() D:\phpStudy\WWW\R-CMS\R-CMS\Common\Model\NewsModel.class.php 第 9 行.
SQL: SHOW COLUMNS FROM `cms_news` [ RunTime:0.0098s ]
NOTIC: [8] Undefined index: title D:\phpStudy\WWW\R-CMS\R-CMS\Common\Model\NewsModel.class.php 第 27 行.
NOTIC: [8] Undefined index: catid D:\phpStudy\WWW\R-CMS\R-CMS\Common\Model\NewsModel.class.php 第 30 行.
SQL: SELECT * FROM `cms_news` WHERE `status` <> -1 ORDER BY listorder,news_id LIMIT 0,2   [ RunTime:0.0031s ]
NOTIC: [8] Undefined index: title D:\phpStudy\WWW\R-CMS\R-CMS\Common\Model\NewsModel.class.php 第 40 行.
NOTIC: [8] Undefined index: catid D:\phpStudy\WWW\R-CMS\R-CMS\Common\Model\NewsModel.class.php 第 43 行.
SQL: SELECT COUNT(*) AS tp_count FROM `cms_news` WHERE `status` <> -1 LIMIT 1   [ RunTime:0.0010s ]
NOTIC: [2048] Declaration of Common\Model\MenuModel::find() should be compatible with that of Think\Model::find() D:\phpStudy\WWW\R-CMS\R-CMS\Common\Model\MenuModel.class.php 第 87 行.
SQL: SHOW COLUMNS FROM `cms_menu` [ RunTime:0.0080s ]
SQL: SELECT * FROM `cms_menu` WHERE `status` <> -1 AND `type` = 0 ORDER BY listorder,menu_id  [ RunTime:0.0008s ]
SQL: SHOW COLUMNS FROM `cms_position` [ RunTime:0.0066s ]
SQL: SELECT * FROM `cms_position` WHERE `status` = 1 ORDER BY id  [ RunTime:0.0005s ]
INFO: [ view_parse ] --START--
INFO: [ template_filter ] --START--
INFO: Run Behavior\ContentReplaceBehavior [ RunTime:0.000133s ]
INFO: [ template_filter ] --END-- [ RunTime:0.000252s ]
SQL: SELECT * FROM `cms_menu` WHERE `status` <> -1 AND `type` = 1 ORDER BY listorder ,menu_id  [ RunTime:0.0008s ]
NOTIC: [8] Undefined variable: user D:\phpStudy\WWW\R-CMS\R-CMS\Runtime\Cache\Admin\c20c847fb46d64d33e0be7dbd1a896e1.php 第 58 行.
NOTIC: [8] Undefined index: catid D:\phpStudy\WWW\R-CMS\R-CMS\Runtime\Cache\Admin\c20c847fb46d64d33e0be7dbd1a896e1.php 第 113 行.
NOTIC: [8] Undefined index: catid D:\phpStudy\WWW\R-CMS\R-CMS\Runtime\Cache\Admin\c20c847fb46d64d33e0be7dbd1a896e1.php 第 113 行.
NOTIC: [8] Undefined index: catid D:\phpStudy\WWW\R-CMS\R-CMS\Runtime\Cache\Admin\c20c847fb46d64d33e0be7dbd1a896e1.php 第 113 行.
NOTIC: [8] Undefined index: catid D:\phpStudy\WWW\R-CMS\R-CMS\Runtime\Cache\Admin\c20c847fb46d64d33e0be7dbd1a896e1.php 第 113 行.
NOTIC: [8] Undefined index: title D:\phpStudy\WWW\R-CMS\R-CMS\Runtime\Cache\Admin\c20c847fb46d64d33e0be7dbd1a896e1.php 第 121 行.
INFO: Run Behavior\ParseTemplateBehavior [ RunTime:0.029219s ]
INFO: [ view_parse ] --END-- [ RunTime:0.029326s ]
INFO: [ view_filter ] --START--
INFO: Run Behavior\WriteHtmlCacheBehavior [ RunTime:0.001266s ]
INFO: [ view_filter ] --END-- [ RunTime:0.001368s ]
INFO: [ app_end ] --START--
INFO: Run Behavior\ShowPageTraceBehavior [ RunTime:0.002828s ]
INFO: [ app_end ] --END-- [ RunTime:0.002981s ]

