[ 2016-07-06T14:48:21+08:00 ] ::1 /R-CMS/index.php
INFO: [ app_init ] --START--
INFO: Run Behavior\BuildLiteBehavior [ RunTime:0.000028s ]
INFO: [ app_init ] --END-- [ RunTime:0.001184s ]
INFO: [ app_begin ] --START--
INFO: Run Behavior\ReadHtmlCacheBehavior [ RunTime:0.001898s ]
INFO: [ app_begin ] --END-- [ RunTime:0.002764s ]
NOTIC: [2048] Declaration of Home\Controller\CommonController::error() should be compatible with that of Think\Controller::error() D:\phpStudy\WWW\R-CMS\R-CMS\Home\Controller\CommonController.class.php 第 25 行.
NOTIC: [2048] Declaration of Common\Model\BasicModel::save() should be compatible with that of Think\Model::save() D:\phpStudy\WWW\R-CMS\R-CMS\Common\Model\BasicModel.class.php 第 9 行.
NOTIC: [2048] Declaration of Common\Model\BasicModel::select() should be compatible with that of Think\Model::select() D:\phpStudy\WWW\R-CMS\R-CMS\Common\Model\BasicModel.class.php 第 9 行.
NOTIC: [2048] Declaration of Common\Model\MenuModel::find() should be compatible with that of Think\Model::find() D:\phpStudy\WWW\R-CMS\R-CMS\Common\Model\MenuModel.class.php 第 87 行.
SQL: SHOW COLUMNS FROM `cms_menu` [ RunTime:0.0118s ]
SQL: SELECT * FROM `cms_menu` WHERE `status` <> -1 AND `type` = 0 ORDER BY listorder,menu_id  [ RunTime:0.0014s ]
NOTIC: [2048] Declaration of Common\Model\PositionContentModel::select() should be compatible with that of Think\Model::select() D:\phpStudy\WWW\R-CMS\R-CMS\Common\Model\PositionContentModel.class.php 第 86 行.
SQL: SHOW COLUMNS FROM `cms_position_content` [ RunTime:0.0097s ]
SQL: SELECT * FROM `cms_position_content` WHERE `position_id` = 1 AND `status` = 1 LIMIT 1   [ RunTime:0.0006s ]
SQL: SELECT * FROM `cms_position_content` WHERE `position_id` = 2 AND `status` = 1 LIMIT 3   [ RunTime:0.0006s ]
SQL: SELECT * FROM `cms_position_content` WHERE `position_id` = 3 AND `status` = 1 LIMIT 2   [ RunTime:0.0005s ]
NOTIC: [2048] Declaration of Common\Model\NewsModel::select() should be compatible with that of Think\Model::select() D:\phpStudy\WWW\R-CMS\R-CMS\Common\Model\NewsModel.class.php 第 124 行.
NOTIC: [2048] Declaration of Common\Model\NewsModel::find() should be compatible with that of Think\Model::find() D:\phpStudy\WWW\R-CMS\R-CMS\Common\Model\NewsModel.class.php 第 124 行.
SQL: SHOW COLUMNS FROM `cms_news` [ RunTime:0.0120s ]
SQL: SELECT * FROM `cms_news` WHERE `status` = 1 LIMIT 20   [ RunTime:0.0007s ]
SQL: SHOW COLUMNS FROM `cms_news` [ RunTime:0.0097s ]
SQL: SELECT * FROM `cms_news` WHERE `status` = 1 ORDER BY count desc,news_id desc LIMIT 100   [ RunTime:0.0008s ]
INFO: [ view_parse ] --START--
INFO: [ template_filter ] --START--
INFO: Run Behavior\ContentReplaceBehavior [ RunTime:0.000102s ]
INFO: [ template_filter ] --END-- [ RunTime:0.000237s ]
NOTIC: [8] Undefined index: id D:\phpStudy\WWW\R-CMS\R-CMS\Runtime\Cache\Home\26a3d289bf9f03c3cbac7680efc98980.php 第 16 行.
NOTIC: [8] Undefined index: catid D:\phpStudy\WWW\R-CMS\R-CMS\Runtime\Cache\Home\26a3d289bf9f03c3cbac7680efc98980.php 第 17 行.
NOTIC: [8] Undefined index: catid D:\phpStudy\WWW\R-CMS\R-CMS\Runtime\Cache\Home\26a3d289bf9f03c3cbac7680efc98980.php 第 17 行.
NOTIC: [8] Undefined index: catid D:\phpStudy\WWW\R-CMS\R-CMS\Runtime\Cache\Home\26a3d289bf9f03c3cbac7680efc98980.php 第 17 行.
NOTIC: [8] Undefined index: catid D:\phpStudy\WWW\R-CMS\R-CMS\Runtime\Cache\Home\26a3d289bf9f03c3cbac7680efc98980.php 第 17 行.
INFO: Run Behavior\ParseTemplateBehavior [ RunTime:0.022635s ]
INFO: [ view_parse ] --END-- [ RunTime:0.022758s ]
INFO: [ view_filter ] --START--
INFO: Run Behavior\WriteHtmlCacheBehavior [ RunTime:0.000891s ]
INFO: [ view_filter ] --END-- [ RunTime:0.001004s ]
INFO: [ app_end ] --START--
INFO: Run Behavior\ShowPageTraceBehavior [ RunTime:0.001575s ]
INFO: [ app_end ] --END-- [ RunTime:0.001886s ]

[ 2016-07-06T14:48:34+08:00 ] ::1 /R-CMS/index.php?c=index&a=build_html
INFO: [ app_init ] --START--
INFO: Run Behavior\BuildLiteBehavior [ RunTime:0.000033s ]
INFO: [ app_init ] --END-- [ RunTime:0.001161s ]
INFO: [ app_begin ] --START--
INFO: Run Behavior\ReadHtmlCacheBehavior [ RunTime:0.001859s ]
INFO: [ app_begin ] --END-- [ RunTime:0.002010s ]
NOTIC: [2048] Declaration of Home\Controller\CommonController::error() should be compatible with that of Think\Controller::error() D:\phpStudy\WWW\R-CMS\R-CMS\Home\Controller\CommonController.class.php 第 25 行.
NOTIC: [2048] Declaration of Common\Model\BasicModel::save() should be compatible with that of Think\Model::save() D:\phpStudy\WWW\R-CMS\R-CMS\Common\Model\BasicModel.class.php 第 9 行.
NOTIC: [2048] Declaration of Common\Model\BasicModel::select() should be compatible with that of Think\Model::select() D:\phpStudy\WWW\R-CMS\R-CMS\Common\Model\BasicModel.class.php 第 9 行.
NOTIC: [2048] Declaration of Common\Model\MenuModel::find() should be compatible with that of Think\Model::find() D:\phpStudy\WWW\R-CMS\R-CMS\Common\Model\MenuModel.class.php 第 87 行.
SQL: SHOW COLUMNS FROM `cms_menu` [ RunTime:0.0083s ]
SQL: SELECT * FROM `cms_menu` WHERE `status` <> -1 AND `type` = 0 ORDER BY listorder,menu_id  [ RunTime:0.0008s ]
NOTIC: [2048] Declaration of Common\Model\PositionContentModel::select() should be compatible with that of Think\Model::select() D:\phpStudy\WWW\R-CMS\R-CMS\Common\Model\PositionContentModel.class.php 第 86 行.
SQL: SHOW COLUMNS FROM `cms_position_content` [ RunTime:0.0076s ]
SQL: SELECT * FROM `cms_position_content` WHERE `position_id` = 1 AND `status` = 1 LIMIT 1   [ RunTime:0.0006s ]
SQL: SELECT * FROM `cms_position_content` WHERE `position_id` = 2 AND `status` = 1 LIMIT 3   [ RunTime:0.0005s ]
SQL: SELECT * FROM `cms_position_content` WHERE `position_id` = 3 AND `status` = 1 LIMIT 2   [ RunTime:0.0005s ]
NOTIC: [2048] Declaration of Common\Model\NewsModel::select() should be compatible with that of Think\Model::select() D:\phpStudy\WWW\R-CMS\R-CMS\Common\Model\NewsModel.class.php 第 124 行.
NOTIC: [2048] Declaration of Common\Model\NewsModel::find() should be compatible with that of Think\Model::find() D:\phpStudy\WWW\R-CMS\R-CMS\Common\Model\NewsModel.class.php 第 124 行.
SQL: SHOW COLUMNS FROM `cms_news` [ RunTime:0.0083s ]
SQL: SELECT * FROM `cms_news` WHERE `status` = 1 LIMIT 20   [ RunTime:0.0007s ]
SQL: SHOW COLUMNS FROM `cms_news` [ RunTime:0.0093s ]
SQL: SELECT * FROM `cms_news` WHERE `status` = 1 ORDER BY count desc,news_id desc LIMIT 100   [ RunTime:0.0007s ]
INFO: [ view_parse ] --START--
INFO: [ template_filter ] --START--
INFO: Run Behavior\ContentReplaceBehavior [ RunTime:0.000101s ]
INFO: [ template_filter ] --END-- [ RunTime:0.000227s ]
NOTIC: [8] Undefined index: id D:\phpStudy\WWW\R-CMS\R-CMS\Runtime\Cache\Home\26a3d289bf9f03c3cbac7680efc98980.php 第 16 行.
NOTIC: [8] Undefined index: catid D:\phpStudy\WWW\R-CMS\R-CMS\Runtime\Cache\Home\26a3d289bf9f03c3cbac7680efc98980.php 第 17 行.
NOTIC: [8] Undefined index: catid D:\phpStudy\WWW\R-CMS\R-CMS\Runtime\Cache\Home\26a3d289bf9f03c3cbac7680efc98980.php 第 17 行.
NOTIC: [8] Undefined index: catid D:\phpStudy\WWW\R-CMS\R-CMS\Runtime\Cache\Home\26a3d289bf9f03c3cbac7680efc98980.php 第 17 行.
NOTIC: [8] Undefined index: catid D:\phpStudy\WWW\R-CMS\R-CMS\Runtime\Cache\Home\26a3d289bf9f03c3cbac7680efc98980.php 第 17 行.
INFO: Run Behavior\ParseTemplateBehavior [ RunTime:0.026941s ]
INFO: [ view_parse ] --END-- [ RunTime:0.027060s ]
INFO: [ view_filter ] --START--
INFO: Run Behavior\WriteHtmlCacheBehavior [ RunTime:0.001249s ]
INFO: [ view_filter ] --END-- [ RunTime:0.001363s ]
INFO: [ app_end ] --START--
INFO: Run Behavior\ShowPageTraceBehavior [ RunTime:0.001539s ]
INFO: [ app_end ] --END-- [ RunTime:0.001686s ]

[ 2016-07-06T14:48:34+08:00 ] ::1 /R-CMS/index.php?c=index&a=build_html
INFO: [ app_init ] --START--
INFO: Run Behavior\BuildLiteBehavior [ RunTime:0.000037s ]
INFO: [ app_init ] --END-- [ RunTime:0.001002s ]
INFO: [ app_begin ] --START--
INFO: Run Behavior\ReadHtmlCacheBehavior [ RunTime:0.002818s ]
INFO: [ app_begin ] --END-- [ RunTime:0.002970s ]
NOTIC: [2048] Declaration of Home\Controller\CommonController::error() should be compatible with that of Think\Controller::error() D:\phpStudy\WWW\R-CMS\R-CMS\Home\Controller\CommonController.class.php 第 25 行.
NOTIC: [2048] Declaration of Common\Model\BasicModel::save() should be compatible with that of Think\Model::save() D:\phpStudy\WWW\R-CMS\R-CMS\Common\Model\BasicModel.class.php 第 9 行.
NOTIC: [2048] Declaration of Common\Model\BasicModel::select() should be compatible with that of Think\Model::select() D:\phpStudy\WWW\R-CMS\R-CMS\Common\Model\BasicModel.class.php 第 9 行.
NOTIC: [2048] Declaration of Common\Model\MenuModel::find() should be compatible with that of Think\Model::find() D:\phpStudy\WWW\R-CMS\R-CMS\Common\Model\MenuModel.class.php 第 87 行.
SQL: SHOW COLUMNS FROM `cms_menu` [ RunTime:0.0087s ]
SQL: SELECT * FROM `cms_menu` WHERE `status` <> -1 AND `type` = 0 ORDER BY listorder,menu_id  [ RunTime:0.0008s ]
NOTIC: [2048] Declaration of Common\Model\PositionContentModel::select() should be compatible with that of Think\Model::select() D:\phpStudy\WWW\R-CMS\R-CMS\Common\Model\PositionContentModel.class.php 第 86 行.
SQL: SHOW COLUMNS FROM `cms_position_content` [ RunTime:0.0088s ]
SQL: SELECT * FROM `cms_position_content` WHERE `position_id` = 1 AND `status` = 1 LIMIT 1   [ RunTime:0.0013s ]
SQL: SELECT * FROM `cms_position_content` WHERE `position_id` = 2 AND `status` = 1 LIMIT 3   [ RunTime:0.0008s ]
SQL: SELECT * FROM `cms_position_content` WHERE `position_id` = 3 AND `status` = 1 LIMIT 2   [ RunTime:0.0015s ]
NOTIC: [2048] Declaration of Common\Model\NewsModel::select() should be compatible with that of Think\Model::select() D:\phpStudy\WWW\R-CMS\R-CMS\Common\Model\NewsModel.class.php 第 124 行.
NOTIC: [2048] Declaration of Common\Model\NewsModel::find() should be compatible with that of Think\Model::find() D:\phpStudy\WWW\R-CMS\R-CMS\Common\Model\NewsModel.class.php 第 124 行.
SQL: SHOW COLUMNS FROM `cms_news` [ RunTime:0.0093s ]
SQL: SELECT * FROM `cms_news` WHERE `status` = 1 LIMIT 20   [ RunTime:0.0007s ]
SQL: SHOW COLUMNS FROM `cms_news` [ RunTime:0.0093s ]
SQL: SELECT * FROM `cms_news` WHERE `status` = 1 ORDER BY count desc,news_id desc LIMIT 100   [ RunTime:0.0011s ]
INFO: [ view_parse ] --START--
INFO: [ template_filter ] --START--
INFO: Run Behavior\ContentReplaceBehavior [ RunTime:0.000116s ]
INFO: [ template_filter ] --END-- [ RunTime:0.000247s ]
NOTIC: [8] Undefined index: id D:\phpStudy\WWW\R-CMS\R-CMS\Runtime\Cache\Home\26a3d289bf9f03c3cbac7680efc98980.php 第 16 行.
NOTIC: [8] Undefined index: catid D:\phpStudy\WWW\R-CMS\R-CMS\Runtime\Cache\Home\26a3d289bf9f03c3cbac7680efc98980.php 第 17 行.
NOTIC: [8] Undefined index: catid D:\phpStudy\WWW\R-CMS\R-CMS\Runtime\Cache\Home\26a3d289bf9f03c3cbac7680efc98980.php 第 17 行.
NOTIC: [8] Undefined index: catid D:\phpStudy\WWW\R-CMS\R-CMS\Runtime\Cache\Home\26a3d289bf9f03c3cbac7680efc98980.php 第 17 行.
NOTIC: [8] Undefined index: catid D:\phpStudy\WWW\R-CMS\R-CMS\Runtime\Cache\Home\26a3d289bf9f03c3cbac7680efc98980.php 第 17 行.
INFO: Run Behavior\ParseTemplateBehavior [ RunTime:0.026174s ]
INFO: [ view_parse ] --END-- [ RunTime:0.026301s ]
INFO: [ view_filter ] --START--
INFO: Run Behavior\WriteHtmlCacheBehavior [ RunTime:0.001330s ]
INFO: [ view_filter ] --END-- [ RunTime:0.001454s ]
INFO: [ app_end ] --START--
INFO: Run Behavior\ShowPageTraceBehavior [ RunTime:0.001819s ]
INFO: [ app_end ] --END-- [ RunTime:0.002029s ]

[ 2016-07-06T14:49:06+08:00 ] ::1 /R-CMS/index.php?c=index&a=build_html
INFO: [ app_init ] --START--
INFO: Run Behavior\BuildLiteBehavior [ RunTime:0.000031s ]
INFO: [ app_init ] --END-- [ RunTime:0.001018s ]
INFO: [ app_begin ] --START--
INFO: Run Behavior\ReadHtmlCacheBehavior [ RunTime:0.001446s ]
INFO: [ app_begin ] --END-- [ RunTime:0.001574s ]
NOTIC: [2048] Declaration of Home\Controller\CommonController::error() should be compatible with that of Think\Controller::error() D:\phpStudy\WWW\R-CMS\R-CMS\Home\Controller\CommonController.class.php 第 25 行.
NOTIC: [2048] Declaration of Common\Model\BasicModel::save() should be compatible with that of Think\Model::save() D:\phpStudy\WWW\R-CMS\R-CMS\Common\Model\BasicModel.class.php 第 9 行.
NOTIC: [2048] Declaration of Common\Model\BasicModel::select() should be compatible with that of Think\Model::select() D:\phpStudy\WWW\R-CMS\R-CMS\Common\Model\BasicModel.class.php 第 9 行.
NOTIC: [2048] Declaration of Common\Model\MenuModel::find() should be compatible with that of Think\Model::find() D:\phpStudy\WWW\R-CMS\R-CMS\Common\Model\MenuModel.class.php 第 87 行.
SQL: SHOW COLUMNS FROM `cms_menu` [ RunTime:0.0084s ]
SQL: SELECT * FROM `cms_menu` WHERE `status` <> -1 AND `type` = 0 ORDER BY listorder,menu_id  [ RunTime:0.0006s ]
NOTIC: [2048] Declaration of Common\Model\PositionContentModel::select() should be compatible with that of Think\Model::select() D:\phpStudy\WWW\R-CMS\R-CMS\Common\Model\PositionContentModel.class.php 第 86 行.
SQL: SHOW COLUMNS FROM `cms_position_content` [ RunTime:0.0084s ]
SQL: SELECT * FROM `cms_position_content` WHERE `position_id` = 1 AND `status` = 1 LIMIT 1   [ RunTime:0.0006s ]
SQL: SELECT * FROM `cms_position_content` WHERE `position_id` = 2 AND `status` = 1 LIMIT 3   [ RunTime:0.0008s ]
SQL: SELECT * FROM `cms_position_content` WHERE `position_id` = 3 AND `status` = 1 LIMIT 2   [ RunTime:0.0005s ]
NOTIC: [2048] Declaration of Common\Model\NewsModel::select() should be compatible with that of Think\Model::select() D:\phpStudy\WWW\R-CMS\R-CMS\Common\Model\NewsModel.class.php 第 124 行.
NOTIC: [2048] Declaration of Common\Model\NewsModel::find() should be compatible with that of Think\Model::find() D:\phpStudy\WWW\R-CMS\R-CMS\Common\Model\NewsModel.class.php 第 124 行.
SQL: SHOW COLUMNS FROM `cms_news` [ RunTime:0.0081s ]
SQL: SELECT * FROM `cms_news` WHERE `status` = 1 LIMIT 20   [ RunTime:0.0011s ]
SQL: SHOW COLUMNS FROM `cms_news` [ RunTime:0.0098s ]
SQL: SELECT * FROM `cms_news` WHERE `status` = 1 ORDER BY count desc,news_id desc LIMIT 100   [ RunTime:0.0010s ]
INFO: [ view_parse ] --START--
INFO: [ template_filter ] --START--
INFO: Run Behavior\ContentReplaceBehavior [ RunTime:0.000100s ]
INFO: [ template_filter ] --END-- [ RunTime:0.000224s ]
NOTIC: [8] Undefined index: id D:\phpStudy\WWW\R-CMS\R-CMS\Runtime\Cache\Home\26a3d289bf9f03c3cbac7680efc98980.php 第 16 行.
NOTIC: [8] Undefined index: catid D:\phpStudy\WWW\R-CMS\R-CMS\Runtime\Cache\Home\26a3d289bf9f03c3cbac7680efc98980.php 第 17 行.
NOTIC: [8] Undefined index: catid D:\phpStudy\WWW\R-CMS\R-CMS\Runtime\Cache\Home\26a3d289bf9f03c3cbac7680efc98980.php 第 17 行.
NOTIC: [8] Undefined index: catid D:\phpStudy\WWW\R-CMS\R-CMS\Runtime\Cache\Home\26a3d289bf9f03c3cbac7680efc98980.php 第 17 行.
NOTIC: [8] Undefined index: catid D:\phpStudy\WWW\R-CMS\R-CMS\Runtime\Cache\Home\26a3d289bf9f03c3cbac7680efc98980.php 第 17 行.
INFO: Run Behavior\ParseTemplateBehavior [ RunTime:0.026552s ]
INFO: [ view_parse ] --END-- [ RunTime:0.026679s ]
INFO: [ view_filter ] --START--
INFO: Run Behavior\WriteHtmlCacheBehavior [ RunTime:0.001145s ]
INFO: [ view_filter ] --END-- [ RunTime:0.001253s ]
INFO: [ app_end ] --START--
INFO: Run Behavior\ShowPageTraceBehavior [ RunTime:0.001505s ]
INFO: [ app_end ] --END-- [ RunTime:0.001650s ]

[ 2016-07-06T14:55:02+08:00 ] ::1 /R-CMS/index.php
INFO: [ app_init ] --START--
INFO: Run Behavior\BuildLiteBehavior [ RunTime:0.000036s ]
INFO: [ app_init ] --END-- [ RunTime:0.001022s ]
INFO: [ app_begin ] --START--
INFO: Run Behavior\ReadHtmlCacheBehavior [ RunTime:0.011735s ]
INFO: [ app_begin ] --END-- [ RunTime:0.012060s ]
NOTIC: [2048] Declaration of Home\Controller\CommonController::error() should be compatible with that of Think\Controller::error() D:\phpStudy\WWW\R-CMS\R-CMS\Home\Controller\CommonController.class.php 第 25 行.
NOTIC: [2048] Declaration of Common\Model\BasicModel::save() should be compatible with that of Think\Model::save() D:\phpStudy\WWW\R-CMS\R-CMS\Common\Model\BasicModel.class.php 第 9 行.
NOTIC: [2048] Declaration of Common\Model\BasicModel::select() should be compatible with that of Think\Model::select() D:\phpStudy\WWW\R-CMS\R-CMS\Common\Model\BasicModel.class.php 第 9 行.
NOTIC: [2048] Declaration of Common\Model\MenuModel::find() should be compatible with that of Think\Model::find() D:\phpStudy\WWW\R-CMS\R-CMS\Common\Model\MenuModel.class.php 第 87 行.
SQL: SHOW COLUMNS FROM `cms_menu` [ RunTime:0.0093s ]
SQL: SELECT * FROM `cms_menu` WHERE `status` <> -1 AND `type` = 0 ORDER BY listorder,menu_id  [ RunTime:0.0010s ]
NOTIC: [2048] Declaration of Common\Model\PositionContentModel::select() should be compatible with that of Think\Model::select() D:\phpStudy\WWW\R-CMS\R-CMS\Common\Model\PositionContentModel.class.php 第 86 行.
SQL: SHOW COLUMNS FROM `cms_position_content` [ RunTime:0.0106s ]
SQL: SELECT * FROM `cms_position_content` WHERE `position_id` = 1 AND `status` = 1 LIMIT 1   [ RunTime:0.0006s ]
SQL: SELECT * FROM `cms_position_content` WHERE `position_id` = 2 AND `status` = 1 LIMIT 3   [ RunTime:0.0006s ]
SQL: SELECT * FROM `cms_position_content` WHERE `position_id` = 3 AND `status` = 1 LIMIT 2   [ RunTime:0.0006s ]
NOTIC: [2048] Declaration of Common\Model\NewsModel::select() should be compatible with that of Think\Model::select() D:\phpStudy\WWW\R-CMS\R-CMS\Common\Model\NewsModel.class.php 第 124 行.
NOTIC: [2048] Declaration of Common\Model\NewsModel::find() should be compatible with that of Think\Model::find() D:\phpStudy\WWW\R-CMS\R-CMS\Common\Model\NewsModel.class.php 第 124 行.
SQL: SHOW COLUMNS FROM `cms_news` [ RunTime:0.0084s ]
SQL: SELECT * FROM `cms_news` WHERE `status` = 1 LIMIT 20   [ RunTime:0.0006s ]
SQL: SHOW COLUMNS FROM `cms_news` [ RunTime:0.0093s ]
SQL: SELECT * FROM `cms_news` WHERE `status` = 1 ORDER BY count desc,news_id desc LIMIT 100   [ RunTime:0.0006s ]
INFO: [ view_parse ] --START--
INFO: [ template_filter ] --START--
INFO: Run Behavior\ContentReplaceBehavior [ RunTime:0.000100s ]
INFO: [ template_filter ] --END-- [ RunTime:0.000246s ]
NOTIC: [8] Undefined index: id D:\phpStudy\WWW\R-CMS\R-CMS\Runtime\Cache\Home\26a3d289bf9f03c3cbac7680efc98980.php 第 16 行.
NOTIC: [8] Undefined index: catid D:\phpStudy\WWW\R-CMS\R-CMS\Runtime\Cache\Home\26a3d289bf9f03c3cbac7680efc98980.php 第 17 行.
NOTIC: [8] Undefined index: catid D:\phpStudy\WWW\R-CMS\R-CMS\Runtime\Cache\Home\26a3d289bf9f03c3cbac7680efc98980.php 第 17 行.
NOTIC: [8] Undefined index: catid D:\phpStudy\WWW\R-CMS\R-CMS\Runtime\Cache\Home\26a3d289bf9f03c3cbac7680efc98980.php 第 17 行.
NOTIC: [8] Undefined index: catid D:\phpStudy\WWW\R-CMS\R-CMS\Runtime\Cache\Home\26a3d289bf9f03c3cbac7680efc98980.php 第 17 行.
INFO: Run Behavior\ParseTemplateBehavior [ RunTime:0.024849s ]
INFO: [ view_parse ] --END-- [ RunTime:0.024966s ]
INFO: [ view_filter ] --START--
INFO: Run Behavior\WriteHtmlCacheBehavior [ RunTime:0.001274s ]
INFO: [ view_filter ] --END-- [ RunTime:0.001390s ]
INFO: [ app_end ] --START--
INFO: Run Behavior\ShowPageTraceBehavior [ RunTime:0.002898s ]
INFO: [ app_end ] --END-- [ RunTime:0.003019s ]

[ 2016-07-06T14:55:45+08:00 ] ::1 /R-CMS/index.php
INFO: [ app_init ] --START--
INFO: Run Behavior\BuildLiteBehavior [ RunTime:0.000031s ]
INFO: [ app_init ] --END-- [ RunTime:0.000930s ]
INFO: [ app_begin ] --START--
INFO: Run Behavior\ReadHtmlCacheBehavior [ RunTime:0.001564s ]
INFO: [ app_begin ] --END-- [ RunTime:0.001723s ]
NOTIC: [2048] Declaration of Home\Controller\CommonController::error() should be compatible with that of Think\Controller::error() D:\phpStudy\WWW\R-CMS\R-CMS\Home\Controller\CommonController.class.php 第 25 行.
NOTIC: [2048] Declaration of Common\Model\BasicModel::save() should be compatible with that of Think\Model::save() D:\phpStudy\WWW\R-CMS\R-CMS\Common\Model\BasicModel.class.php 第 9 行.
NOTIC: [2048] Declaration of Common\Model\BasicModel::select() should be compatible with that of Think\Model::select() D:\phpStudy\WWW\R-CMS\R-CMS\Common\Model\BasicModel.class.php 第 9 行.
NOTIC: [2048] Declaration of Common\Model\MenuModel::find() should be compatible with that of Think\Model::find() D:\phpStudy\WWW\R-CMS\R-CMS\Common\Model\MenuModel.class.php 第 87 行.
SQL: SHOW COLUMNS FROM `cms_menu` [ RunTime:0.0077s ]
SQL: SELECT * FROM `cms_menu` WHERE `status` <> -1 AND `type` = 0 ORDER BY listorder,menu_id  [ RunTime:0.0008s ]
NOTIC: [2048] Declaration of Common\Model\PositionContentModel::select() should be compatible with that of Think\Model::select() D:\phpStudy\WWW\R-CMS\R-CMS\Common\Model\PositionContentModel.class.php 第 86 行.
SQL: SHOW COLUMNS FROM `cms_position_content` [ RunTime:0.0074s ]
SQL: SELECT * FROM `cms_position_content` WHERE `position_id` = 1 AND `status` = 1 LIMIT 1   [ RunTime:0.0006s ]
SQL: SELECT * FROM `cms_position_content` WHERE `position_id` = 2 AND `status` = 1 LIMIT 3   [ RunTime:0.0005s ]
SQL: SELECT * FROM `cms_position_content` WHERE `position_id` = 3 AND `status` = 1 LIMIT 2   [ RunTime:0.0005s ]
NOTIC: [2048] Declaration of Common\Model\NewsModel::select() should be compatible with that of Think\Model::select() D:\phpStudy\WWW\R-CMS\R-CMS\Common\Model\NewsModel.class.php 第 124 行.
NOTIC: [2048] Declaration of Common\Model\NewsModel::find() should be compatible with that of Think\Model::find() D:\phpStudy\WWW\R-CMS\R-CMS\Common\Model\NewsModel.class.php 第 124 行.
SQL: SHOW COLUMNS FROM `cms_news` [ RunTime:0.0109s ]
SQL: SELECT * FROM `cms_news` WHERE `status` = 1 LIMIT 20   [ RunTime:0.0007s ]
SQL: SHOW COLUMNS FROM `cms_news` [ RunTime:0.0119s ]
SQL: SELECT * FROM `cms_news` WHERE `status` = 1 ORDER BY count desc,news_id desc LIMIT 100   [ RunTime:0.0008s ]
INFO: [ view_parse ] --START--
INFO: [ template_filter ] --START--
INFO: Run Behavior\ContentReplaceBehavior [ RunTime:0.000116s ]
INFO: [ template_filter ] --END-- [ RunTime:0.000266s ]
NOTIC: [8] Undefined index: id D:\phpStudy\WWW\R-CMS\R-CMS\Runtime\Cache\Home\26a3d289bf9f03c3cbac7680efc98980.php 第 16 行.
NOTIC: [8] Undefined index: catid D:\phpStudy\WWW\R-CMS\R-CMS\Runtime\Cache\Home\26a3d289bf9f03c3cbac7680efc98980.php 第 17 行.
NOTIC: [8] Undefined index: catid D:\phpStudy\WWW\R-CMS\R-CMS\Runtime\Cache\Home\26a3d289bf9f03c3cbac7680efc98980.php 第 17 行.
NOTIC: [8] Undefined index: catid D:\phpStudy\WWW\R-CMS\R-CMS\Runtime\Cache\Home\26a3d289bf9f03c3cbac7680efc98980.php 第 17 行.
NOTIC: [8] Undefined index: catid D:\phpStudy\WWW\R-CMS\R-CMS\Runtime\Cache\Home\26a3d289bf9f03c3cbac7680efc98980.php 第 17 行.
INFO: Run Behavior\ParseTemplateBehavior [ RunTime:0.029871s ]
INFO: [ view_parse ] --END-- [ RunTime:0.029997s ]
INFO: [ view_filter ] --START--
INFO: Run Behavior\WriteHtmlCacheBehavior [ RunTime:0.001177s ]
INFO: [ view_filter ] --END-- [ RunTime:0.001290s ]
INFO: [ app_end ] --START--
INFO: Run Behavior\ShowPageTraceBehavior [ RunTime:0.002232s ]
INFO: [ app_end ] --END-- [ RunTime:0.002362s ]

[ 2016-07-06T14:55:49+08:00 ] ::1 /R-CMS/index.php?c=detial&id=10
INFO: [ app_init ] --START--
INFO: Run Behavior\BuildLiteBehavior [ RunTime:0.000030s ]
INFO: [ app_init ] --END-- [ RunTime:0.000826s ]
INFO: [ app_begin ] --START--
INFO: Run Behavior\ReadHtmlCacheBehavior [ RunTime:0.001865s ]
INFO: [ app_begin ] --END-- [ RunTime:0.002007s ]
ERR: 无法加载控制器:Detial

[ 2016-07-06T14:56:43+08:00 ] ::1 /R-CMS/index.php?c=detial&id=10
INFO: [ app_init ] --START--
INFO: Run Behavior\BuildLiteBehavior [ RunTime:0.000034s ]
INFO: [ app_init ] --END-- [ RunTime:0.002223s ]
INFO: [ app_begin ] --START--
INFO: Run Behavior\ReadHtmlCacheBehavior [ RunTime:0.001514s ]
INFO: [ app_begin ] --END-- [ RunTime:0.001648s ]
ERR: 无法加载控制器:Detial

[ 2016-07-06T14:56:46+08:00 ] ::1 /R-CMS/index.php
INFO: [ app_init ] --START--
INFO: Run Behavior\BuildLiteBehavior [ RunTime:0.000037s ]
INFO: [ app_init ] --END-- [ RunTime:0.000889s ]
INFO: [ app_begin ] --START--
INFO: Run Behavior\ReadHtmlCacheBehavior [ RunTime:0.002172s ]
INFO: [ app_begin ] --END-- [ RunTime:0.002311s ]
NOTIC: [2048] Declaration of Home\Controller\CommonController::error() should be compatible with that of Think\Controller::error() D:\phpStudy\WWW\R-CMS\R-CMS\Home\Controller\CommonController.class.php 第 25 行.
NOTIC: [2048] Declaration of Common\Model\BasicModel::save() should be compatible with that of Think\Model::save() D:\phpStudy\WWW\R-CMS\R-CMS\Common\Model\BasicModel.class.php 第 9 行.
NOTIC: [2048] Declaration of Common\Model\BasicModel::select() should be compatible with that of Think\Model::select() D:\phpStudy\WWW\R-CMS\R-CMS\Common\Model\BasicModel.class.php 第 9 行.
NOTIC: [2048] Declaration of Common\Model\MenuModel::find() should be compatible with that of Think\Model::find() D:\phpStudy\WWW\R-CMS\R-CMS\Common\Model\MenuModel.class.php 第 87 行.
SQL: SHOW COLUMNS FROM `cms_menu` [ RunTime:0.0089s ]
SQL: SELECT * FROM `cms_menu` WHERE `status` <> -1 AND `type` = 0 ORDER BY listorder,menu_id  [ RunTime:0.0007s ]
NOTIC: [2048] Declaration of Common\Model\PositionContentModel::select() should be compatible with that of Think\Model::select() D:\phpStudy\WWW\R-CMS\R-CMS\Common\Model\PositionContentModel.class.php 第 86 行.
SQL: SHOW COLUMNS FROM `cms_position_content` [ RunTime:0.0097s ]
SQL: SELECT * FROM `cms_position_content` WHERE `position_id` = 1 AND `status` = 1 LIMIT 1   [ RunTime:0.0008s ]
SQL: SELECT * FROM `cms_position_content` WHERE `position_id` = 2 AND `status` = 1 LIMIT 3   [ RunTime:0.0007s ]
SQL: SELECT * FROM `cms_position_content` WHERE `position_id` = 3 AND `status` = 1 LIMIT 2   [ RunTime:0.0009s ]
NOTIC: [2048] Declaration of Common\Model\NewsModel::select() should be compatible with that of Think\Model::select() D:\phpStudy\WWW\R-CMS\R-CMS\Common\Model\NewsModel.class.php 第 124 行.
NOTIC: [2048] Declaration of Common\Model\NewsModel::find() should be compatible with that of Think\Model::find() D:\phpStudy\WWW\R-CMS\R-CMS\Common\Model\NewsModel.class.php 第 124 行.
SQL: SHOW COLUMNS FROM `cms_news` [ RunTime:0.0165s ]
SQL: SELECT * FROM `cms_news` WHERE `status` = 1 LIMIT 20   [ RunTime:0.0014s ]
SQL: SHOW COLUMNS FROM `cms_news` [ RunTime:0.0128s ]
SQL: SELECT * FROM `cms_news` WHERE `status` = 1 ORDER BY count desc,news_id desc LIMIT 100   [ RunTime:0.0011s ]
INFO: [ view_parse ] --START--
INFO: [ template_filter ] --START--
INFO: Run Behavior\ContentReplaceBehavior [ RunTime:0.000102s ]
INFO: [ template_filter ] --END-- [ RunTime:0.000224s ]
NOTIC: [8] Undefined index: id D:\phpStudy\WWW\R-CMS\R-CMS\Runtime\Cache\Home\26a3d289bf9f03c3cbac7680efc98980.php 第 16 行.
NOTIC: [8] Undefined index: catid D:\phpStudy\WWW\R-CMS\R-CMS\Runtime\Cache\Home\26a3d289bf9f03c3cbac7680efc98980.php 第 17 行.
NOTIC: [8] Undefined index: catid D:\phpStudy\WWW\R-CMS\R-CMS\Runtime\Cache\Home\26a3d289bf9f03c3cbac7680efc98980.php 第 17 行.
NOTIC: [8] Undefined index: catid D:\phpStudy\WWW\R-CMS\R-CMS\Runtime\Cache\Home\26a3d289bf9f03c3cbac7680efc98980.php 第 17 行.
NOTIC: [8] Undefined index: catid D:\phpStudy\WWW\R-CMS\R-CMS\Runtime\Cache\Home\26a3d289bf9f03c3cbac7680efc98980.php 第 17 行.
INFO: Run Behavior\ParseTemplateBehavior [ RunTime:0.027115s ]
INFO: [ view_parse ] --END-- [ RunTime:0.027250s ]
INFO: [ view_filter ] --START--
INFO: Run Behavior\WriteHtmlCacheBehavior [ RunTime:0.001199s ]
INFO: [ view_filter ] --END-- [ RunTime:0.001313s ]
INFO: [ app_end ] --START--
INFO: Run Behavior\ShowPageTraceBehavior [ RunTime:0.002066s ]
INFO: [ app_end ] --END-- [ RunTime:0.002190s ]

[ 2016-07-06T14:56:49+08:00 ] ::1 /R-CMS/index.php
INFO: [ app_init ] --START--
INFO: Run Behavior\BuildLiteBehavior [ RunTime:0.000028s ]
INFO: [ app_init ] --END-- [ RunTime:0.000809s ]
INFO: [ app_begin ] --START--
INFO: Run Behavior\ReadHtmlCacheBehavior [ RunTime:0.001420s ]
INFO: [ app_begin ] --END-- [ RunTime:0.001548s ]
NOTIC: [2048] Declaration of Home\Controller\CommonController::error() should be compatible with that of Think\Controller::error() D:\phpStudy\WWW\R-CMS\R-CMS\Home\Controller\CommonController.class.php 第 25 行.
NOTIC: [2048] Declaration of Common\Model\BasicModel::save() should be compatible with that of Think\Model::save() D:\phpStudy\WWW\R-CMS\R-CMS\Common\Model\BasicModel.class.php 第 9 行.
NOTIC: [2048] Declaration of Common\Model\BasicModel::select() should be compatible with that of Think\Model::select() D:\phpStudy\WWW\R-CMS\R-CMS\Common\Model\BasicModel.class.php 第 9 行.
NOTIC: [2048] Declaration of Common\Model\MenuModel::find() should be compatible with that of Think\Model::find() D:\phpStudy\WWW\R-CMS\R-CMS\Common\Model\MenuModel.class.php 第 87 行.
SQL: SHOW COLUMNS FROM `cms_menu` [ RunTime:0.0082s ]
SQL: SELECT * FROM `cms_menu` WHERE `status` <> -1 AND `type` = 0 ORDER BY listorder,menu_id  [ RunTime:0.0006s ]
NOTIC: [2048] Declaration of Common\Model\PositionContentModel::select() should be compatible with that of Think\Model::select() D:\phpStudy\WWW\R-CMS\R-CMS\Common\Model\PositionContentModel.class.php 第 86 行.
SQL: SHOW COLUMNS FROM `cms_position_content` [ RunTime:0.0079s ]
SQL: SELECT * FROM `cms_position_content` WHERE `position_id` = 1 AND `status` = 1 LIMIT 1   [ RunTime:0.0006s ]
SQL: SELECT * FROM `cms_position_content` WHERE `position_id` = 2 AND `status` = 1 LIMIT 3   [ RunTime:0.0005s ]
SQL: SELECT * FROM `cms_position_content` WHERE `position_id` = 3 AND `status` = 1 LIMIT 2   [ RunTime:0.0005s ]
NOTIC: [2048] Declaration of Common\Model\NewsModel::select() should be compatible with that of Think\Model::select() D:\phpStudy\WWW\R-CMS\R-CMS\Common\Model\NewsModel.class.php 第 124 行.
NOTIC: [2048] Declaration of Common\Model\NewsModel::find() should be compatible with that of Think\Model::find() D:\phpStudy\WWW\R-CMS\R-CMS\Common\Model\NewsModel.class.php 第 124 行.
SQL: SHOW COLUMNS FROM `cms_news` [ RunTime:0.0084s ]
SQL: SELECT * FROM `cms_news` WHERE `status` = 1 LIMIT 20   [ RunTime:0.0007s ]
SQL: SHOW COLUMNS FROM `cms_news` [ RunTime:0.0138s ]
SQL: SELECT * FROM `cms_news` WHERE `status` = 1 ORDER BY count desc,news_id desc LIMIT 100   [ RunTime:0.0015s ]
INFO: [ view_parse ] --START--
INFO: [ template_filter ] --START--
INFO: Run Behavior\ContentReplaceBehavior [ RunTime:0.000100s ]
INFO: [ template_filter ] --END-- [ RunTime:0.000216s ]
NOTIC: [8] Undefined index: id D:\phpStudy\WWW\R-CMS\R-CMS\Runtime\Cache\Home\26a3d289bf9f03c3cbac7680efc98980.php 第 16 行.
NOTIC: [8] Undefined index: catid D:\phpStudy\WWW\R-CMS\R-CMS\Runtime\Cache\Home\26a3d289bf9f03c3cbac7680efc98980.php 第 17 行.
NOTIC: [8] Undefined index: catid D:\phpStudy\WWW\R-CMS\R-CMS\Runtime\Cache\Home\26a3d289bf9f03c3cbac7680efc98980.php 第 17 行.
NOTIC: [8] Undefined index: catid D:\phpStudy\WWW\R-CMS\R-CMS\Runtime\Cache\Home\26a3d289bf9f03c3cbac7680efc98980.php 第 17 行.
NOTIC: [8] Undefined index: catid D:\phpStudy\WWW\R-CMS\R-CMS\Runtime\Cache\Home\26a3d289bf9f03c3cbac7680efc98980.php 第 17 行.
INFO: Run Behavior\ParseTemplateBehavior [ RunTime:0.026544s ]
INFO: [ view_parse ] --END-- [ RunTime:0.026706s ]
INFO: [ view_filter ] --START--
INFO: Run Behavior\WriteHtmlCacheBehavior [ RunTime:0.001435s ]
INFO: [ view_filter ] --END-- [ RunTime:0.001550s ]
INFO: [ app_end ] --START--
INFO: Run Behavior\ShowPageTraceBehavior [ RunTime:0.001353s ]
INFO: [ app_end ] --END-- [ RunTime:0.001456s ]

[ 2016-07-06T14:56:53+08:00 ] ::1 /R-CMS/index.php?c=detail&id=10
INFO: [ app_init ] --START--
INFO: Run Behavior\BuildLiteBehavior [ RunTime:0.000029s ]
INFO: [ app_init ] --END-- [ RunTime:0.000794s ]
INFO: [ app_begin ] --START--
INFO: Run Behavior\ReadHtmlCacheBehavior [ RunTime:0.001376s ]
INFO: [ app_begin ] --END-- [ RunTime:0.001500s ]
NOTIC: [2048] Declaration of Home\Controller\CommonController::error() should be compatible with that of Think\Controller::error() D:\phpStudy\WWW\R-CMS\R-CMS\Home\Controller\CommonController.class.php 第 25 行.
NOTIC: [2048] Declaration of Common\Model\MenuModel::find() should be compatible with that of Think\Model::find() D:\phpStudy\WWW\R-CMS\R-CMS\Common\Model\MenuModel.class.php 第 9 行.
SQL: SHOW COLUMNS FROM `cms_menu` [ RunTime:0.0082s ]
SQL: SELECT * FROM `cms_menu` WHERE `status` <> -1 AND `type` = 0 ORDER BY listorder,menu_id  [ RunTime:0.0009s ]
NOTIC: [2048] Declaration of Common\Model\NewsModel::select() should be compatible with that of Think\Model::select() D:\phpStudy\WWW\R-CMS\R-CMS\Common\Model\NewsModel.class.php 第 124 行.
NOTIC: [2048] Declaration of Common\Model\NewsModel::find() should be compatible with that of Think\Model::find() D:\phpStudy\WWW\R-CMS\R-CMS\Common\Model\NewsModel.class.php 第 124 行.
SQL: SHOW COLUMNS FROM `cms_news` [ RunTime:0.0084s ]
SQL: SELECT * FROM `cms_news` WHERE `news_id` = 10 LIMIT 1   [ RunTime:0.0006s ]
NOTIC: [2048] Declaration of Common\Model\NewsContentModel::find() should be compatible with that of Think\Model::find() D:\phpStudy\WWW\R-CMS\R-CMS\Common\Model\NewsContentModel.class.php 第 45 行.
SQL: SHOW COLUMNS FROM `cms_news_content` [ RunTime:0.0088s ]
SQL: SELECT * FROM `cms_news_content` WHERE `news_id` = 10 LIMIT 1   [ RunTime:0.0014s ]
SQL: SHOW COLUMNS FROM `cms_news` [ RunTime:0.0115s ]
SQL: SELECT * FROM `cms_news` WHERE `status` = 1 ORDER BY count desc,news_id desc LIMIT 100   [ RunTime:0.0010s ]
NOTIC: [2048] Declaration of Common\Model\PositionContentModel::select() should be compatible with that of Think\Model::select() D:\phpStudy\WWW\R-CMS\R-CMS\Common\Model\PositionContentModel.class.php 第 86 行.
SQL: SHOW COLUMNS FROM `cms_position_content` [ RunTime:0.0086s ]
SQL: SELECT * FROM `cms_position_content` WHERE `position_id` = 3 AND `status` = 1 LIMIT 2   [ RunTime:0.0006s ]
SQL: UPDATE `cms_news` SET `count`='1' WHERE ( news_id=10 ) [ RunTime:0.0008s ]
INFO: [ view_parse ] --START--
INFO: [ template_filter ] --START--
INFO: Run Behavior\ContentReplaceBehavior [ RunTime:0.000087s ]
INFO: [ template_filter ] --END-- [ RunTime:0.000204s ]
NOTIC: [8] Undefined variable: basic D:\phpStudy\WWW\R-CMS\R-CMS\Runtime\Cache\Home\9d2906a822f59685eb9e7a077fd1cf16.php 第 5 行.
NOTIC: [8] Undefined variable: basic D:\phpStudy\WWW\R-CMS\R-CMS\Runtime\Cache\Home\9d2906a822f59685eb9e7a077fd1cf16.php 第 6 行.
NOTIC: [8] Undefined variable: basic D:\phpStudy\WWW\R-CMS\R-CMS\Runtime\Cache\Home\9d2906a822f59685eb9e7a077fd1cf16.php 第 7 行.
INFO: Run Behavior\ParseTemplateBehavior [ RunTime:0.020036s ]
INFO: [ view_parse ] --END-- [ RunTime:0.020416s ]
INFO: [ view_filter ] --START--
INFO: Run Behavior\WriteHtmlCacheBehavior [ RunTime:0.001071s ]
INFO: [ view_filter ] --END-- [ RunTime:0.001178s ]
INFO: [ app_end ] --START--
INFO: Run Behavior\ShowPageTraceBehavior [ RunTime:0.002484s ]
INFO: [ app_end ] --END-- [ RunTime:0.002629s ]

[ 2016-07-06T14:56:57+08:00 ] ::1 /R-CMS/index.php?c=detail&id=0
INFO: [ app_init ] --START--
INFO: Run Behavior\BuildLiteBehavior [ RunTime:0.000028s ]
INFO: [ app_init ] --END-- [ RunTime:0.000837s ]
INFO: [ app_begin ] --START--
INFO: Run Behavior\ReadHtmlCacheBehavior [ RunTime:0.001313s ]
INFO: [ app_begin ] --END-- [ RunTime:0.001435s ]
NOTIC: [2048] Declaration of Home\Controller\CommonController::error() should be compatible with that of Think\Controller::error() D:\phpStudy\WWW\R-CMS\R-CMS\Home\Controller\CommonController.class.php 第 25 行.
NOTIC: [2048] Declaration of Common\Model\MenuModel::find() should be compatible with that of Think\Model::find() D:\phpStudy\WWW\R-CMS\R-CMS\Common\Model\MenuModel.class.php 第 9 行.
SQL: SHOW COLUMNS FROM `cms_menu` [ RunTime:0.0075s ]
SQL: SELECT * FROM `cms_menu` WHERE `status` <> -1 AND `type` = 0 ORDER BY listorder,menu_id  [ RunTime:0.0007s ]
NOTIC: [2048] Declaration of Common\Model\NewsModel::select() should be compatible with that of Think\Model::select() D:\phpStudy\WWW\R-CMS\R-CMS\Common\Model\NewsModel.class.php 第 124 行.
NOTIC: [2048] Declaration of Common\Model\NewsModel::find() should be compatible with that of Think\Model::find() D:\phpStudy\WWW\R-CMS\R-CMS\Common\Model\NewsModel.class.php 第 124 行.
SQL: SHOW COLUMNS FROM `cms_news` [ RunTime:0.0082s ]
SQL: SELECT * FROM `cms_news` WHERE `news_id` = 0 LIMIT 1   [ RunTime:0.0006s ]
NOTIC: [2048] Declaration of Common\Model\NewsContentModel::find() should be compatible with that of Think\Model::find() D:\phpStudy\WWW\R-CMS\R-CMS\Common\Model\NewsContentModel.class.php 第 45 行.
SQL: SHOW COLUMNS FROM `cms_news_content` [ RunTime:0.0082s ]
SQL: SELECT * FROM `cms_news_content` WHERE `news_id` = 0 LIMIT 1   [ RunTime:0.0005s ]
SQL: SHOW COLUMNS FROM `cms_news` [ RunTime:0.0093s ]
SQL: SELECT * FROM `cms_news` WHERE `status` = 1 ORDER BY count desc,news_id desc LIMIT 100   [ RunTime:0.0008s ]
NOTIC: [2048] Declaration of Common\Model\PositionContentModel::select() should be compatible with that of Think\Model::select() D:\phpStudy\WWW\R-CMS\R-CMS\Common\Model\PositionContentModel.class.php 第 86 行.
SQL: SHOW COLUMNS FROM `cms_position_content` [ RunTime:0.0101s ]
SQL: SELECT * FROM `cms_position_content` WHERE `position_id` = 3 AND `status` = 1 LIMIT 2   [ RunTime:0.0038s ]
NOTIC: 建议使用E方法替代throw_exception

[ 2016-07-06T14:58:17+08:00 ] ::1 /R-CMS/index.php
INFO: [ app_init ] --START--
INFO: Run Behavior\BuildLiteBehavior [ RunTime:0.000030s ]
INFO: [ app_init ] --END-- [ RunTime:0.000972s ]
INFO: [ app_begin ] --START--
INFO: Run Behavior\ReadHtmlCacheBehavior [ RunTime:0.001151s ]
INFO: [ app_begin ] --END-- [ RunTime:0.001276s ]
NOTIC: [2048] Declaration of Home\Controller\CommonController::error() should be compatible with that of Think\Controller::error() D:\phpStudy\WWW\R-CMS\R-CMS\Home\Controller\CommonController.class.php 第 25 行.
NOTIC: [2048] Declaration of Common\Model\BasicModel::save() should be compatible with that of Think\Model::save() D:\phpStudy\WWW\R-CMS\R-CMS\Common\Model\BasicModel.class.php 第 9 行.
NOTIC: [2048] Declaration of Common\Model\BasicModel::select() should be compatible with that of Think\Model::select() D:\phpStudy\WWW\R-CMS\R-CMS\Common\Model\BasicModel.class.php 第 9 行.
NOTIC: [2048] Declaration of Common\Model\MenuModel::find() should be compatible with that of Think\Model::find() D:\phpStudy\WWW\R-CMS\R-CMS\Common\Model\MenuModel.class.php 第 87 行.
SQL: SHOW COLUMNS FROM `cms_menu` [ RunTime:0.0089s ]
SQL: SELECT * FROM `cms_menu` WHERE `status` <> -1 AND `type` = 0 ORDER BY listorder,menu_id  [ RunTime:0.0006s ]
NOTIC: [2048] Declaration of Common\Model\PositionContentModel::select() should be compatible with that of Think\Model::select() D:\phpStudy\WWW\R-CMS\R-CMS\Common\Model\PositionContentModel.class.php 第 86 行.
SQL: SHOW COLUMNS FROM `cms_position_content` [ RunTime:0.0085s ]
SQL: SELECT * FROM `cms_position_content` WHERE `position_id` = 1 AND `status` = 1 LIMIT 1   [ RunTime:0.0010s ]
SQL: SELECT * FROM `cms_position_content` WHERE `position_id` = 2 AND `status` = 1 LIMIT 3   [ RunTime:0.0006s ]
SQL: SELECT * FROM `cms_position_content` WHERE `position_id` = 3 AND `status` = 1 LIMIT 2   [ RunTime:0.0005s ]
NOTIC: [2048] Declaration of Common\Model\NewsModel::select() should be compatible with that of Think\Model::select() D:\phpStudy\WWW\R-CMS\R-CMS\Common\Model\NewsModel.class.php 第 124 行.
NOTIC: [2048] Declaration of Common\Model\NewsModel::find() should be compatible with that of Think\Model::find() D:\phpStudy\WWW\R-CMS\R-CMS\Common\Model\NewsModel.class.php 第 124 行.
SQL: SHOW COLUMNS FROM `cms_news` [ RunTime:0.0098s ]
SQL: SELECT * FROM `cms_news` WHERE `status` = 1 LIMIT 20   [ RunTime:0.0007s ]
SQL: SHOW COLUMNS FROM `cms_news` [ RunTime:0.0081s ]
SQL: SELECT * FROM `cms_news` WHERE `status` = 1 ORDER BY count desc,news_id desc LIMIT 100   [ RunTime:0.0007s ]
INFO: [ view_parse ] --START--
INFO: [ template_filter ] --START--
INFO: Run Behavior\ContentReplaceBehavior [ RunTime:0.000099s ]
INFO: [ template_filter ] --END-- [ RunTime:0.000221s ]
NOTIC: [8] Undefined index: id D:\phpStudy\WWW\R-CMS\R-CMS\Runtime\Cache\Home\26a3d289bf9f03c3cbac7680efc98980.php 第 16 行.
NOTIC: [8] Undefined index: catid D:\phpStudy\WWW\R-CMS\R-CMS\Runtime\Cache\Home\26a3d289bf9f03c3cbac7680efc98980.php 第 17 行.
NOTIC: [8] Undefined index: catid D:\phpStudy\WWW\R-CMS\R-CMS\Runtime\Cache\Home\26a3d289bf9f03c3cbac7680efc98980.php 第 17 行.
NOTIC: [8] Undefined index: catid D:\phpStudy\WWW\R-CMS\R-CMS\Runtime\Cache\Home\26a3d289bf9f03c3cbac7680efc98980.php 第 17 行.
NOTIC: [8] Undefined index: catid D:\phpStudy\WWW\R-CMS\R-CMS\Runtime\Cache\Home\26a3d289bf9f03c3cbac7680efc98980.php 第 17 行.
INFO: Run Behavior\ParseTemplateBehavior [ RunTime:0.025800s ]
INFO: [ view_parse ] --END-- [ RunTime:0.025915s ]
INFO: [ view_filter ] --START--
INFO: Run Behavior\WriteHtmlCacheBehavior [ RunTime:0.000727s ]
INFO: [ view_filter ] --END-- [ RunTime:0.000830s ]
INFO: [ app_end ] --START--
INFO: Run Behavior\ShowPageTraceBehavior [ RunTime:0.001094s ]
INFO: [ app_end ] --END-- [ RunTime:0.001199s ]

[ 2016-07-06T14:59:10+08:00 ] ::1 /R-CMS/index.php?c=detail&id=10
INFO: [ app_init ] --START--
INFO: Run Behavior\BuildLiteBehavior [ RunTime:0.000030s ]
INFO: [ app_init ] --END-- [ RunTime:0.000925s ]
INFO: [ app_begin ] --START--
INFO: Run Behavior\ReadHtmlCacheBehavior [ RunTime:0.001400s ]
INFO: [ app_begin ] --END-- [ RunTime:0.001525s ]
NOTIC: [2048] Declaration of Home\Controller\CommonController::error() should be compatible with that of Think\Controller::error() D:\phpStudy\WWW\R-CMS\R-CMS\Home\Controller\CommonController.class.php 第 25 行.
NOTIC: [2048] Declaration of Common\Model\MenuModel::find() should be compatible with that of Think\Model::find() D:\phpStudy\WWW\R-CMS\R-CMS\Common\Model\MenuModel.class.php 第 9 行.
SQL: SHOW COLUMNS FROM `cms_menu` [ RunTime:0.0086s ]
SQL: SELECT * FROM `cms_menu` WHERE `status` <> -1 AND `type` = 0 ORDER BY listorder,menu_id  [ RunTime:0.0006s ]
NOTIC: [2048] Declaration of Common\Model\NewsModel::select() should be compatible with that of Think\Model::select() D:\phpStudy\WWW\R-CMS\R-CMS\Common\Model\NewsModel.class.php 第 124 行.
NOTIC: [2048] Declaration of Common\Model\NewsModel::find() should be compatible with that of Think\Model::find() D:\phpStudy\WWW\R-CMS\R-CMS\Common\Model\NewsModel.class.php 第 124 行.
SQL: SHOW COLUMNS FROM `cms_news` [ RunTime:0.0092s ]
SQL: SELECT * FROM `cms_news` WHERE `news_id` = 10 LIMIT 1   [ RunTime:0.0011s ]
NOTIC: [2048] Declaration of Common\Model\NewsContentModel::find() should be compatible with that of Think\Model::find() D:\phpStudy\WWW\R-CMS\R-CMS\Common\Model\NewsContentModel.class.php 第 45 行.
SQL: SHOW COLUMNS FROM `cms_news_content` [ RunTime:0.0076s ]
SQL: SELECT * FROM `cms_news_content` WHERE `news_id` = 10 LIMIT 1   [ RunTime:0.0011s ]
SQL: SHOW COLUMNS FROM `cms_news` [ RunTime:0.0089s ]
SQL: SELECT * FROM `cms_news` WHERE `status` = 1 ORDER BY count desc,news_id desc LIMIT 100   [ RunTime:0.0008s ]
NOTIC: [2048] Declaration of Common\Model\PositionContentModel::select() should be compatible with that of Think\Model::select() D:\phpStudy\WWW\R-CMS\R-CMS\Common\Model\PositionContentModel.class.php 第 86 行.
SQL: SHOW COLUMNS FROM `cms_position_content` [ RunTime:0.0083s ]
SQL: SELECT * FROM `cms_position_content` WHERE `position_id` = 3 AND `status` = 1 LIMIT 2   [ RunTime:0.0015s ]
SQL: UPDATE `cms_news` SET `count`='2' WHERE ( news_id=10 ) [ RunTime:0.0007s ]
INFO: [ view_parse ] --START--
INFO: [ template_filter ] --START--
INFO: Run Behavior\ContentReplaceBehavior [ RunTime:0.000088s ]
INFO: [ template_filter ] --END-- [ RunTime:0.000212s ]
NOTIC: [8] Undefined variable: basic D:\phpStudy\WWW\R-CMS\R-CMS\Runtime\Cache\Home\9d2906a822f59685eb9e7a077fd1cf16.php 第 5 行.
NOTIC: [8] Undefined variable: basic D:\phpStudy\WWW\R-CMS\R-CMS\Runtime\Cache\Home\9d2906a822f59685eb9e7a077fd1cf16.php 第 6 行.
NOTIC: [8] Undefined variable: basic D:\phpStudy\WWW\R-CMS\R-CMS\Runtime\Cache\Home\9d2906a822f59685eb9e7a077fd1cf16.php 第 7 行.
INFO: Run Behavior\ParseTemplateBehavior [ RunTime:0.019501s ]
INFO: [ view_parse ] --END-- [ RunTime:0.019703s ]
INFO: [ view_filter ] --START--
INFO: Run Behavior\WriteHtmlCacheBehavior [ RunTime:0.001155s ]
INFO: [ view_filter ] --END-- [ RunTime:0.001264s ]
INFO: [ app_end ] --START--
INFO: Run Behavior\ShowPageTraceBehavior [ RunTime:0.001825s ]
INFO: [ app_end ] --END-- [ RunTime:0.001969s ]

[ 2016-07-06T14:59:14+08:00 ] ::1 /R-CMS/index.php?c=detail&id=0
INFO: [ app_init ] --START--
INFO: Run Behavior\BuildLiteBehavior [ RunTime:0.000029s ]
INFO: [ app_init ] --END-- [ RunTime:0.000821s ]
INFO: [ app_begin ] --START--
INFO: Run Behavior\ReadHtmlCacheBehavior [ RunTime:0.002680s ]
INFO: [ app_begin ] --END-- [ RunTime:0.002833s ]
NOTIC: [2048] Declaration of Home\Controller\CommonController::error() should be compatible with that of Think\Controller::error() D:\phpStudy\WWW\R-CMS\R-CMS\Home\Controller\CommonController.class.php 第 25 行.
NOTIC: [2048] Declaration of Common\Model\MenuModel::find() should be compatible with that of Think\Model::find() D:\phpStudy\WWW\R-CMS\R-CMS\Common\Model\MenuModel.class.php 第 9 行.
SQL: SHOW COLUMNS FROM `cms_menu` [ RunTime:0.0098s ]
SQL: SELECT * FROM `cms_menu` WHERE `status` <> -1 AND `type` = 0 ORDER BY listorder,menu_id  [ RunTime:0.0014s ]
NOTIC: [2048] Declaration of Common\Model\NewsModel::select() should be compatible with that of Think\Model::select() D:\phpStudy\WWW\R-CMS\R-CMS\Common\Model\NewsModel.class.php 第 124 行.
NOTIC: [2048] Declaration of Common\Model\NewsModel::find() should be compatible with that of Think\Model::find() D:\phpStudy\WWW\R-CMS\R-CMS\Common\Model\NewsModel.class.php 第 124 行.
SQL: SHOW COLUMNS FROM `cms_news` [ RunTime:0.0076s ]
SQL: SELECT * FROM `cms_news` WHERE `news_id` = 0 LIMIT 1   [ RunTime:0.0006s ]
NOTIC: [2048] Declaration of Common\Model\NewsContentModel::find() should be compatible with that of Think\Model::find() D:\phpStudy\WWW\R-CMS\R-CMS\Common\Model\NewsContentModel.class.php 第 45 行.
SQL: SHOW COLUMNS FROM `cms_news_content` [ RunTime:0.0079s ]
SQL: SELECT * FROM `cms_news_content` WHERE `news_id` = 0 LIMIT 1   [ RunTime:0.0005s ]
SQL: SHOW COLUMNS FROM `cms_news` [ RunTime:0.0095s ]
SQL: SELECT * FROM `cms_news` WHERE `status` = 1 ORDER BY count desc,news_id desc LIMIT 100   [ RunTime:0.0014s ]
NOTIC: [2048] Declaration of Common\Model\PositionContentModel::select() should be compatible with that of Think\Model::select() D:\phpStudy\WWW\R-CMS\R-CMS\Common\Model\PositionContentModel.class.php 第 86 行.
SQL: SHOW COLUMNS FROM `cms_position_content` [ RunTime:0.0077s ]
SQL: SELECT * FROM `cms_position_content` WHERE `position_id` = 3 AND `status` = 1 LIMIT 2   [ RunTime:0.0011s ]
NOTIC: 建议使用E方法替代throw_exception

[ 2016-07-06T14:59:20+08:00 ] ::1 /R-CMS/index.php?c=detail&id=0
INFO: [ app_init ] --START--
INFO: Run Behavior\BuildLiteBehavior [ RunTime:0.000030s ]
INFO: [ app_init ] --END-- [ RunTime:0.000785s ]
INFO: [ app_begin ] --START--
INFO: Run Behavior\ReadHtmlCacheBehavior [ RunTime:0.001470s ]
INFO: [ app_begin ] --END-- [ RunTime:0.001599s ]
NOTIC: [2048] Declaration of Home\Controller\CommonController::error() should be compatible with that of Think\Controller::error() D:\phpStudy\WWW\R-CMS\R-CMS\Home\Controller\CommonController.class.php 第 25 行.
NOTIC: [2048] Declaration of Common\Model\MenuModel::find() should be compatible with that of Think\Model::find() D:\phpStudy\WWW\R-CMS\R-CMS\Common\Model\MenuModel.class.php 第 9 行.
SQL: SHOW COLUMNS FROM `cms_menu` [ RunTime:0.0077s ]
SQL: SELECT * FROM `cms_menu` WHERE `status` <> -1 AND `type` = 0 ORDER BY listorder,menu_id  [ RunTime:0.0007s ]
NOTIC: [2048] Declaration of Common\Model\NewsModel::select() should be compatible with that of Think\Model::select() D:\phpStudy\WWW\R-CMS\R-CMS\Common\Model\NewsModel.class.php 第 124 行.
NOTIC: [2048] Declaration of Common\Model\NewsModel::find() should be compatible with that of Think\Model::find() D:\phpStudy\WWW\R-CMS\R-CMS\Common\Model\NewsModel.class.php 第 124 行.
SQL: SHOW COLUMNS FROM `cms_news` [ RunTime:0.0084s ]
SQL: SELECT * FROM `cms_news` WHERE `news_id` = 0 LIMIT 1   [ RunTime:0.0005s ]
NOTIC: [2048] Declaration of Common\Model\NewsContentModel::find() should be compatible with that of Think\Model::find() D:\phpStudy\WWW\R-CMS\R-CMS\Common\Model\NewsContentModel.class.php 第 45 行.
SQL: SHOW COLUMNS FROM `cms_news_content` [ RunTime:0.0071s ]
SQL: SELECT * FROM `cms_news_content` WHERE `news_id` = 0 LIMIT 1   [ RunTime:0.0005s ]
SQL: SHOW COLUMNS FROM `cms_news` [ RunTime:0.0101s ]
SQL: SELECT * FROM `cms_news` WHERE `status` = 1 ORDER BY count desc,news_id desc LIMIT 100   [ RunTime:0.0009s ]
NOTIC: [2048] Declaration of Common\Model\PositionContentModel::select() should be compatible with that of Think\Model::select() D:\phpStudy\WWW\R-CMS\R-CMS\Common\Model\PositionContentModel.class.php 第 86 行.
SQL: SHOW COLUMNS FROM `cms_position_content` [ RunTime:0.0157s ]
SQL: SELECT * FROM `cms_position_content` WHERE `position_id` = 3 AND `status` = 1 LIMIT 2   [ RunTime:0.0007s ]
NOTIC: 建议使用E方法替代throw_exception

[ 2016-07-06T15:01:08+08:00 ] ::1 /R-CMS/index.php?c=detail&id=12
INFO: [ app_init ] --START--
INFO: Run Behavior\BuildLiteBehavior [ RunTime:0.000030s ]
INFO: [ app_init ] --END-- [ RunTime:0.000940s ]
INFO: [ app_begin ] --START--
INFO: Run Behavior\ReadHtmlCacheBehavior [ RunTime:0.001412s ]
INFO: [ app_begin ] --END-- [ RunTime:0.001535s ]
NOTIC: [2048] Declaration of Home\Controller\CommonController::error() should be compatible with that of Think\Controller::error() D:\phpStudy\WWW\R-CMS\R-CMS\Home\Controller\CommonController.class.php 第 25 行.
NOTIC: [2048] Declaration of Common\Model\MenuModel::find() should be compatible with that of Think\Model::find() D:\phpStudy\WWW\R-CMS\R-CMS\Common\Model\MenuModel.class.php 第 9 行.
SQL: SHOW COLUMNS FROM `cms_menu` [ RunTime:0.0084s ]
SQL: SELECT * FROM `cms_menu` WHERE `status` <> -1 AND `type` = 0 ORDER BY listorder,menu_id  [ RunTime:0.0006s ]
NOTIC: [2048] Declaration of Common\Model\NewsModel::select() should be compatible with that of Think\Model::select() D:\phpStudy\WWW\R-CMS\R-CMS\Common\Model\NewsModel.class.php 第 124 行.
NOTIC: [2048] Declaration of Common\Model\NewsModel::find() should be compatible with that of Think\Model::find() D:\phpStudy\WWW\R-CMS\R-CMS\Common\Model\NewsModel.class.php 第 124 行.
SQL: SHOW COLUMNS FROM `cms_news` [ RunTime:0.0086s ]
SQL: SELECT * FROM `cms_news` WHERE `news_id` = 12 LIMIT 1   [ RunTime:0.0007s ]
NOTIC: [2048] Declaration of Common\Model\NewsContentModel::find() should be compatible with that of Think\Model::find() D:\phpStudy\WWW\R-CMS\R-CMS\Common\Model\NewsContentModel.class.php 第 45 行.
SQL: SHOW COLUMNS FROM `cms_news_content` [ RunTime:0.0159s ]
SQL: SELECT * FROM `cms_news_content` WHERE `news_id` = 12 LIMIT 1   [ RunTime:0.0011s ]
SQL: SHOW COLUMNS FROM `cms_news` [ RunTime:0.0081s ]
SQL: SELECT * FROM `cms_news` WHERE `status` = 1 ORDER BY count desc,news_id desc LIMIT 100   [ RunTime:0.0007s ]
NOTIC: [2048] Declaration of Common\Model\PositionContentModel::select() should be compatible with that of Think\Model::select() D:\phpStudy\WWW\R-CMS\R-CMS\Common\Model\PositionContentModel.class.php 第 86 行.
SQL: SHOW COLUMNS FROM `cms_position_content` [ RunTime:0.0098s ]
SQL: SELECT * FROM `cms_position_content` WHERE `position_id` = 3 AND `status` = 1 LIMIT 2   [ RunTime:0.0009s ]
SQL: UPDATE `cms_news` SET `count`='10' WHERE ( news_id=12 ) [ RunTime:0.0005s ]
INFO: [ view_parse ] --START--
INFO: [ template_filter ] --START--
INFO: Run Behavior\ContentReplaceBehavior [ RunTime:0.000086s ]
INFO: [ template_filter ] --END-- [ RunTime:0.000200s ]
NOTIC: [8] Undefined variable: basic D:\phpStudy\WWW\R-CMS\R-CMS\Runtime\Cache\Home\9d2906a822f59685eb9e7a077fd1cf16.php 第 5 行.
NOTIC: [8] Undefined variable: basic D:\phpStudy\WWW\R-CMS\R-CMS\Runtime\Cache\Home\9d2906a822f59685eb9e7a077fd1cf16.php 第 6 行.
NOTIC: [8] Undefined variable: basic D:\phpStudy\WWW\R-CMS\R-CMS\Runtime\Cache\Home\9d2906a822f59685eb9e7a077fd1cf16.php 第 7 行.
INFO: Run Behavior\ParseTemplateBehavior [ RunTime:0.019672s ]
INFO: [ view_parse ] --END-- [ RunTime:0.019784s ]
INFO: [ view_filter ] --START--
INFO: Run Behavior\WriteHtmlCacheBehavior [ RunTime:0.001047s ]
INFO: [ view_filter ] --END-- [ RunTime:0.001149s ]
INFO: [ app_end ] --START--
INFO: Run Behavior\ShowPageTraceBehavior [ RunTime:0.001413s ]
INFO: [ app_end ] --END-- [ RunTime:0.001517s ]

[ 2016-07-06T15:01:10+08:00 ] ::1 /R-CMS/index.php?c=detail&id=10
INFO: [ app_init ] --START--
INFO: Run Behavior\BuildLiteBehavior [ RunTime:0.000030s ]
INFO: [ app_init ] --END-- [ RunTime:0.000902s ]
INFO: [ app_begin ] --START--
INFO: Run Behavior\ReadHtmlCacheBehavior [ RunTime:0.001346s ]
INFO: [ app_begin ] --END-- [ RunTime:0.001467s ]
NOTIC: [2048] Declaration of Home\Controller\CommonController::error() should be compatible with that of Think\Controller::error() D:\phpStudy\WWW\R-CMS\R-CMS\Home\Controller\CommonController.class.php 第 25 行.
NOTIC: [2048] Declaration of Common\Model\MenuModel::find() should be compatible with that of Think\Model::find() D:\phpStudy\WWW\R-CMS\R-CMS\Common\Model\MenuModel.class.php 第 9 行.
SQL: SHOW COLUMNS FROM `cms_menu` [ RunTime:0.0073s ]
SQL: SELECT * FROM `cms_menu` WHERE `status` <> -1 AND `type` = 0 ORDER BY listorder,menu_id  [ RunTime:0.0007s ]
NOTIC: [2048] Declaration of Common\Model\NewsModel::select() should be compatible with that of Think\Model::select() D:\phpStudy\WWW\R-CMS\R-CMS\Common\Model\NewsModel.class.php 第 124 行.
NOTIC: [2048] Declaration of Common\Model\NewsModel::find() should be compatible with that of Think\Model::find() D:\phpStudy\WWW\R-CMS\R-CMS\Common\Model\NewsModel.class.php 第 124 行.
SQL: SHOW COLUMNS FROM `cms_news` [ RunTime:0.0089s ]
SQL: SELECT * FROM `cms_news` WHERE `news_id` = 10 LIMIT 1   [ RunTime:0.0007s ]
NOTIC: [2048] Declaration of Common\Model\NewsContentModel::find() should be compatible with that of Think\Model::find() D:\phpStudy\WWW\R-CMS\R-CMS\Common\Model\NewsContentModel.class.php 第 45 行.
SQL: SHOW COLUMNS FROM `cms_news_content` [ RunTime:0.0087s ]
SQL: SELECT * FROM `cms_news_content` WHERE `news_id` = 10 LIMIT 1   [ RunTime:0.0011s ]
SQL: SHOW COLUMNS FROM `cms_news` [ RunTime:0.0143s ]
SQL: SELECT * FROM `cms_news` WHERE `status` = 1 ORDER BY count desc,news_id desc LIMIT 100   [ RunTime:0.0009s ]
NOTIC: [2048] Declaration of Common\Model\PositionContentModel::select() should be compatible with that of Think\Model::select() D:\phpStudy\WWW\R-CMS\R-CMS\Common\Model\PositionContentModel.class.php 第 86 行.
SQL: SHOW COLUMNS FROM `cms_position_content` [ RunTime:0.0114s ]
SQL: SELECT * FROM `cms_position_content` WHERE `position_id` = 3 AND `status` = 1 LIMIT 2   [ RunTime:0.0008s ]
SQL: UPDATE `cms_news` SET `count`='3' WHERE ( news_id=10 ) [ RunTime:0.0006s ]
INFO: [ view_parse ] --START--
INFO: [ template_filter ] --START--
INFO: Run Behavior\ContentReplaceBehavior [ RunTime:0.000092s ]
INFO: [ template_filter ] --END-- [ RunTime:0.000219s ]
NOTIC: [8] Undefined variable: basic D:\phpStudy\WWW\R-CMS\R-CMS\Runtime\Cache\Home\9d2906a822f59685eb9e7a077fd1cf16.php 第 5 行.
NOTIC: [8] Undefined variable: basic D:\phpStudy\WWW\R-CMS\R-CMS\Runtime\Cache\Home\9d2906a822f59685eb9e7a077fd1cf16.php 第 6 行.
NOTIC: [8] Undefined variable: basic D:\phpStudy\WWW\R-CMS\R-CMS\Runtime\Cache\Home\9d2906a822f59685eb9e7a077fd1cf16.php 第 7 行.
INFO: Run Behavior\ParseTemplateBehavior [ RunTime:0.021606s ]
INFO: [ view_parse ] --END-- [ RunTime:0.021804s ]
INFO: [ view_filter ] --START--
INFO: Run Behavior\WriteHtmlCacheBehavior [ RunTime:0.001277s ]
INFO: [ view_filter ] --END-- [ RunTime:0.001402s ]
INFO: [ app_end ] --START--
INFO: Run Behavior\ShowPageTraceBehavior [ RunTime:0.001816s ]
INFO: [ app_end ] --END-- [ RunTime:0.001985s ]

[ 2016-07-06T15:01:12+08:00 ] ::1 /R-CMS/index.php?c=detail&id=11
INFO: [ app_init ] --START--
INFO: Run Behavior\BuildLiteBehavior [ RunTime:0.000029s ]
INFO: [ app_init ] --END-- [ RunTime:0.000810s ]
INFO: [ app_begin ] --START--
INFO: Run Behavior\ReadHtmlCacheBehavior [ RunTime:0.001402s ]
INFO: [ app_begin ] --END-- [ RunTime:0.001524s ]
NOTIC: [2048] Declaration of Home\Controller\CommonController::error() should be compatible with that of Think\Controller::error() D:\phpStudy\WWW\R-CMS\R-CMS\Home\Controller\CommonController.class.php 第 25 行.
NOTIC: [2048] Declaration of Common\Model\MenuModel::find() should be compatible with that of Think\Model::find() D:\phpStudy\WWW\R-CMS\R-CMS\Common\Model\MenuModel.class.php 第 9 行.
SQL: SHOW COLUMNS FROM `cms_menu` [ RunTime:0.0078s ]
SQL: SELECT * FROM `cms_menu` WHERE `status` <> -1 AND `type` = 0 ORDER BY listorder,menu_id  [ RunTime:0.0006s ]
NOTIC: [2048] Declaration of Common\Model\NewsModel::select() should be compatible with that of Think\Model::select() D:\phpStudy\WWW\R-CMS\R-CMS\Common\Model\NewsModel.class.php 第 124 行.
NOTIC: [2048] Declaration of Common\Model\NewsModel::find() should be compatible with that of Think\Model::find() D:\phpStudy\WWW\R-CMS\R-CMS\Common\Model\NewsModel.class.php 第 124 行.
SQL: SHOW COLUMNS FROM `cms_news` [ RunTime:0.0088s ]
SQL: SELECT * FROM `cms_news` WHERE `news_id` = 11 LIMIT 1   [ RunTime:0.0010s ]
NOTIC: [2048] Declaration of Common\Model\NewsContentModel::find() should be compatible with that of Think\Model::find() D:\phpStudy\WWW\R-CMS\R-CMS\Common\Model\NewsContentModel.class.php 第 45 行.
SQL: SHOW COLUMNS FROM `cms_news_content` [ RunTime:0.0072s ]
SQL: SELECT * FROM `cms_news_content` WHERE `news_id` = 11 LIMIT 1   [ RunTime:0.0008s ]
SQL: SHOW COLUMNS FROM `cms_news` [ RunTime:0.0120s ]
SQL: SELECT * FROM `cms_news` WHERE `status` = 1 ORDER BY count desc,news_id desc LIMIT 100   [ RunTime:0.0030s ]
NOTIC: [2048] Declaration of Common\Model\PositionContentModel::select() should be compatible with that of Think\Model::select() D:\phpStudy\WWW\R-CMS\R-CMS\Common\Model\PositionContentModel.class.php 第 86 行.
SQL: SHOW COLUMNS FROM `cms_position_content` [ RunTime:0.0071s ]
SQL: SELECT * FROM `cms_position_content` WHERE `position_id` = 3 AND `status` = 1 LIMIT 2   [ RunTime:0.0005s ]
SQL: UPDATE `cms_news` SET `count`='1' WHERE ( news_id=11 ) [ RunTime:0.0006s ]
INFO: [ view_parse ] --START--
INFO: [ template_filter ] --START--
INFO: Run Behavior\ContentReplaceBehavior [ RunTime:0.000089s ]
INFO: [ template_filter ] --END-- [ RunTime:0.000210s ]
NOTIC: [8] Undefined variable: basic D:\phpStudy\WWW\R-CMS\R-CMS\Runtime\Cache\Home\9d2906a822f59685eb9e7a077fd1cf16.php 第 5 行.
NOTIC: [8] Undefined variable: basic D:\phpStudy\WWW\R-CMS\R-CMS\Runtime\Cache\Home\9d2906a822f59685eb9e7a077fd1cf16.php 第 6 行.
NOTIC: [8] Undefined variable: basic D:\phpStudy\WWW\R-CMS\R-CMS\Runtime\Cache\Home\9d2906a822f59685eb9e7a077fd1cf16.php 第 7 行.
INFO: Run Behavior\ParseTemplateBehavior [ RunTime:0.023492s ]
INFO: [ view_parse ] --END-- [ RunTime:0.023613s ]
INFO: [ view_filter ] --START--
INFO: Run Behavior\WriteHtmlCacheBehavior [ RunTime:0.001347s ]
INFO: [ view_filter ] --END-- [ RunTime:0.001472s ]
INFO: [ app_end ] --START--
INFO: Run Behavior\ShowPageTraceBehavior [ RunTime:0.002048s ]
INFO: [ app_end ] --END-- [ RunTime:0.002255s ]

[ 2016-07-06T16:54:33+08:00 ] ::1 /R-CMS/index.php?c=detail&id=12
INFO: [ app_init ] --START--
INFO: Run Behavior\BuildLiteBehavior [ RunTime:0.000031s ]
INFO: [ app_init ] --END-- [ RunTime:0.000945s ]
INFO: [ app_begin ] --START--
INFO: Run Behavior\ReadHtmlCacheBehavior [ RunTime:0.001757s ]
INFO: [ app_begin ] --END-- [ RunTime:0.001900s ]
NOTIC: [2048] Declaration of Home\Controller\CommonController::error() should be compatible with that of Think\Controller::error() D:\phpStudy\WWW\R-CMS\R-CMS\Home\Controller\CommonController.class.php 第 25 行.
NOTIC: [2048] Declaration of Common\Model\MenuModel::find() should be compatible with that of Think\Model::find() D:\phpStudy\WWW\R-CMS\R-CMS\Common\Model\MenuModel.class.php 第 9 行.
SQL: SHOW COLUMNS FROM `cms_menu` [ RunTime:0.0093s ]
SQL: SELECT * FROM `cms_menu` WHERE `status` <> -1 AND `type` = 0 ORDER BY listorder,menu_id  [ RunTime:0.0007s ]
NOTIC: [2048] Declaration of Common\Model\NewsModel::select() should be compatible with that of Think\Model::select() D:\phpStudy\WWW\R-CMS\R-CMS\Common\Model\NewsModel.class.php 第 131 行.
NOTIC: [2048] Declaration of Common\Model\NewsModel::find() should be compatible with that of Think\Model::find() D:\phpStudy\WWW\R-CMS\R-CMS\Common\Model\NewsModel.class.php 第 131 行.
SQL: SHOW COLUMNS FROM `cms_news` [ RunTime:0.0098s ]
SQL: SELECT * FROM `cms_news` WHERE `news_id` = 12 LIMIT 1   [ RunTime:0.0010s ]
NOTIC: [2048] Declaration of Common\Model\NewsContentModel::find() should be compatible with that of Think\Model::find() D:\phpStudy\WWW\R-CMS\R-CMS\Common\Model\NewsContentModel.class.php 第 45 行.
SQL: SHOW COLUMNS FROM `cms_news_content` [ RunTime:0.0089s ]
SQL: SELECT * FROM `cms_news_content` WHERE `news_id` = 12 LIMIT 1   [ RunTime:0.0012s ]
SQL: SHOW COLUMNS FROM `cms_news` [ RunTime:0.0098s ]
SQL: SELECT * FROM `cms_news` WHERE `status` = 1 ORDER BY count desc,news_id desc LIMIT 100   [ RunTime:0.0008s ]
NOTIC: [2048] Declaration of Common\Model\PositionContentModel::select() should be compatible with that of Think\Model::select() D:\phpStudy\WWW\R-CMS\R-CMS\Common\Model\PositionContentModel.class.php 第 86 行.
SQL: SHOW COLUMNS FROM `cms_position_content` [ RunTime:0.0087s ]
SQL: SELECT * FROM `cms_position_content` WHERE `position_id` = 3 AND `status` = 1 LIMIT 2   [ RunTime:0.0008s ]
SQL: UPDATE `cms_news` SET `count`='11' WHERE ( news_id=12 ) [ RunTime:0.0007s ]
INFO: [ view_parse ] --START--
INFO: [ template_filter ] --START--
INFO: Run Behavior\ContentReplaceBehavior [ RunTime:0.000092s ]
INFO: [ template_filter ] --END-- [ RunTime:0.000223s ]
NOTIC: [8] Undefined variable: basic D:\phpStudy\WWW\R-CMS\R-CMS\Runtime\Cache\Home\9d2906a822f59685eb9e7a077fd1cf16.php 第 5 行.
NOTIC: [8] Undefined variable: basic D:\phpStudy\WWW\R-CMS\R-CMS\Runtime\Cache\Home\9d2906a822f59685eb9e7a077fd1cf16.php 第 6 行.
NOTIC: [8] Undefined variable: basic D:\phpStudy\WWW\R-CMS\R-CMS\Runtime\Cache\Home\9d2906a822f59685eb9e7a077fd1cf16.php 第 7 行.
INFO: Run Behavior\ParseTemplateBehavior [ RunTime:0.022324s ]
INFO: [ view_parse ] --END-- [ RunTime:0.022452s ]
INFO: [ view_filter ] --START--
INFO: Run Behavior\WriteHtmlCacheBehavior [ RunTime:0.001296s ]
INFO: [ view_filter ] --END-- [ RunTime:0.001421s ]
INFO: [ app_end ] --START--
INFO: Run Behavior\ShowPageTraceBehavior [ RunTime:0.001833s ]
INFO: [ app_end ] --END-- [ RunTime:0.001981s ]

[ 2016-07-06T17:27:35+08:00 ] ::1 /R-CMS/index.php
INFO: [ app_init ] --START--
INFO: Run Behavior\BuildLiteBehavior [ RunTime:0.000031s ]
INFO: [ app_init ] --END-- [ RunTime:0.000910s ]
INFO: [ app_begin ] --START--
INFO: Run Behavior\ReadHtmlCacheBehavior [ RunTime:0.001675s ]
INFO: [ app_begin ] --END-- [ RunTime:0.001822s ]
NOTIC: [2048] Declaration of Home\Controller\CommonController::error() should be compatible with that of Think\Controller::error() D:\phpStudy\WWW\R-CMS\R-CMS\Home\Controller\CommonController.class.php 第 25 行.
NOTIC: [2048] Declaration of Common\Model\BasicModel::save() should be compatible with that of Think\Model::save() D:\phpStudy\WWW\R-CMS\R-CMS\Common\Model\BasicModel.class.php 第 9 行.
NOTIC: [2048] Declaration of Common\Model\BasicModel::select() should be compatible with that of Think\Model::select() D:\phpStudy\WWW\R-CMS\R-CMS\Common\Model\BasicModel.class.php 第 9 行.
NOTIC: [2048] Declaration of Common\Model\MenuModel::find() should be compatible with that of Think\Model::find() D:\phpStudy\WWW\R-CMS\R-CMS\Common\Model\MenuModel.class.php 第 87 行.
SQL: SHOW COLUMNS FROM `cms_menu` [ RunTime:0.0087s ]
SQL: SELECT * FROM `cms_menu` WHERE `status` <> -1 AND `type` = 0 ORDER BY listorder,menu_id  [ RunTime:0.0008s ]
NOTIC: [2048] Declaration of Common\Model\PositionContentModel::select() should be compatible with that of Think\Model::select() D:\phpStudy\WWW\R-CMS\R-CMS\Common\Model\PositionContentModel.class.php 第 86 行.
SQL: SHOW COLUMNS FROM `cms_position_content` [ RunTime:0.0107s ]
SQL: SELECT * FROM `cms_position_content` WHERE `position_id` = 1 AND `status` = 1 LIMIT 1   [ RunTime:0.0009s ]
SQL: SELECT * FROM `cms_position_content` WHERE `position_id` = 2 AND `status` = 1 LIMIT 3   [ RunTime:0.0009s ]
SQL: SELECT * FROM `cms_position_content` WHERE `position_id` = 3 AND `status` = 1 LIMIT 2   [ RunTime:0.0007s ]
NOTIC: [2048] Declaration of Common\Model\NewsModel::select() should be compatible with that of Think\Model::select() D:\phpStudy\WWW\R-CMS\R-CMS\Common\Model\NewsModel.class.php 第 133 行.
NOTIC: [2048] Declaration of Common\Model\NewsModel::find() should be compatible with that of Think\Model::find() D:\phpStudy\WWW\R-CMS\R-CMS\Common\Model\NewsModel.class.php 第 133 行.
SQL: SHOW COLUMNS FROM `cms_news` [ RunTime:0.0105s ]
SQL: SELECT * FROM `cms_news` WHERE `status` = 1 LIMIT 20   [ RunTime:0.0008s ]
SQL: SHOW COLUMNS FROM `cms_news` [ RunTime:0.0083s ]
SQL: SELECT * FROM `cms_news` WHERE `status` = 1 ORDER BY count desc,news_id desc LIMIT 100   [ RunTime:0.0007s ]
INFO: [ view_parse ] --START--
INFO: [ template_filter ] --START--
INFO: Run Behavior\ContentReplaceBehavior [ RunTime:0.000103s ]
INFO: [ template_filter ] --END-- [ RunTime:0.000223s ]
NOTIC: [8] Undefined index: id D:\phpStudy\WWW\R-CMS\R-CMS\Runtime\Cache\Home\26a3d289bf9f03c3cbac7680efc98980.php 第 16 行.
NOTIC: [8] Undefined index: catid D:\phpStudy\WWW\R-CMS\R-CMS\Runtime\Cache\Home\26a3d289bf9f03c3cbac7680efc98980.php 第 17 行.
NOTIC: [8] Undefined index: catid D:\phpStudy\WWW\R-CMS\R-CMS\Runtime\Cache\Home\26a3d289bf9f03c3cbac7680efc98980.php 第 17 行.
NOTIC: [8] Undefined index: catid D:\phpStudy\WWW\R-CMS\R-CMS\Runtime\Cache\Home\26a3d289bf9f03c3cbac7680efc98980.php 第 17 行.
NOTIC: [8] Undefined index: catid D:\phpStudy\WWW\R-CMS\R-CMS\Runtime\Cache\Home\26a3d289bf9f03c3cbac7680efc98980.php 第 17 行.
INFO: Run Behavior\ParseTemplateBehavior [ RunTime:0.024489s ]
INFO: [ view_parse ] --END-- [ RunTime:0.024610s ]
INFO: [ view_filter ] --START--
INFO: Run Behavior\WriteHtmlCacheBehavior [ RunTime:0.001051s ]
INFO: [ view_filter ] --END-- [ RunTime:0.001153s ]
INFO: [ app_end ] --START--
INFO: Run Behavior\ShowPageTraceBehavior [ RunTime:0.001434s ]
INFO: [ app_end ] --END-- [ RunTime:0.001556s ]

